>>>>>>>>>>>>>>>> [['void', 'unsigned char*', 'long', 'ns3::empty', 'ns3::empty', 'ns3::empty', 'ns3::empty', 'ns3::empty', 'ns3::empty', 'ns3::empty'], ['void', 'ns3::empty', 'ns3::empty', 'ns3::empty', 'ns3::empty', 'ns3::empty', 'ns3::empty', 'ns3::empty', 'ns3::empty', 'ns3::empty'], ['bool', 'std::string', 'ns3::empty', 'ns3::empty', 'ns3::empty', 'ns3::empty', 'ns3::empty', 'ns3::empty', 'ns3::empty', 'ns3::empty']]
/home/lena/ns-allinone-3.19/ns-3.19/bindings/python/ns3modulegen_core_customizations.py:70: DeprecationWarning: Typo: set_tranformation -> set_transformation
  handler.set_tranformation(self, orig_ctype)
/home/lena/ns-allinone-3.19/ns-3.19/bindings/python/ns3modulegen_core_customizations.py:229: Warning: ***** Unable to register callback; parameter 'unsigned char* arg1' error (used in ns3::Callback< void, unsigned char*, long, ns3::empty, ns3::empty, ns3::empty, ns3::empty, ns3::empty, ns3::empty, ns3::empty >): TypeLookupError(['unsigned char *'],)
  Warning)
***** registering callback handler: 'ns3::Callback< void, ns3::empty, ns3::empty, ns3::empty, ns3::empty, ns3::empty, ns3::empty, ns3::empty, ns3::empty, ns3::empty >'
***** registering callback handler: 'ns3::Callback< bool, std::string, ns3::empty, ns3::empty, ns3::empty, ns3::empty, ns3::empty, ns3::empty, ns3::empty, ns3::empty >'
/home/lena/ns-allinone-3.19/ns-3.19/src/core/bindings/modulegen__gcc_LP64.py:597: Warning: exception TypeLookupError(['std::_List_const_iterator< ns3::AttributeConstructionList::Item >'],) in wrapper public: retval? ???::Begin (params?) const;
  is_const=True)
/home/lena/ns-allinone-3.19/ns-3.19/src/core/bindings/modulegen__gcc_LP64.py:602: Warning: exception TypeLookupError(['std::_List_const_iterator< ns3::AttributeConstructionList::Item >'],) in wrapper public: retval? ???::End (params?) const;
  is_const=True)
/home/lena/ns-allinone-3.19/ns-3.19/src/core/bindings/modulegen__gcc_LP64.py:660: Warning: exception TypeLookupError(['char * *'],) in wrapper public: retval? ???::Parse (params?);
  [param('int', 'argc'), param('char * *', 'argv')])
/home/lena/ns-allinone-3.19/ns-3.19/src/core/bindings/modulegen__gcc_LP64.py:698: Warning: exception TypeLookupError(['ns3::Ptr< ns3::EventImpl > &'],) in wrapper <pybindgen.cppmethod.CppConstructor object at 0x1179490>
  cls.add_constructor([param('ns3::Ptr< ns3::EventImpl > const &', 'impl'), param('uint64_t', 'ts'), param('uint32_t', 'context'), param('uint32_t', 'uid')])
/home/lena/ns-allinone-3.19/ns-3.19/src/core/bindings/modulegen__gcc_LP64.py:732: Warning: exception TypeConfigurationError('Either caller_owns_return or self.reference_existing_object must be given',) in wrapper public: retval? ???::PeekEventImpl (params?) const;
  is_const=True)
/home/lena/ns-allinone-3.19/ns-3.19/src/core/bindings/modulegen__gcc_LP64.py:744: Warning: exception TypeLookupError(['__gnu_cxx::__normal_iterator< ns3::GlobalValue * const *, std::vector< ns3::GlobalValue * > >'],) in wrapper public: retval? ???::Begin (params?);
  is_static=True)
/home/lena/ns-allinone-3.19/ns-3.19/src/core/bindings/modulegen__gcc_LP64.py:759: Warning: exception TypeLookupError(['__gnu_cxx::__normal_iterator< ns3::GlobalValue * const *, std::vector< ns3::GlobalValue * > >'],) in wrapper public: retval? ???::End (params?);
  is_static=True)
/home/lena/ns-allinone-3.19/pybindgen-0.16.0.834/pybindgen/settings.py:84: DeprecationWarning: The option pybindgen.settings.deprecated_virtuals has not been set.  I am going to assume the value of False, change it to True if it breaks your APIs. The option will eventually disappear (the deprecated behaviour will eventually disappear).
  DeprecationWarning)
/home/lena/ns-allinone-3.19/ns-3.19/src/core/bindings/modulegen__gcc_LP64.py:1039: Warning: exception TypeConfigurationError('Missing transfer_ownership option',) in wrapper public: retval? ???::Delete (params?);
  is_static=True)
/home/lena/ns-allinone-3.19/ns-3.19/src/core/bindings/modulegen__gcc_LP64.py:1463: Warning: exception TypeLookupError(['ns3::Callback< ns3::ObjectBase *, ns3::empty, ns3::empty, ns3::empty, ns3::empty, ns3::empty, ns3::empty, ns3::empty, ns3::empty, ns3::empty >'],) in wrapper public: retval? ???::GetConstructor (params?) const;
  is_const=True)
/home/lena/ns-allinone-3.19/ns-3.19/src/core/bindings/modulegen__gcc_LP64.py:1542: Warning: exception TypeConfigurationError('Missing transfer_ownership option',) in wrapper public: retval? ???::LookupByHashFailSafe (params?);
  is_static=True)
bindings/python/ns3modulegen-modular.py:27: UserWarning: exception TypeLookupError(['short unsigned int'],) in wrapper None
  warnings.warn("exception %r in wrapper %s" % (exception, wrapper))
/home/lena/ns-allinone-3.19/ns-3.19/src/core/bindings/modulegen__gcc_LP64.py:2006: Warning: exception TypeLookupError(['std::pair< double, double >'],) in wrapper <pybindgen.cppmethod.CppConstructor object at 0x1b0ad50>
  cls.add_constructor([param('std::pair< double, double >', 'params')])
/home/lena/ns-allinone-3.19/ns-3.19/src/core/bindings/modulegen__gcc_LP64.py:2008: Warning: exception TypeLookupError(['std::pair< double, double >'],) in wrapper <pybindgen.cppmethod.CppConstructor object at 0x1b0ad90>
  cls.add_constructor([param('std::pair< double, double >', 'params'), param('double', 'b')])
/home/lena/ns-allinone-3.19/ns-3.19/src/core/bindings/modulegen__gcc_LP64.py:2051: Warning: exception TypeConfigurationError('Either caller_owns_return or self.reference_existing_object must be given',) in wrapper protected: retval? ???::Peek (params?) const;
  is_const=True, visibility='protected')
bindings/python/ns3modulegen-modular.py:27: UserWarning: exception TypeConfigurationError('Either caller_owns_return or self.reference_existing_object must be given',) in wrapper None
  warnings.warn("exception %r in wrapper %s" % (exception, wrapper))
/home/lena/ns-allinone-3.19/ns-3.19/src/core/bindings/modulegen__gcc_LP64.py:2348: Warning: exception TypeConfigurationError('Missing transfer_ownership option',) in wrapper public: virtual retval? ???::Schedule (params?) = 0;
  is_pure_virtual=True, is_virtual=True)
/home/lena/ns-allinone-3.19/ns-3.19/src/core/bindings/modulegen__gcc_LP64.py:2353: Warning: exception TypeConfigurationError('Missing transfer_ownership option',) in wrapper public: virtual retval? ???::ScheduleDestroy (params?) = 0;
  is_pure_virtual=True, is_virtual=True)
/home/lena/ns-allinone-3.19/ns-3.19/src/core/bindings/modulegen__gcc_LP64.py:2358: Warning: exception TypeConfigurationError('Missing transfer_ownership option',) in wrapper public: virtual retval? ???::ScheduleNow (params?) = 0;
  is_pure_virtual=True, is_virtual=True)
/home/lena/ns-allinone-3.19/ns-3.19/src/core/bindings/modulegen__gcc_LP64.py:2363: Warning: exception TypeConfigurationError('Missing transfer_ownership option',) in wrapper public: virtual retval? ???::ScheduleWithContext (params?) = 0;
  is_pure_virtual=True, is_virtual=True)
/home/lena/ns-allinone-3.19/ns-3.19/src/core/bindings/modulegen__gcc_LP64.py:2487: Warning: exception TypeLookupError(['pthread_t'],) in wrapper public: retval? ???::Equals (params?);
  is_static=True)
/home/lena/ns-allinone-3.19/ns-3.19/src/core/bindings/modulegen__gcc_LP64.py:2496: Warning: exception TypeLookupError(['pthread_t'],) in wrapper public: retval? ???::Self (params?);
  is_static=True)
/home/lena/ns-allinone-3.19/ns-3.19/src/core/bindings/modulegen__gcc_LP64.py:2877: Warning: exception TypeLookupError(['timeval *'],) in wrapper protected: retval? ???::NsToTimeval (params?);
  visibility='protected')
/home/lena/ns-allinone-3.19/ns-3.19/src/core/bindings/modulegen__gcc_LP64.py:2892: Warning: exception TypeLookupError(['timeval *'],) in wrapper protected: retval? ???::TimevalAdd (params?);
  visibility='protected')
/home/lena/ns-allinone-3.19/ns-3.19/src/core/bindings/modulegen__gcc_LP64.py:2897: Warning: exception TypeLookupError(['timeval *'],) in wrapper protected: retval? ???::TimevalToNs (params?);
  visibility='protected')
/home/lena/ns-allinone-3.19/ns-3.19/src/core/bindings/modulegen__gcc_LP64.py:3332: Warning: exception TypeConfigurationError('Missing transfer_ownership option',) in wrapper public: virtual retval? ???::Schedule (params?);
  is_virtual=True)
/home/lena/ns-allinone-3.19/ns-3.19/src/core/bindings/modulegen__gcc_LP64.py:3337: Warning: exception TypeConfigurationError('Missing transfer_ownership option',) in wrapper public: virtual retval? ???::ScheduleDestroy (params?);
  is_virtual=True)
/home/lena/ns-allinone-3.19/ns-3.19/src/core/bindings/modulegen__gcc_LP64.py:3342: Warning: exception TypeConfigurationError('Missing transfer_ownership option',) in wrapper public: virtual retval? ???::ScheduleNow (params?);
  is_virtual=True)
/home/lena/ns-allinone-3.19/ns-3.19/src/core/bindings/modulegen__gcc_LP64.py:3347: Warning: exception TypeConfigurationError('Missing transfer_ownership option',) in wrapper public: virtual retval? ???::ScheduleWithContext (params?);
  is_virtual=True)
/home/lena/ns-allinone-3.19/ns-3.19/src/core/bindings/modulegen__gcc_LP64.py:3669: Warning: exception TypeLookupError(['ns3::Callback< void, unsigned char *, long, ns3::empty, ns3::empty, ns3::empty, ns3::empty, ns3::empty, ns3::empty, ns3::empty >'],) in wrapper public: retval? ???::Start (params?);
  [param('int', 'fd'), param('ns3::Callback< void, unsigned char *, long, ns3::empty, ns3::empty, ns3::empty, ns3::empty, ns3::empty, ns3::empty, ns3::empty >', 'readCallback')])
/home/lena/ns-allinone-3.19/ns-3.19/src/core/bindings/modulegen__gcc_LP64.py:3678: Warning: exception TypeLookupError(['ns3::FdReader::Data'],) in wrapper protected: virtual retval? ???::DoRead (params?) = 0;
  is_pure_virtual=True, visibility='protected', is_virtual=True)
/home/lena/ns-allinone-3.19/ns-3.19/src/core/bindings/modulegen__gcc_LP64.py:4010: Warning: exception TypeConfigurationError('Missing transfer_ownership option',) in wrapper public: virtual retval? ???::Set (params?) const;
  is_const=True, is_virtual=True)
/home/lena/ns-allinone-3.19/ns-3.19/src/core/bindings/modulegen__gcc_LP64.py:4044: Warning: exception TypeLookupError(['std::_Rb_tree_const_iterator< std::pair< unsigned int const, ns3::Ptr< ns3::Object > > >'],) in wrapper public: retval? ???::Begin (params?) const;
  is_const=True)
/home/lena/ns-allinone-3.19/ns-3.19/src/core/bindings/modulegen__gcc_LP64.py:4059: Warning: exception TypeLookupError(['std::_Rb_tree_const_iterator< std::pair< unsigned int const, ns3::Ptr< ns3::Object > > >'],) in wrapper public: retval? ???::End (params?) const;
  is_const=True)
/home/lena/ns-allinone-3.19/ns-3.19/src/core/bindings/modulegen__gcc_LP64.py:4289: Warning: exception TypeConfigurationError('Missing transfer_ownership option',) in wrapper public: virtual retval? ???::Schedule (params?);
  is_virtual=True)
/home/lena/ns-allinone-3.19/ns-3.19/src/core/bindings/modulegen__gcc_LP64.py:4294: Warning: exception TypeConfigurationError('Missing transfer_ownership option',) in wrapper public: virtual retval? ???::ScheduleDestroy (params?);
  is_virtual=True)
/home/lena/ns-allinone-3.19/ns-3.19/src/core/bindings/modulegen__gcc_LP64.py:4299: Warning: exception TypeConfigurationError('Missing transfer_ownership option',) in wrapper public: virtual retval? ???::ScheduleNow (params?);
  is_virtual=True)
/home/lena/ns-allinone-3.19/ns-3.19/src/core/bindings/modulegen__gcc_LP64.py:4303: Warning: exception TypeConfigurationError('Missing transfer_ownership option',) in wrapper public: retval? ???::ScheduleRealtime (params?);
  [param('ns3::Time const &', 'time'), param('ns3::EventImpl *', 'event')])
/home/lena/ns-allinone-3.19/ns-3.19/src/core/bindings/modulegen__gcc_LP64.py:4307: Warning: exception TypeConfigurationError('Missing transfer_ownership option',) in wrapper public: retval? ???::ScheduleRealtimeNow (params?);
  [param('ns3::EventImpl *', 'event')])
/home/lena/ns-allinone-3.19/ns-3.19/src/core/bindings/modulegen__gcc_LP64.py:4311: Warning: exception TypeConfigurationError('Missing transfer_ownership option',) in wrapper public: retval? ???::ScheduleRealtimeNowWithContext (params?);
  [param('uint32_t', 'context'), param('ns3::EventImpl *', 'event')])
/home/lena/ns-allinone-3.19/ns-3.19/src/core/bindings/modulegen__gcc_LP64.py:4315: Warning: exception TypeConfigurationError('Missing transfer_ownership option',) in wrapper public: retval? ???::ScheduleRealtimeWithContext (params?);
  [param('uint32_t', 'context'), param('ns3::Time const &', 'time'), param('ns3::EventImpl *', 'event')])
/home/lena/ns-allinone-3.19/ns-3.19/src/core/bindings/modulegen__gcc_LP64.py:4320: Warning: exception TypeConfigurationError('Missing transfer_ownership option',) in wrapper public: virtual retval? ???::ScheduleWithContext (params?);
  is_virtual=True)
/home/lena/ns-allinone-3.19/ns-3.19/src/core/bindings/modulegen__gcc_LP64.py:4595: Warning: exception TypeLookupError(['__gnu_cxx::__normal_iterator< ns3::Ptr< ns3::Object > const, std::vector< ns3::Ptr< ns3::Object > > >'],) in wrapper public: retval? ???::Begin (params?) const;
  is_const=True)
/home/lena/ns-allinone-3.19/ns-3.19/src/core/bindings/modulegen__gcc_LP64.py:4616: Warning: exception TypeLookupError(['__gnu_cxx::__normal_iterator< ns3::Ptr< ns3::Object > const, std::vector< ns3::Ptr< ns3::Object > > >'],) in wrapper public: retval? ???::End (params?) const;
  is_const=True)
/home/lena/ns-allinone-3.19/ns-3.19/src/core/bindings/modulegen__gcc_LP64.py:4691: Warning: exception TypeLookupError(['ns3::Hash::Hash32Function_ptr'],) in wrapper <pybindgen.cppmethod.CppConstructor object at 0x264b5d0>
  cls.add_constructor([param('ns3::Hash::Hash32Function_ptr', 'hp')])
/home/lena/ns-allinone-3.19/ns-3.19/src/core/bindings/modulegen__gcc_LP64.py:4708: Warning: exception TypeLookupError(['ns3::Hash::Hash64Function_ptr'],) in wrapper <pybindgen.cppmethod.CppConstructor object at 0x264f590>
  cls.add_constructor([param('ns3::Hash::Hash64Function_ptr', 'hp')])
/home/lena/ns-allinone-3.19/ns-3.19/src/core/bindings/modulegen__gcc_LP64.py:4843: Warning: exception TypeLookupError(['ns3::LogNodePrinter'],) in wrapper <pybindgen.function.Function object at 0x2756590>
  [])
/home/lena/ns-allinone-3.19/ns-3.19/src/core/bindings/modulegen__gcc_LP64.py:4847: Warning: exception TypeLookupError(['ns3::LogTimePrinter'],) in wrapper <pybindgen.function.Function object at 0x2756690>
  [])
/home/lena/ns-allinone-3.19/ns-3.19/src/core/bindings/modulegen__gcc_LP64.py:4851: Warning: exception TypeLookupError(['ns3::LogNodePrinter'],) in wrapper <pybindgen.function.Function object at 0x2756750>
  [param('ns3::LogNodePrinter', 'arg0')])
/home/lena/ns-allinone-3.19/ns-3.19/src/core/bindings/modulegen__gcc_LP64.py:4855: Warning: exception TypeLookupError(['ns3::LogTimePrinter'],) in wrapper <pybindgen.function.Function object at 0x2756990>
  [param('ns3::LogTimePrinter', 'arg0')])
/home/lena/ns-allinone-3.19/ns-3.19/src/core/bindings/modulegen__gcc_LP64.py:4871: Warning: exception TypeConfigurationError('Either caller_owns_return or self.reference_existing_object must be given',) in wrapper <pybindgen.function.Function object at 0x2763450>
  [param('void ( * ) (  ) *', 'f')])
/home/lena/ns-allinone-3.19/ns-3.19/src/core/bindings/modulegen__gcc_LP64.py:5138: Warning: exception TypeConfigurationError('Missing transfer_ownership option',) in wrapper <pybindgen.function.Function object at 0x287ecd0>
  [param('std::ostream *', 'stream')])
/home/lena/ns-allinone-3.19/ns-3.19/src/core/bindings/modulegen__gcc_LP64.py:5142: Warning: exception TypeConfigurationError('Missing transfer_ownership option',) in wrapper <pybindgen.function.Function object at 0x287ee90>
  [param('std::ostream *', 'stream')])
/home/lena/ns-allinone-3.19/ns-3.19/src/core/bindings/modulegen__gcc_LP64.py:5164: Warning: exception TypeLookupError(['std::_List_const_iterator< std::basic_string< char, std::char_traits< char >, std::allocator< char > > >'],) in wrapper <pybindgen.function.Function object at 0x2883cd0>
  [param('std::_List_const_iterator< std::basic_string< char, std::char_traits< char >, std::allocator< char > > >', 'begin'), param('std::_List_const_iterator< std::basic_string< char, std::char_traits< char >, std::allocator< char > > >', 'end')])
/home/lena/ns-allinone-3.19/pybindgen-0.16.0.834/pybindgen/cppclass_typehandlers.py:1098: UserWarning: Returning shared pointers is dangerous!  The C++ API should be redesigned to avoid this situation.
  warnings.warn("Returning shared pointers is dangerous!"
bindings/python/ns3modulegen-modular.py:27: UserWarning: exception CodeGenerationError('ns3::Hash::Implementation cannot be constructed (have pure virtual methods but no helper class)',) in wrapper <pybindgen.CppClass 'ns3::Hash::Implementation'>
  warnings.warn("exception %r in wrapper %s" % (exception, wrapper))
bindings/python/ns3modulegen-modular.py:27: UserWarning: exception CodeGenerationError('ns3::ObjectBase cannot be constructed (class has pure virtual methods)',) in wrapper <pybindgen.CppClass 'ns3::ObjectBase'>
  warnings.warn("exception %r in wrapper %s" % (exception, wrapper))
bindings/python/ns3modulegen-modular.py:27: UserWarning: exception CodeGenerationError('ns3::SimpleRefCount< ns3::Object, ns3::ObjectBase, ns3::ObjectDeleter > cannot be constructed (have pure virtual methods but no helper class)',) in wrapper <pybindgen.CppClass 'ns3::SimpleRefCount< ns3::Object, ns3::ObjectBase, ns3::ObjectDeleter >'>
  warnings.warn("exception %r in wrapper %s" % (exception, wrapper))
bindings/python/ns3modulegen-modular.py:27: UserWarning: exception CodeGenerationError('ns3::TimerImpl cannot be constructed (class has pure virtual methods)',) in wrapper <pybindgen.CppClass 'ns3::TimerImpl'>
  warnings.warn("exception %r in wrapper %s" % (exception, wrapper))
bindings/python/ns3modulegen-modular.py:27: UserWarning: exception CodeGenerationError('ns3::Scheduler cannot be constructed (class has pure virtual methods)',) in wrapper <pybindgen.CppClass 'ns3::Scheduler'>
  warnings.warn("exception %r in wrapper %s" % (exception, wrapper))
bindings/python/ns3modulegen-modular.py:27: UserWarning: exception CodeGenerationError('ns3::SimulatorImpl cannot be constructed (have pure virtual methods but no helper class)',) in wrapper <pybindgen.CppClass 'ns3::SimulatorImpl'>
  warnings.warn("exception %r in wrapper %s" % (exception, wrapper))
bindings/python/ns3modulegen-modular.py:27: UserWarning: exception CodeGenerationError('ns3::Synchronizer cannot be constructed (class has pure virtual methods)',) in wrapper <pybindgen.CppClass 'ns3::Synchronizer'>
  warnings.warn("exception %r in wrapper %s" % (exception, wrapper))
bindings/python/ns3modulegen-modular.py:27: UserWarning: exception CodeGenerationError('ns3::TraceSourceAccessor cannot be constructed (have pure virtual methods but no helper class)',) in wrapper <pybindgen.CppClass 'ns3::TraceSourceAccessor'>
  warnings.warn("exception %r in wrapper %s" % (exception, wrapper))
bindings/python/ns3modulegen-modular.py:27: UserWarning: exception CodeGenerationError('ns3::AttributeAccessor cannot be constructed (have pure virtual methods but no helper class)',) in wrapper <pybindgen.CppClass 'ns3::AttributeAccessor'>
  warnings.warn("exception %r in wrapper %s" % (exception, wrapper))
bindings/python/ns3modulegen-modular.py:27: UserWarning: exception CodeGenerationError('ns3::AttributeChecker cannot be constructed (have pure virtual methods but no helper class)',) in wrapper <pybindgen.CppClass 'ns3::AttributeChecker'>
  warnings.warn("exception %r in wrapper %s" % (exception, wrapper))
bindings/python/ns3modulegen-modular.py:27: UserWarning: exception CodeGenerationError('ns3::AttributeValue cannot be constructed (have pure virtual methods but no helper class)',) in wrapper <pybindgen.CppClass 'ns3::AttributeValue'>
  warnings.warn("exception %r in wrapper %s" % (exception, wrapper))
bindings/python/ns3modulegen-modular.py:27: UserWarning: exception CodeGenerationError('ns3::BooleanChecker cannot be constructed (have pure virtual methods but no helper class)',) in wrapper <pybindgen.CppClass 'ns3::BooleanChecker'>
  warnings.warn("exception %r in wrapper %s" % (exception, wrapper))
bindings/python/ns3modulegen-modular.py:27: UserWarning: exception CodeGenerationError('ns3::CallbackChecker cannot be constructed (have pure virtual methods but no helper class)',) in wrapper <pybindgen.CppClass 'ns3::CallbackChecker'>
  warnings.warn("exception %r in wrapper %s" % (exception, wrapper))
bindings/python/ns3modulegen-modular.py:27: UserWarning: exception CodeGenerationError('ns3::CallbackImplBase cannot be constructed (have pure virtual methods but no helper class)',) in wrapper <pybindgen.CppClass 'ns3::CallbackImplBase'>
  warnings.warn("exception %r in wrapper %s" % (exception, wrapper))
bindings/python/ns3modulegen-modular.py:27: UserWarning: exception CodeGenerationError('ns3::EventImpl cannot be constructed (have pure virtual methods but no helper class)',) in wrapper <pybindgen.CppClass 'ns3::EventImpl'>
  warnings.warn("exception %r in wrapper %s" % (exception, wrapper))
bindings/python/ns3modulegen-modular.py:27: UserWarning: exception CodeGenerationError('ns3::FdReader cannot be constructed (have pure virtual methods but no helper class)',) in wrapper <pybindgen.CppClass 'ns3::FdReader'>
  warnings.warn("exception %r in wrapper %s" % (exception, wrapper))
bindings/python/ns3modulegen-modular.py:27: UserWarning: exception CodeGenerationError('ns3::ObjectFactoryChecker cannot be constructed (have pure virtual methods but no helper class)',) in wrapper <pybindgen.CppClass 'ns3::ObjectFactoryChecker'>
  warnings.warn("exception %r in wrapper %s" % (exception, wrapper))
bindings/python/ns3modulegen-modular.py:27: UserWarning: exception CodeGenerationError('ns3::ObjectPtrContainerAccessor cannot be constructed (have pure virtual methods but no helper class)',) in wrapper <pybindgen.CppClass 'ns3::ObjectPtrContainerAccessor'>
  warnings.warn("exception %r in wrapper %s" % (exception, wrapper))
bindings/python/ns3modulegen-modular.py:27: UserWarning: exception CodeGenerationError('ns3::ObjectPtrContainerChecker cannot be constructed (have pure virtual methods but no helper class)',) in wrapper <pybindgen.CppClass 'ns3::ObjectPtrContainerChecker'>
  warnings.warn("exception %r in wrapper %s" % (exception, wrapper))
bindings/python/ns3modulegen-modular.py:27: UserWarning: exception CodeGenerationError('ns3::PointerChecker cannot be constructed (have pure virtual methods but no helper class)',) in wrapper <pybindgen.CppClass 'ns3::PointerChecker'>
  warnings.warn("exception %r in wrapper %s" % (exception, wrapper))
bindings/python/ns3modulegen-modular.py:27: UserWarning: exception CodeGenerationError('ns3::RandomVariableChecker cannot be constructed (have pure virtual methods but no helper class)',) in wrapper <pybindgen.CppClass 'ns3::RandomVariableChecker'>
  warnings.warn("exception %r in wrapper %s" % (exception, wrapper))
bindings/python/ns3modulegen-modular.py:27: UserWarning: exception CodeGenerationError('ns3::StringChecker cannot be constructed (have pure virtual methods but no helper class)',) in wrapper <pybindgen.CppClass 'ns3::StringChecker'>
  warnings.warn("exception %r in wrapper %s" % (exception, wrapper))
bindings/python/ns3modulegen-modular.py:27: UserWarning: exception CodeGenerationError('ns3::TypeIdChecker cannot be constructed (have pure virtual methods but no helper class)',) in wrapper <pybindgen.CppClass 'ns3::TypeIdChecker'>
  warnings.warn("exception %r in wrapper %s" % (exception, wrapper))
bindings/python/ns3modulegen-modular.py:27: UserWarning: exception CodeGenerationError('ns3::Vector2DChecker cannot be constructed (have pure virtual methods but no helper class)',) in wrapper <pybindgen.CppClass 'ns3::Vector2DChecker'>
  warnings.warn("exception %r in wrapper %s" % (exception, wrapper))
bindings/python/ns3modulegen-modular.py:27: UserWarning: exception CodeGenerationError('ns3::Vector3DChecker cannot be constructed (have pure virtual methods but no helper class)',) in wrapper <pybindgen.CppClass 'ns3::Vector3DChecker'>
  warnings.warn("exception %r in wrapper %s" % (exception, wrapper))
