>>>>>>>>>>>>>>>> [['void', 'ns3::Mac48Address', 'ns3::Mac48Address', 'unsigned int', 'bool', 'ns3::empty', 'ns3::empty', 'ns3::empty', 'ns3::empty', 'ns3::empty'], ['void', 'unsigned int', 'ns3::Mac48Address', 'ns3::Mac48Address', 'ns3::dot11s::PeerLink::PeerState', 'ns3::dot11s::PeerLink::PeerState', 'ns3::empty', 'ns3::empty', 'ns3::empty', 'ns3::empty'], ['void', 'ns3::Ptr<ns3::NetDevice>', 'ns3::Ptr<ns3::Packet const>', 'unsigned short', 'ns3::Address const&', 'ns3::Address const&', 'ns3::NetDevice::PacketType', 'ns3::empty', 'ns3::empty', 'ns3::empty'], ['std::vector<ns3::Mac48Address, std::allocator<ns3::Mac48Address> >', 'unsigned int', 'ns3::empty', 'ns3::empty', 'ns3::empty', 'ns3::empty', 'ns3::empty', 'ns3::empty', 'ns3::empty', 'ns3::empty'], ['void', 'bool', 'ns3::Ptr<ns3::Packet>', 'ns3::Mac48Address', 'ns3::Mac48Address', 'unsigned short', 'unsigned int', 'ns3::empty', 'ns3::empty', 'ns3::empty'], ['unsigned int', 'ns3::Mac48Address', 'ns3::Ptr<ns3::MeshWifiInterfaceMac>', 'ns3::empty', 'ns3::empty', 'ns3::empty', 'ns3::empty', 'ns3::empty', 'ns3::empty', 'ns3::empty'], ['void', 'ns3::empty', 'ns3::empty', 'ns3::empty', 'ns3::empty', 'ns3::empty', 'ns3::empty', 'ns3::empty', 'ns3::empty', 'ns3::empty'], ['void', 'ns3::WifiMacHeader const&', 'ns3::empty', 'ns3::empty', 'ns3::empty', 'ns3::empty', 'ns3::empty', 'ns3::empty', 'ns3::empty', 'ns3::empty'], ['void', 'ns3::Ptr<ns3::Packet>', 'ns3::Mac48Address', 'ns3::Mac48Address', 'ns3::empty', 'ns3::empty', 'ns3::empty', 'ns3::empty', 'ns3::empty', 'ns3::empty'], ['void', 'ns3::Mac48Address', 'unsigned char', 'ns3::empty', 'ns3::empty', 'ns3::empty', 'ns3::empty', 'ns3::empty', 'ns3::empty', 'ns3::empty'], ['void', 'ns3::Mac48Address', 'unsigned char', 'bool', 'ns3::empty', 'ns3::empty', 'ns3::empty', 'ns3::empty', 'ns3::empty', 'ns3::empty'], ['bool', 'ns3::Ptr<ns3::NetDevice>', 'ns3::Ptr<ns3::Packet const>', 'unsigned short', 'ns3::Address const&', 'ns3::Address const&', 'ns3::NetDevice::PacketType', 'ns3::empty', 'ns3::empty', 'ns3::empty'], ['bool', 'ns3::Ptr<ns3::NetDevice>', 'ns3::Ptr<ns3::Packet const>', 'unsigned short', 'ns3::Address const&', 'ns3::empty', 'ns3::empty', 'ns3::empty', 'ns3::empty', 'ns3::empty']]
/home/lena/ns-allinone-3.19/ns-3.19/bindings/python/ns3modulegen_core_customizations.py:70: DeprecationWarning: Typo: set_tranformation -> set_transformation
  handler.set_tranformation(self, orig_ctype)
bindings/python/ns3modulegen-modular.py:27: UserWarning: exception TypeLookupError(['std::pair< unsigned int, ns3::Mac48Address >'],) in wrapper <pybindgen.Container 'std::vector< std::pair< unsigned int, ns3::Mac48Address > >'>
  warnings.warn("exception %r in wrapper %s" % (exception, wrapper))
***** registering callback handler: 'ns3::Callback< void, ns3::Mac48Address, ns3::Mac48Address, unsigned int, bool, ns3::empty, ns3::empty, ns3::empty, ns3::empty, ns3::empty >'
***** registering callback handler: 'ns3::Callback< void, unsigned int, ns3::Mac48Address, ns3::Mac48Address, ns3::dot11s::PeerLink::PeerState, ns3::dot11s::PeerLink::PeerState, ns3::empty, ns3::empty, ns3::empty, ns3::empty >'
/home/lena/ns-allinone-3.19/pybindgen-0.16.0.834/pybindgen/typehandlers/base.py:1059: DeprecationWarning: is_const is deprecated, put a 'const' in the C type instead.
  warnings.warn("is_const is deprecated, put a 'const' in the C type instead.", DeprecationWarning)
***** registering callback handler: 'ns3::Callback< void, ns3::Ptr< ns3::NetDevice >, ns3::Ptr< ns3::Packet const >, unsigned short, ns3::Address const &, ns3::Address const &, ns3::NetDevice::PacketType, ns3::empty, ns3::empty, ns3::empty >'
/home/lena/ns-allinone-3.19/ns-3.19/bindings/python/ns3modulegen_core_customizations.py:210: Warning: ***** Unable to register callback; Return value 'std::vector<ns3::Mac48Address, std::allocator<ns3::Mac48Address> >' error (used in ns3::Callback< std::vector<ns3::Mac48Address, std::allocator<ns3::Mac48Address> >, unsigned int, ns3::empty, ns3::empty, ns3::empty, ns3::empty, ns3::empty, ns3::empty, ns3::empty, ns3::empty >): TypeLookupError(['std::vector< ns3::Mac48Address, std::allocator< ns3::Mac48Address > >'],)
  Warning)
***** registering callback handler: 'ns3::Callback< void, bool, ns3::Ptr< ns3::Packet >, ns3::Mac48Address, ns3::Mac48Address, unsigned short, unsigned int, ns3::empty, ns3::empty, ns3::empty >'
***** registering callback handler: 'ns3::Callback< unsigned int, ns3::Mac48Address, ns3::Ptr< ns3::MeshWifiInterfaceMac >, ns3::empty, ns3::empty, ns3::empty, ns3::empty, ns3::empty, ns3::empty, ns3::empty >'
***** registering callback handler: 'ns3::Callback< void, ns3::empty, ns3::empty, ns3::empty, ns3::empty, ns3::empty, ns3::empty, ns3::empty, ns3::empty, ns3::empty >'
***** registering callback handler: 'ns3::Callback< void, ns3::WifiMacHeader const &, ns3::empty, ns3::empty, ns3::empty, ns3::empty, ns3::empty, ns3::empty, ns3::empty, ns3::empty >'
***** registering callback handler: 'ns3::Callback< void, ns3::Ptr< ns3::Packet >, ns3::Mac48Address, ns3::Mac48Address, ns3::empty, ns3::empty, ns3::empty, ns3::empty, ns3::empty, ns3::empty >'
***** registering callback handler: 'ns3::Callback< void, ns3::Mac48Address, unsigned char, ns3::empty, ns3::empty, ns3::empty, ns3::empty, ns3::empty, ns3::empty, ns3::empty >'
***** registering callback handler: 'ns3::Callback< void, ns3::Mac48Address, unsigned char, bool, ns3::empty, ns3::empty, ns3::empty, ns3::empty, ns3::empty, ns3::empty >'
***** registering callback handler: 'ns3::Callback< bool, ns3::Ptr< ns3::NetDevice >, ns3::Ptr< ns3::Packet const >, unsigned short, ns3::Address const &, ns3::Address const &, ns3::NetDevice::PacketType, ns3::empty, ns3::empty, ns3::empty >'
***** registering callback handler: 'ns3::Callback< bool, ns3::Ptr< ns3::NetDevice >, ns3::Ptr< ns3::Packet const >, unsigned short, ns3::Address const &, ns3::empty, ns3::empty, ns3::empty, ns3::empty, ns3::empty >'
/home/lena/ns-allinone-3.19/ns-3.19/src/mesh/bindings/modulegen__gcc_LP64.py:799: Warning: exception TypeConfigurationError('direction not given',) in wrapper <pybindgen.cppmethod.CppConstructor object at 0x1e1fa90>
  cls.add_constructor([param('uint8_t', 'type'), param('uint8_t const *', 'buffer'), param('uint8_t', 'len')])
/home/lena/ns-allinone-3.19/ns-3.19/src/mesh/bindings/modulegen__gcc_LP64.py:810: Warning: exception TypeConfigurationError('direction not given',) in wrapper public: retval? ???::CopyAllFrom (params?);
  [param('uint8_t const *', 'buffer'), param('uint8_t', 'len')])
/home/lena/ns-allinone-3.19/ns-3.19/src/mesh/bindings/modulegen__gcc_LP64.py:815: Warning: exception TypeConfigurationError('direction not given',) in wrapper public: retval? ???::CopyAllTo (params?) const;
  is_const=True)
/home/lena/ns-allinone-3.19/ns-3.19/src/mesh/bindings/modulegen__gcc_LP64.py:819: Warning: exception TypeConfigurationError('direction not given',) in wrapper public: retval? ???::CopyFrom (params?);
  [param('uint8_t const *', 'buffer'), param('uint8_t', 'len')])
/home/lena/ns-allinone-3.19/ns-3.19/src/mesh/bindings/modulegen__gcc_LP64.py:824: Warning: exception TypeConfigurationError('direction not given',) in wrapper public: retval? ???::CopyTo (params?) const;
  is_const=True)
/home/lena/ns-allinone-3.19/ns-3.19/src/mesh/bindings/modulegen__gcc_LP64.py:993: Warning: exception TypeLookupError(['std::_List_const_iterator< ns3::AttributeConstructionList::Item >'],) in wrapper public: retval? ???::Begin (params?) const;
  is_const=True)
/home/lena/ns-allinone-3.19/ns-3.19/src/mesh/bindings/modulegen__gcc_LP64.py:998: Warning: exception TypeLookupError(['std::_List_const_iterator< ns3::AttributeConstructionList::Item >'],) in wrapper public: retval? ???::End (params?) const;
  is_const=True)
/home/lena/ns-allinone-3.19/ns-3.19/src/mesh/bindings/modulegen__gcc_LP64.py:1207: Warning: exception TypeLookupError(['ns3::Ptr< ns3::WifiMacQueue >', 'ns3::WifiMacQueue *'],) in wrapper public: retval? ???::SetQueue (params?);
  [param('ns3::Ptr< ns3::WifiMacQueue >', 'queue')])
/home/lena/ns-allinone-3.19/ns-3.19/src/mesh/bindings/modulegen__gcc_LP64.py:1211: Warning: exception TypeLookupError(['ns3::MacTxMiddle *'],) in wrapper public: retval? ???::SetTxMiddle (params?);
  [param('ns3::MacTxMiddle *', 'txMiddle')])
/home/lena/ns-allinone-3.19/ns-3.19/src/mesh/bindings/modulegen__gcc_LP64.py:1264: Warning: exception TypeLookupError(['std::ostream *'],) in wrapper public: retval? ???::CopyData (params?) const;
  is_const=True)
/home/lena/ns-allinone-3.19/ns-3.19/src/mesh/bindings/modulegen__gcc_LP64.py:1269: Warning: exception TypeConfigurationError('direction not given',) in wrapper public: retval? ???::CopyData (params?) const;
  is_const=True)
/home/lena/ns-allinone-3.19/ns-3.19/src/mesh/bindings/modulegen__gcc_LP64.py:1283: Warning: exception TypeConfigurationError('direction not given',) in wrapper public: retval? ???::Deserialize (params?);
  [param('uint8_t const *', 'buffer'), param('uint32_t', 'size')])
/home/lena/ns-allinone-3.19/ns-3.19/src/mesh/bindings/modulegen__gcc_LP64.py:1313: Warning: exception TypeLookupError(['uint8_t *'],) in wrapper public: retval? ???::PeekData (params?) const;
  is_const=True)
/home/lena/ns-allinone-3.19/ns-3.19/src/mesh/bindings/modulegen__gcc_LP64.py:1326: Warning: exception TypeConfigurationError('direction not given',) in wrapper public: retval? ???::Serialize (params?) const;
  is_const=True)
/home/lena/ns-allinone-3.19/ns-3.19/src/mesh/bindings/modulegen__gcc_LP64.py:1381: Warning: exception TypeConfigurationError('direction not given',) in wrapper public: retval? ???::Read (params?);
  [param('uint8_t *', 'buffer'), param('uint32_t', 'size')])
/home/lena/ns-allinone-3.19/ns-3.19/src/mesh/bindings/modulegen__gcc_LP64.py:1425: Warning: exception TypeConfigurationError('direction not given',) in wrapper public: retval? ???::Write (params?);
  [param('uint8_t const *', 'buffer'), param('uint32_t', 'size')])
/home/lena/ns-allinone-3.19/ns-3.19/src/mesh/bindings/modulegen__gcc_LP64.py:1650: Warning: exception TypeLookupError(['ns3::Ptr< ns3::EventImpl > &'],) in wrapper <pybindgen.cppmethod.CppConstructor object at 0x2167fd0>
  cls.add_constructor([param('ns3::Ptr< ns3::EventImpl > const &', 'impl'), param('uint64_t', 'ts'), param('uint32_t', 'context'), param('uint32_t', 'uid')])
/home/lena/ns-allinone-3.19/ns-3.19/src/mesh/bindings/modulegen__gcc_LP64.py:1684: Warning: exception TypeConfigurationError('Either caller_owns_return or self.reference_existing_object must be given',) in wrapper public: retval? ???::PeekEventImpl (params?) const;
  is_const=True)
/home/lena/ns-allinone-3.19/ns-3.19/src/mesh/bindings/modulegen__gcc_LP64.py:1743: Warning: exception TypeConfigurationError('direction not given',) in wrapper public: retval? ???::Deserialize (params?);
  is_static=True)
/home/lena/ns-allinone-3.19/ns-3.19/src/mesh/bindings/modulegen__gcc_LP64.py:1808: Warning: exception TypeLookupError(['std::ostream &'],) in wrapper public: retval? ???::Print (params?) const;
  is_const=True)
/home/lena/ns-allinone-3.19/ns-3.19/src/mesh/bindings/modulegen__gcc_LP64.py:1813: Warning: exception TypeConfigurationError('direction not given',) in wrapper public: retval? ???::Serialize (params?) const;
  is_const=True)
/home/lena/ns-allinone-3.19/ns-3.19/src/mesh/bindings/modulegen__gcc_LP64.py:1880: Warning: exception TypeLookupError(['std::ostream &'],) in wrapper public: retval? ???::Print (params?) const;
  is_const=True)
/home/lena/ns-allinone-3.19/ns-3.19/src/mesh/bindings/modulegen__gcc_LP64.py:1897: Warning: exception TypeConfigurationError('direction not given',) in wrapper <pybindgen.cppmethod.CppConstructor object at 0x226ca90>
  cls.add_constructor([param('uint8_t *', 'address')])
/home/lena/ns-allinone-3.19/ns-3.19/src/mesh/bindings/modulegen__gcc_LP64.py:1915: Warning: exception TypeConfigurationError('direction not given',) in wrapper public: retval? ???::Deserialize (params?);
  is_static=True)
/home/lena/ns-allinone-3.19/ns-3.19/src/mesh/bindings/modulegen__gcc_LP64.py:1940: Warning: exception TypeConfigurationError('direction not given',) in wrapper public: retval? ???::GetBytes (params?) const;
  is_const=True)
/home/lena/ns-allinone-3.19/ns-3.19/src/mesh/bindings/modulegen__gcc_LP64.py:2030: Warning: exception TypeLookupError(['ns3::Mac16Address'],) in wrapper public: retval? ???::MakeAutoconfiguredAddress (params?);
  is_static=True)
/home/lena/ns-allinone-3.19/ns-3.19/src/mesh/bindings/modulegen__gcc_LP64.py:2040: Warning: exception TypeLookupError(['ns3::Mac64Address'],) in wrapper public: retval? ???::MakeAutoconfiguredAddress (params?);
  is_static=True)
/home/lena/ns-allinone-3.19/ns-3.19/src/mesh/bindings/modulegen__gcc_LP64.py:2045: Warning: exception TypeLookupError(['ns3::Mac16Address'],) in wrapper public: retval? ???::MakeAutoconfiguredLinkLocalAddress (params?);
  is_static=True)
/home/lena/ns-allinone-3.19/ns-3.19/src/mesh/bindings/modulegen__gcc_LP64.py:2055: Warning: exception TypeLookupError(['ns3::Mac64Address'],) in wrapper public: retval? ???::MakeAutoconfiguredLinkLocalAddress (params?);
  is_static=True)
/home/lena/ns-allinone-3.19/ns-3.19/src/mesh/bindings/modulegen__gcc_LP64.py:2070: Warning: exception TypeLookupError(['std::ostream &'],) in wrapper public: retval? ???::Print (params?) const;
  is_const=True)
/home/lena/ns-allinone-3.19/ns-3.19/src/mesh/bindings/modulegen__gcc_LP64.py:2075: Warning: exception TypeConfigurationError('direction not given',) in wrapper public: retval? ???::Serialize (params?) const;
  is_const=True)
/home/lena/ns-allinone-3.19/ns-3.19/src/mesh/bindings/modulegen__gcc_LP64.py:2083: Warning: exception TypeConfigurationError('direction not given',) in wrapper public: retval? ???::Set (params?);
  [param('uint8_t *', 'address')])
/home/lena/ns-allinone-3.19/ns-3.19/src/mesh/bindings/modulegen__gcc_LP64.py:2093: Warning: exception TypeConfigurationError('direction not given',) in wrapper <pybindgen.cppmethod.CppConstructor object at 0x2290290>
  cls.add_constructor([param('uint8_t *', 'prefix')])
/home/lena/ns-allinone-3.19/ns-3.19/src/mesh/bindings/modulegen__gcc_LP64.py:2106: Warning: exception TypeConfigurationError('direction not given',) in wrapper public: retval? ???::GetBytes (params?) const;
  is_const=True)
/home/lena/ns-allinone-3.19/ns-3.19/src/mesh/bindings/modulegen__gcc_LP64.py:2141: Warning: exception TypeLookupError(['std::ostream &'],) in wrapper public: retval? ???::Print (params?) const;
  is_const=True)
/home/lena/ns-allinone-3.19/ns-3.19/src/mesh/bindings/modulegen__gcc_LP64.py:2168: Warning: exception TypeConfigurationError('direction not given',) in wrapper public: retval? ???::CopyFrom (params?);
  [param('uint8_t const *', 'buffer')])
/home/lena/ns-allinone-3.19/ns-3.19/src/mesh/bindings/modulegen__gcc_LP64.py:2173: Warning: exception TypeConfigurationError('direction not given',) in wrapper public: retval? ???::CopyTo (params?) const;
  is_const=True)
/home/lena/ns-allinone-3.19/ns-3.19/src/mesh/bindings/modulegen__gcc_LP64.py:2238: Warning: exception TypeLookupError(['ns3::Ptr< ns3::NetDevice > &'],) in wrapper public: retval? ???::Report (params?);
  [param('ns3::Ptr< ns3::NetDevice > const &', 'arg0'), param('std::ostream &', 'arg1')])
/home/lena/ns-allinone-3.19/ns-3.19/src/mesh/bindings/modulegen__gcc_LP64.py:2242: Warning: exception TypeLookupError(['ns3::Ptr< ns3::NetDevice > &'],) in wrapper public: retval? ???::ResetStats (params?);
  [param('ns3::Ptr< ns3::NetDevice > const &', 'arg0')])
/home/lena/ns-allinone-3.19/ns-3.19/src/mesh/bindings/modulegen__gcc_LP64.py:2325: Warning: exception TypeLookupError(['__gnu_cxx::__normal_iterator< ns3::Ptr< ns3::NetDevice > const, std::vector< ns3::Ptr< ns3::NetDevice > > >'],) in wrapper public: retval? ???::Begin (params?) const;
  is_const=True)
/home/lena/ns-allinone-3.19/ns-3.19/src/mesh/bindings/modulegen__gcc_LP64.py:2330: Warning: exception TypeLookupError(['__gnu_cxx::__normal_iterator< ns3::Ptr< ns3::NetDevice > const, std::vector< ns3::Ptr< ns3::NetDevice > > >'],) in wrapper public: retval? ???::End (params?) const;
  is_const=True)
/home/lena/ns-allinone-3.19/ns-3.19/src/mesh/bindings/modulegen__gcc_LP64.py:2376: Warning: exception TypeLookupError(['__gnu_cxx::__normal_iterator< ns3::Ptr< ns3::Node > const, std::vector< ns3::Ptr< ns3::Node > > >'],) in wrapper public: retval? ???::Begin (params?) const;
  is_const=True)
/home/lena/ns-allinone-3.19/ns-3.19/src/mesh/bindings/modulegen__gcc_LP64.py:2389: Warning: exception TypeLookupError(['__gnu_cxx::__normal_iterator< ns3::Ptr< ns3::Node > const, std::vector< ns3::Ptr< ns3::Node > > >'],) in wrapper public: retval? ???::End (params?) const;
  is_const=True)
/home/lena/ns-allinone-3.19/pybindgen-0.16.0.834/pybindgen/settings.py:84: DeprecationWarning: The option pybindgen.settings.deprecated_virtuals has not been set.  I am going to assume the value of False, change it to True if it breaks your APIs. The option will eventually disappear (the deprecated behaviour will eventually disappear).
  DeprecationWarning)
/home/lena/ns-allinone-3.19/ns-3.19/src/mesh/bindings/modulegen__gcc_LP64.py:2477: Warning: exception TypeConfigurationError('Missing transfer_ownership option',) in wrapper public: retval? ???::Delete (params?);
  is_static=True)
/home/lena/ns-allinone-3.19/ns-3.19/src/mesh/bindings/modulegen__gcc_LP64.py:2596: Warning: exception TypeConfigurationError('direction not given',) in wrapper public: retval? ???::Deserialize (params?);
  [param('uint8_t const *', 'buffer'), param('uint32_t', 'size')])
/home/lena/ns-allinone-3.19/ns-3.19/src/mesh/bindings/modulegen__gcc_LP64.py:2637: Warning: exception TypeConfigurationError('direction not given',) in wrapper public: retval? ???::Serialize (params?) const;
  is_const=True)
bindings/python/ns3modulegen-modular.py:27: UserWarning: exception TypeLookupError(['uint8_t [ 20 ]'],) in wrapper None
  warnings.warn("exception %r in wrapper %s" % (exception, wrapper))
bindings/python/ns3modulegen-modular.py:27: UserWarning: exception TypeConfigurationError('Either caller_owns_return or self.reference_existing_object must be given',) in wrapper None
  warnings.warn("exception %r in wrapper %s" % (exception, wrapper))
/home/lena/ns-allinone-3.19/ns-3.19/src/mesh/bindings/modulegen__gcc_LP64.py:2768: Warning: exception TypeLookupError(['uint32_t &'],) in wrapper public: retval? ???::Diff (params?);
  is_static=True)
/home/lena/ns-allinone-3.19/ns-3.19/src/mesh/bindings/modulegen__gcc_LP64.py:2822: Warning: exception TypeConfigurationError('direction not given',) in wrapper public: retval? ???::Read (params?);
  [param('uint8_t * const', 'data'), param('uint32_t', 'maxBytes'), param('uint32_t &', 'tsSec'), param('uint32_t &', 'tsUsec'), param('uint32_t &', 'inclLen'), param('uint32_t &', 'origLen'), param('uint32_t &', 'readLen')])
/home/lena/ns-allinone-3.19/ns-3.19/src/mesh/bindings/modulegen__gcc_LP64.py:2826: Warning: exception TypeConfigurationError('direction not given',) in wrapper public: retval? ???::Write (params?);
  [param('uint32_t', 'tsSec'), param('uint32_t', 'tsUsec'), param('uint8_t const * const', 'data'), param('uint32_t', 'totalLen')])
/home/lena/ns-allinone-3.19/ns-3.19/src/mesh/bindings/modulegen__gcc_LP64.py:2935: Warning: exception TypeLookupError(['ns3::Ptr< ns3::SimulatorImpl >', 'ns3::SimulatorImpl *'],) in wrapper public: retval? ???::GetImplementation (params?);
  is_static=True)
/home/lena/ns-allinone-3.19/ns-3.19/src/mesh/bindings/modulegen__gcc_LP64.py:2970: Warning: exception TypeLookupError(['ns3::Ptr< ns3::SimulatorImpl >', 'ns3::SimulatorImpl *'],) in wrapper public: retval? ???::SetImplementation (params?);
  is_static=True)
/home/lena/ns-allinone-3.19/ns-3.19/src/mesh/bindings/modulegen__gcc_LP64.py:3047: Warning: exception TypeLookupError(['std::ostream &'],) in wrapper public: virtual retval? ???::Print (params?) const = 0;
  is_pure_virtual=True, is_const=True, is_virtual=True)
/home/lena/ns-allinone-3.19/ns-3.19/src/mesh/bindings/modulegen__gcc_LP64.py:3059: Warning: exception TypeConfigurationError('direction not given',) in wrapper <pybindgen.cppmethod.CppConstructor object at 0x271bfd0>
  cls.add_constructor([param('uint8_t *', 'start'), param('uint8_t *', 'end')])
/home/lena/ns-allinone-3.19/ns-3.19/src/mesh/bindings/modulegen__gcc_LP64.py:3067: Warning: exception TypeConfigurationError('direction not given',) in wrapper public: retval? ???::Read (params?);
  [param('uint8_t *', 'buffer'), param('uint32_t', 'size')])
/home/lena/ns-allinone-3.19/ns-3.19/src/mesh/bindings/modulegen__gcc_LP64.py:3095: Warning: exception TypeConfigurationError('direction not given',) in wrapper public: retval? ???::Write (params?);
  [param('uint8_t const *', 'buffer'), param('uint32_t', 'size')])
/home/lena/ns-allinone-3.19/ns-3.19/src/mesh/bindings/modulegen__gcc_LP64.py:3160: Warning: exception TypeLookupError(['ns3::Callback< ns3::ObjectBase *, ns3::empty, ns3::empty, ns3::empty, ns3::empty, ns3::empty, ns3::empty, ns3::empty, ns3::empty, ns3::empty >'],) in wrapper public: retval? ???::GetConstructor (params?) const;
  is_const=True)
/home/lena/ns-allinone-3.19/ns-3.19/src/mesh/bindings/modulegen__gcc_LP64.py:3239: Warning: exception TypeConfigurationError('Missing transfer_ownership option',) in wrapper public: retval? ???::LookupByHashFailSafe (params?);
  is_static=True)
/home/lena/ns-allinone-3.19/ns-3.19/src/mesh/bindings/modulegen__gcc_LP64.py:3439: Warning: exception TypeLookupError(['ns3::Ptr< ns3::WifiNetDevice >', 'ns3::WifiNetDevice *'],) in wrapper public: virtual retval? ???::Create (params?) const = 0;
  is_pure_virtual=True, is_const=True, is_virtual=True)
bindings/python/ns3modulegen-modular.py:27: UserWarning: exception TypeLookupError(['short unsigned int'],) in wrapper None
  warnings.warn("exception %r in wrapper %s" % (exception, wrapper))
/home/lena/ns-allinone-3.19/ns-3.19/src/mesh/bindings/modulegen__gcc_LP64.py:3745: Warning: exception TypeLookupError(['std::ostream &'],) in wrapper public: virtual retval? ???::Print (params?) const = 0;
  is_pure_virtual=True, is_const=True, is_virtual=True)
/home/lena/ns-allinone-3.19/ns-3.19/src/mesh/bindings/modulegen__gcc_LP64.py:3773: Warning: exception TypeLookupError(['std::ostream &'],) in wrapper public: virtual retval? ???::Print (params?) const = 0;
  is_pure_virtual=True, is_const=True, is_virtual=True)
/home/lena/ns-allinone-3.19/ns-3.19/src/mesh/bindings/modulegen__gcc_LP64.py:3840: Warning: exception TypeLookupError(['std::ostream &'],) in wrapper public: virtual retval? ???::Print (params?) const;
  is_const=True, is_virtual=True)
/home/lena/ns-allinone-3.19/ns-3.19/src/mesh/bindings/modulegen__gcc_LP64.py:3935: Warning: exception TypeLookupError(['std::ostream &'],) in wrapper public: virtual retval? ???::Print (params?) const;
  is_const=True, is_virtual=True)
/home/lena/ns-allinone-3.19/ns-3.19/src/mesh/bindings/modulegen__gcc_LP64.py:4020: Warning: exception TypeLookupError(['std::ostream &'],) in wrapper public: virtual retval? ???::Print (params?) const;
  is_const=True, is_virtual=True)
/home/lena/ns-allinone-3.19/ns-3.19/src/mesh/bindings/modulegen__gcc_LP64.py:4086: Warning: exception TypeLookupError(['std::ostream &'],) in wrapper public: virtual retval? ???::Print (params?) const;
  is_const=True, is_virtual=True)
/home/lena/ns-allinone-3.19/ns-3.19/src/mesh/bindings/modulegen__gcc_LP64.py:4145: Warning: exception TypeLookupError(['std::ostream &'],) in wrapper public: virtual retval? ???::Print (params?) const;
  is_const=True, is_virtual=True)
/home/lena/ns-allinone-3.19/ns-3.19/src/mesh/bindings/modulegen__gcc_LP64.py:4209: Warning: exception TypeLookupError(['std::ostream &'],) in wrapper public: virtual retval? ???::Print (params?) const;
  is_const=True, is_virtual=True)
/home/lena/ns-allinone-3.19/ns-3.19/src/mesh/bindings/modulegen__gcc_LP64.py:4282: Warning: exception TypeLookupError(['std::ostream &'],) in wrapper public: virtual retval? ???::Print (params?) const;
  is_const=True, is_virtual=True)
/home/lena/ns-allinone-3.19/ns-3.19/src/mesh/bindings/modulegen__gcc_LP64.py:4417: Warning: exception TypeConfigurationError('direction not given',) in wrapper public: retval? ???::Write (params?);
  [param('ns3::Time', 't'), param('uint8_t const *', 'buffer'), param('uint32_t', 'length')])
/home/lena/ns-allinone-3.19/ns-3.19/src/mesh/bindings/modulegen__gcc_LP64.py:4859: Warning: exception TypeLookupError(['std::ostream &'],) in wrapper public: virtual retval? ???::Print (params?) const = 0;
  is_pure_virtual=True, is_const=True, is_virtual=True)
/home/lena/ns-allinone-3.19/ns-3.19/src/mesh/bindings/modulegen__gcc_LP64.py:4904: Warning: exception TypeLookupError(['std::ostream &'],) in wrapper public: virtual retval? ???::Print (params?) const;
  is_const=True, is_virtual=True)
/home/lena/ns-allinone-3.19/ns-3.19/src/mesh/bindings/modulegen__gcc_LP64.py:4974: Warning: exception TypeLookupError(['std::ostream &'],) in wrapper public: virtual retval? ???::Print (params?) const;
  is_const=True, is_virtual=True)
/home/lena/ns-allinone-3.19/ns-3.19/src/mesh/bindings/modulegen__gcc_LP64.py:5000: Warning: exception TypeLookupError(['__gnu_cxx::__normal_iterator< ns3::Ptr< ns3::WifiInformationElement >, std::vector< ns3::Ptr< ns3::WifiInformationElement > > >'],) in wrapper public: retval? ???::Begin (params?);
  [])
/home/lena/ns-allinone-3.19/ns-3.19/src/mesh/bindings/modulegen__gcc_LP64.py:5014: Warning: exception TypeLookupError(['__gnu_cxx::__normal_iterator< ns3::Ptr< ns3::WifiInformationElement >, std::vector< ns3::Ptr< ns3::WifiInformationElement > > >'],) in wrapper public: retval? ???::End (params?);
  [])
/home/lena/ns-allinone-3.19/ns-3.19/src/mesh/bindings/modulegen__gcc_LP64.py:5039: Warning: exception TypeLookupError(['std::ostream &'],) in wrapper public: virtual retval? ???::Print (params?) const;
  is_const=True, is_virtual=True)
/home/lena/ns-allinone-3.19/ns-3.19/src/mesh/bindings/modulegen__gcc_LP64.py:5535: Warning: exception TypeLookupError(['std::ostream &'],) in wrapper public: virtual retval? ???::Print (params?) const;
  is_const=True, is_virtual=True)
/home/lena/ns-allinone-3.19/ns-3.19/src/mesh/bindings/modulegen__gcc_LP64.py:5737: Warning: exception TypeLookupError(['ns3::Ptr< ns3::WifiChannel >', 'ns3::WifiChannel *'],) in wrapper public: virtual retval? ???::GetChannel (params?) const = 0;
  is_pure_virtual=True, is_const=True, is_virtual=True)
/home/lena/ns-allinone-3.19/ns-3.19/src/mesh/bindings/modulegen__gcc_LP64.py:6294: Warning: exception TypeConfigurationError('Missing transfer_ownership option',) in wrapper public: virtual retval? ???::RegisterListener (params?) = 0;
  is_pure_virtual=True, is_virtual=True)
/home/lena/ns-allinone-3.19/ns-3.19/src/mesh/bindings/modulegen__gcc_LP64.py:6344: Warning: exception TypeLookupError(['ns3::Callback< void, ns3::Ptr< ns3::Packet const >, double, ns3::empty, ns3::empty, ns3::empty, ns3::empty, ns3::empty, ns3::empty, ns3::empty >'],) in wrapper public: virtual retval? ???::SetReceiveErrorCallback (params?) = 0;
  is_pure_virtual=True, is_virtual=True)
/home/lena/ns-allinone-3.19/ns-3.19/src/mesh/bindings/modulegen__gcc_LP64.py:6349: Warning: exception TypeLookupError(['ns3::Callback< void, ns3::Ptr< ns3::Packet >, double, ns3::WifiMode, ns3::WifiPreamble, ns3::empty, ns3::empty, ns3::empty, ns3::empty, ns3::empty >'],) in wrapper public: virtual retval? ???::SetReceiveOkCallback (params?) = 0;
  is_pure_virtual=True, is_virtual=True)
/home/lena/ns-allinone-3.19/ns-3.19/src/mesh/bindings/modulegen__gcc_LP64.py:6694: Warning: exception TypeConfigurationError('Either caller_owns_return or self.reference_existing_object must be given',) in wrapper private: virtual retval? ???::DoCreateStation (params?) const = 0;
  is_pure_virtual=True, is_const=True, visibility='private', is_virtual=True)
/home/lena/ns-allinone-3.19/ns-3.19/src/mesh/bindings/modulegen__gcc_LP64.py:6774: Warning: exception TypeConfigurationError('Missing transfer_ownership option',) in wrapper private: virtual retval? ???::DoGetDataTxVector (params?) = 0;
  is_pure_virtual=True, visibility='private', is_virtual=True)
/home/lena/ns-allinone-3.19/ns-3.19/src/mesh/bindings/modulegen__gcc_LP64.py:6779: Warning: exception TypeConfigurationError('Missing transfer_ownership option',) in wrapper private: virtual retval? ???::DoGetRtsTxVector (params?) = 0;
  is_pure_virtual=True, visibility='private', is_virtual=True)
/home/lena/ns-allinone-3.19/ns-3.19/src/mesh/bindings/modulegen__gcc_LP64.py:6784: Warning: exception TypeConfigurationError('Missing transfer_ownership option',) in wrapper private: virtual retval? ???::DoNeedDataRetransmission (params?);
  visibility='private', is_virtual=True)
/home/lena/ns-allinone-3.19/ns-3.19/src/mesh/bindings/modulegen__gcc_LP64.py:6789: Warning: exception TypeConfigurationError('Missing transfer_ownership option',) in wrapper private: virtual retval? ???::DoNeedFragmentation (params?);
  visibility='private', is_virtual=True)
/home/lena/ns-allinone-3.19/ns-3.19/src/mesh/bindings/modulegen__gcc_LP64.py:6794: Warning: exception TypeConfigurationError('Missing transfer_ownership option',) in wrapper private: virtual retval? ???::DoNeedRts (params?);
  visibility='private', is_virtual=True)
/home/lena/ns-allinone-3.19/ns-3.19/src/mesh/bindings/modulegen__gcc_LP64.py:6799: Warning: exception TypeConfigurationError('Missing transfer_ownership option',) in wrapper private: virtual retval? ???::DoNeedRtsRetransmission (params?);
  visibility='private', is_virtual=True)
/home/lena/ns-allinone-3.19/ns-3.19/src/mesh/bindings/modulegen__gcc_LP64.py:6804: Warning: exception TypeConfigurationError('Missing transfer_ownership option',) in wrapper private: virtual retval? ???::DoReportDataFailed (params?) = 0;
  is_pure_virtual=True, visibility='private', is_virtual=True)
/home/lena/ns-allinone-3.19/ns-3.19/src/mesh/bindings/modulegen__gcc_LP64.py:6809: Warning: exception TypeConfigurationError('Missing transfer_ownership option',) in wrapper private: virtual retval? ???::DoReportDataOk (params?) = 0;
  is_pure_virtual=True, visibility='private', is_virtual=True)
/home/lena/ns-allinone-3.19/ns-3.19/src/mesh/bindings/modulegen__gcc_LP64.py:6814: Warning: exception TypeConfigurationError('Missing transfer_ownership option',) in wrapper private: virtual retval? ???::DoReportFinalDataFailed (params?) = 0;
  is_pure_virtual=True, visibility='private', is_virtual=True)
/home/lena/ns-allinone-3.19/ns-3.19/src/mesh/bindings/modulegen__gcc_LP64.py:6819: Warning: exception TypeConfigurationError('Missing transfer_ownership option',) in wrapper private: virtual retval? ???::DoReportFinalRtsFailed (params?) = 0;
  is_pure_virtual=True, visibility='private', is_virtual=True)
/home/lena/ns-allinone-3.19/ns-3.19/src/mesh/bindings/modulegen__gcc_LP64.py:6824: Warning: exception TypeConfigurationError('Missing transfer_ownership option',) in wrapper private: virtual retval? ???::DoReportRtsFailed (params?) = 0;
  is_pure_virtual=True, visibility='private', is_virtual=True)
/home/lena/ns-allinone-3.19/ns-3.19/src/mesh/bindings/modulegen__gcc_LP64.py:6829: Warning: exception TypeConfigurationError('Missing transfer_ownership option',) in wrapper private: virtual retval? ???::DoReportRtsOk (params?) = 0;
  is_pure_virtual=True, visibility='private', is_virtual=True)
/home/lena/ns-allinone-3.19/ns-3.19/src/mesh/bindings/modulegen__gcc_LP64.py:6834: Warning: exception TypeConfigurationError('Missing transfer_ownership option',) in wrapper private: virtual retval? ???::DoReportRxOk (params?) = 0;
  is_pure_virtual=True, visibility='private', is_virtual=True)
/home/lena/ns-allinone-3.19/ns-3.19/src/mesh/bindings/modulegen__gcc_LP64.py:7112: Warning: exception TypeLookupError(['std::ostream &'],) in wrapper public: virtual retval? ???::Print (params?) const;
  is_const=True, is_virtual=True)
/home/lena/ns-allinone-3.19/ns-3.19/src/mesh/bindings/modulegen__gcc_LP64.py:7150: Warning: exception TypeLookupError(['uint16_t *'],) in wrapper public: retval? ???::GetBitmap (params?) const;
  is_const=True)
/home/lena/ns-allinone-3.19/ns-3.19/src/mesh/bindings/modulegen__gcc_LP64.py:7220: Warning: exception TypeLookupError(['std::ostream &'],) in wrapper public: virtual retval? ???::Print (params?) const;
  is_const=True, is_virtual=True)
/home/lena/ns-allinone-3.19/ns-3.19/src/mesh/bindings/modulegen__gcc_LP64.py:7351: Warning: exception TypeLookupError(['ns3::Ptr< ns3::MacLow >', 'ns3::MacLow *'],) in wrapper public: retval? ???::SetLow (params?);
  [param('ns3::Ptr< ns3::MacLow >', 'low')])
/home/lena/ns-allinone-3.19/ns-3.19/src/mesh/bindings/modulegen__gcc_LP64.py:7355: Warning: exception TypeLookupError(['ns3::MacTxMiddle *'],) in wrapper public: retval? ???::SetTxMiddle (params?);
  [param('ns3::MacTxMiddle *', 'txMiddle')])
/home/lena/ns-allinone-3.19/ns-3.19/src/mesh/bindings/modulegen__gcc_LP64.py:7359: Warning: exception TypeLookupError(['ns3::DcfManager *'],) in wrapper public: retval? ???::SetManager (params?);
  [param('ns3::DcfManager *', 'manager')])
/home/lena/ns-allinone-3.19/ns-3.19/src/mesh/bindings/modulegen__gcc_LP64.py:7385: Warning: exception TypeLookupError(['ns3::Ptr< ns3::WifiMacQueue >', 'ns3::WifiMacQueue *'],) in wrapper public: retval? ???::GetQueue (params?) const;
  is_const=True)
/home/lena/ns-allinone-3.19/ns-3.19/src/mesh/bindings/modulegen__gcc_LP64.py:7419: Warning: exception TypeLookupError(['ns3::Ptr< ns3::MacLow >', 'ns3::MacLow *'],) in wrapper public: retval? ???::Low (params?);
  [])
/home/lena/ns-allinone-3.19/ns-3.19/src/mesh/bindings/modulegen__gcc_LP64.py:7424: Warning: exception TypeLookupError(['ns3::Ptr< ns3::MsduAggregator >', 'ns3::MsduAggregator *'],) in wrapper public: retval? ???::GetMsduAggregator (params?) const;
  is_const=True)
/home/lena/ns-allinone-3.19/ns-3.19/src/mesh/bindings/modulegen__gcc_LP64.py:7539: Warning: exception TypeConfigurationError('Missing transfer_ownership option',) in wrapper public: retval? ???::GetFragmentPacket (params?);
  [param('ns3::WifiMacHeader *', 'hdr')])
/home/lena/ns-allinone-3.19/ns-3.19/src/mesh/bindings/modulegen__gcc_LP64.py:7551: Warning: exception TypeLookupError(['ns3::Ptr< ns3::MsduAggregator >', 'ns3::MsduAggregator *'],) in wrapper public: retval? ???::SetMsduAggregator (params?);
  [param('ns3::Ptr< ns3::MsduAggregator >', 'aggr')])
/home/lena/ns-allinone-3.19/ns-3.19/src/mesh/bindings/modulegen__gcc_LP64.py:7718: Warning: exception TypeConfigurationError('Missing transfer_ownership option',) in wrapper <pybindgen.cppmethod.CppConstructor object at 0x41c2990>
  cls.add_constructor([param('ns3::SupportedRates *', 'rates')])
/home/lena/ns-allinone-3.19/ns-3.19/src/mesh/bindings/modulegen__gcc_LP64.py:7795: Warning: exception TypeLookupError(['uint8_t *'],) in wrapper public: retval? ???::GetRxMcsBitmask (params?);
  [])
/home/lena/ns-allinone-3.19/ns-3.19/src/mesh/bindings/modulegen__gcc_LP64.py:8203: Warning: exception TypeLookupError(['ns3::Ptr< ns3::MeshPointDevice >'],) in wrapper public: virtual retval? ???::Report (params?) = 0;
  is_pure_virtual=True, is_virtual=True)
/home/lena/ns-allinone-3.19/ns-3.19/src/mesh/bindings/modulegen__gcc_LP64.py:8208: Warning: exception TypeLookupError(['ns3::Ptr< ns3::MeshPointDevice >'],) in wrapper public: virtual retval? ???::ResetStats (params?) = 0;
  is_pure_virtual=True, is_virtual=True)
/home/lena/ns-allinone-3.19/ns-3.19/src/mesh/bindings/modulegen__gcc_LP64.py:8436: Warning: exception TypeLookupError(['ns3::Ptr< ns3::Application >', 'ns3::Application *'],) in wrapper public: retval? ???::AddApplication (params?);
  [param('ns3::Ptr< ns3::Application >', 'application')])
/home/lena/ns-allinone-3.19/ns-3.19/src/mesh/bindings/modulegen__gcc_LP64.py:8450: Warning: exception TypeLookupError(['ns3::Ptr< ns3::Application >', 'ns3::Application *'],) in wrapper public: retval? ???::GetApplication (params?) const;
  is_const=True)
/home/lena/ns-allinone-3.19/ns-3.19/src/mesh/bindings/modulegen__gcc_LP64.py:8484: Warning: exception TypeLookupError(['ns3::Callback< void, ns3::Ptr< ns3::NetDevice >, ns3::empty, ns3::empty, ns3::empty, ns3::empty, ns3::empty, ns3::empty, ns3::empty, ns3::empty >'],) in wrapper public: retval? ???::RegisterDeviceAdditionListener (params?);
  [param('ns3::Callback< void, ns3::Ptr< ns3::NetDevice >, ns3::empty, ns3::empty, ns3::empty, ns3::empty, ns3::empty, ns3::empty, ns3::empty, ns3::empty >', 'listener')])
/home/lena/ns-allinone-3.19/ns-3.19/src/mesh/bindings/modulegen__gcc_LP64.py:8492: Warning: exception TypeLookupError(['ns3::Callback< void, ns3::Ptr< ns3::NetDevice >, ns3::empty, ns3::empty, ns3::empty, ns3::empty, ns3::empty, ns3::empty, ns3::empty, ns3::empty >'],) in wrapper public: retval? ???::UnregisterDeviceAdditionListener (params?);
  [param('ns3::Callback< void, ns3::Ptr< ns3::NetDevice >, ns3::empty, ns3::empty, ns3::empty, ns3::empty, ns3::empty, ns3::empty, ns3::empty, ns3::empty >', 'listener')])
/home/lena/ns-allinone-3.19/ns-3.19/src/mesh/bindings/modulegen__gcc_LP64.py:8555: Warning: exception TypeLookupError(['std::ostream *'],) in wrapper <pybindgen.cppmethod.CppConstructor object at 0x45081d0>
  cls.add_constructor([param('std::ostream *', 'os')])
/home/lena/ns-allinone-3.19/ns-3.19/src/mesh/bindings/modulegen__gcc_LP64.py:8559: Warning: exception TypeLookupError(['std::ostream *'],) in wrapper public: retval? ???::GetStream (params?);
  [])
/home/lena/ns-allinone-3.19/ns-3.19/src/mesh/bindings/modulegen__gcc_LP64.py:8571: Warning: exception TypeConfigurationError('direction not given',) in wrapper <pybindgen.cppmethod.CppConstructor object at 0x4508f10>
  cls.add_constructor([param('uint8_t const *', 'buffer'), param('uint32_t', 'size'), param('bool', 'magic')])
/home/lena/ns-allinone-3.19/ns-3.19/src/mesh/bindings/modulegen__gcc_LP64.py:8573: Warning: exception TypeConfigurationError('direction not given',) in wrapper <pybindgen.cppmethod.CppConstructor object at 0x4508f50>
  cls.add_constructor([param('uint8_t const *', 'buffer'), param('uint32_t', 'size')])
/home/lena/ns-allinone-3.19/ns-3.19/src/mesh/bindings/modulegen__gcc_LP64.py:8614: Warning: exception TypeConfigurationError('direction not given',) in wrapper public: retval? ???::CopyData (params?) const;
  is_const=True)
/home/lena/ns-allinone-3.19/ns-3.19/src/mesh/bindings/modulegen__gcc_LP64.py:8619: Warning: exception TypeLookupError(['std::ostream *'],) in wrapper public: retval? ???::CopyData (params?) const;
  is_const=True)
/home/lena/ns-allinone-3.19/ns-3.19/src/mesh/bindings/modulegen__gcc_LP64.py:8674: Warning: exception TypeLookupError(['uint8_t *'],) in wrapper public: retval? ???::PeekData (params?) const;
  deprecated=True, is_const=True)
/home/lena/ns-allinone-3.19/ns-3.19/src/mesh/bindings/modulegen__gcc_LP64.py:8693: Warning: exception TypeLookupError(['std::ostream &'],) in wrapper public: retval? ???::Print (params?) const;
  is_const=True)
/home/lena/ns-allinone-3.19/ns-3.19/src/mesh/bindings/modulegen__gcc_LP64.py:8698: Warning: exception TypeLookupError(['std::ostream &'],) in wrapper public: retval? ???::PrintByteTags (params?) const;
  is_const=True)
/home/lena/ns-allinone-3.19/ns-3.19/src/mesh/bindings/modulegen__gcc_LP64.py:8703: Warning: exception TypeLookupError(['std::ostream &'],) in wrapper public: retval? ???::PrintPacketTags (params?) const;
  is_const=True)
/home/lena/ns-allinone-3.19/ns-3.19/src/mesh/bindings/modulegen__gcc_LP64.py:8740: Warning: exception TypeConfigurationError('direction not given',) in wrapper public: retval? ???::Serialize (params?) const;
  is_const=True)
/home/lena/ns-allinone-3.19/ns-3.19/src/mesh/bindings/modulegen__gcc_LP64.py:9402: Warning: exception TypeLookupError(['ns3::Ptr< ns3::MacLow >', 'ns3::MacLow *'],) in wrapper public: retval? ???::SetLow (params?);
  [param('ns3::Ptr< ns3::MacLow >', 'low')])
/home/lena/ns-allinone-3.19/ns-3.19/src/mesh/bindings/modulegen__gcc_LP64.py:9406: Warning: exception TypeLookupError(['ns3::DcfManager *'],) in wrapper public: retval? ???::SetManager (params?);
  [param('ns3::DcfManager *', 'manager')])
/home/lena/ns-allinone-3.19/ns-3.19/src/mesh/bindings/modulegen__gcc_LP64.py:9423: Warning: exception TypeLookupError(['ns3::Ptr< ns3::WifiMacQueue >', 'ns3::WifiMacQueue *'],) in wrapper public: retval? ???::GetQueue (params?) const;
  is_const=True)
/home/lena/ns-allinone-3.19/ns-3.19/src/mesh/bindings/modulegen__gcc_LP64.py:9498: Warning: exception TypeLookupError(['ns3::Ptr< ns3::MeshPointDevice >'],) in wrapper public: virtual retval? ???::Report (params?);
  is_virtual=True)
/home/lena/ns-allinone-3.19/ns-3.19/src/mesh/bindings/modulegen__gcc_LP64.py:9503: Warning: exception TypeLookupError(['ns3::Ptr< ns3::MeshPointDevice >'],) in wrapper public: virtual retval? ???::ResetStats (params?);
  is_virtual=True)
/home/lena/ns-allinone-3.19/ns-3.19/src/mesh/bindings/modulegen__gcc_LP64.py:9530: Warning: exception TypeLookupError(['ns3::Ptr< ns3::MeshPointDevice >'],) in wrapper public: virtual retval? ???::Report (params?);
  is_virtual=True)
/home/lena/ns-allinone-3.19/ns-3.19/src/mesh/bindings/modulegen__gcc_LP64.py:9535: Warning: exception TypeLookupError(['ns3::Ptr< ns3::MeshPointDevice >'],) in wrapper public: virtual retval? ???::ResetStats (params?);
  is_virtual=True)
/home/lena/ns-allinone-3.19/ns-3.19/src/mesh/bindings/modulegen__gcc_LP64.py:9656: Warning: exception TypeLookupError(['std::ostream &'],) in wrapper public: retval? ???::Report (params?) const;
  is_const=True)
/home/lena/ns-allinone-3.19/ns-3.19/src/mesh/bindings/modulegen__gcc_LP64.py:9786: Warning: exception TypeLookupError(['std::ostream &'],) in wrapper public: retval? ???::Report (params?) const;
  is_const=True)
/home/lena/ns-allinone-3.19/ns-3.19/src/mesh/bindings/modulegen__gcc_LP64.py:9898: Warning: exception TypeLookupError(['ns3::Hash::Hash32Function_ptr'],) in wrapper <pybindgen.cppmethod.CppConstructor object at 0x4b22150>
  cls.add_constructor([param('ns3::Hash::Hash32Function_ptr', 'hp')])
/home/lena/ns-allinone-3.19/ns-3.19/src/mesh/bindings/modulegen__gcc_LP64.py:9915: Warning: exception TypeLookupError(['ns3::Hash::Hash64Function_ptr'],) in wrapper <pybindgen.cppmethod.CppConstructor object at 0x4be9250>
  cls.add_constructor([param('ns3::Hash::Hash64Function_ptr', 'hp')])
/home/lena/ns-allinone-3.19/ns-3.19/src/mesh/bindings/modulegen__gcc_LP64.py:10077: Warning: exception TypeLookupError(['std::ostream &'],) in wrapper public: retval? ???::Report (params?) const;
  is_const=True)
/home/lena/ns-allinone-3.19/ns-3.19/src/mesh/bindings/modulegen__gcc_LP64.py:10090: Warning: exception TypeLookupError(['ns3::Callback< std::vector< ns3::Mac48Address >, unsigned int, ns3::empty, ns3::empty, ns3::empty, ns3::empty, ns3::empty, ns3::empty, ns3::empty, ns3::empty >'],) in wrapper public: retval? ???::SetNeighboursCallback (params?);
  [param('ns3::Callback< std::vector< ns3::Mac48Address >, unsigned int, ns3::empty, ns3::empty, ns3::empty, ns3::empty, ns3::empty, ns3::empty, ns3::empty, ns3::empty >', 'cb')])
/home/lena/ns-allinone-3.19/ns-3.19/src/mesh/bindings/modulegen__gcc_LP64.py:10154: Warning: exception TypeLookupError(['std::vector< std::pair< unsigned int, ns3::Mac48Address > >'],) in wrapper public: retval? ???::GetPrecursors (params?);
  [param('ns3::Mac48Address', 'destination')])
/home/lena/ns-allinone-3.19/ns-3.19/src/mesh/bindings/modulegen__gcc_LP64.py:10250: Warning: exception TypeLookupError(['std::ostream &'],) in wrapper public: virtual retval? ???::Print (params?) const;
  is_const=True, is_virtual=True)
/home/lena/ns-allinone-3.19/ns-3.19/src/mesh/bindings/modulegen__gcc_LP64.py:10335: Warning: exception TypeLookupError(['std::ostream &'],) in wrapper public: virtual retval? ???::Print (params?) const;
  is_const=True, is_virtual=True)
/home/lena/ns-allinone-3.19/ns-3.19/src/mesh/bindings/modulegen__gcc_LP64.py:10389: Warning: exception TypeLookupError(['std::ostream &'],) in wrapper public: virtual retval? ???::Print (params?) const;
  is_const=True, is_virtual=True)
/home/lena/ns-allinone-3.19/ns-3.19/src/mesh/bindings/modulegen__gcc_LP64.py:10444: Warning: exception TypeLookupError(['std::ostream &'],) in wrapper public: virtual retval? ???::Print (params?) const;
  is_const=True, is_virtual=True)
/home/lena/ns-allinone-3.19/ns-3.19/src/mesh/bindings/modulegen__gcc_LP64.py:10538: Warning: exception TypeLookupError(['std::ostream &'],) in wrapper public: virtual retval? ???::Print (params?) const;
  is_const=True, is_virtual=True)
/home/lena/ns-allinone-3.19/ns-3.19/src/mesh/bindings/modulegen__gcc_LP64.py:10597: Warning: exception TypeLookupError(['std::ostream &'],) in wrapper public: virtual retval? ???::Print (params?) const;
  is_const=True, is_virtual=True)
/home/lena/ns-allinone-3.19/ns-3.19/src/mesh/bindings/modulegen__gcc_LP64.py:10654: Warning: exception TypeLookupError(['std::ostream &'],) in wrapper public: virtual retval? ???::Print (params?) const;
  is_const=True, is_virtual=True)
/home/lena/ns-allinone-3.19/ns-3.19/src/mesh/bindings/modulegen__gcc_LP64.py:10745: Warning: exception TypeLookupError(['std::ostream &'],) in wrapper public: virtual retval? ???::Print (params?) const;
  is_const=True, is_virtual=True)
/home/lena/ns-allinone-3.19/ns-3.19/src/mesh/bindings/modulegen__gcc_LP64.py:10898: Warning: exception TypeLookupError(['std::ostream &'],) in wrapper public: virtual retval? ???::Print (params?) const;
  is_const=True, is_virtual=True)
/home/lena/ns-allinone-3.19/ns-3.19/src/mesh/bindings/modulegen__gcc_LP64.py:11004: Warning: exception TypeLookupError(['std::ostream &'],) in wrapper public: virtual retval? ???::Print (params?) const;
  is_const=True, is_virtual=True)
/home/lena/ns-allinone-3.19/ns-3.19/src/mesh/bindings/modulegen__gcc_LP64.py:11096: Warning: exception TypeLookupError(['std::ostream &'],) in wrapper public: virtual retval? ???::Print (params?) const;
  is_const=True, is_virtual=True)
/home/lena/ns-allinone-3.19/ns-3.19/src/mesh/bindings/modulegen__gcc_LP64.py:11148: Warning: exception TypeLookupError(['ns3::Callback< void, unsigned int, ns3::Mac48Address, bool, ns3::empty, ns3::empty, ns3::empty, ns3::empty, ns3::empty, ns3::empty >'],) in wrapper public: retval? ???::SetLinkStatusCallback (params?);
  [param('ns3::Callback< void, unsigned int, ns3::Mac48Address, bool, ns3::empty, ns3::empty, ns3::empty, ns3::empty, ns3::empty, ns3::empty >', 'cb')])
/home/lena/ns-allinone-3.19/ns-3.19/src/mesh/bindings/modulegen__gcc_LP64.py:11231: Warning: exception TypeLookupError(['std::ostream &'],) in wrapper public: retval? ???::Report (params?) const;
  is_const=True)
/home/lena/ns-allinone-3.19/ns-3.19/src/mesh/bindings/modulegen__gcc_LP64.py:11267: Warning: exception TypeLookupError(['std::ostream &'],) in wrapper public: virtual retval? ???::Print (params?) const;
  is_const=True, is_virtual=True)
/home/lena/ns-allinone-3.19/ns-3.19/src/mesh/bindings/modulegen__gcc_LP64.py:11387: Warning: exception TypeLookupError(['std::ostream &'],) in wrapper public: retval? ???::Report (params?) const;
  is_const=True)
/home/lena/ns-allinone-3.19/ns-3.19/src/mesh/bindings/modulegen__gcc_LP64.py:11478: Warning: exception TypeLookupError(['std::ostream &'],) in wrapper public: virtual retval? ???::Print (params?) const;
  is_const=True, is_virtual=True)
/home/lena/ns-allinone-3.19/ns-3.19/src/mesh/bindings/modulegen__gcc_LP64.py:11532: Warning: exception TypeLookupError(['std::ostream &'],) in wrapper public: retval? ???::Report (params?) const;
  is_const=True)
/home/lena/ns-allinone-3.19/ns-3.19/src/mesh/bindings/modulegen__gcc_LP64.py:11568: Warning: exception TypeLookupError(['std::ostream &'],) in wrapper public: retval? ???::Report (params?) const;
  is_const=True)
/home/lena/ns-allinone-3.19/ns-3.19/src/mesh/bindings/modulegen__gcc_LP64.py:11667: Warning: exception TypeLookupError(['std::ostream &'],) in wrapper public: virtual retval? ???::Print (params?) const;
  is_const=True, is_virtual=True)
/home/lena/ns-allinone-3.19/ns-3.19/src/mesh/bindings/modulegen__gcc_LP64.py:8182: Warning: exception NotSupportedError('Reverse wrappers for ns3::Callback<...> types (python using callbacks defined in C++) not implemented.',) in wrapper public: virtual bool ns3::MeshL2RoutingProtocol::RequestRoute (uint32_t sourceIface, ns3::Mac48Address const source, ns3::Mac48Address const destination, ns3::Ptr< ns3::Packet const > packet, uint16_t protocolType, ns3::Callback< void, bool, ns3::Ptr< ns3::Packet >, ns3::Mac48Address, ns3::Mac48Address, unsigned short, unsigned int, ns3::empty, ns3::empty, ns3::empty > routeReply) = 0;
  is_pure_virtual=True, is_virtual=True)
/home/lena/ns-allinone-3.19/ns-3.19/src/mesh/bindings/modulegen__gcc_LP64.py:9551: Warning: exception NotSupportedError('Reverse wrappers for ns3::Callback<...> types (python using callbacks defined in C++) not implemented.',) in wrapper public: virtual void ns3::MeshPointDevice::AddLinkChangeCallback (ns3::Callback< void, ns3::empty, ns3::empty, ns3::empty, ns3::empty, ns3::empty, ns3::empty, ns3::empty, ns3::empty, ns3::empty > callback);
  is_virtual=True)
/home/lena/ns-allinone-3.19/pybindgen-0.16.0.834/pybindgen/cppclass_typehandlers.py:1098: UserWarning: Returning shared pointers is dangerous!  The C++ API should be redesigned to avoid this situation.
  warnings.warn("Returning shared pointers is dangerous!"
/home/lena/ns-allinone-3.19/ns-3.19/src/mesh/bindings/modulegen__gcc_LP64.py:9695: Warning: exception NotSupportedError('Reverse wrappers for ns3::Callback<...> types (python using callbacks defined in C++) not implemented.',) in wrapper public: virtual void ns3::MeshPointDevice::SetPromiscReceiveCallback (ns3::Callback< bool, ns3::Ptr< ns3::NetDevice >, ns3::Ptr< ns3::Packet const >, unsigned short, ns3::Address const &, ns3::Address const &, ns3::NetDevice::PacketType, ns3::empty, ns3::empty, ns3::empty > cb);
  is_virtual=True)
/home/lena/ns-allinone-3.19/ns-3.19/src/mesh/bindings/modulegen__gcc_LP64.py:9700: Warning: exception NotSupportedError('Reverse wrappers for ns3::Callback<...> types (python using callbacks defined in C++) not implemented.',) in wrapper public: virtual void ns3::MeshPointDevice::SetReceiveCallback (ns3::Callback< bool, ns3::Ptr< ns3::NetDevice >, ns3::Ptr< ns3::Packet const >, unsigned short, ns3::Address const &, ns3::empty, ns3::empty, ns3::empty, ns3::empty, ns3::empty > cb);
  is_virtual=True)
/home/lena/ns-allinone-3.19/ns-3.19/src/mesh/bindings/modulegen__gcc_LP64.py:9811: Warning: exception NotSupportedError('Reverse wrappers for ns3::Callback<...> types (python using callbacks defined in C++) not implemented.',) in wrapper public: virtual void ns3::MeshWifiInterfaceMac::SetLinkUpCallback (ns3::Callback< void, ns3::empty, ns3::empty, ns3::empty, ns3::empty, ns3::empty, ns3::empty, ns3::empty, ns3::empty, ns3::empty > linkUp);
  is_virtual=True)
bindings/python/ns3modulegen-modular.py:27: UserWarning: exception NotSupportedError('Reverse wrappers for ns3::Callback<...> types (python using callbacks defined in C++) not implemented.',) in wrapper public: virtual void ns3::RegularWifiMac::SetForwardUpCallback (ns3::Callback< void, ns3::Ptr< ns3::Packet >, ns3::Mac48Address, ns3::Mac48Address, ns3::empty, ns3::empty, ns3::empty, ns3::empty, ns3::empty, ns3::empty > upCallback);
  warnings.warn("exception %r in wrapper %s" % (exception, wrapper))
bindings/python/ns3modulegen-modular.py:27: UserWarning: exception NotSupportedError('Reverse wrappers for ns3::Callback<...> types (python using callbacks defined in C++) not implemented.',) in wrapper public: virtual void ns3::RegularWifiMac::SetLinkDownCallback (ns3::Callback< void, ns3::empty, ns3::empty, ns3::empty, ns3::empty, ns3::empty, ns3::empty, ns3::empty, ns3::empty, ns3::empty > linkDown);
  warnings.warn("exception %r in wrapper %s" % (exception, wrapper))
/home/lena/ns-allinone-3.19/ns-3.19/src/mesh/bindings/modulegen__gcc_LP64.py:10082: Warning: exception NotSupportedError('Reverse wrappers for ns3::Callback<...> types (python using callbacks defined in C++) not implemented.',) in wrapper public: virtual bool ns3::dot11s::HwmpProtocol::RequestRoute (uint32_t sourceIface, ns3::Mac48Address const source, ns3::Mac48Address const destination, ns3::Ptr< ns3::Packet const > packet, uint16_t protocolType, ns3::Callback< void, bool, ns3::Ptr< ns3::Packet >, ns3::Mac48Address, ns3::Mac48Address, unsigned short, unsigned int, ns3::empty, ns3::empty, ns3::empty > routeReply);
  is_virtual=True)
/home/lena/ns-allinone-3.19/ns-3.19/src/mesh/bindings/modulegen__gcc_LP64.py:11537: Warning: exception NotSupportedError('Reverse wrappers for ns3::Callback<...> types (python using callbacks defined in C++) not implemented.',) in wrapper public: virtual bool ns3::flame::FlameProtocol::RequestRoute (uint32_t sourceIface, ns3::Mac48Address const source, ns3::Mac48Address const destination, ns3::Ptr< ns3::Packet const > packet, uint16_t protocolType, ns3::Callback< void, bool, ns3::Ptr< ns3::Packet >, ns3::Mac48Address, ns3::Mac48Address, unsigned short, unsigned int, ns3::empty, ns3::empty, ns3::empty > routeReply);
  is_virtual=True)
/home/lena/ns-allinone-3.19/ns-3.19/src/mesh/bindings/modulegen__gcc_LP64.py:761: Warning: exception NotSupportedError('Reverse wrappers for ns3::Callback<...> types (python using callbacks defined in C++) not implemented.',) in wrapper public: virtual bool ns3::dot11s::HwmpProtocol::RequestRoute (uint32_t sourceIface, ns3::Mac48Address const source, ns3::Mac48Address const destination, ns3::Ptr< ns3::Packet const > packet, uint16_t protocolType, ns3::Callback< void, bool, ns3::Ptr< ns3::Packet >, ns3::Mac48Address, ns3::Mac48Address, unsigned short, unsigned int, ns3::empty, ns3::empty, ns3::empty > routeReply);
  register_Ns3Dot11sHwmpProtocol_methods(root_module, root_module['ns3::dot11s::HwmpProtocol'])
bindings/python/ns3modulegen-modular.py:27: UserWarning: exception CodeGenerationError('ns3::dot11s::IeMeshIdChecker cannot be constructed (have pure virtual methods but no helper class)',) in wrapper <pybindgen.CppClass 'ns3::dot11s::IeMeshIdChecker'>
  warnings.warn("exception %r in wrapper %s" % (exception, wrapper))
/home/lena/ns-allinone-3.19/ns-3.19/src/mesh/bindings/modulegen__gcc_LP64.py:784: Warning: exception NotSupportedError('Reverse wrappers for ns3::Callback<...> types (python using callbacks defined in C++) not implemented.',) in wrapper public: virtual bool ns3::flame::FlameProtocol::RequestRoute (uint32_t sourceIface, ns3::Mac48Address const source, ns3::Mac48Address const destination, ns3::Ptr< ns3::Packet const > packet, uint16_t protocolType, ns3::Callback< void, bool, ns3::Ptr< ns3::Packet >, ns3::Mac48Address, ns3::Mac48Address, unsigned short, unsigned int, ns3::empty, ns3::empty, ns3::empty > routeReply);
  register_Ns3FlameFlameProtocol_methods(root_module, root_module['ns3::flame::FlameProtocol'])
bindings/python/ns3modulegen-modular.py:27: UserWarning: exception CodeGenerationError('ns3::MeshL2RoutingProtocol cannot be constructed (have pure virtual methods but no helper class)',) in wrapper <pybindgen.CppClass 'ns3::MeshL2RoutingProtocol'>
  warnings.warn("exception %r in wrapper %s" % (exception, wrapper))
bindings/python/ns3modulegen-modular.py:27: UserWarning: exception CodeGenerationError('ns3::MeshStack cannot be constructed (have pure virtual methods but no helper class)',) in wrapper <pybindgen.CppClass 'ns3::MeshStack'>
  warnings.warn("exception %r in wrapper %s" % (exception, wrapper))
bindings/python/ns3modulegen-modular.py:27: UserWarning: exception CodeGenerationError('ns3::MeshWifiInterfaceMacPlugin cannot be constructed (have pure virtual methods but no helper class)',) in wrapper <pybindgen.CppClass 'ns3::MeshWifiInterfaceMacPlugin'>
  warnings.warn("exception %r in wrapper %s" % (exception, wrapper))
/home/lena/ns-allinone-3.19/ns-3.19/src/mesh/bindings/modulegen__gcc_LP64.py:752: Warning: exception NotSupportedError('Reverse wrappers for ns3::Callback<...> types (python using callbacks defined in C++) not implemented.',) in wrapper public: virtual void ns3::MeshPointDevice::AddLinkChangeCallback (ns3::Callback< void, ns3::empty, ns3::empty, ns3::empty, ns3::empty, ns3::empty, ns3::empty, ns3::empty, ns3::empty, ns3::empty > callback);
  register_Ns3MeshPointDevice_methods(root_module, root_module['ns3::MeshPointDevice'])
/home/lena/ns-allinone-3.19/ns-3.19/src/mesh/bindings/modulegen__gcc_LP64.py:752: Warning: exception NotSupportedError('Reverse wrappers for ns3::Callback<...> types (python using callbacks defined in C++) not implemented.',) in wrapper public: virtual void ns3::MeshPointDevice::SetPromiscReceiveCallback (ns3::Callback< bool, ns3::Ptr< ns3::NetDevice >, ns3::Ptr< ns3::Packet const >, unsigned short, ns3::Address const &, ns3::Address const &, ns3::NetDevice::PacketType, ns3::empty, ns3::empty, ns3::empty > cb);
  register_Ns3MeshPointDevice_methods(root_module, root_module['ns3::MeshPointDevice'])
/home/lena/ns-allinone-3.19/ns-3.19/src/mesh/bindings/modulegen__gcc_LP64.py:752: Warning: exception NotSupportedError('Reverse wrappers for ns3::Callback<...> types (python using callbacks defined in C++) not implemented.',) in wrapper public: virtual void ns3::MeshPointDevice::SetReceiveCallback (ns3::Callback< bool, ns3::Ptr< ns3::NetDevice >, ns3::Ptr< ns3::Packet const >, unsigned short, ns3::Address const &, ns3::empty, ns3::empty, ns3::empty, ns3::empty, ns3::empty > cb);
  register_Ns3MeshPointDevice_methods(root_module, root_module['ns3::MeshPointDevice'])
/home/lena/ns-allinone-3.19/ns-3.19/src/mesh/bindings/modulegen__gcc_LP64.py:753: Warning: exception NotSupportedError('Reverse wrappers for ns3::Callback<...> types (python using callbacks defined in C++) not implemented.',) in wrapper public: virtual void ns3::MeshWifiInterfaceMac::SetLinkUpCallback (ns3::Callback< void, ns3::empty, ns3::empty, ns3::empty, ns3::empty, ns3::empty, ns3::empty, ns3::empty, ns3::empty, ns3::empty > linkUp);
  register_Ns3MeshWifiInterfaceMac_methods(root_module, root_module['ns3::MeshWifiInterfaceMac'])
