>>>>>>>>>>>>>>>> [['void', 'ns3::Ptr<ns3::Packet const>', 'ns3::Ipv4Header const&', 'ns3::Socket::SocketErrno', 'ns3::empty', 'ns3::empty', 'ns3::empty', 'ns3::empty', 'ns3::empty', 'ns3::empty'], ['void', 'ns3::Ptr<ns3::Ipv4Route>', 'ns3::Ptr<ns3::Packet const>', 'ns3::Ipv4Header const&', 'ns3::empty', 'ns3::empty', 'ns3::empty', 'ns3::empty', 'ns3::empty', 'ns3::empty'], ['void', 'ns3::WifiMacHeader const&', 'ns3::empty', 'ns3::empty', 'ns3::empty', 'ns3::empty', 'ns3::empty', 'ns3::empty', 'ns3::empty', 'ns3::empty'], ['void', 'ns3::Ipv4Address', 'ns3::empty', 'ns3::empty', 'ns3::empty', 'ns3::empty', 'ns3::empty', 'ns3::empty', 'ns3::empty', 'ns3::empty'], ['void', 'ns3::Ptr<ns3::ArpCache const>', 'ns3::Ipv4Address', 'ns3::empty', 'ns3::empty', 'ns3::empty', 'ns3::empty', 'ns3::empty', 'ns3::empty', 'ns3::empty'], ['void', 'ns3::Ptr<ns3::Socket>', 'ns3::empty', 'ns3::empty', 'ns3::empty', 'ns3::empty', 'ns3::empty', 'ns3::empty', 'ns3::empty', 'ns3::empty'], ['void', 'ns3::Ptr<ns3::Socket>', 'unsigned int', 'ns3::empty', 'ns3::empty', 'ns3::empty', 'ns3::empty', 'ns3::empty', 'ns3::empty', 'ns3::empty'], ['void', 'ns3::Ptr<ns3::Socket>', 'ns3::Address const&', 'ns3::empty', 'ns3::empty', 'ns3::empty', 'ns3::empty', 'ns3::empty', 'ns3::empty', 'ns3::empty'], ['bool', 'ns3::Ptr<ns3::Socket>', 'ns3::Address const&', 'ns3::empty', 'ns3::empty', 'ns3::empty', 'ns3::empty', 'ns3::empty', 'ns3::empty', 'ns3::empty'], ['void', 'ns3::Ptr<ns3::NetDevice>', 'ns3::Ptr<ns3::Packet const>', 'unsigned short', 'ns3::Address const&', 'ns3::Address const&', 'ns3::NetDevice::PacketType', 'ns3::empty', 'ns3::empty', 'ns3::empty']]
/home/lena/ns-allinone-3.19/ns-3.19/bindings/python/ns3modulegen_core_customizations.py:70: DeprecationWarning: Typo: set_tranformation -> set_transformation
  handler.set_tranformation(self, orig_ctype)
/home/lena/ns-allinone-3.19/pybindgen-0.16.0.834/pybindgen/typehandlers/base.py:1059: DeprecationWarning: is_const is deprecated, put a 'const' in the C type instead.
  warnings.warn("is_const is deprecated, put a 'const' in the C type instead.", DeprecationWarning)
***** registering callback handler: 'ns3::Callback< void, ns3::Ptr< ns3::Packet const >, ns3::Ipv4Header const &, ns3::Socket::SocketErrno, ns3::empty, ns3::empty, ns3::empty, ns3::empty, ns3::empty, ns3::empty >'
***** registering callback handler: 'ns3::Callback< void, ns3::Ptr< ns3::Ipv4Route >, ns3::Ptr< ns3::Packet const >, ns3::Ipv4Header const &, ns3::empty, ns3::empty, ns3::empty, ns3::empty, ns3::empty, ns3::empty >'
***** registering callback handler: 'ns3::Callback< void, ns3::WifiMacHeader const &, ns3::empty, ns3::empty, ns3::empty, ns3::empty, ns3::empty, ns3::empty, ns3::empty, ns3::empty >'
***** registering callback handler: 'ns3::Callback< void, ns3::Ipv4Address, ns3::empty, ns3::empty, ns3::empty, ns3::empty, ns3::empty, ns3::empty, ns3::empty, ns3::empty >'
***** registering callback handler: 'ns3::Callback< void, ns3::Ptr< ns3::ArpCache const >, ns3::Ipv4Address, ns3::empty, ns3::empty, ns3::empty, ns3::empty, ns3::empty, ns3::empty, ns3::empty >'
***** registering callback handler: 'ns3::Callback< void, ns3::Ptr< ns3::Socket >, ns3::empty, ns3::empty, ns3::empty, ns3::empty, ns3::empty, ns3::empty, ns3::empty, ns3::empty >'
***** registering callback handler: 'ns3::Callback< void, ns3::Ptr< ns3::Socket >, unsigned int, ns3::empty, ns3::empty, ns3::empty, ns3::empty, ns3::empty, ns3::empty, ns3::empty >'
***** registering callback handler: 'ns3::Callback< void, ns3::Ptr< ns3::Socket >, ns3::Address const &, ns3::empty, ns3::empty, ns3::empty, ns3::empty, ns3::empty, ns3::empty, ns3::empty >'
***** registering callback handler: 'ns3::Callback< bool, ns3::Ptr< ns3::Socket >, ns3::Address const &, ns3::empty, ns3::empty, ns3::empty, ns3::empty, ns3::empty, ns3::empty, ns3::empty >'
***** registering callback handler: 'ns3::Callback< void, ns3::Ptr< ns3::NetDevice >, ns3::Ptr< ns3::Packet const >, unsigned short, ns3::Address const &, ns3::Address const &, ns3::NetDevice::PacketType, ns3::empty, ns3::empty, ns3::empty >'
/home/lena/ns-allinone-3.19/ns-3.19/src/aodv/bindings/modulegen__gcc_LP64.py:637: Warning: exception TypeConfigurationError('direction not given',) in wrapper <pybindgen.cppmethod.CppConstructor object at 0x2aaea50>
  cls.add_constructor([param('uint8_t', 'type'), param('uint8_t const *', 'buffer'), param('uint8_t', 'len')])
/home/lena/ns-allinone-3.19/ns-3.19/src/aodv/bindings/modulegen__gcc_LP64.py:648: Warning: exception TypeConfigurationError('direction not given',) in wrapper public: retval? ???::CopyAllFrom (params?);
  [param('uint8_t const *', 'buffer'), param('uint8_t', 'len')])
/home/lena/ns-allinone-3.19/ns-3.19/src/aodv/bindings/modulegen__gcc_LP64.py:653: Warning: exception TypeConfigurationError('direction not given',) in wrapper public: retval? ???::CopyAllTo (params?) const;
  is_const=True)
/home/lena/ns-allinone-3.19/ns-3.19/src/aodv/bindings/modulegen__gcc_LP64.py:657: Warning: exception TypeConfigurationError('direction not given',) in wrapper public: retval? ???::CopyFrom (params?);
  [param('uint8_t const *', 'buffer'), param('uint8_t', 'len')])
/home/lena/ns-allinone-3.19/ns-3.19/src/aodv/bindings/modulegen__gcc_LP64.py:662: Warning: exception TypeConfigurationError('direction not given',) in wrapper public: retval? ???::CopyTo (params?) const;
  is_const=True)
/home/lena/ns-allinone-3.19/ns-3.19/src/aodv/bindings/modulegen__gcc_LP64.py:712: Warning: exception TypeLookupError(['std::_List_const_iterator< ns3::AttributeConstructionList::Item >'],) in wrapper public: retval? ???::Begin (params?) const;
  is_const=True)
/home/lena/ns-allinone-3.19/ns-3.19/src/aodv/bindings/modulegen__gcc_LP64.py:717: Warning: exception TypeLookupError(['std::_List_const_iterator< ns3::AttributeConstructionList::Item >'],) in wrapper public: retval? ???::End (params?) const;
  is_const=True)
/home/lena/ns-allinone-3.19/ns-3.19/src/aodv/bindings/modulegen__gcc_LP64.py:768: Warning: exception TypeLookupError(['std::ostream *'],) in wrapper public: retval? ???::CopyData (params?) const;
  is_const=True)
/home/lena/ns-allinone-3.19/ns-3.19/src/aodv/bindings/modulegen__gcc_LP64.py:773: Warning: exception TypeConfigurationError('direction not given',) in wrapper public: retval? ???::CopyData (params?) const;
  is_const=True)
/home/lena/ns-allinone-3.19/ns-3.19/src/aodv/bindings/modulegen__gcc_LP64.py:787: Warning: exception TypeConfigurationError('direction not given',) in wrapper public: retval? ???::Deserialize (params?);
  [param('uint8_t const *', 'buffer'), param('uint32_t', 'size')])
/home/lena/ns-allinone-3.19/ns-3.19/src/aodv/bindings/modulegen__gcc_LP64.py:817: Warning: exception TypeLookupError(['uint8_t *'],) in wrapper public: retval? ???::PeekData (params?) const;
  is_const=True)
/home/lena/ns-allinone-3.19/ns-3.19/src/aodv/bindings/modulegen__gcc_LP64.py:830: Warning: exception TypeConfigurationError('direction not given',) in wrapper public: retval? ???::Serialize (params?) const;
  is_const=True)
/home/lena/ns-allinone-3.19/ns-3.19/src/aodv/bindings/modulegen__gcc_LP64.py:885: Warning: exception TypeConfigurationError('direction not given',) in wrapper public: retval? ???::Read (params?);
  [param('uint8_t *', 'buffer'), param('uint32_t', 'size')])
/home/lena/ns-allinone-3.19/ns-3.19/src/aodv/bindings/modulegen__gcc_LP64.py:929: Warning: exception TypeConfigurationError('direction not given',) in wrapper public: retval? ???::Write (params?);
  [param('uint8_t const *', 'buffer'), param('uint32_t', 'size')])
/home/lena/ns-allinone-3.19/ns-3.19/src/aodv/bindings/modulegen__gcc_LP64.py:1115: Warning: exception TypeLookupError(['ns3::Ptr< ns3::EventImpl > &'],) in wrapper <pybindgen.cppmethod.CppConstructor object at 0x2bbb990>
  cls.add_constructor([param('ns3::Ptr< ns3::EventImpl > const &', 'impl'), param('uint64_t', 'ts'), param('uint32_t', 'context'), param('uint32_t', 'uid')])
/home/lena/ns-allinone-3.19/ns-3.19/src/aodv/bindings/modulegen__gcc_LP64.py:1149: Warning: exception TypeConfigurationError('Either caller_owns_return or self.reference_existing_object must be given',) in wrapper public: retval? ???::PeekEventImpl (params?) const;
  is_const=True)
/home/lena/ns-allinone-3.19/ns-3.19/src/aodv/bindings/modulegen__gcc_LP64.py:1343: Warning: exception TypeConfigurationError('direction not given',) in wrapper public: retval? ???::Deserialize (params?);
  is_static=True)
/home/lena/ns-allinone-3.19/ns-3.19/src/aodv/bindings/modulegen__gcc_LP64.py:1408: Warning: exception TypeLookupError(['std::ostream &'],) in wrapper public: retval? ???::Print (params?) const;
  is_const=True)
/home/lena/ns-allinone-3.19/ns-3.19/src/aodv/bindings/modulegen__gcc_LP64.py:1413: Warning: exception TypeConfigurationError('direction not given',) in wrapper public: retval? ???::Serialize (params?) const;
  is_const=True)
/home/lena/ns-allinone-3.19/ns-3.19/src/aodv/bindings/modulegen__gcc_LP64.py:1541: Warning: exception TypeLookupError(['std::ostream &'],) in wrapper public: retval? ???::Print (params?) const;
  is_const=True)
/home/lena/ns-allinone-3.19/ns-3.19/src/aodv/bindings/modulegen__gcc_LP64.py:1557: Warning: exception TypeConfigurationError('Either caller_owns_return or self.reference_existing_object must be given',) in wrapper public: virtual retval? ???::Copy (params?) const = 0;
  is_pure_virtual=True, is_const=True, is_virtual=True)
/home/lena/ns-allinone-3.19/ns-3.19/src/aodv/bindings/modulegen__gcc_LP64.py:1595: Warning: exception TypeConfigurationError('direction not given',) in wrapper <pybindgen.cppmethod.CppConstructor object at 0x2dcb550>
  cls.add_constructor([param('uint8_t *', 'address')])
/home/lena/ns-allinone-3.19/ns-3.19/src/aodv/bindings/modulegen__gcc_LP64.py:1613: Warning: exception TypeConfigurationError('direction not given',) in wrapper public: retval? ???::Deserialize (params?);
  is_static=True)
/home/lena/ns-allinone-3.19/ns-3.19/src/aodv/bindings/modulegen__gcc_LP64.py:1638: Warning: exception TypeConfigurationError('direction not given',) in wrapper public: retval? ???::GetBytes (params?) const;
  is_const=True)
/home/lena/ns-allinone-3.19/ns-3.19/src/aodv/bindings/modulegen__gcc_LP64.py:1728: Warning: exception TypeLookupError(['ns3::Mac16Address'],) in wrapper public: retval? ???::MakeAutoconfiguredAddress (params?);
  is_static=True)
/home/lena/ns-allinone-3.19/ns-3.19/src/aodv/bindings/modulegen__gcc_LP64.py:1738: Warning: exception TypeLookupError(['ns3::Mac64Address'],) in wrapper public: retval? ???::MakeAutoconfiguredAddress (params?);
  is_static=True)
/home/lena/ns-allinone-3.19/ns-3.19/src/aodv/bindings/modulegen__gcc_LP64.py:1743: Warning: exception TypeLookupError(['ns3::Mac16Address'],) in wrapper public: retval? ???::MakeAutoconfiguredLinkLocalAddress (params?);
  is_static=True)
/home/lena/ns-allinone-3.19/ns-3.19/src/aodv/bindings/modulegen__gcc_LP64.py:1753: Warning: exception TypeLookupError(['ns3::Mac64Address'],) in wrapper public: retval? ???::MakeAutoconfiguredLinkLocalAddress (params?);
  is_static=True)
/home/lena/ns-allinone-3.19/ns-3.19/src/aodv/bindings/modulegen__gcc_LP64.py:1768: Warning: exception TypeLookupError(['std::ostream &'],) in wrapper public: retval? ???::Print (params?) const;
  is_const=True)
/home/lena/ns-allinone-3.19/ns-3.19/src/aodv/bindings/modulegen__gcc_LP64.py:1773: Warning: exception TypeConfigurationError('direction not given',) in wrapper public: retval? ???::Serialize (params?) const;
  is_const=True)
/home/lena/ns-allinone-3.19/ns-3.19/src/aodv/bindings/modulegen__gcc_LP64.py:1781: Warning: exception TypeConfigurationError('direction not given',) in wrapper public: retval? ???::Set (params?);
  [param('uint8_t *', 'address')])
/home/lena/ns-allinone-3.19/ns-3.19/src/aodv/bindings/modulegen__gcc_LP64.py:1846: Warning: exception TypeConfigurationError('direction not given',) in wrapper <pybindgen.cppmethod.CppConstructor object at 0x2ed5350>
  cls.add_constructor([param('uint8_t *', 'prefix')])
/home/lena/ns-allinone-3.19/ns-3.19/src/aodv/bindings/modulegen__gcc_LP64.py:1859: Warning: exception TypeConfigurationError('direction not given',) in wrapper public: retval? ???::GetBytes (params?) const;
  is_const=True)
/home/lena/ns-allinone-3.19/ns-3.19/src/aodv/bindings/modulegen__gcc_LP64.py:1894: Warning: exception TypeLookupError(['std::ostream &'],) in wrapper public: retval? ???::Print (params?) const;
  is_const=True)
/home/lena/ns-allinone-3.19/ns-3.19/src/aodv/bindings/modulegen__gcc_LP64.py:1921: Warning: exception TypeConfigurationError('direction not given',) in wrapper public: retval? ???::CopyFrom (params?);
  [param('uint8_t const *', 'buffer')])
/home/lena/ns-allinone-3.19/ns-3.19/src/aodv/bindings/modulegen__gcc_LP64.py:1926: Warning: exception TypeConfigurationError('direction not given',) in wrapper public: retval? ???::CopyTo (params?) const;
  is_const=True)
/home/lena/ns-allinone-3.19/ns-3.19/src/aodv/bindings/modulegen__gcc_LP64.py:2002: Warning: exception TypeLookupError(['__gnu_cxx::__normal_iterator< ns3::Ptr< ns3::Node > const, std::vector< ns3::Ptr< ns3::Node > > >'],) in wrapper public: retval? ???::Begin (params?) const;
  is_const=True)
/home/lena/ns-allinone-3.19/ns-3.19/src/aodv/bindings/modulegen__gcc_LP64.py:2015: Warning: exception TypeLookupError(['__gnu_cxx::__normal_iterator< ns3::Ptr< ns3::Node > const, std::vector< ns3::Ptr< ns3::Node > > >'],) in wrapper public: retval? ???::End (params?) const;
  is_const=True)
/home/lena/ns-allinone-3.19/pybindgen-0.16.0.834/pybindgen/settings.py:84: DeprecationWarning: The option pybindgen.settings.deprecated_virtuals has not been set.  I am going to assume the value of False, change it to True if it breaks your APIs. The option will eventually disappear (the deprecated behaviour will eventually disappear).
  DeprecationWarning)
/home/lena/ns-allinone-3.19/ns-3.19/src/aodv/bindings/modulegen__gcc_LP64.py:2103: Warning: exception TypeConfigurationError('Missing transfer_ownership option',) in wrapper public: retval? ???::Delete (params?);
  is_static=True)
/home/lena/ns-allinone-3.19/ns-3.19/src/aodv/bindings/modulegen__gcc_LP64.py:2176: Warning: exception TypeConfigurationError('direction not given',) in wrapper public: retval? ???::Deserialize (params?);
  [param('uint8_t const *', 'buffer'), param('uint32_t', 'size')])
/home/lena/ns-allinone-3.19/ns-3.19/src/aodv/bindings/modulegen__gcc_LP64.py:2217: Warning: exception TypeConfigurationError('direction not given',) in wrapper public: retval? ???::Serialize (params?) const;
  is_const=True)
bindings/python/ns3modulegen-modular.py:27: UserWarning: exception TypeLookupError(['uint8_t [ 20 ]'],) in wrapper None
  warnings.warn("exception %r in wrapper %s" % (exception, wrapper))
bindings/python/ns3modulegen-modular.py:27: UserWarning: exception TypeConfigurationError('Either caller_owns_return or self.reference_existing_object must be given',) in wrapper None
  warnings.warn("exception %r in wrapper %s" % (exception, wrapper))
/home/lena/ns-allinone-3.19/ns-3.19/src/aodv/bindings/modulegen__gcc_LP64.py:2372: Warning: exception TypeLookupError(['ns3::Ptr< ns3::SimulatorImpl >', 'ns3::SimulatorImpl *'],) in wrapper public: retval? ???::GetImplementation (params?);
  is_static=True)
/home/lena/ns-allinone-3.19/ns-3.19/src/aodv/bindings/modulegen__gcc_LP64.py:2407: Warning: exception TypeLookupError(['ns3::Ptr< ns3::SimulatorImpl >', 'ns3::SimulatorImpl *'],) in wrapper public: retval? ???::SetImplementation (params?);
  is_static=True)
/home/lena/ns-allinone-3.19/ns-3.19/src/aodv/bindings/modulegen__gcc_LP64.py:2449: Warning: exception TypeLookupError(['std::ostream &'],) in wrapper public: virtual retval? ???::Print (params?) const = 0;
  is_pure_virtual=True, is_const=True, is_virtual=True)
/home/lena/ns-allinone-3.19/ns-3.19/src/aodv/bindings/modulegen__gcc_LP64.py:2461: Warning: exception TypeConfigurationError('direction not given',) in wrapper <pybindgen.cppmethod.CppConstructor object at 0x310d8d0>
  cls.add_constructor([param('uint8_t *', 'start'), param('uint8_t *', 'end')])
/home/lena/ns-allinone-3.19/ns-3.19/src/aodv/bindings/modulegen__gcc_LP64.py:2469: Warning: exception TypeConfigurationError('direction not given',) in wrapper public: retval? ???::Read (params?);
  [param('uint8_t *', 'buffer'), param('uint32_t', 'size')])
/home/lena/ns-allinone-3.19/ns-3.19/src/aodv/bindings/modulegen__gcc_LP64.py:2497: Warning: exception TypeConfigurationError('direction not given',) in wrapper public: retval? ???::Write (params?);
  [param('uint8_t const *', 'buffer'), param('uint32_t', 'size')])
/home/lena/ns-allinone-3.19/ns-3.19/src/aodv/bindings/modulegen__gcc_LP64.py:2646: Warning: exception TypeLookupError(['ns3::Callback< ns3::ObjectBase *, ns3::empty, ns3::empty, ns3::empty, ns3::empty, ns3::empty, ns3::empty, ns3::empty, ns3::empty, ns3::empty >'],) in wrapper public: retval? ???::GetConstructor (params?) const;
  is_const=True)
/home/lena/ns-allinone-3.19/ns-3.19/src/aodv/bindings/modulegen__gcc_LP64.py:2725: Warning: exception TypeConfigurationError('Missing transfer_ownership option',) in wrapper public: retval? ???::LookupByHashFailSafe (params?);
  is_static=True)
bindings/python/ns3modulegen-modular.py:27: UserWarning: exception TypeLookupError(['short unsigned int'],) in wrapper None
  warnings.warn("exception %r in wrapper %s" % (exception, wrapper))
/home/lena/ns-allinone-3.19/ns-3.19/src/aodv/bindings/modulegen__gcc_LP64.py:2920: Warning: exception TypeConfigurationError('Either caller_owns_return or self.reference_existing_object must be given',) in wrapper public: virtual retval? ???::Copy (params?) const;
  is_const=True, is_virtual=True)
/home/lena/ns-allinone-3.19/ns-3.19/src/aodv/bindings/modulegen__gcc_LP64.py:2951: Warning: exception TypeLookupError(['std::ostream &'],) in wrapper public: virtual retval? ???::Print (params?) const = 0;
  is_pure_virtual=True, is_const=True, is_virtual=True)
/home/lena/ns-allinone-3.19/ns-3.19/src/aodv/bindings/modulegen__gcc_LP64.py:2979: Warning: exception TypeLookupError(['std::ostream &'],) in wrapper public: virtual retval? ???::Print (params?) const = 0;
  is_pure_virtual=True, is_const=True, is_virtual=True)
/home/lena/ns-allinone-3.19/ns-3.19/src/aodv/bindings/modulegen__gcc_LP64.py:3095: Warning: exception TypeLookupError(['std::ostream &'],) in wrapper public: virtual retval? ???::Print (params?) const;
  is_const=True, is_virtual=True)
/home/lena/ns-allinone-3.19/ns-3.19/src/aodv/bindings/modulegen__gcc_LP64.py:3223: Warning: exception TypeLookupError(['std::ostream &'],) in wrapper public: virtual retval? ???::Print (params?) const;
  is_const=True, is_virtual=True)
/home/lena/ns-allinone-3.19/ns-3.19/src/aodv/bindings/modulegen__gcc_LP64.py:3365: Warning: exception TypeLookupError(['ns3::RngStream *'],) in wrapper protected: retval? ???::Peek (params?) const;
  is_const=True, visibility='protected')
/home/lena/ns-allinone-3.19/ns-3.19/src/aodv/bindings/modulegen__gcc_LP64.py:3698: Warning: exception TypeConfigurationError('direction not given',) in wrapper public: retval? ???::Recv (params?);
  [param('uint8_t *', 'buf'), param('uint32_t', 'size'), param('uint32_t', 'flags')])
/home/lena/ns-allinone-3.19/ns-3.19/src/aodv/bindings/modulegen__gcc_LP64.py:3711: Warning: exception TypeConfigurationError('direction not given',) in wrapper public: retval? ???::RecvFrom (params?);
  [param('uint8_t *', 'buf'), param('uint32_t', 'size'), param('uint32_t', 'flags'), param('ns3::Address &', 'fromAddress')])
/home/lena/ns-allinone-3.19/ns-3.19/src/aodv/bindings/modulegen__gcc_LP64.py:3724: Warning: exception TypeConfigurationError('direction not given',) in wrapper public: retval? ???::Send (params?);
  [param('uint8_t const *', 'buf'), param('uint32_t', 'size'), param('uint32_t', 'flags')])
/home/lena/ns-allinone-3.19/ns-3.19/src/aodv/bindings/modulegen__gcc_LP64.py:3733: Warning: exception TypeConfigurationError('direction not given',) in wrapper public: retval? ???::SendTo (params?);
  [param('uint8_t const *', 'buf'), param('uint32_t', 'size'), param('uint32_t', 'flags'), param('ns3::Address const &', 'address')])
/home/lena/ns-allinone-3.19/ns-3.19/src/aodv/bindings/modulegen__gcc_LP64.py:3917: Warning: exception TypeLookupError(['std::ostream &'],) in wrapper public: virtual retval? ???::Print (params?) const;
  is_const=True, is_virtual=True)
/home/lena/ns-allinone-3.19/ns-3.19/src/aodv/bindings/modulegen__gcc_LP64.py:3963: Warning: exception TypeLookupError(['std::ostream &'],) in wrapper public: virtual retval? ???::Print (params?) const;
  is_const=True, is_virtual=True)
/home/lena/ns-allinone-3.19/ns-3.19/src/aodv/bindings/modulegen__gcc_LP64.py:4009: Warning: exception TypeLookupError(['std::ostream &'],) in wrapper public: virtual retval? ???::Print (params?) const;
  is_const=True, is_virtual=True)
/home/lena/ns-allinone-3.19/ns-3.19/src/aodv/bindings/modulegen__gcc_LP64.py:4055: Warning: exception TypeLookupError(['std::ostream &'],) in wrapper public: virtual retval? ???::Print (params?) const;
  is_const=True, is_virtual=True)
/home/lena/ns-allinone-3.19/ns-3.19/src/aodv/bindings/modulegen__gcc_LP64.py:4101: Warning: exception TypeLookupError(['std::ostream &'],) in wrapper public: virtual retval? ???::Print (params?) const;
  is_const=True, is_virtual=True)
/home/lena/ns-allinone-3.19/ns-3.19/src/aodv/bindings/modulegen__gcc_LP64.py:4155: Warning: exception TypeLookupError(['std::ostream &'],) in wrapper public: virtual retval? ???::Print (params?) const;
  is_const=True, is_virtual=True)
/home/lena/ns-allinone-3.19/ns-3.19/src/aodv/bindings/modulegen__gcc_LP64.py:4406: Warning: exception TypeLookupError(['std::ostream &'],) in wrapper public: virtual retval? ???::Print (params?) const = 0;
  is_pure_virtual=True, is_const=True, is_virtual=True)
/home/lena/ns-allinone-3.19/ns-3.19/src/aodv/bindings/modulegen__gcc_LP64.py:4797: Warning: exception TypeLookupError(['std::ostream &'],) in wrapper public: virtual retval? ???::Print (params?) const;
  is_const=True, is_virtual=True)
/home/lena/ns-allinone-3.19/ns-3.19/src/aodv/bindings/modulegen__gcc_LP64.py:5042: Warning: exception TypeConfigurationError('Either caller_owns_return or self.reference_existing_object must be given',) in wrapper public: retval? ???::Add (params?);
  [param('ns3::Ipv4Address', 'to')])
/home/lena/ns-allinone-3.19/ns-3.19/src/aodv/bindings/modulegen__gcc_LP64.py:5080: Warning: exception TypeConfigurationError('Either caller_owns_return or self.reference_existing_object must be given',) in wrapper public: retval? ???::Lookup (params?);
  [param('ns3::Ipv4Address', 'destination')])
/home/lena/ns-allinone-3.19/ns-3.19/src/aodv/bindings/modulegen__gcc_LP64.py:5116: Warning: exception TypeConfigurationError('Missing transfer_ownership option',) in wrapper <pybindgen.cppmethod.CppConstructor object at 0x3c838d0>
  cls.add_constructor([param('ns3::ArpCache *', 'arp')])
/home/lena/ns-allinone-3.19/ns-3.19/src/aodv/bindings/modulegen__gcc_LP64.py:5659: Warning: exception TypeLookupError(['ns3::Callback< void, ns3::Ptr< ns3::Packet >, ns3::Ipv4Address, ns3::Ipv4Address, unsigned char, ns3::Ptr< ns3::Ipv4Route >, ns3::empty, ns3::empty, ns3::empty, ns3::empty >'],) in wrapper public: virtual retval? ???::GetDownTarget (params?) const = 0;
  is_pure_virtual=True, is_const=True, is_virtual=True)
/home/lena/ns-allinone-3.19/ns-3.19/src/aodv/bindings/modulegen__gcc_LP64.py:5664: Warning: exception TypeLookupError(['ns3::Callback< void, ns3::Ptr< ns3::Packet >, ns3::Ipv6Address, ns3::Ipv6Address, unsigned char, ns3::Ptr< ns3::Ipv6Route >, ns3::empty, ns3::empty, ns3::empty, ns3::empty >'],) in wrapper public: virtual retval? ???::GetDownTarget6 (params?) const = 0;
  is_pure_virtual=True, is_const=True, is_virtual=True)
/home/lena/ns-allinone-3.19/ns-3.19/src/aodv/bindings/modulegen__gcc_LP64.py:5689: Warning: exception TypeConfigurationError('direction not given',) in wrapper public: virtual retval? ???::ReceiveIcmp (params?);
  is_virtual=True)
/home/lena/ns-allinone-3.19/ns-3.19/src/aodv/bindings/modulegen__gcc_LP64.py:5694: Warning: exception TypeConfigurationError('direction not given',) in wrapper public: virtual retval? ???::ReceiveIcmp (params?);
  is_virtual=True)
/home/lena/ns-allinone-3.19/ns-3.19/src/aodv/bindings/modulegen__gcc_LP64.py:5699: Warning: exception TypeLookupError(['ns3::Callback< void, ns3::Ptr< ns3::Packet >, ns3::Ipv4Address, ns3::Ipv4Address, unsigned char, ns3::Ptr< ns3::Ipv4Route >, ns3::empty, ns3::empty, ns3::empty, ns3::empty >'],) in wrapper public: virtual retval? ???::SetDownTarget (params?) = 0;
  is_pure_virtual=True, is_virtual=True)
/home/lena/ns-allinone-3.19/ns-3.19/src/aodv/bindings/modulegen__gcc_LP64.py:5704: Warning: exception TypeLookupError(['ns3::Callback< void, ns3::Ptr< ns3::Packet >, ns3::Ipv6Address, ns3::Ipv6Address, unsigned char, ns3::Ptr< ns3::Ipv6Route >, ns3::empty, ns3::empty, ns3::empty, ns3::empty >'],) in wrapper public: virtual retval? ???::SetDownTarget6 (params?) = 0;
  is_pure_virtual=True, is_virtual=True)
/home/lena/ns-allinone-3.19/ns-3.19/src/aodv/bindings/modulegen__gcc_LP64.py:6410: Warning: exception TypeLookupError(['ns3::Callback< void, ns3::Ptr< ns3::Ipv4MulticastRoute >, ns3::Ptr< ns3::Packet const >, ns3::Ipv4Header const &, ns3::empty, ns3::empty, ns3::empty, ns3::empty, ns3::empty, ns3::empty >'],) in wrapper public: virtual retval? ???::RouteInput (params?) = 0;
  is_pure_virtual=True, is_virtual=True)
/home/lena/ns-allinone-3.19/ns-3.19/src/aodv/bindings/modulegen__gcc_LP64.py:6735: Warning: exception TypeLookupError(['ns3::Callback< void, ns3::empty, ns3::empty, ns3::empty, ns3::empty, ns3::empty, ns3::empty, ns3::empty, ns3::empty, ns3::empty >'],) in wrapper public: virtual retval? ???::AddLinkChangeCallback (params?) = 0;
  is_pure_virtual=True, is_virtual=True)
/home/lena/ns-allinone-3.19/ns-3.19/src/aodv/bindings/modulegen__gcc_LP64.py:6750: Warning: exception TypeLookupError(['ns3::Ptr< ns3::Channel >', 'ns3::Channel *'],) in wrapper public: virtual retval? ???::GetChannel (params?) const = 0;
  is_pure_virtual=True, is_const=True, is_virtual=True)
/home/lena/ns-allinone-3.19/ns-3.19/src/aodv/bindings/modulegen__gcc_LP64.py:6845: Warning: exception TypeLookupError(['ns3::Callback< bool, ns3::Ptr< ns3::NetDevice >, ns3::Ptr< ns3::Packet const >, short unsigned int, ns3::Address const &, ns3::Address const &, ns3::NetDevice::PacketType, ns3::empty, ns3::empty, ns3::empty >'],) in wrapper public: virtual retval? ???::SetPromiscReceiveCallback (params?) = 0;
  is_pure_virtual=True, is_virtual=True)
/home/lena/ns-allinone-3.19/ns-3.19/src/aodv/bindings/modulegen__gcc_LP64.py:6850: Warning: exception TypeLookupError(['ns3::Callback< bool, ns3::Ptr< ns3::NetDevice >, ns3::Ptr< ns3::Packet const >, short unsigned int, ns3::Address const &, ns3::empty, ns3::empty, ns3::empty, ns3::empty, ns3::empty >'],) in wrapper public: virtual retval? ???::SetReceiveCallback (params?) = 0;
  is_pure_virtual=True, is_virtual=True)
/home/lena/ns-allinone-3.19/ns-3.19/src/aodv/bindings/modulegen__gcc_LP64.py:6912: Warning: exception TypeLookupError(['ns3::Ptr< ns3::Application >', 'ns3::Application *'],) in wrapper public: retval? ???::AddApplication (params?);
  [param('ns3::Ptr< ns3::Application >', 'application')])
/home/lena/ns-allinone-3.19/ns-3.19/src/aodv/bindings/modulegen__gcc_LP64.py:6926: Warning: exception TypeLookupError(['ns3::Ptr< ns3::Application >', 'ns3::Application *'],) in wrapper public: retval? ???::GetApplication (params?) const;
  is_const=True)
/home/lena/ns-allinone-3.19/ns-3.19/src/aodv/bindings/modulegen__gcc_LP64.py:6960: Warning: exception TypeLookupError(['ns3::Callback< void, ns3::Ptr< ns3::NetDevice >, ns3::empty, ns3::empty, ns3::empty, ns3::empty, ns3::empty, ns3::empty, ns3::empty, ns3::empty >'],) in wrapper public: retval? ???::RegisterDeviceAdditionListener (params?);
  [param('ns3::Callback< void, ns3::Ptr< ns3::NetDevice >, ns3::empty, ns3::empty, ns3::empty, ns3::empty, ns3::empty, ns3::empty, ns3::empty, ns3::empty >', 'listener')])
/home/lena/ns-allinone-3.19/ns-3.19/src/aodv/bindings/modulegen__gcc_LP64.py:6968: Warning: exception TypeLookupError(['ns3::Callback< void, ns3::Ptr< ns3::NetDevice >, ns3::empty, ns3::empty, ns3::empty, ns3::empty, ns3::empty, ns3::empty, ns3::empty, ns3::empty >'],) in wrapper public: retval? ???::UnregisterDeviceAdditionListener (params?);
  [param('ns3::Callback< void, ns3::Ptr< ns3::NetDevice >, ns3::empty, ns3::empty, ns3::empty, ns3::empty, ns3::empty, ns3::empty, ns3::empty, ns3::empty >', 'listener')])
/home/lena/ns-allinone-3.19/ns-3.19/src/aodv/bindings/modulegen__gcc_LP64.py:7076: Warning: exception TypeLookupError(['std::ostream *'],) in wrapper <pybindgen.cppmethod.CppConstructor object at 0x45c0710>
  cls.add_constructor([param('std::ostream *', 'os')])
/home/lena/ns-allinone-3.19/ns-3.19/src/aodv/bindings/modulegen__gcc_LP64.py:7080: Warning: exception TypeLookupError(['std::ostream *'],) in wrapper public: retval? ???::GetStream (params?);
  [])
/home/lena/ns-allinone-3.19/ns-3.19/src/aodv/bindings/modulegen__gcc_LP64.py:7092: Warning: exception TypeConfigurationError('direction not given',) in wrapper <pybindgen.cppmethod.CppConstructor object at 0x45c4490>
  cls.add_constructor([param('uint8_t const *', 'buffer'), param('uint32_t', 'size'), param('bool', 'magic')])
/home/lena/ns-allinone-3.19/ns-3.19/src/aodv/bindings/modulegen__gcc_LP64.py:7094: Warning: exception TypeConfigurationError('direction not given',) in wrapper <pybindgen.cppmethod.CppConstructor object at 0x45c44d0>
  cls.add_constructor([param('uint8_t const *', 'buffer'), param('uint32_t', 'size')])
/home/lena/ns-allinone-3.19/ns-3.19/src/aodv/bindings/modulegen__gcc_LP64.py:7135: Warning: exception TypeConfigurationError('direction not given',) in wrapper public: retval? ???::CopyData (params?) const;
  is_const=True)
/home/lena/ns-allinone-3.19/ns-3.19/src/aodv/bindings/modulegen__gcc_LP64.py:7140: Warning: exception TypeLookupError(['std::ostream *'],) in wrapper public: retval? ???::CopyData (params?) const;
  is_const=True)
/home/lena/ns-allinone-3.19/ns-3.19/src/aodv/bindings/modulegen__gcc_LP64.py:7195: Warning: exception TypeLookupError(['uint8_t *'],) in wrapper public: retval? ???::PeekData (params?) const;
  deprecated=True, is_const=True)
/home/lena/ns-allinone-3.19/ns-3.19/src/aodv/bindings/modulegen__gcc_LP64.py:7214: Warning: exception TypeLookupError(['std::ostream &'],) in wrapper public: retval? ???::Print (params?) const;
  is_const=True)
/home/lena/ns-allinone-3.19/ns-3.19/src/aodv/bindings/modulegen__gcc_LP64.py:7219: Warning: exception TypeLookupError(['std::ostream &'],) in wrapper public: retval? ???::PrintByteTags (params?) const;
  is_const=True)
/home/lena/ns-allinone-3.19/ns-3.19/src/aodv/bindings/modulegen__gcc_LP64.py:7224: Warning: exception TypeLookupError(['std::ostream &'],) in wrapper public: retval? ???::PrintPacketTags (params?) const;
  is_const=True)
/home/lena/ns-allinone-3.19/ns-3.19/src/aodv/bindings/modulegen__gcc_LP64.py:7261: Warning: exception TypeConfigurationError('direction not given',) in wrapper public: retval? ???::Serialize (params?) const;
  is_const=True)
/home/lena/ns-allinone-3.19/ns-3.19/src/aodv/bindings/modulegen__gcc_LP64.py:7478: Warning: exception TypeLookupError(['ns3::Callback< void, ns3::Ptr< ns3::Ipv4MulticastRoute >, ns3::Ptr< ns3::Packet const >, ns3::Ipv4Header const &, ns3::empty, ns3::empty, ns3::empty, ns3::empty, ns3::empty, ns3::empty >'],) in wrapper public: virtual retval? ???::RouteInput (params?);
  is_virtual=True)
/home/lena/ns-allinone-3.19/ns-3.19/src/aodv/bindings/modulegen__gcc_LP64.py:7549: Warning: exception TypeLookupError(['ns3::Hash::Hash32Function_ptr'],) in wrapper <pybindgen.cppmethod.CppConstructor object at 0x47000d0>
  cls.add_constructor([param('ns3::Hash::Hash32Function_ptr', 'hp')])
/home/lena/ns-allinone-3.19/ns-3.19/src/aodv/bindings/modulegen__gcc_LP64.py:7566: Warning: exception TypeLookupError(['ns3::Hash::Hash64Function_ptr'],) in wrapper <pybindgen.cppmethod.CppConstructor object at 0x47d8090>
  cls.add_constructor([param('ns3::Hash::Hash64Function_ptr', 'hp')])
/home/lena/ns-allinone-3.19/ns-3.19/src/aodv/bindings/modulegen__gcc_LP64.py:7675: Warning: exception TypeLookupError(['ns3::Callback< void, ns3::Ipv4Address, ns3::empty, ns3::empty, ns3::empty, ns3::empty, ns3::empty, ns3::empty, ns3::empty, ns3::empty >'],) in wrapper public: retval? ???::GetCallback (params?) const;
  is_const=True)
/home/lena/ns-allinone-3.19/ns-3.19/src/aodv/bindings/modulegen__gcc_LP64.py:7684: Warning: exception TypeLookupError(['ns3::Callback< void, ns3::WifiMacHeader const &, ns3::empty, ns3::empty, ns3::empty, ns3::empty, ns3::empty, ns3::empty, ns3::empty, ns3::empty >'],) in wrapper public: retval? ???::GetTxErrorCallback (params?) const;
  is_const=True)
/home/lena/ns-allinone-3.19/ns-3.19/src/aodv/bindings/modulegen__gcc_LP64.py:7732: Warning: exception TypeLookupError(['ns3::Callback< void, ns3::Ptr< ns3::Packet const >, ns3::Ipv4Header const &, ns3::Socket::SocketErrno, ns3::empty, ns3::empty, ns3::empty, ns3::empty, ns3::empty, ns3::empty >'],) in wrapper public: retval? ???::GetErrorCallback (params?) const;
  is_const=True)
/home/lena/ns-allinone-3.19/ns-3.19/src/aodv/bindings/modulegen__gcc_LP64.py:7752: Warning: exception TypeLookupError(['ns3::Callback< void, ns3::Ptr< ns3::Ipv4Route >, ns3::Ptr< ns3::Packet const >, ns3::Ipv4Header const &, ns3::empty, ns3::empty, ns3::empty, ns3::empty, ns3::empty, ns3::empty >'],) in wrapper public: retval? ???::GetUnicastForwardCallback (params?) const;
  is_const=True)
/home/lena/ns-allinone-3.19/ns-3.19/src/aodv/bindings/modulegen__gcc_LP64.py:7869: Warning: exception TypeLookupError(['std::ostream &'],) in wrapper public: virtual retval? ???::Print (params?) const;
  is_const=True, is_virtual=True)
/home/lena/ns-allinone-3.19/ns-3.19/src/aodv/bindings/modulegen__gcc_LP64.py:7873: Warning: exception TypeLookupError(['std::pair< ns3::Ipv4Address, unsigned int > &'],) in wrapper public: retval? ???::RemoveUnDestination (params?);
  [param('std::pair< ns3::Ipv4Address, unsigned int > &', 'un')])
/home/lena/ns-allinone-3.19/ns-3.19/src/aodv/bindings/modulegen__gcc_LP64.py:7963: Warning: exception TypeLookupError(['ns3::Callback< void, ns3::Ptr< ns3::Ipv4MulticastRoute >, ns3::Ptr< ns3::Packet const >, ns3::Ipv4Header const &, ns3::empty, ns3::empty, ns3::empty, ns3::empty, ns3::empty, ns3::empty >'],) in wrapper public: virtual retval? ???::RouteInput (params?);
  is_virtual=True)
/home/lena/ns-allinone-3.19/ns-3.19/src/aodv/bindings/modulegen__gcc_LP64.py:8263: Warning: exception TypeLookupError(['std::ostream &'],) in wrapper public: virtual retval? ???::Print (params?) const;
  is_const=True, is_virtual=True)
/home/lena/ns-allinone-3.19/ns-3.19/src/aodv/bindings/modulegen__gcc_LP64.py:8337: Warning: exception TypeLookupError(['std::ostream &'],) in wrapper public: virtual retval? ???::Print (params?) const;
  is_const=True, is_virtual=True)
/home/lena/ns-allinone-3.19/ns-3.19/src/aodv/bindings/modulegen__gcc_LP64.py:8453: Warning: exception TypeLookupError(['std::ostream &'],) in wrapper public: virtual retval? ???::Print (params?) const;
  is_const=True, is_virtual=True)
/home/lena/ns-allinone-3.19/ns-3.19/src/aodv/bindings/modulegen__gcc_LP64.py:8538: Warning: exception TypeLookupError(['std::ostream &'],) in wrapper public: virtual retval? ???::Print (params?) const;
  is_const=True, is_virtual=True)
/home/lena/ns-allinone-3.19/pybindgen-0.16.0.834/pybindgen/cppclass_typehandlers.py:1098: UserWarning: Returning shared pointers is dangerous!  The C++ API should be redesigned to avoid this situation.
  warnings.warn("Returning shared pointers is dangerous!"
