>>>>>>>>>>>>>>>> [['void', 'ns3::Ptr<ns3::Packet>', 'ns3::empty', 'ns3::empty', 'ns3::empty', 'ns3::empty', 'ns3::empty', 'ns3::empty', 'ns3::empty', 'ns3::empty']]
/home/lena/ns-allinone-3.19/ns-3.19/bindings/python/ns3modulegen_core_customizations.py:70: DeprecationWarning: Typo: set_tranformation -> set_transformation
  handler.set_tranformation(self, orig_ctype)
***** registering callback handler: 'ns3::Callback< void, ns3::Ptr< ns3::Packet >, ns3::empty, ns3::empty, ns3::empty, ns3::empty, ns3::empty, ns3::empty, ns3::empty, ns3::empty >'
/home/lena/ns-allinone-3.19/ns-3.19/src/mpi/bindings/modulegen__gcc_LP64.py:275: Warning: exception TypeLookupError(['std::_List_const_iterator< ns3::AttributeConstructionList::Item >'],) in wrapper public: retval? ???::Begin (params?) const;
  is_const=True)
/home/lena/ns-allinone-3.19/ns-3.19/src/mpi/bindings/modulegen__gcc_LP64.py:280: Warning: exception TypeLookupError(['std::_List_const_iterator< ns3::AttributeConstructionList::Item >'],) in wrapper public: retval? ???::End (params?) const;
  is_const=True)
/home/lena/ns-allinone-3.19/ns-3.19/src/mpi/bindings/modulegen__gcc_LP64.py:331: Warning: exception TypeLookupError(['std::ostream *'],) in wrapper public: retval? ???::CopyData (params?) const;
  is_const=True)
/home/lena/ns-allinone-3.19/ns-3.19/src/mpi/bindings/modulegen__gcc_LP64.py:336: Warning: exception TypeConfigurationError('direction not given',) in wrapper public: retval? ???::CopyData (params?) const;
  is_const=True)
/home/lena/ns-allinone-3.19/ns-3.19/src/mpi/bindings/modulegen__gcc_LP64.py:350: Warning: exception TypeConfigurationError('direction not given',) in wrapper public: retval? ???::Deserialize (params?);
  [param('uint8_t const *', 'buffer'), param('uint32_t', 'size')])
/home/lena/ns-allinone-3.19/ns-3.19/src/mpi/bindings/modulegen__gcc_LP64.py:380: Warning: exception TypeLookupError(['uint8_t *'],) in wrapper public: retval? ???::PeekData (params?) const;
  is_const=True)
/home/lena/ns-allinone-3.19/ns-3.19/src/mpi/bindings/modulegen__gcc_LP64.py:393: Warning: exception TypeConfigurationError('direction not given',) in wrapper public: retval? ???::Serialize (params?) const;
  is_const=True)
/home/lena/ns-allinone-3.19/ns-3.19/src/mpi/bindings/modulegen__gcc_LP64.py:448: Warning: exception TypeConfigurationError('direction not given',) in wrapper public: retval? ???::Read (params?);
  [param('uint8_t *', 'buffer'), param('uint32_t', 'size')])
/home/lena/ns-allinone-3.19/ns-3.19/src/mpi/bindings/modulegen__gcc_LP64.py:492: Warning: exception TypeConfigurationError('direction not given',) in wrapper public: retval? ???::Write (params?);
  [param('uint8_t const *', 'buffer'), param('uint32_t', 'size')])
/home/lena/ns-allinone-3.19/ns-3.19/src/mpi/bindings/modulegen__gcc_LP64.py:718: Warning: exception TypeConfigurationError('direction not given',) in wrapper public: retval? ???::Enable (params?);
  is_static=True)
/home/lena/ns-allinone-3.19/pybindgen-0.16.0.834/pybindgen/settings.py:84: DeprecationWarning: The option pybindgen.settings.deprecated_virtuals has not been set.  I am going to assume the value of False, change it to True if it breaks your APIs. The option will eventually disappear (the deprecated behaviour will eventually disappear).
  DeprecationWarning)
/home/lena/ns-allinone-3.19/ns-3.19/src/mpi/bindings/modulegen__gcc_LP64.py:811: Warning: exception TypeConfigurationError('Missing transfer_ownership option',) in wrapper public: retval? ???::Delete (params?);
  is_static=True)
/home/lena/ns-allinone-3.19/ns-3.19/src/mpi/bindings/modulegen__gcc_LP64.py:848: Warning: exception TypeConfigurationError('direction not given',) in wrapper public: retval? ???::Deserialize (params?);
  [param('uint8_t const *', 'buffer'), param('uint32_t', 'size')])
/home/lena/ns-allinone-3.19/ns-3.19/src/mpi/bindings/modulegen__gcc_LP64.py:889: Warning: exception TypeConfigurationError('direction not given',) in wrapper public: retval? ???::Serialize (params?) const;
  is_const=True)
bindings/python/ns3modulegen-modular.py:27: UserWarning: exception TypeLookupError(['uint8_t [ 20 ]'],) in wrapper None
  warnings.warn("exception %r in wrapper %s" % (exception, wrapper))
bindings/python/ns3modulegen-modular.py:27: UserWarning: exception TypeConfigurationError('Either caller_owns_return or self.reference_existing_object must be given',) in wrapper None
  warnings.warn("exception %r in wrapper %s" % (exception, wrapper))
/home/lena/ns-allinone-3.19/ns-3.19/src/mpi/bindings/modulegen__gcc_LP64.py:1024: Warning: exception TypeConfigurationError('direction not given',) in wrapper public: virtual retval? ???::Enable (params?) = 0;
  is_pure_virtual=True, is_virtual=True)
/home/lena/ns-allinone-3.19/ns-3.19/src/mpi/bindings/modulegen__gcc_LP64.py:1083: Warning: exception TypeLookupError(['std::ostream &'],) in wrapper public: virtual retval? ???::Print (params?) const = 0;
  is_pure_virtual=True, is_const=True, is_virtual=True)
/home/lena/ns-allinone-3.19/ns-3.19/src/mpi/bindings/modulegen__gcc_LP64.py:1095: Warning: exception TypeConfigurationError('direction not given',) in wrapper <pybindgen.cppmethod.CppConstructor object at 0x23cab50>
  cls.add_constructor([param('uint8_t *', 'start'), param('uint8_t *', 'end')])
/home/lena/ns-allinone-3.19/ns-3.19/src/mpi/bindings/modulegen__gcc_LP64.py:1103: Warning: exception TypeConfigurationError('direction not given',) in wrapper public: retval? ???::Read (params?);
  [param('uint8_t *', 'buffer'), param('uint32_t', 'size')])
/home/lena/ns-allinone-3.19/ns-3.19/src/mpi/bindings/modulegen__gcc_LP64.py:1131: Warning: exception TypeConfigurationError('direction not given',) in wrapper public: retval? ???::Write (params?);
  [param('uint8_t const *', 'buffer'), param('uint32_t', 'size')])
/home/lena/ns-allinone-3.19/ns-3.19/src/mpi/bindings/modulegen__gcc_LP64.py:1196: Warning: exception TypeLookupError(['ns3::Callback< ns3::ObjectBase *, ns3::empty, ns3::empty, ns3::empty, ns3::empty, ns3::empty, ns3::empty, ns3::empty, ns3::empty, ns3::empty >'],) in wrapper public: retval? ???::GetConstructor (params?) const;
  is_const=True)
/home/lena/ns-allinone-3.19/ns-3.19/src/mpi/bindings/modulegen__gcc_LP64.py:1275: Warning: exception TypeConfigurationError('Missing transfer_ownership option',) in wrapper public: retval? ???::LookupByHashFailSafe (params?);
  is_static=True)
bindings/python/ns3modulegen-modular.py:27: UserWarning: exception TypeLookupError(['short unsigned int'],) in wrapper None
  warnings.warn("exception %r in wrapper %s" % (exception, wrapper))
/home/lena/ns-allinone-3.19/ns-3.19/src/mpi/bindings/modulegen__gcc_LP64.py:1476: Warning: exception TypeLookupError(['std::ostream &'],) in wrapper public: virtual retval? ???::Print (params?) const = 0;
  is_pure_virtual=True, is_const=True, is_virtual=True)
/home/lena/ns-allinone-3.19/ns-3.19/src/mpi/bindings/modulegen__gcc_LP64.py:1504: Warning: exception TypeLookupError(['std::ostream &'],) in wrapper public: virtual retval? ???::Print (params?) const = 0;
  is_pure_virtual=True, is_const=True, is_virtual=True)
/home/lena/ns-allinone-3.19/ns-3.19/src/mpi/bindings/modulegen__gcc_LP64.py:1917: Warning: exception TypeLookupError(['std::ostream &'],) in wrapper public: virtual retval? ???::Print (params?) const = 0;
  is_pure_virtual=True, is_const=True, is_virtual=True)
/home/lena/ns-allinone-3.19/ns-3.19/src/mpi/bindings/modulegen__gcc_LP64.py:2163: Warning: exception TypeConfigurationError('direction not given',) in wrapper <pybindgen.cppmethod.CppConstructor object at 0x28e1090>
  cls.add_constructor([param('uint8_t const *', 'buffer'), param('uint32_t', 'size'), param('bool', 'magic')])
/home/lena/ns-allinone-3.19/ns-3.19/src/mpi/bindings/modulegen__gcc_LP64.py:2165: Warning: exception TypeConfigurationError('direction not given',) in wrapper <pybindgen.cppmethod.CppConstructor object at 0x28e10d0>
  cls.add_constructor([param('uint8_t const *', 'buffer'), param('uint32_t', 'size')])
/home/lena/ns-allinone-3.19/ns-3.19/src/mpi/bindings/modulegen__gcc_LP64.py:2206: Warning: exception TypeConfigurationError('direction not given',) in wrapper public: retval? ???::CopyData (params?) const;
  is_const=True)
/home/lena/ns-allinone-3.19/ns-3.19/src/mpi/bindings/modulegen__gcc_LP64.py:2211: Warning: exception TypeLookupError(['std::ostream *'],) in wrapper public: retval? ???::CopyData (params?) const;
  is_const=True)
/home/lena/ns-allinone-3.19/ns-3.19/src/mpi/bindings/modulegen__gcc_LP64.py:2266: Warning: exception TypeLookupError(['uint8_t *'],) in wrapper public: retval? ???::PeekData (params?) const;
  deprecated=True, is_const=True)
/home/lena/ns-allinone-3.19/ns-3.19/src/mpi/bindings/modulegen__gcc_LP64.py:2285: Warning: exception TypeLookupError(['std::ostream &'],) in wrapper public: retval? ???::Print (params?) const;
  is_const=True)
/home/lena/ns-allinone-3.19/ns-3.19/src/mpi/bindings/modulegen__gcc_LP64.py:2290: Warning: exception TypeLookupError(['std::ostream &'],) in wrapper public: retval? ???::PrintByteTags (params?) const;
  is_const=True)
/home/lena/ns-allinone-3.19/ns-3.19/src/mpi/bindings/modulegen__gcc_LP64.py:2295: Warning: exception TypeLookupError(['std::ostream &'],) in wrapper public: retval? ???::PrintPacketTags (params?) const;
  is_const=True)
/home/lena/ns-allinone-3.19/ns-3.19/src/mpi/bindings/modulegen__gcc_LP64.py:2332: Warning: exception TypeConfigurationError('direction not given',) in wrapper public: retval? ???::Serialize (params?) const;
  is_const=True)
/home/lena/ns-allinone-3.19/ns-3.19/src/mpi/bindings/modulegen__gcc_LP64.py:2460: Warning: exception TypeLookupError(['ns3::Hash::Hash32Function_ptr'],) in wrapper <pybindgen.cppmethod.CppConstructor object at 0x29ee350>
  cls.add_constructor([param('ns3::Hash::Hash32Function_ptr', 'hp')])
/home/lena/ns-allinone-3.19/ns-3.19/src/mpi/bindings/modulegen__gcc_LP64.py:2477: Warning: exception TypeLookupError(['ns3::Hash::Hash64Function_ptr'],) in wrapper <pybindgen.cppmethod.CppConstructor object at 0x29f1310>
  cls.add_constructor([param('ns3::Hash::Hash64Function_ptr', 'hp')])
bindings/python/ns3modulegen-modular.py:27: UserWarning: exception CodeGenerationError('ns3::ParallelCommunicationInterface cannot be constructed (have pure virtual methods but no helper class)',) in wrapper <pybindgen.CppClass 'ns3::ParallelCommunicationInterface'>
  warnings.warn("exception %r in wrapper %s" % (exception, wrapper))
