>>>>>>>>>>>>>>>> [['void', 'ns3::Ptr<ns3::Packet>', 'ns3::Ipv6Address', 'ns3::Ipv6Address', 'unsigned char', 'ns3::Ptr<ns3::Ipv6Route>', 'ns3::empty', 'ns3::empty', 'ns3::empty', 'ns3::empty'], ['void', 'ns3::WifiMacHeader const&', 'ns3::empty', 'ns3::empty', 'ns3::empty', 'ns3::empty', 'ns3::empty', 'ns3::empty', 'ns3::empty', 'ns3::empty'], ['void', 'ns3::Ipv4Address', 'unsigned char', 'ns3::empty', 'ns3::empty', 'ns3::empty', 'ns3::empty', 'ns3::empty', 'ns3::empty', 'ns3::empty'], ['void', 'ns3::Ptr<ns3::ArpCache const>', 'ns3::Ipv4Address', 'ns3::empty', 'ns3::empty', 'ns3::empty', 'ns3::empty', 'ns3::empty', 'ns3::empty', 'ns3::empty'], ['void', 'ns3::Ptr<ns3::Packet>', 'ns3::Ipv4Address', 'ns3::Ipv4Address', 'unsigned char', 'ns3::Ptr<ns3::Ipv4Route>', 'ns3::empty', 'ns3::empty', 'ns3::empty', 'ns3::empty'], ['void', 'ns3::Ptr<ns3::NetDevice>', 'ns3::Ptr<ns3::Packet const>', 'unsigned short', 'ns3::Address const&', 'ns3::Address const&', 'ns3::NetDevice::PacketType', 'ns3::empty', 'ns3::empty', 'ns3::empty'], ['void', 'ns3::Ptr<ns3::Socket>', 'ns3::empty', 'ns3::empty', 'ns3::empty', 'ns3::empty', 'ns3::empty', 'ns3::empty', 'ns3::empty', 'ns3::empty'], ['void', 'ns3::Ptr<ns3::Socket>', 'unsigned int', 'ns3::empty', 'ns3::empty', 'ns3::empty', 'ns3::empty', 'ns3::empty', 'ns3::empty', 'ns3::empty'], ['void', 'ns3::Ptr<ns3::Socket>', 'ns3::Address const&', 'ns3::empty', 'ns3::empty', 'ns3::empty', 'ns3::empty', 'ns3::empty', 'ns3::empty', 'ns3::empty'], ['bool', 'ns3::Ptr<ns3::Socket>', 'ns3::Address const&', 'ns3::empty', 'ns3::empty', 'ns3::empty', 'ns3::empty', 'ns3::empty', 'ns3::empty', 'ns3::empty']]
/home/lena/ns-allinone-3.19/ns-3.19/bindings/python/ns3modulegen_core_customizations.py:70: DeprecationWarning: Typo: set_tranformation -> set_transformation
  handler.set_tranformation(self, orig_ctype)
/home/lena/ns-allinone-3.19/ns-3.19/bindings/python/ns3modulegen_core_customizations.py:229: Warning: ***** Unable to register callback; parameter 'ns3::Ptr<ns3::Ipv6Route> arg5' error (used in ns3::Callback< void, ns3::Ptr<ns3::Packet>, ns3::Ipv6Address, ns3::Ipv6Address, unsigned char, ns3::Ptr<ns3::Ipv6Route>, ns3::empty, ns3::empty, ns3::empty, ns3::empty >): TypeLookupError(['ns3::Ptr< ns3::Ipv6Route >', 'ns3::Ipv6Route *'],)
  Warning)
/home/lena/ns-allinone-3.19/pybindgen-0.16.0.834/pybindgen/typehandlers/base.py:1059: DeprecationWarning: is_const is deprecated, put a 'const' in the C type instead.
  warnings.warn("is_const is deprecated, put a 'const' in the C type instead.", DeprecationWarning)
***** registering callback handler: 'ns3::Callback< void, ns3::WifiMacHeader const &, ns3::empty, ns3::empty, ns3::empty, ns3::empty, ns3::empty, ns3::empty, ns3::empty, ns3::empty >'
***** registering callback handler: 'ns3::Callback< void, ns3::Ipv4Address, unsigned char, ns3::empty, ns3::empty, ns3::empty, ns3::empty, ns3::empty, ns3::empty, ns3::empty >'
***** registering callback handler: 'ns3::Callback< void, ns3::Ptr< ns3::ArpCache const >, ns3::Ipv4Address, ns3::empty, ns3::empty, ns3::empty, ns3::empty, ns3::empty, ns3::empty, ns3::empty >'
***** registering callback handler: 'ns3::Callback< void, ns3::Ptr< ns3::Packet >, ns3::Ipv4Address, ns3::Ipv4Address, unsigned char, ns3::Ptr< ns3::Ipv4Route >, ns3::empty, ns3::empty, ns3::empty, ns3::empty >'
***** registering callback handler: 'ns3::Callback< void, ns3::Ptr< ns3::NetDevice >, ns3::Ptr< ns3::Packet const >, unsigned short, ns3::Address const &, ns3::Address const &, ns3::NetDevice::PacketType, ns3::empty, ns3::empty, ns3::empty >'
***** registering callback handler: 'ns3::Callback< void, ns3::Ptr< ns3::Socket >, ns3::empty, ns3::empty, ns3::empty, ns3::empty, ns3::empty, ns3::empty, ns3::empty, ns3::empty >'
***** registering callback handler: 'ns3::Callback< void, ns3::Ptr< ns3::Socket >, unsigned int, ns3::empty, ns3::empty, ns3::empty, ns3::empty, ns3::empty, ns3::empty, ns3::empty >'
***** registering callback handler: 'ns3::Callback< void, ns3::Ptr< ns3::Socket >, ns3::Address const &, ns3::empty, ns3::empty, ns3::empty, ns3::empty, ns3::empty, ns3::empty, ns3::empty >'
***** registering callback handler: 'ns3::Callback< bool, ns3::Ptr< ns3::Socket >, ns3::Address const &, ns3::empty, ns3::empty, ns3::empty, ns3::empty, ns3::empty, ns3::empty, ns3::empty >'
/home/lena/ns-allinone-3.19/ns-3.19/src/dsr/bindings/modulegen__gcc_LP64.py:889: Warning: exception TypeConfigurationError('direction not given',) in wrapper <pybindgen.cppmethod.CppConstructor object at 0x1858550>
  cls.add_constructor([param('uint8_t', 'type'), param('uint8_t const *', 'buffer'), param('uint8_t', 'len')])
/home/lena/ns-allinone-3.19/ns-3.19/src/dsr/bindings/modulegen__gcc_LP64.py:900: Warning: exception TypeConfigurationError('direction not given',) in wrapper public: retval? ???::CopyAllFrom (params?);
  [param('uint8_t const *', 'buffer'), param('uint8_t', 'len')])
/home/lena/ns-allinone-3.19/ns-3.19/src/dsr/bindings/modulegen__gcc_LP64.py:905: Warning: exception TypeConfigurationError('direction not given',) in wrapper public: retval? ???::CopyAllTo (params?) const;
  is_const=True)
/home/lena/ns-allinone-3.19/ns-3.19/src/dsr/bindings/modulegen__gcc_LP64.py:909: Warning: exception TypeConfigurationError('direction not given',) in wrapper public: retval? ???::CopyFrom (params?);
  [param('uint8_t const *', 'buffer'), param('uint8_t', 'len')])
/home/lena/ns-allinone-3.19/ns-3.19/src/dsr/bindings/modulegen__gcc_LP64.py:914: Warning: exception TypeConfigurationError('direction not given',) in wrapper public: retval? ???::CopyTo (params?) const;
  is_const=True)
/home/lena/ns-allinone-3.19/ns-3.19/src/dsr/bindings/modulegen__gcc_LP64.py:964: Warning: exception TypeLookupError(['std::_List_const_iterator< ns3::AttributeConstructionList::Item >'],) in wrapper public: retval? ???::Begin (params?) const;
  is_const=True)
/home/lena/ns-allinone-3.19/ns-3.19/src/dsr/bindings/modulegen__gcc_LP64.py:969: Warning: exception TypeLookupError(['std::_List_const_iterator< ns3::AttributeConstructionList::Item >'],) in wrapper public: retval? ???::End (params?) const;
  is_const=True)
/home/lena/ns-allinone-3.19/ns-3.19/src/dsr/bindings/modulegen__gcc_LP64.py:1020: Warning: exception TypeLookupError(['std::ostream *'],) in wrapper public: retval? ???::CopyData (params?) const;
  is_const=True)
/home/lena/ns-allinone-3.19/ns-3.19/src/dsr/bindings/modulegen__gcc_LP64.py:1025: Warning: exception TypeConfigurationError('direction not given',) in wrapper public: retval? ???::CopyData (params?) const;
  is_const=True)
/home/lena/ns-allinone-3.19/ns-3.19/src/dsr/bindings/modulegen__gcc_LP64.py:1039: Warning: exception TypeConfigurationError('direction not given',) in wrapper public: retval? ???::Deserialize (params?);
  [param('uint8_t const *', 'buffer'), param('uint32_t', 'size')])
/home/lena/ns-allinone-3.19/ns-3.19/src/dsr/bindings/modulegen__gcc_LP64.py:1069: Warning: exception TypeLookupError(['uint8_t *'],) in wrapper public: retval? ???::PeekData (params?) const;
  is_const=True)
/home/lena/ns-allinone-3.19/ns-3.19/src/dsr/bindings/modulegen__gcc_LP64.py:1082: Warning: exception TypeConfigurationError('direction not given',) in wrapper public: retval? ???::Serialize (params?) const;
  is_const=True)
/home/lena/ns-allinone-3.19/ns-3.19/src/dsr/bindings/modulegen__gcc_LP64.py:1137: Warning: exception TypeConfigurationError('direction not given',) in wrapper public: retval? ???::Read (params?);
  [param('uint8_t *', 'buffer'), param('uint32_t', 'size')])
/home/lena/ns-allinone-3.19/ns-3.19/src/dsr/bindings/modulegen__gcc_LP64.py:1181: Warning: exception TypeConfigurationError('direction not given',) in wrapper public: retval? ???::Write (params?);
  [param('uint8_t const *', 'buffer'), param('uint32_t', 'size')])
/home/lena/ns-allinone-3.19/ns-3.19/src/dsr/bindings/modulegen__gcc_LP64.py:1368: Warning: exception TypeConfigurationError('Either caller_owns_return or self.reference_existing_object must be given',) in wrapper public: retval? ???::Copy (params?) const;
  is_const=True)
/home/lena/ns-allinone-3.19/ns-3.19/src/dsr/bindings/modulegen__gcc_LP64.py:1414: Warning: exception TypeLookupError(['ns3::Ptr< ns3::EventImpl > &'],) in wrapper <pybindgen.cppmethod.CppConstructor object at 0x1a18b10>
  cls.add_constructor([param('ns3::Ptr< ns3::EventImpl > const &', 'impl'), param('uint64_t', 'ts'), param('uint32_t', 'context'), param('uint32_t', 'uid')])
/home/lena/ns-allinone-3.19/ns-3.19/src/dsr/bindings/modulegen__gcc_LP64.py:1448: Warning: exception TypeConfigurationError('Either caller_owns_return or self.reference_existing_object must be given',) in wrapper public: retval? ???::PeekEventImpl (params?) const;
  is_const=True)
/home/lena/ns-allinone-3.19/ns-3.19/src/dsr/bindings/modulegen__gcc_LP64.py:1642: Warning: exception TypeConfigurationError('direction not given',) in wrapper public: retval? ???::Deserialize (params?);
  is_static=True)
/home/lena/ns-allinone-3.19/ns-3.19/src/dsr/bindings/modulegen__gcc_LP64.py:1707: Warning: exception TypeLookupError(['std::ostream &'],) in wrapper public: retval? ???::Print (params?) const;
  is_const=True)
/home/lena/ns-allinone-3.19/ns-3.19/src/dsr/bindings/modulegen__gcc_LP64.py:1712: Warning: exception TypeConfigurationError('direction not given',) in wrapper public: retval? ???::Serialize (params?) const;
  is_const=True)
/home/lena/ns-allinone-3.19/ns-3.19/src/dsr/bindings/modulegen__gcc_LP64.py:1840: Warning: exception TypeLookupError(['std::ostream &'],) in wrapper public: retval? ???::Print (params?) const;
  is_const=True)
/home/lena/ns-allinone-3.19/ns-3.19/src/dsr/bindings/modulegen__gcc_LP64.py:1857: Warning: exception TypeConfigurationError('direction not given',) in wrapper <pybindgen.cppmethod.CppConstructor object at 0x1c1b150>
  cls.add_constructor([param('uint8_t *', 'address')])
/home/lena/ns-allinone-3.19/ns-3.19/src/dsr/bindings/modulegen__gcc_LP64.py:1875: Warning: exception TypeConfigurationError('direction not given',) in wrapper public: retval? ???::Deserialize (params?);
  is_static=True)
/home/lena/ns-allinone-3.19/ns-3.19/src/dsr/bindings/modulegen__gcc_LP64.py:1900: Warning: exception TypeConfigurationError('direction not given',) in wrapper public: retval? ???::GetBytes (params?) const;
  is_const=True)
/home/lena/ns-allinone-3.19/ns-3.19/src/dsr/bindings/modulegen__gcc_LP64.py:1990: Warning: exception TypeLookupError(['ns3::Mac16Address'],) in wrapper public: retval? ???::MakeAutoconfiguredAddress (params?);
  is_static=True)
/home/lena/ns-allinone-3.19/ns-3.19/src/dsr/bindings/modulegen__gcc_LP64.py:2000: Warning: exception TypeLookupError(['ns3::Mac64Address'],) in wrapper public: retval? ???::MakeAutoconfiguredAddress (params?);
  is_static=True)
/home/lena/ns-allinone-3.19/ns-3.19/src/dsr/bindings/modulegen__gcc_LP64.py:2005: Warning: exception TypeLookupError(['ns3::Mac16Address'],) in wrapper public: retval? ???::MakeAutoconfiguredLinkLocalAddress (params?);
  is_static=True)
/home/lena/ns-allinone-3.19/ns-3.19/src/dsr/bindings/modulegen__gcc_LP64.py:2015: Warning: exception TypeLookupError(['ns3::Mac64Address'],) in wrapper public: retval? ???::MakeAutoconfiguredLinkLocalAddress (params?);
  is_static=True)
/home/lena/ns-allinone-3.19/ns-3.19/src/dsr/bindings/modulegen__gcc_LP64.py:2030: Warning: exception TypeLookupError(['std::ostream &'],) in wrapper public: retval? ???::Print (params?) const;
  is_const=True)
/home/lena/ns-allinone-3.19/ns-3.19/src/dsr/bindings/modulegen__gcc_LP64.py:2035: Warning: exception TypeConfigurationError('direction not given',) in wrapper public: retval? ???::Serialize (params?) const;
  is_const=True)
/home/lena/ns-allinone-3.19/ns-3.19/src/dsr/bindings/modulegen__gcc_LP64.py:2043: Warning: exception TypeConfigurationError('direction not given',) in wrapper public: retval? ???::Set (params?);
  [param('uint8_t *', 'address')])
/home/lena/ns-allinone-3.19/ns-3.19/src/dsr/bindings/modulegen__gcc_LP64.py:2108: Warning: exception TypeConfigurationError('direction not given',) in wrapper <pybindgen.cppmethod.CppConstructor object at 0x1c44f50>
  cls.add_constructor([param('uint8_t *', 'prefix')])
/home/lena/ns-allinone-3.19/ns-3.19/src/dsr/bindings/modulegen__gcc_LP64.py:2121: Warning: exception TypeConfigurationError('direction not given',) in wrapper public: retval? ???::GetBytes (params?) const;
  is_const=True)
/home/lena/ns-allinone-3.19/ns-3.19/src/dsr/bindings/modulegen__gcc_LP64.py:2156: Warning: exception TypeLookupError(['std::ostream &'],) in wrapper public: retval? ???::Print (params?) const;
  is_const=True)
/home/lena/ns-allinone-3.19/ns-3.19/src/dsr/bindings/modulegen__gcc_LP64.py:2183: Warning: exception TypeConfigurationError('direction not given',) in wrapper public: retval? ???::CopyFrom (params?);
  [param('uint8_t const *', 'buffer')])
/home/lena/ns-allinone-3.19/ns-3.19/src/dsr/bindings/modulegen__gcc_LP64.py:2188: Warning: exception TypeConfigurationError('direction not given',) in wrapper public: retval? ???::CopyTo (params?) const;
  is_const=True)
/home/lena/ns-allinone-3.19/ns-3.19/src/dsr/bindings/modulegen__gcc_LP64.py:2264: Warning: exception TypeLookupError(['__gnu_cxx::__normal_iterator< ns3::Ptr< ns3::Node > const, std::vector< ns3::Ptr< ns3::Node > > >'],) in wrapper public: retval? ???::Begin (params?) const;
  is_const=True)
/home/lena/ns-allinone-3.19/ns-3.19/src/dsr/bindings/modulegen__gcc_LP64.py:2277: Warning: exception TypeLookupError(['__gnu_cxx::__normal_iterator< ns3::Ptr< ns3::Node > const, std::vector< ns3::Ptr< ns3::Node > > >'],) in wrapper public: retval? ???::End (params?) const;
  is_const=True)
/home/lena/ns-allinone-3.19/pybindgen-0.16.0.834/pybindgen/settings.py:84: DeprecationWarning: The option pybindgen.settings.deprecated_virtuals has not been set.  I am going to assume the value of False, change it to True if it breaks your APIs. The option will eventually disappear (the deprecated behaviour will eventually disappear).
  DeprecationWarning)
/home/lena/ns-allinone-3.19/ns-3.19/src/dsr/bindings/modulegen__gcc_LP64.py:2365: Warning: exception TypeConfigurationError('Missing transfer_ownership option',) in wrapper public: retval? ???::Delete (params?);
  is_static=True)
/home/lena/ns-allinone-3.19/ns-3.19/src/dsr/bindings/modulegen__gcc_LP64.py:2438: Warning: exception TypeConfigurationError('direction not given',) in wrapper public: retval? ???::Deserialize (params?);
  [param('uint8_t const *', 'buffer'), param('uint32_t', 'size')])
/home/lena/ns-allinone-3.19/ns-3.19/src/dsr/bindings/modulegen__gcc_LP64.py:2479: Warning: exception TypeConfigurationError('direction not given',) in wrapper public: retval? ???::Serialize (params?) const;
  is_const=True)
bindings/python/ns3modulegen-modular.py:27: UserWarning: exception TypeLookupError(['uint8_t [ 20 ]'],) in wrapper None
  warnings.warn("exception %r in wrapper %s" % (exception, wrapper))
bindings/python/ns3modulegen-modular.py:27: UserWarning: exception TypeConfigurationError('Either caller_owns_return or self.reference_existing_object must be given',) in wrapper None
  warnings.warn("exception %r in wrapper %s" % (exception, wrapper))
/home/lena/ns-allinone-3.19/ns-3.19/src/dsr/bindings/modulegen__gcc_LP64.py:2634: Warning: exception TypeLookupError(['ns3::Ptr< ns3::SimulatorImpl >', 'ns3::SimulatorImpl *'],) in wrapper public: retval? ???::GetImplementation (params?);
  is_static=True)
/home/lena/ns-allinone-3.19/ns-3.19/src/dsr/bindings/modulegen__gcc_LP64.py:2669: Warning: exception TypeLookupError(['ns3::Ptr< ns3::SimulatorImpl >', 'ns3::SimulatorImpl *'],) in wrapper public: retval? ???::SetImplementation (params?);
  is_static=True)
/home/lena/ns-allinone-3.19/ns-3.19/src/dsr/bindings/modulegen__gcc_LP64.py:2741: Warning: exception TypeLookupError(['std::ostream &'],) in wrapper public: virtual retval? ???::Print (params?) const = 0;
  is_pure_virtual=True, is_const=True, is_virtual=True)
/home/lena/ns-allinone-3.19/ns-3.19/src/dsr/bindings/modulegen__gcc_LP64.py:2753: Warning: exception TypeConfigurationError('direction not given',) in wrapper <pybindgen.cppmethod.CppConstructor object at 0x1f59210>
  cls.add_constructor([param('uint8_t *', 'start'), param('uint8_t *', 'end')])
/home/lena/ns-allinone-3.19/ns-3.19/src/dsr/bindings/modulegen__gcc_LP64.py:2761: Warning: exception TypeConfigurationError('direction not given',) in wrapper public: retval? ???::Read (params?);
  [param('uint8_t *', 'buffer'), param('uint32_t', 'size')])
/home/lena/ns-allinone-3.19/ns-3.19/src/dsr/bindings/modulegen__gcc_LP64.py:2789: Warning: exception TypeConfigurationError('direction not given',) in wrapper public: retval? ???::Write (params?);
  [param('uint8_t const *', 'buffer'), param('uint32_t', 'size')])
/home/lena/ns-allinone-3.19/ns-3.19/src/dsr/bindings/modulegen__gcc_LP64.py:2938: Warning: exception TypeLookupError(['ns3::Callback< ns3::ObjectBase *, ns3::empty, ns3::empty, ns3::empty, ns3::empty, ns3::empty, ns3::empty, ns3::empty, ns3::empty, ns3::empty >'],) in wrapper public: retval? ???::GetConstructor (params?) const;
  is_const=True)
/home/lena/ns-allinone-3.19/ns-3.19/src/dsr/bindings/modulegen__gcc_LP64.py:3017: Warning: exception TypeConfigurationError('Missing transfer_ownership option',) in wrapper public: retval? ???::LookupByHashFailSafe (params?);
  is_static=True)
bindings/python/ns3modulegen-modular.py:27: UserWarning: exception TypeLookupError(['short unsigned int'],) in wrapper None
  warnings.warn("exception %r in wrapper %s" % (exception, wrapper))
/home/lena/ns-allinone-3.19/ns-3.19/src/dsr/bindings/modulegen__gcc_LP64.py:3454: Warning: exception TypeLookupError(['std::ostream &'],) in wrapper public: virtual retval? ???::Print (params?) const = 0;
  is_pure_virtual=True, is_const=True, is_virtual=True)
/home/lena/ns-allinone-3.19/ns-3.19/src/dsr/bindings/modulegen__gcc_LP64.py:3482: Warning: exception TypeLookupError(['std::ostream &'],) in wrapper public: virtual retval? ???::Print (params?) const = 0;
  is_pure_virtual=True, is_const=True, is_virtual=True)
/home/lena/ns-allinone-3.19/ns-3.19/src/dsr/bindings/modulegen__gcc_LP64.py:3499: Warning: exception TypeConfigurationError('direction not given',) in wrapper public: retval? ???::GetData (params?) const;
  is_const=True)
/home/lena/ns-allinone-3.19/ns-3.19/src/dsr/bindings/modulegen__gcc_LP64.py:3546: Warning: exception TypeLookupError(['std::ostream &'],) in wrapper private: virtual retval? ???::Print (params?) const;
  is_const=True, visibility='private', is_virtual=True)
/home/lena/ns-allinone-3.19/ns-3.19/src/dsr/bindings/modulegen__gcc_LP64.py:3568: Warning: exception TypeConfigurationError('direction not given',) in wrapper public: retval? ???::GetData (params?) const;
  is_const=True)
/home/lena/ns-allinone-3.19/ns-3.19/src/dsr/bindings/modulegen__gcc_LP64.py:3603: Warning: exception TypeLookupError(['std::ostream &'],) in wrapper public: virtual retval? ???::Print (params?) const;
  is_const=True, is_virtual=True)
/home/lena/ns-allinone-3.19/ns-3.19/src/dsr/bindings/modulegen__gcc_LP64.py:3666: Warning: exception TypeLookupError(['std::ostream &'],) in wrapper public: virtual retval? ???::Print (params?) const;
  is_const=True, is_virtual=True)
/home/lena/ns-allinone-3.19/ns-3.19/src/dsr/bindings/modulegen__gcc_LP64.py:3696: Warning: exception TypeConfigurationError('direction not given',) in wrapper public: retval? ???::GetData (params?) const;
  is_const=True)
/home/lena/ns-allinone-3.19/ns-3.19/src/dsr/bindings/modulegen__gcc_LP64.py:3721: Warning: exception TypeLookupError(['std::ostream &'],) in wrapper public: virtual retval? ???::Print (params?) const;
  is_const=True, is_virtual=True)
/home/lena/ns-allinone-3.19/ns-3.19/src/dsr/bindings/modulegen__gcc_LP64.py:3845: Warning: exception TypeLookupError(['std::ostream &'],) in wrapper public: virtual retval? ???::Print (params?) const;
  is_const=True, is_virtual=True)
/home/lena/ns-allinone-3.19/ns-3.19/src/dsr/bindings/modulegen__gcc_LP64.py:3973: Warning: exception TypeLookupError(['std::ostream &'],) in wrapper public: virtual retval? ???::Print (params?) const;
  is_const=True, is_virtual=True)
/home/lena/ns-allinone-3.19/ns-3.19/src/dsr/bindings/modulegen__gcc_LP64.py:4115: Warning: exception TypeLookupError(['ns3::RngStream *'],) in wrapper protected: retval? ???::Peek (params?) const;
  is_const=True, visibility='protected')
/home/lena/ns-allinone-3.19/ns-3.19/src/dsr/bindings/modulegen__gcc_LP64.py:4460: Warning: exception TypeConfigurationError('direction not given',) in wrapper public: retval? ???::Recv (params?);
  [param('uint8_t *', 'buf'), param('uint32_t', 'size'), param('uint32_t', 'flags')])
/home/lena/ns-allinone-3.19/ns-3.19/src/dsr/bindings/modulegen__gcc_LP64.py:4473: Warning: exception TypeConfigurationError('direction not given',) in wrapper public: retval? ???::RecvFrom (params?);
  [param('uint8_t *', 'buf'), param('uint32_t', 'size'), param('uint32_t', 'flags'), param('ns3::Address &', 'fromAddress')])
/home/lena/ns-allinone-3.19/ns-3.19/src/dsr/bindings/modulegen__gcc_LP64.py:4486: Warning: exception TypeConfigurationError('direction not given',) in wrapper public: retval? ???::Send (params?);
  [param('uint8_t const *', 'buf'), param('uint32_t', 'size'), param('uint32_t', 'flags')])
/home/lena/ns-allinone-3.19/ns-3.19/src/dsr/bindings/modulegen__gcc_LP64.py:4495: Warning: exception TypeConfigurationError('direction not given',) in wrapper public: retval? ???::SendTo (params?);
  [param('uint8_t const *', 'buf'), param('uint32_t', 'size'), param('uint32_t', 'flags'), param('ns3::Address const &', 'address')])
/home/lena/ns-allinone-3.19/ns-3.19/src/dsr/bindings/modulegen__gcc_LP64.py:4679: Warning: exception TypeLookupError(['std::ostream &'],) in wrapper public: virtual retval? ???::Print (params?) const;
  is_const=True, is_virtual=True)
/home/lena/ns-allinone-3.19/ns-3.19/src/dsr/bindings/modulegen__gcc_LP64.py:4725: Warning: exception TypeLookupError(['std::ostream &'],) in wrapper public: virtual retval? ???::Print (params?) const;
  is_const=True, is_virtual=True)
/home/lena/ns-allinone-3.19/ns-3.19/src/dsr/bindings/modulegen__gcc_LP64.py:4771: Warning: exception TypeLookupError(['std::ostream &'],) in wrapper public: virtual retval? ???::Print (params?) const;
  is_const=True, is_virtual=True)
/home/lena/ns-allinone-3.19/ns-3.19/src/dsr/bindings/modulegen__gcc_LP64.py:4817: Warning: exception TypeLookupError(['std::ostream &'],) in wrapper public: virtual retval? ???::Print (params?) const;
  is_const=True, is_virtual=True)
/home/lena/ns-allinone-3.19/ns-3.19/src/dsr/bindings/modulegen__gcc_LP64.py:4863: Warning: exception TypeLookupError(['std::ostream &'],) in wrapper public: virtual retval? ???::Print (params?) const;
  is_const=True, is_virtual=True)
/home/lena/ns-allinone-3.19/ns-3.19/src/dsr/bindings/modulegen__gcc_LP64.py:4917: Warning: exception TypeLookupError(['std::ostream &'],) in wrapper public: virtual retval? ???::Print (params?) const;
  is_const=True, is_virtual=True)
/home/lena/ns-allinone-3.19/ns-3.19/src/dsr/bindings/modulegen__gcc_LP64.py:5168: Warning: exception TypeLookupError(['std::ostream &'],) in wrapper public: virtual retval? ???::Print (params?) const = 0;
  is_pure_virtual=True, is_const=True, is_virtual=True)
/home/lena/ns-allinone-3.19/ns-3.19/src/dsr/bindings/modulegen__gcc_LP64.py:5339: Warning: exception TypeLookupError(['std::ostream &'],) in wrapper public: virtual retval? ???::Print (params?) const;
  is_const=True, is_virtual=True)
/home/lena/ns-allinone-3.19/ns-3.19/src/dsr/bindings/modulegen__gcc_LP64.py:5500: Warning: exception TypeLookupError(['ns3::Callback< void, ns3::Ptr< ns3::Packet >, ns3::Mac48Address, ns3::Mac48Address, ns3::empty, ns3::empty, ns3::empty, ns3::empty, ns3::empty, ns3::empty >'],) in wrapper public: virtual retval? ???::SetForwardUpCallback (params?) = 0;
  is_pure_virtual=True, is_virtual=True)
/home/lena/ns-allinone-3.19/ns-3.19/src/dsr/bindings/modulegen__gcc_LP64.py:5505: Warning: exception TypeLookupError(['ns3::Callback< void, ns3::empty, ns3::empty, ns3::empty, ns3::empty, ns3::empty, ns3::empty, ns3::empty, ns3::empty, ns3::empty >'],) in wrapper public: virtual retval? ???::SetLinkDownCallback (params?) = 0;
  is_pure_virtual=True, is_virtual=True)
/home/lena/ns-allinone-3.19/ns-3.19/src/dsr/bindings/modulegen__gcc_LP64.py:5510: Warning: exception TypeLookupError(['ns3::Callback< void, ns3::empty, ns3::empty, ns3::empty, ns3::empty, ns3::empty, ns3::empty, ns3::empty, ns3::empty, ns3::empty >'],) in wrapper public: virtual retval? ???::SetLinkUpCallback (params?) = 0;
  is_pure_virtual=True, is_virtual=True)
/home/lena/ns-allinone-3.19/ns-3.19/src/dsr/bindings/modulegen__gcc_LP64.py:5564: Warning: exception TypeLookupError(['ns3::Ptr< ns3::Dcf >', 'ns3::Dcf *'],) in wrapper protected: retval? ???::ConfigureDcf (params?);
  visibility='protected')
/home/lena/ns-allinone-3.19/ns-3.19/src/dsr/bindings/modulegen__gcc_LP64.py:5831: Warning: exception TypeLookupError(['std::ostream &'],) in wrapper public: virtual retval? ???::Print (params?) const;
  is_const=True, is_virtual=True)
/home/lena/ns-allinone-3.19/ns-3.19/src/dsr/bindings/modulegen__gcc_LP64.py:6033: Warning: exception TypeLookupError(['ns3::Ptr< ns3::WifiChannel >', 'ns3::WifiChannel *'],) in wrapper public: virtual retval? ???::GetChannel (params?) const = 0;
  is_pure_virtual=True, is_const=True, is_virtual=True)
/home/lena/ns-allinone-3.19/ns-3.19/src/dsr/bindings/modulegen__gcc_LP64.py:6590: Warning: exception TypeConfigurationError('Missing transfer_ownership option',) in wrapper public: virtual retval? ???::RegisterListener (params?) = 0;
  is_pure_virtual=True, is_virtual=True)
/home/lena/ns-allinone-3.19/ns-3.19/src/dsr/bindings/modulegen__gcc_LP64.py:6640: Warning: exception TypeLookupError(['ns3::Callback< void, ns3::Ptr< ns3::Packet const >, double, ns3::empty, ns3::empty, ns3::empty, ns3::empty, ns3::empty, ns3::empty, ns3::empty >'],) in wrapper public: virtual retval? ???::SetReceiveErrorCallback (params?) = 0;
  is_pure_virtual=True, is_virtual=True)
/home/lena/ns-allinone-3.19/ns-3.19/src/dsr/bindings/modulegen__gcc_LP64.py:6645: Warning: exception TypeLookupError(['ns3::Callback< void, ns3::Ptr< ns3::Packet >, double, ns3::WifiMode, ns3::WifiPreamble, ns3::empty, ns3::empty, ns3::empty, ns3::empty, ns3::empty >'],) in wrapper public: virtual retval? ???::SetReceiveOkCallback (params?) = 0;
  is_pure_virtual=True, is_virtual=True)
/home/lena/ns-allinone-3.19/ns-3.19/src/dsr/bindings/modulegen__gcc_LP64.py:6990: Warning: exception TypeConfigurationError('Either caller_owns_return or self.reference_existing_object must be given',) in wrapper private: virtual retval? ???::DoCreateStation (params?) const = 0;
  is_pure_virtual=True, is_const=True, visibility='private', is_virtual=True)
/home/lena/ns-allinone-3.19/ns-3.19/src/dsr/bindings/modulegen__gcc_LP64.py:7070: Warning: exception TypeConfigurationError('Missing transfer_ownership option',) in wrapper private: virtual retval? ???::DoGetDataTxVector (params?) = 0;
  is_pure_virtual=True, visibility='private', is_virtual=True)
/home/lena/ns-allinone-3.19/ns-3.19/src/dsr/bindings/modulegen__gcc_LP64.py:7075: Warning: exception TypeConfigurationError('Missing transfer_ownership option',) in wrapper private: virtual retval? ???::DoGetRtsTxVector (params?) = 0;
  is_pure_virtual=True, visibility='private', is_virtual=True)
/home/lena/ns-allinone-3.19/ns-3.19/src/dsr/bindings/modulegen__gcc_LP64.py:7080: Warning: exception TypeConfigurationError('Missing transfer_ownership option',) in wrapper private: virtual retval? ???::DoNeedDataRetransmission (params?);
  visibility='private', is_virtual=True)
/home/lena/ns-allinone-3.19/ns-3.19/src/dsr/bindings/modulegen__gcc_LP64.py:7085: Warning: exception TypeConfigurationError('Missing transfer_ownership option',) in wrapper private: virtual retval? ???::DoNeedFragmentation (params?);
  visibility='private', is_virtual=True)
/home/lena/ns-allinone-3.19/ns-3.19/src/dsr/bindings/modulegen__gcc_LP64.py:7090: Warning: exception TypeConfigurationError('Missing transfer_ownership option',) in wrapper private: virtual retval? ???::DoNeedRts (params?);
  visibility='private', is_virtual=True)
/home/lena/ns-allinone-3.19/ns-3.19/src/dsr/bindings/modulegen__gcc_LP64.py:7095: Warning: exception TypeConfigurationError('Missing transfer_ownership option',) in wrapper private: virtual retval? ???::DoNeedRtsRetransmission (params?);
  visibility='private', is_virtual=True)
/home/lena/ns-allinone-3.19/ns-3.19/src/dsr/bindings/modulegen__gcc_LP64.py:7100: Warning: exception TypeConfigurationError('Missing transfer_ownership option',) in wrapper private: virtual retval? ???::DoReportDataFailed (params?) = 0;
  is_pure_virtual=True, visibility='private', is_virtual=True)
/home/lena/ns-allinone-3.19/ns-3.19/src/dsr/bindings/modulegen__gcc_LP64.py:7105: Warning: exception TypeConfigurationError('Missing transfer_ownership option',) in wrapper private: virtual retval? ???::DoReportDataOk (params?) = 0;
  is_pure_virtual=True, visibility='private', is_virtual=True)
/home/lena/ns-allinone-3.19/ns-3.19/src/dsr/bindings/modulegen__gcc_LP64.py:7110: Warning: exception TypeConfigurationError('Missing transfer_ownership option',) in wrapper private: virtual retval? ???::DoReportFinalDataFailed (params?) = 0;
  is_pure_virtual=True, visibility='private', is_virtual=True)
/home/lena/ns-allinone-3.19/ns-3.19/src/dsr/bindings/modulegen__gcc_LP64.py:7115: Warning: exception TypeConfigurationError('Missing transfer_ownership option',) in wrapper private: virtual retval? ???::DoReportFinalRtsFailed (params?) = 0;
  is_pure_virtual=True, visibility='private', is_virtual=True)
/home/lena/ns-allinone-3.19/ns-3.19/src/dsr/bindings/modulegen__gcc_LP64.py:7120: Warning: exception TypeConfigurationError('Missing transfer_ownership option',) in wrapper private: virtual retval? ???::DoReportRtsFailed (params?) = 0;
  is_pure_virtual=True, visibility='private', is_virtual=True)
/home/lena/ns-allinone-3.19/ns-3.19/src/dsr/bindings/modulegen__gcc_LP64.py:7125: Warning: exception TypeConfigurationError('Missing transfer_ownership option',) in wrapper private: virtual retval? ???::DoReportRtsOk (params?) = 0;
  is_pure_virtual=True, visibility='private', is_virtual=True)
/home/lena/ns-allinone-3.19/ns-3.19/src/dsr/bindings/modulegen__gcc_LP64.py:7130: Warning: exception TypeConfigurationError('Missing transfer_ownership option',) in wrapper private: virtual retval? ???::DoReportRxOk (params?) = 0;
  is_pure_virtual=True, visibility='private', is_virtual=True)
/home/lena/ns-allinone-3.19/ns-3.19/src/dsr/bindings/modulegen__gcc_LP64.py:7215: Warning: exception TypeConfigurationError('Either caller_owns_return or self.reference_existing_object must be given',) in wrapper public: retval? ???::Add (params?);
  [param('ns3::Ipv4Address', 'to')])
/home/lena/ns-allinone-3.19/ns-3.19/src/dsr/bindings/modulegen__gcc_LP64.py:7253: Warning: exception TypeConfigurationError('Either caller_owns_return or self.reference_existing_object must be given',) in wrapper public: retval? ???::Lookup (params?);
  [param('ns3::Ipv4Address', 'destination')])
/home/lena/ns-allinone-3.19/ns-3.19/src/dsr/bindings/modulegen__gcc_LP64.py:7289: Warning: exception TypeConfigurationError('Missing transfer_ownership option',) in wrapper <pybindgen.cppmethod.CppConstructor object at 0x31759d0>
  cls.add_constructor([param('ns3::ArpCache *', 'arp')])
/home/lena/ns-allinone-3.19/ns-3.19/src/dsr/bindings/modulegen__gcc_LP64.py:7867: Warning: exception TypeLookupError(['uint8_t *'],) in wrapper public: retval? ???::GetRxMcsBitmask (params?);
  [])
/home/lena/ns-allinone-3.19/ns-3.19/src/dsr/bindings/modulegen__gcc_LP64.py:7994: Warning: exception TypeLookupError(['ns3::Callback< void, ns3::Ptr< ns3::Packet >, ns3::Ipv4Address, ns3::Ipv4Address, unsigned char, ns3::Ptr< ns3::Ipv4Route >, ns3::empty, ns3::empty, ns3::empty, ns3::empty >'],) in wrapper public: virtual retval? ???::GetDownTarget (params?) const = 0;
  is_pure_virtual=True, is_const=True, is_virtual=True)
/home/lena/ns-allinone-3.19/ns-3.19/src/dsr/bindings/modulegen__gcc_LP64.py:7999: Warning: exception TypeLookupError(['ns3::Callback< void, ns3::Ptr< ns3::Packet >, ns3::Ipv6Address, ns3::Ipv6Address, unsigned char, ns3::Ptr< ns3::Ipv6Route >, ns3::empty, ns3::empty, ns3::empty, ns3::empty >'],) in wrapper public: virtual retval? ???::GetDownTarget6 (params?) const = 0;
  is_pure_virtual=True, is_const=True, is_virtual=True)
/home/lena/ns-allinone-3.19/ns-3.19/src/dsr/bindings/modulegen__gcc_LP64.py:8024: Warning: exception TypeConfigurationError('direction not given',) in wrapper public: virtual retval? ???::ReceiveIcmp (params?);
  is_virtual=True)
/home/lena/ns-allinone-3.19/ns-3.19/src/dsr/bindings/modulegen__gcc_LP64.py:8029: Warning: exception TypeConfigurationError('direction not given',) in wrapper public: virtual retval? ???::ReceiveIcmp (params?);
  is_virtual=True)
/home/lena/ns-allinone-3.19/ns-3.19/src/dsr/bindings/modulegen__gcc_LP64.py:8039: Warning: exception TypeLookupError(['ns3::Callback< void, ns3::Ptr< ns3::Packet >, ns3::Ipv6Address, ns3::Ipv6Address, unsigned char, ns3::Ptr< ns3::Ipv6Route >, ns3::empty, ns3::empty, ns3::empty, ns3::empty >'],) in wrapper public: virtual retval? ???::SetDownTarget6 (params?) = 0;
  is_pure_virtual=True, is_virtual=True)
/home/lena/ns-allinone-3.19/ns-3.19/src/dsr/bindings/modulegen__gcc_LP64.py:8745: Warning: exception TypeLookupError(['ns3::Callback< void, ns3::Ptr< ns3::Ipv4Route >, ns3::Ptr< ns3::Packet const >, ns3::Ipv4Header const &, ns3::empty, ns3::empty, ns3::empty, ns3::empty, ns3::empty, ns3::empty >'],) in wrapper public: virtual retval? ???::RouteInput (params?) = 0;
  is_pure_virtual=True, is_virtual=True)
/home/lena/ns-allinone-3.19/ns-3.19/src/dsr/bindings/modulegen__gcc_LP64.py:9070: Warning: exception TypeLookupError(['ns3::Callback< void, ns3::empty, ns3::empty, ns3::empty, ns3::empty, ns3::empty, ns3::empty, ns3::empty, ns3::empty, ns3::empty >'],) in wrapper public: virtual retval? ???::AddLinkChangeCallback (params?) = 0;
  is_pure_virtual=True, is_virtual=True)
/home/lena/ns-allinone-3.19/ns-3.19/src/dsr/bindings/modulegen__gcc_LP64.py:9085: Warning: exception TypeLookupError(['ns3::Ptr< ns3::Channel >', 'ns3::Channel *'],) in wrapper public: virtual retval? ???::GetChannel (params?) const = 0;
  is_pure_virtual=True, is_const=True, is_virtual=True)
/home/lena/ns-allinone-3.19/ns-3.19/src/dsr/bindings/modulegen__gcc_LP64.py:9180: Warning: exception TypeLookupError(['ns3::Callback< bool, ns3::Ptr< ns3::NetDevice >, ns3::Ptr< ns3::Packet const >, short unsigned int, ns3::Address const &, ns3::Address const &, ns3::NetDevice::PacketType, ns3::empty, ns3::empty, ns3::empty >'],) in wrapper public: virtual retval? ???::SetPromiscReceiveCallback (params?) = 0;
  is_pure_virtual=True, is_virtual=True)
/home/lena/ns-allinone-3.19/ns-3.19/src/dsr/bindings/modulegen__gcc_LP64.py:9185: Warning: exception TypeLookupError(['ns3::Callback< bool, ns3::Ptr< ns3::NetDevice >, ns3::Ptr< ns3::Packet const >, short unsigned int, ns3::Address const &, ns3::empty, ns3::empty, ns3::empty, ns3::empty, ns3::empty >'],) in wrapper public: virtual retval? ???::SetReceiveCallback (params?) = 0;
  is_pure_virtual=True, is_virtual=True)
/home/lena/ns-allinone-3.19/ns-3.19/src/dsr/bindings/modulegen__gcc_LP64.py:9247: Warning: exception TypeLookupError(['ns3::Ptr< ns3::Application >', 'ns3::Application *'],) in wrapper public: retval? ???::AddApplication (params?);
  [param('ns3::Ptr< ns3::Application >', 'application')])
/home/lena/ns-allinone-3.19/ns-3.19/src/dsr/bindings/modulegen__gcc_LP64.py:9261: Warning: exception TypeLookupError(['ns3::Ptr< ns3::Application >', 'ns3::Application *'],) in wrapper public: retval? ???::GetApplication (params?) const;
  is_const=True)
/home/lena/ns-allinone-3.19/ns-3.19/src/dsr/bindings/modulegen__gcc_LP64.py:9295: Warning: exception TypeLookupError(['ns3::Callback< void, ns3::Ptr< ns3::NetDevice >, ns3::empty, ns3::empty, ns3::empty, ns3::empty, ns3::empty, ns3::empty, ns3::empty, ns3::empty >'],) in wrapper public: retval? ???::RegisterDeviceAdditionListener (params?);
  [param('ns3::Callback< void, ns3::Ptr< ns3::NetDevice >, ns3::empty, ns3::empty, ns3::empty, ns3::empty, ns3::empty, ns3::empty, ns3::empty, ns3::empty >', 'listener')])
/home/lena/ns-allinone-3.19/ns-3.19/src/dsr/bindings/modulegen__gcc_LP64.py:9303: Warning: exception TypeLookupError(['ns3::Callback< void, ns3::Ptr< ns3::NetDevice >, ns3::empty, ns3::empty, ns3::empty, ns3::empty, ns3::empty, ns3::empty, ns3::empty, ns3::empty >'],) in wrapper public: retval? ???::UnregisterDeviceAdditionListener (params?);
  [param('ns3::Callback< void, ns3::Ptr< ns3::NetDevice >, ns3::empty, ns3::empty, ns3::empty, ns3::empty, ns3::empty, ns3::empty, ns3::empty, ns3::empty >', 'listener')])
/home/lena/ns-allinone-3.19/ns-3.19/src/dsr/bindings/modulegen__gcc_LP64.py:9411: Warning: exception TypeLookupError(['std::ostream *'],) in wrapper <pybindgen.cppmethod.CppConstructor object at 0x3ba8a90>
  cls.add_constructor([param('std::ostream *', 'os')])
/home/lena/ns-allinone-3.19/ns-3.19/src/dsr/bindings/modulegen__gcc_LP64.py:9415: Warning: exception TypeLookupError(['std::ostream *'],) in wrapper public: retval? ???::GetStream (params?);
  [])
/home/lena/ns-allinone-3.19/ns-3.19/src/dsr/bindings/modulegen__gcc_LP64.py:9427: Warning: exception TypeConfigurationError('direction not given',) in wrapper <pybindgen.cppmethod.CppConstructor object at 0x3bae810>
  cls.add_constructor([param('uint8_t const *', 'buffer'), param('uint32_t', 'size'), param('bool', 'magic')])
/home/lena/ns-allinone-3.19/ns-3.19/src/dsr/bindings/modulegen__gcc_LP64.py:9429: Warning: exception TypeConfigurationError('direction not given',) in wrapper <pybindgen.cppmethod.CppConstructor object at 0x3bae850>
  cls.add_constructor([param('uint8_t const *', 'buffer'), param('uint32_t', 'size')])
/home/lena/ns-allinone-3.19/ns-3.19/src/dsr/bindings/modulegen__gcc_LP64.py:9470: Warning: exception TypeConfigurationError('direction not given',) in wrapper public: retval? ???::CopyData (params?) const;
  is_const=True)
/home/lena/ns-allinone-3.19/ns-3.19/src/dsr/bindings/modulegen__gcc_LP64.py:9475: Warning: exception TypeLookupError(['std::ostream *'],) in wrapper public: retval? ???::CopyData (params?) const;
  is_const=True)
/home/lena/ns-allinone-3.19/ns-3.19/src/dsr/bindings/modulegen__gcc_LP64.py:9530: Warning: exception TypeLookupError(['uint8_t *'],) in wrapper public: retval? ???::PeekData (params?) const;
  deprecated=True, is_const=True)
/home/lena/ns-allinone-3.19/ns-3.19/src/dsr/bindings/modulegen__gcc_LP64.py:9549: Warning: exception TypeLookupError(['std::ostream &'],) in wrapper public: retval? ???::Print (params?) const;
  is_const=True)
/home/lena/ns-allinone-3.19/ns-3.19/src/dsr/bindings/modulegen__gcc_LP64.py:9554: Warning: exception TypeLookupError(['std::ostream &'],) in wrapper public: retval? ???::PrintByteTags (params?) const;
  is_const=True)
/home/lena/ns-allinone-3.19/ns-3.19/src/dsr/bindings/modulegen__gcc_LP64.py:9559: Warning: exception TypeLookupError(['std::ostream &'],) in wrapper public: retval? ???::PrintPacketTags (params?) const;
  is_const=True)
/home/lena/ns-allinone-3.19/ns-3.19/src/dsr/bindings/modulegen__gcc_LP64.py:9596: Warning: exception TypeConfigurationError('direction not given',) in wrapper public: retval? ???::Serialize (params?) const;
  is_const=True)
/home/lena/ns-allinone-3.19/ns-3.19/src/dsr/bindings/modulegen__gcc_LP64.py:9763: Warning: exception TypeLookupError(['ns3::Ipv4EndPoint *'],) in wrapper public: retval? ???::Allocate (params?);
  [])
/home/lena/ns-allinone-3.19/ns-3.19/src/dsr/bindings/modulegen__gcc_LP64.py:9767: Warning: exception TypeLookupError(['ns3::Ipv4EndPoint *'],) in wrapper public: retval? ???::Allocate (params?);
  [param('ns3::Ipv4Address', 'address')])
/home/lena/ns-allinone-3.19/ns-3.19/src/dsr/bindings/modulegen__gcc_LP64.py:9771: Warning: exception TypeLookupError(['ns3::Ipv4EndPoint *'],) in wrapper public: retval? ???::Allocate (params?);
  [param('uint16_t', 'port')])
/home/lena/ns-allinone-3.19/ns-3.19/src/dsr/bindings/modulegen__gcc_LP64.py:9775: Warning: exception TypeLookupError(['ns3::Ipv4EndPoint *'],) in wrapper public: retval? ???::Allocate (params?);
  [param('ns3::Ipv4Address', 'address'), param('uint16_t', 'port')])
/home/lena/ns-allinone-3.19/ns-3.19/src/dsr/bindings/modulegen__gcc_LP64.py:9779: Warning: exception TypeLookupError(['ns3::Ipv4EndPoint *'],) in wrapper public: retval? ???::Allocate (params?);
  [param('ns3::Ipv4Address', 'localAddress'), param('uint16_t', 'localPort'), param('ns3::Ipv4Address', 'peerAddress'), param('uint16_t', 'peerPort')])
/home/lena/ns-allinone-3.19/ns-3.19/src/dsr/bindings/modulegen__gcc_LP64.py:9783: Warning: exception TypeLookupError(['ns3::Ipv6EndPoint *'],) in wrapper public: retval? ???::Allocate6 (params?);
  [])
/home/lena/ns-allinone-3.19/ns-3.19/src/dsr/bindings/modulegen__gcc_LP64.py:9787: Warning: exception TypeLookupError(['ns3::Ipv6EndPoint *'],) in wrapper public: retval? ???::Allocate6 (params?);
  [param('ns3::Ipv6Address', 'address')])
/home/lena/ns-allinone-3.19/ns-3.19/src/dsr/bindings/modulegen__gcc_LP64.py:9791: Warning: exception TypeLookupError(['ns3::Ipv6EndPoint *'],) in wrapper public: retval? ???::Allocate6 (params?);
  [param('uint16_t', 'port')])
/home/lena/ns-allinone-3.19/ns-3.19/src/dsr/bindings/modulegen__gcc_LP64.py:9795: Warning: exception TypeLookupError(['ns3::Ipv6EndPoint *'],) in wrapper public: retval? ???::Allocate6 (params?);
  [param('ns3::Ipv6Address', 'address'), param('uint16_t', 'port')])
/home/lena/ns-allinone-3.19/ns-3.19/src/dsr/bindings/modulegen__gcc_LP64.py:9799: Warning: exception TypeLookupError(['ns3::Ipv6EndPoint *'],) in wrapper public: retval? ???::Allocate6 (params?);
  [param('ns3::Ipv6Address', 'localAddress'), param('uint16_t', 'localPort'), param('ns3::Ipv6Address', 'peerAddress'), param('uint16_t', 'peerPort')])
/home/lena/ns-allinone-3.19/ns-3.19/src/dsr/bindings/modulegen__gcc_LP64.py:9803: Warning: exception TypeLookupError(['ns3::Ipv4EndPoint *'],) in wrapper public: retval? ???::DeAllocate (params?);
  [param('ns3::Ipv4EndPoint *', 'endPoint')])
/home/lena/ns-allinone-3.19/ns-3.19/src/dsr/bindings/modulegen__gcc_LP64.py:9807: Warning: exception TypeLookupError(['ns3::Ipv6EndPoint *'],) in wrapper public: retval? ???::DeAllocate (params?);
  [param('ns3::Ipv6EndPoint *', 'endPoint')])
/home/lena/ns-allinone-3.19/ns-3.19/src/dsr/bindings/modulegen__gcc_LP64.py:9830: Warning: exception TypeConfigurationError('direction not given',) in wrapper public: virtual retval? ???::ReceiveIcmp (params?);
  is_virtual=True)
/home/lena/ns-allinone-3.19/ns-3.19/src/dsr/bindings/modulegen__gcc_LP64.py:9835: Warning: exception TypeConfigurationError('direction not given',) in wrapper public: virtual retval? ???::ReceiveIcmp (params?);
  is_virtual=True)
/home/lena/ns-allinone-3.19/ns-3.19/src/dsr/bindings/modulegen__gcc_LP64.py:9845: Warning: exception TypeLookupError(['ns3::Callback< void, ns3::Ptr< ns3::Packet >, ns3::Ipv6Address, ns3::Ipv6Address, unsigned char, ns3::Ptr< ns3::Ipv6Route >, ns3::empty, ns3::empty, ns3::empty, ns3::empty >'],) in wrapper public: virtual retval? ???::SetDownTarget6 (params?);
  is_virtual=True)
/home/lena/ns-allinone-3.19/ns-3.19/src/dsr/bindings/modulegen__gcc_LP64.py:9850: Warning: exception TypeLookupError(['ns3::Callback< void, ns3::Ptr< ns3::Packet >, ns3::Ipv4Address, ns3::Ipv4Address, unsigned char, ns3::Ptr< ns3::Ipv4Route >, ns3::empty, ns3::empty, ns3::empty, ns3::empty >'],) in wrapper public: virtual retval? ???::GetDownTarget (params?) const;
  is_const=True, is_virtual=True)
/home/lena/ns-allinone-3.19/ns-3.19/src/dsr/bindings/modulegen__gcc_LP64.py:9855: Warning: exception TypeLookupError(['ns3::Callback< void, ns3::Ptr< ns3::Packet >, ns3::Ipv6Address, ns3::Ipv6Address, unsigned char, ns3::Ptr< ns3::Ipv6Route >, ns3::empty, ns3::empty, ns3::empty, ns3::empty >'],) in wrapper public: virtual retval? ???::GetDownTarget6 (params?) const;
  is_const=True, is_virtual=True)
/home/lena/ns-allinone-3.19/ns-3.19/src/dsr/bindings/modulegen__gcc_LP64.py:9967: Warning: exception TypeLookupError(['ns3::Ipv4EndPoint *'],) in wrapper public: retval? ???::Allocate (params?);
  [])
/home/lena/ns-allinone-3.19/ns-3.19/src/dsr/bindings/modulegen__gcc_LP64.py:9971: Warning: exception TypeLookupError(['ns3::Ipv4EndPoint *'],) in wrapper public: retval? ???::Allocate (params?);
  [param('ns3::Ipv4Address', 'address')])
/home/lena/ns-allinone-3.19/ns-3.19/src/dsr/bindings/modulegen__gcc_LP64.py:9975: Warning: exception TypeLookupError(['ns3::Ipv4EndPoint *'],) in wrapper public: retval? ???::Allocate (params?);
  [param('uint16_t', 'port')])
/home/lena/ns-allinone-3.19/ns-3.19/src/dsr/bindings/modulegen__gcc_LP64.py:9979: Warning: exception TypeLookupError(['ns3::Ipv4EndPoint *'],) in wrapper public: retval? ???::Allocate (params?);
  [param('ns3::Ipv4Address', 'address'), param('uint16_t', 'port')])
/home/lena/ns-allinone-3.19/ns-3.19/src/dsr/bindings/modulegen__gcc_LP64.py:9983: Warning: exception TypeLookupError(['ns3::Ipv4EndPoint *'],) in wrapper public: retval? ???::Allocate (params?);
  [param('ns3::Ipv4Address', 'localAddress'), param('uint16_t', 'localPort'), param('ns3::Ipv4Address', 'peerAddress'), param('uint16_t', 'peerPort')])
/home/lena/ns-allinone-3.19/ns-3.19/src/dsr/bindings/modulegen__gcc_LP64.py:9987: Warning: exception TypeLookupError(['ns3::Ipv6EndPoint *'],) in wrapper public: retval? ???::Allocate6 (params?);
  [])
/home/lena/ns-allinone-3.19/ns-3.19/src/dsr/bindings/modulegen__gcc_LP64.py:9991: Warning: exception TypeLookupError(['ns3::Ipv6EndPoint *'],) in wrapper public: retval? ???::Allocate6 (params?);
  [param('ns3::Ipv6Address', 'address')])
/home/lena/ns-allinone-3.19/ns-3.19/src/dsr/bindings/modulegen__gcc_LP64.py:9995: Warning: exception TypeLookupError(['ns3::Ipv6EndPoint *'],) in wrapper public: retval? ???::Allocate6 (params?);
  [param('uint16_t', 'port')])
/home/lena/ns-allinone-3.19/ns-3.19/src/dsr/bindings/modulegen__gcc_LP64.py:9999: Warning: exception TypeLookupError(['ns3::Ipv6EndPoint *'],) in wrapper public: retval? ???::Allocate6 (params?);
  [param('ns3::Ipv6Address', 'address'), param('uint16_t', 'port')])
/home/lena/ns-allinone-3.19/ns-3.19/src/dsr/bindings/modulegen__gcc_LP64.py:10003: Warning: exception TypeLookupError(['ns3::Ipv6EndPoint *'],) in wrapper public: retval? ???::Allocate6 (params?);
  [param('ns3::Ipv6Address', 'localAddress'), param('uint16_t', 'localPort'), param('ns3::Ipv6Address', 'peerAddress'), param('uint16_t', 'peerPort')])
/home/lena/ns-allinone-3.19/ns-3.19/src/dsr/bindings/modulegen__gcc_LP64.py:10007: Warning: exception TypeLookupError(['ns3::Ipv4EndPoint *'],) in wrapper public: retval? ???::DeAllocate (params?);
  [param('ns3::Ipv4EndPoint *', 'endPoint')])
/home/lena/ns-allinone-3.19/ns-3.19/src/dsr/bindings/modulegen__gcc_LP64.py:10011: Warning: exception TypeLookupError(['ns3::Ipv6EndPoint *'],) in wrapper public: retval? ???::DeAllocate (params?);
  [param('ns3::Ipv6EndPoint *', 'endPoint')])
/home/lena/ns-allinone-3.19/ns-3.19/src/dsr/bindings/modulegen__gcc_LP64.py:10027: Warning: exception TypeLookupError(['ns3::Ptr< ns3::Ipv6Route >', 'ns3::Ipv6Route *'],) in wrapper public: retval? ???::Send (params?);
  [param('ns3::Ptr< ns3::Packet >', 'packet'), param('ns3::Ipv6Address', 'saddr'), param('ns3::Ipv6Address', 'daddr'), param('uint16_t', 'sport'), param('uint16_t', 'dport'), param('ns3::Ptr< ns3::Ipv6Route >', 'route')])
/home/lena/ns-allinone-3.19/ns-3.19/src/dsr/bindings/modulegen__gcc_LP64.py:10042: Warning: exception TypeConfigurationError('direction not given',) in wrapper public: virtual retval? ???::ReceiveIcmp (params?);
  is_virtual=True)
/home/lena/ns-allinone-3.19/ns-3.19/src/dsr/bindings/modulegen__gcc_LP64.py:10047: Warning: exception TypeConfigurationError('direction not given',) in wrapper public: virtual retval? ???::ReceiveIcmp (params?);
  is_virtual=True)
/home/lena/ns-allinone-3.19/ns-3.19/src/dsr/bindings/modulegen__gcc_LP64.py:10057: Warning: exception TypeLookupError(['ns3::Callback< void, ns3::Ptr< ns3::Packet >, ns3::Ipv6Address, ns3::Ipv6Address, unsigned char, ns3::Ptr< ns3::Ipv6Route >, ns3::empty, ns3::empty, ns3::empty, ns3::empty >'],) in wrapper public: virtual retval? ???::SetDownTarget6 (params?);
  is_virtual=True)
/home/lena/ns-allinone-3.19/ns-3.19/src/dsr/bindings/modulegen__gcc_LP64.py:10062: Warning: exception TypeLookupError(['ns3::Callback< void, ns3::Ptr< ns3::Packet >, ns3::Ipv4Address, ns3::Ipv4Address, unsigned char, ns3::Ptr< ns3::Ipv4Route >, ns3::empty, ns3::empty, ns3::empty, ns3::empty >'],) in wrapper public: virtual retval? ???::GetDownTarget (params?) const;
  is_const=True, is_virtual=True)
/home/lena/ns-allinone-3.19/ns-3.19/src/dsr/bindings/modulegen__gcc_LP64.py:10067: Warning: exception TypeLookupError(['ns3::Callback< void, ns3::Ptr< ns3::Packet >, ns3::Ipv6Address, ns3::Ipv6Address, unsigned char, ns3::Ptr< ns3::Ipv6Route >, ns3::empty, ns3::empty, ns3::empty, ns3::empty >'],) in wrapper public: virtual retval? ???::GetDownTarget6 (params?) const;
  is_const=True, is_virtual=True)
/home/lena/ns-allinone-3.19/ns-3.19/src/dsr/bindings/modulegen__gcc_LP64.py:10202: Warning: exception TypeLookupError(['ns3::Callback< void, ns3::Ptr< ns3::Packet >, ns3::Ipv4Address, ns3::Ipv4Address, unsigned char, ns3::Ptr< ns3::Ipv4Route >, ns3::empty, ns3::empty, ns3::empty, ns3::empty >'],) in wrapper public: virtual retval? ???::GetDownTarget (params?) const;
  is_const=True, is_virtual=True)
/home/lena/ns-allinone-3.19/ns-3.19/src/dsr/bindings/modulegen__gcc_LP64.py:10207: Warning: exception TypeLookupError(['ns3::Callback< void, ns3::Ptr< ns3::Packet >, ns3::Ipv6Address, ns3::Ipv6Address, unsigned char, ns3::Ptr< ns3::Ipv6Route >, ns3::empty, ns3::empty, ns3::empty, ns3::empty >'],) in wrapper public: virtual retval? ???::GetDownTarget6 (params?) const;
  is_const=True, is_virtual=True)
/home/lena/ns-allinone-3.19/ns-3.19/src/dsr/bindings/modulegen__gcc_LP64.py:10254: Warning: exception TypeLookupError(['ns3::Callback< void, ns3::Ptr< ns3::Packet >, ns3::Ipv6Address, ns3::Ipv6Address, unsigned char, ns3::Ptr< ns3::Ipv6Route >, ns3::empty, ns3::empty, ns3::empty, ns3::empty >'],) in wrapper public: virtual retval? ???::SetDownTarget6 (params?);
  is_virtual=True)
/home/lena/ns-allinone-3.19/ns-3.19/src/dsr/bindings/modulegen__gcc_LP64.py:10321: Warning: exception TypeLookupError(['ns3::Hash::Hash32Function_ptr'],) in wrapper <pybindgen.cppmethod.CppConstructor object at 0x3ef1c90>
  cls.add_constructor([param('ns3::Hash::Hash32Function_ptr', 'hp')])
/home/lena/ns-allinone-3.19/ns-3.19/src/dsr/bindings/modulegen__gcc_LP64.py:10338: Warning: exception TypeLookupError(['ns3::Hash::Hash64Function_ptr'],) in wrapper <pybindgen.cppmethod.CppConstructor object at 0x3de4450>
  cls.add_constructor([param('ns3::Hash::Hash64Function_ptr', 'hp')])
/home/lena/ns-allinone-3.19/ns-3.19/src/dsr/bindings/modulegen__gcc_LP64.py:10445: Warning: exception TypeLookupError(['std::ostream &'],) in wrapper public: virtual retval? ???::Print (params?) const;
  is_const=True, is_virtual=True)
/home/lena/ns-allinone-3.19/ns-3.19/src/dsr/bindings/modulegen__gcc_LP64.py:10505: Warning: exception TypeLookupError(['std::vector< ns3::dsr::DsrNetworkQueueEntry > &'],) in wrapper public: retval? ???::GetQueue (params?);
  [])
/home/lena/ns-allinone-3.19/ns-3.19/src/dsr/bindings/modulegen__gcc_LP64.py:10655: Warning: exception TypeLookupError(['std::ostream &'],) in wrapper public: virtual retval? ???::Print (params?) const;
  is_const=True, is_virtual=True)
/home/lena/ns-allinone-3.19/ns-3.19/src/dsr/bindings/modulegen__gcc_LP64.py:10711: Warning: exception TypeLookupError(['std::ostream &'],) in wrapper public: virtual retval? ???::Print (params?) const;
  is_const=True, is_virtual=True)
/home/lena/ns-allinone-3.19/ns-3.19/src/dsr/bindings/modulegen__gcc_LP64.py:10748: Warning: exception TypeLookupError(['std::ostream &'],) in wrapper public: virtual retval? ???::Print (params?) const;
  is_const=True, is_virtual=True)
/home/lena/ns-allinone-3.19/ns-3.19/src/dsr/bindings/modulegen__gcc_LP64.py:10810: Warning: exception TypeLookupError(['std::ostream &'],) in wrapper public: virtual retval? ???::Print (params?) const;
  is_const=True, is_virtual=True)
/home/lena/ns-allinone-3.19/ns-3.19/src/dsr/bindings/modulegen__gcc_LP64.py:10896: Warning: exception TypeLookupError(['std::ostream &'],) in wrapper public: virtual retval? ???::Print (params?) const;
  is_const=True, is_virtual=True)
/home/lena/ns-allinone-3.19/ns-3.19/src/dsr/bindings/modulegen__gcc_LP64.py:10981: Warning: exception TypeLookupError(['std::ostream &'],) in wrapper public: virtual retval? ???::Print (params?) const;
  is_const=True, is_virtual=True)
/home/lena/ns-allinone-3.19/ns-3.19/src/dsr/bindings/modulegen__gcc_LP64.py:11057: Warning: exception TypeLookupError(['std::ostream &'],) in wrapper public: virtual retval? ???::Print (params?) const;
  is_const=True, is_virtual=True)
/home/lena/ns-allinone-3.19/ns-3.19/src/dsr/bindings/modulegen__gcc_LP64.py:11139: Warning: exception TypeLookupError(['std::ostream &'],) in wrapper public: virtual retval? ???::Print (params?) const;
  is_const=True, is_virtual=True)
/home/lena/ns-allinone-3.19/ns-3.19/src/dsr/bindings/modulegen__gcc_LP64.py:11227: Warning: exception TypeLookupError(['std::ostream &'],) in wrapper public: virtual retval? ???::Print (params?) const;
  is_const=True, is_virtual=True)
/home/lena/ns-allinone-3.19/ns-3.19/src/dsr/bindings/modulegen__gcc_LP64.py:11327: Warning: exception TypeLookupError(['ns3::Ptr< ns3::Packet > &'],) in wrapper public: retval? ???::ScheduleReply (params?);
  [param('ns3::Ptr< ns3::Packet > &', 'packet'), param('std::vector< ns3::Ipv4Address > &', 'nodeList'), param('ns3::Ipv4Address &', 'source'), param('ns3::Ipv4Address &', 'destination')])
/home/lena/ns-allinone-3.19/ns-3.19/src/dsr/bindings/modulegen__gcc_LP64.py:11351: Warning: exception TypeLookupError(['ns3::Ptr< ns3::Packet > &'],) in wrapper public: retval? ???::AddAckReqHeader (params?);
  [param('ns3::Ptr< ns3::Packet > &', 'packet'), param('ns3::Ipv4Address', 'nextHop')])
/home/lena/ns-allinone-3.19/ns-3.19/src/dsr/bindings/modulegen__gcc_LP64.py:11420: Warning: exception TypeLookupError(['ns3::Callback< void, ns3::Ptr< ns3::Packet >, ns3::Ipv4Address, ns3::Ipv4Address, unsigned char, ns3::Ptr< ns3::Ipv4Route >, ns3::empty, ns3::empty, ns3::empty, ns3::empty >'],) in wrapper public: virtual retval? ???::GetDownTarget (params?) const;
  is_const=True, is_virtual=True)
/home/lena/ns-allinone-3.19/ns-3.19/src/dsr/bindings/modulegen__gcc_LP64.py:11425: Warning: exception TypeLookupError(['ns3::Callback< void, ns3::Ptr< ns3::Packet >, ns3::Ipv6Address, ns3::Ipv6Address, unsigned char, ns3::Ptr< ns3::Ipv6Route >, ns3::empty, ns3::empty, ns3::empty, ns3::empty >'],) in wrapper public: virtual retval? ???::GetDownTarget6 (params?) const;
  is_const=True, is_virtual=True)
/home/lena/ns-allinone-3.19/ns-3.19/src/dsr/bindings/modulegen__gcc_LP64.py:11535: Warning: exception TypeLookupError(['ns3::Ptr< ns3::Packet > &'],) in wrapper public: retval? ???::Process (params?);
  [param('ns3::Ptr< ns3::Packet > &', 'packet'), param('ns3::Ipv4Header const &', 'ipv4Header'), param('ns3::Ipv4Address', 'dst'), param('uint8_t *', 'nextHeader'), param('uint8_t', 'protocol'), param('bool &', 'isDropped')])
/home/lena/ns-allinone-3.19/ns-3.19/src/dsr/bindings/modulegen__gcc_LP64.py:11647: Warning: exception TypeLookupError(['ns3::Callback< void, ns3::Ptr< ns3::Packet >, ns3::Ipv6Address, ns3::Ipv6Address, unsigned char, ns3::Ptr< ns3::Ipv6Route >, ns3::empty, ns3::empty, ns3::empty, ns3::empty >'],) in wrapper public: virtual retval? ???::SetDownTarget6 (params?);
  is_virtual=True)
/home/lena/ns-allinone-3.19/ns-3.19/src/dsr/bindings/modulegen__gcc_LP64.py:11720: Warning: exception TypeLookupError(['std::ostream &'],) in wrapper public: virtual retval? ???::Print (params?) const;
  is_const=True, is_virtual=True)
/home/lena/ns-allinone-3.19/ns-3.19/src/dsr/bindings/modulegen__gcc_LP64.py:11814: Warning: exception TypeLookupError(['std::vector< ns3::dsr::ErrorBuffEntry > &'],) in wrapper public: retval? ???::GetBuffer (params?);
  [])
/home/lena/ns-allinone-3.19/ns-3.19/src/dsr/bindings/modulegen__gcc_LP64.py:12383: Warning: exception TypeLookupError(['ns3::Callback< void, ns3::Ipv4Address, unsigned char, ns3::empty, ns3::empty, ns3::empty, ns3::empty, ns3::empty, ns3::empty, ns3::empty >'],) in wrapper public: retval? ???::GetCallback (params?) const;
  is_const=True)
/home/lena/ns-allinone-3.19/ns-3.19/src/dsr/bindings/modulegen__gcc_LP64.py:12427: Warning: exception TypeLookupError(['ns3::Callback< void, ns3::WifiMacHeader const &, ns3::empty, ns3::empty, ns3::empty, ns3::empty, ns3::empty, ns3::empty, ns3::empty, ns3::empty >'],) in wrapper public: retval? ???::GetTxErrorCallback (params?) const;
  is_const=True)
/home/lena/ns-allinone-3.19/ns-3.19/src/dsr/bindings/modulegen__gcc_LP64.py:12457: Warning: exception TypeLookupError(['std::ostream &'],) in wrapper public: retval? ???::Print (params?);
  [param('std::ostream &', 'os')])
bindings/python/ns3modulegen-modular.py:27: UserWarning: exception TypeLookupError(['ns3::Callback< void, ns3::Ipv4Address, unsigned char, ns3::empty, ns3::empty, ns3::empty, ns3::empty, ns3::empty, ns3::empty, ns3::empty >'],) in wrapper None
  warnings.warn("exception %r in wrapper %s" % (exception, wrapper))
bindings/python/ns3modulegen-modular.py:27: UserWarning: exception TypeLookupError(['ns3::Callback< void, ns3::WifiMacHeader const &, ns3::empty, ns3::empty, ns3::empty, ns3::empty, ns3::empty, ns3::empty, ns3::empty, ns3::empty >'],) in wrapper None
  warnings.warn("exception %r in wrapper %s" % (exception, wrapper))
/home/lena/ns-allinone-3.19/ns-3.19/src/dsr/bindings/modulegen__gcc_LP64.py:12628: Warning: exception TypeLookupError(['std::ostream &'],) in wrapper public: retval? ???::Print (params?) const;
  is_const=True)
/home/lena/ns-allinone-3.19/ns-3.19/src/dsr/bindings/modulegen__gcc_LP64.py:12671: Warning: exception TypeConfigurationError('Either caller_owns_return or self.reference_existing_object must be given',) in wrapper public: retval? ???::FindUnidirectional (params?);
  [param('ns3::Ipv4Address', 'neighbor')])
/home/lena/ns-allinone-3.19/ns-3.19/src/dsr/bindings/modulegen__gcc_LP64.py:12822: Warning: exception TypeLookupError(['std::vector< ns3::dsr::SendBuffEntry > &'],) in wrapper public: retval? ???::GetBuffer (params?);
  [])
/home/lena/ns-allinone-3.19/ns-3.19/src/dsr/bindings/modulegen__gcc_LP64.py:12925: Warning: exception TypeLookupError(['std::ostream &'],) in wrapper public: virtual retval? ???::Print (params?) const;
  is_const=True, is_virtual=True)
/home/lena/ns-allinone-3.19/ns-3.19/src/dsr/bindings/modulegen__gcc_LP64.py:13013: Warning: exception TypeLookupError(['std::ostream &'],) in wrapper public: virtual retval? ???::Print (params?) const;
  is_const=True, is_virtual=True)
/home/lena/ns-allinone-3.19/pybindgen-0.16.0.834/pybindgen/cppclass_typehandlers.py:1098: UserWarning: Returning shared pointers is dangerous!  The C++ API should be redesigned to avoid this situation.
  warnings.warn("Returning shared pointers is dangerous!"
bindings/python/ns3modulegen-modular.py:27: UserWarning: exception CodeGenerationError('ns3::dsr::DsrOptions cannot be constructed (class has pure virtual methods)',) in wrapper <pybindgen.CppClass 'ns3::dsr::DsrOptions'>
  warnings.warn("exception %r in wrapper %s" % (exception, wrapper))
