>>>>>>>>>>>>>>>> [['void', 'ns3::Ptr<ns3::Packet>', 'ns3::WifiMacHeader const*', 'ns3::empty', 'ns3::empty', 'ns3::empty', 'ns3::empty', 'ns3::empty', 'ns3::empty', 'ns3::empty'], ['void', 'ns3::empty', 'ns3::empty', 'ns3::empty', 'ns3::empty', 'ns3::empty', 'ns3::empty', 'ns3::empty', 'ns3::empty', 'ns3::empty'], ['void', 'ns3::Ptr<ns3::NetDevice>', 'ns3::Ptr<ns3::Packet const>', 'unsigned short', 'ns3::Address const&', 'ns3::Address const&', 'ns3::NetDevice::PacketType', 'ns3::empty', 'ns3::empty', 'ns3::empty'], ['void', 'ns3::WifiMacHeader const&', 'ns3::empty', 'ns3::empty', 'ns3::empty', 'ns3::empty', 'ns3::empty', 'ns3::empty', 'ns3::empty', 'ns3::empty'], ['void', 'ns3::Ptr<ns3::Packet>', 'ns3::Mac48Address', 'ns3::Mac48Address', 'ns3::empty', 'ns3::empty', 'ns3::empty', 'ns3::empty', 'ns3::empty', 'ns3::empty'], ['void', 'ns3::Mac48Address', 'unsigned char', 'ns3::empty', 'ns3::empty', 'ns3::empty', 'ns3::empty', 'ns3::empty', 'ns3::empty', 'ns3::empty'], ['void', 'ns3::Mac48Address', 'unsigned char', 'bool', 'ns3::empty', 'ns3::empty', 'ns3::empty', 'ns3::empty', 'ns3::empty', 'ns3::empty']]
/home/lena/ns-allinone-3.19/ns-3.19/bindings/python/ns3modulegen_core_customizations.py:70: DeprecationWarning: Typo: set_tranformation -> set_transformation
  handler.set_tranformation(self, orig_ctype)
/home/lena/ns-allinone-3.19/pybindgen-0.16.0.834/pybindgen/typehandlers/base.py:1059: DeprecationWarning: is_const is deprecated, put a 'const' in the C type instead.
  warnings.warn("is_const is deprecated, put a 'const' in the C type instead.", DeprecationWarning)
***** registering callback handler: 'ns3::Callback< void, ns3::Ptr< ns3::Packet >, ns3::WifiMacHeader const *, ns3::empty, ns3::empty, ns3::empty, ns3::empty, ns3::empty, ns3::empty, ns3::empty >'
***** registering callback handler: 'ns3::Callback< void, ns3::empty, ns3::empty, ns3::empty, ns3::empty, ns3::empty, ns3::empty, ns3::empty, ns3::empty, ns3::empty >'
***** registering callback handler: 'ns3::Callback< void, ns3::Ptr< ns3::NetDevice >, ns3::Ptr< ns3::Packet const >, unsigned short, ns3::Address const &, ns3::Address const &, ns3::NetDevice::PacketType, ns3::empty, ns3::empty, ns3::empty >'
***** registering callback handler: 'ns3::Callback< void, ns3::WifiMacHeader const &, ns3::empty, ns3::empty, ns3::empty, ns3::empty, ns3::empty, ns3::empty, ns3::empty, ns3::empty >'
***** registering callback handler: 'ns3::Callback< void, ns3::Ptr< ns3::Packet >, ns3::Mac48Address, ns3::Mac48Address, ns3::empty, ns3::empty, ns3::empty, ns3::empty, ns3::empty, ns3::empty >'
***** registering callback handler: 'ns3::Callback< void, ns3::Mac48Address, unsigned char, ns3::empty, ns3::empty, ns3::empty, ns3::empty, ns3::empty, ns3::empty, ns3::empty >'
***** registering callback handler: 'ns3::Callback< void, ns3::Mac48Address, unsigned char, bool, ns3::empty, ns3::empty, ns3::empty, ns3::empty, ns3::empty, ns3::empty >'
/home/lena/ns-allinone-3.19/ns-3.19/src/wave/bindings/modulegen__gcc_LP64.py:669: Warning: exception TypeConfigurationError('direction not given',) in wrapper <pybindgen.cppmethod.CppConstructor object at 0x176a590>
  cls.add_constructor([param('uint8_t', 'type'), param('uint8_t const *', 'buffer'), param('uint8_t', 'len')])
/home/lena/ns-allinone-3.19/ns-3.19/src/wave/bindings/modulegen__gcc_LP64.py:680: Warning: exception TypeConfigurationError('direction not given',) in wrapper public: retval? ???::CopyAllFrom (params?);
  [param('uint8_t const *', 'buffer'), param('uint8_t', 'len')])
/home/lena/ns-allinone-3.19/ns-3.19/src/wave/bindings/modulegen__gcc_LP64.py:685: Warning: exception TypeConfigurationError('direction not given',) in wrapper public: retval? ???::CopyAllTo (params?) const;
  is_const=True)
/home/lena/ns-allinone-3.19/ns-3.19/src/wave/bindings/modulegen__gcc_LP64.py:689: Warning: exception TypeConfigurationError('direction not given',) in wrapper public: retval? ???::CopyFrom (params?);
  [param('uint8_t const *', 'buffer'), param('uint8_t', 'len')])
/home/lena/ns-allinone-3.19/ns-3.19/src/wave/bindings/modulegen__gcc_LP64.py:694: Warning: exception TypeConfigurationError('direction not given',) in wrapper public: retval? ???::CopyTo (params?) const;
  is_const=True)
/home/lena/ns-allinone-3.19/ns-3.19/src/wave/bindings/modulegen__gcc_LP64.py:863: Warning: exception TypeLookupError(['std::_List_const_iterator< ns3::AttributeConstructionList::Item >'],) in wrapper public: retval? ???::Begin (params?) const;
  is_const=True)
/home/lena/ns-allinone-3.19/ns-3.19/src/wave/bindings/modulegen__gcc_LP64.py:868: Warning: exception TypeLookupError(['std::_List_const_iterator< ns3::AttributeConstructionList::Item >'],) in wrapper public: retval? ???::End (params?) const;
  is_const=True)
/home/lena/ns-allinone-3.19/ns-3.19/src/wave/bindings/modulegen__gcc_LP64.py:987: Warning: exception TypeConfigurationError('Missing transfer_ownership option',) in wrapper public: retval? ???::FillBlockAckBitmap (params?);
  [param('ns3::CtrlBAckResponseHeader *', 'blockAckHeader')])
/home/lena/ns-allinone-3.19/ns-3.19/src/wave/bindings/modulegen__gcc_LP64.py:1104: Warning: exception TypeLookupError(['ns3::MacTxMiddle *'],) in wrapper public: retval? ???::SetTxMiddle (params?);
  [param('ns3::MacTxMiddle *', 'txMiddle')])
/home/lena/ns-allinone-3.19/ns-3.19/src/wave/bindings/modulegen__gcc_LP64.py:1157: Warning: exception TypeLookupError(['std::ostream *'],) in wrapper public: retval? ???::CopyData (params?) const;
  is_const=True)
/home/lena/ns-allinone-3.19/ns-3.19/src/wave/bindings/modulegen__gcc_LP64.py:1162: Warning: exception TypeConfigurationError('direction not given',) in wrapper public: retval? ???::CopyData (params?) const;
  is_const=True)
/home/lena/ns-allinone-3.19/ns-3.19/src/wave/bindings/modulegen__gcc_LP64.py:1176: Warning: exception TypeConfigurationError('direction not given',) in wrapper public: retval? ???::Deserialize (params?);
  [param('uint8_t const *', 'buffer'), param('uint32_t', 'size')])
/home/lena/ns-allinone-3.19/ns-3.19/src/wave/bindings/modulegen__gcc_LP64.py:1206: Warning: exception TypeLookupError(['uint8_t *'],) in wrapper public: retval? ???::PeekData (params?) const;
  is_const=True)
/home/lena/ns-allinone-3.19/ns-3.19/src/wave/bindings/modulegen__gcc_LP64.py:1219: Warning: exception TypeConfigurationError('direction not given',) in wrapper public: retval? ???::Serialize (params?) const;
  is_const=True)
/home/lena/ns-allinone-3.19/ns-3.19/src/wave/bindings/modulegen__gcc_LP64.py:1274: Warning: exception TypeConfigurationError('direction not given',) in wrapper public: retval? ???::Read (params?);
  [param('uint8_t *', 'buffer'), param('uint32_t', 'size')])
/home/lena/ns-allinone-3.19/ns-3.19/src/wave/bindings/modulegen__gcc_LP64.py:1318: Warning: exception TypeConfigurationError('direction not given',) in wrapper public: retval? ???::Write (params?);
  [param('uint8_t const *', 'buffer'), param('uint32_t', 'size')])
/home/lena/ns-allinone-3.19/ns-3.19/src/wave/bindings/modulegen__gcc_LP64.py:1543: Warning: exception TypeLookupError(['ns3::Ptr< ns3::EventImpl > &'],) in wrapper <pybindgen.cppmethod.CppConstructor object at 0x1acbb10>
  cls.add_constructor([param('ns3::Ptr< ns3::EventImpl > const &', 'impl'), param('uint64_t', 'ts'), param('uint32_t', 'context'), param('uint32_t', 'uid')])
/home/lena/ns-allinone-3.19/ns-3.19/src/wave/bindings/modulegen__gcc_LP64.py:1577: Warning: exception TypeConfigurationError('Either caller_owns_return or self.reference_existing_object must be given',) in wrapper public: retval? ???::PeekEventImpl (params?) const;
  is_const=True)
/home/lena/ns-allinone-3.19/ns-3.19/src/wave/bindings/modulegen__gcc_LP64.py:1636: Warning: exception TypeConfigurationError('direction not given',) in wrapper public: retval? ???::Deserialize (params?);
  is_static=True)
/home/lena/ns-allinone-3.19/ns-3.19/src/wave/bindings/modulegen__gcc_LP64.py:1701: Warning: exception TypeLookupError(['std::ostream &'],) in wrapper public: retval? ???::Print (params?) const;
  is_const=True)
/home/lena/ns-allinone-3.19/ns-3.19/src/wave/bindings/modulegen__gcc_LP64.py:1706: Warning: exception TypeConfigurationError('direction not given',) in wrapper public: retval? ???::Serialize (params?) const;
  is_const=True)
/home/lena/ns-allinone-3.19/ns-3.19/src/wave/bindings/modulegen__gcc_LP64.py:1773: Warning: exception TypeLookupError(['std::ostream &'],) in wrapper public: retval? ???::Print (params?) const;
  is_const=True)
/home/lena/ns-allinone-3.19/ns-3.19/src/wave/bindings/modulegen__gcc_LP64.py:1790: Warning: exception TypeConfigurationError('direction not given',) in wrapper <pybindgen.cppmethod.CppConstructor object at 0x1d255d0>
  cls.add_constructor([param('uint8_t *', 'address')])
/home/lena/ns-allinone-3.19/ns-3.19/src/wave/bindings/modulegen__gcc_LP64.py:1808: Warning: exception TypeConfigurationError('direction not given',) in wrapper public: retval? ???::Deserialize (params?);
  is_static=True)
/home/lena/ns-allinone-3.19/ns-3.19/src/wave/bindings/modulegen__gcc_LP64.py:1833: Warning: exception TypeConfigurationError('direction not given',) in wrapper public: retval? ???::GetBytes (params?) const;
  is_const=True)
/home/lena/ns-allinone-3.19/ns-3.19/src/wave/bindings/modulegen__gcc_LP64.py:1923: Warning: exception TypeLookupError(['ns3::Mac16Address'],) in wrapper public: retval? ???::MakeAutoconfiguredAddress (params?);
  is_static=True)
/home/lena/ns-allinone-3.19/ns-3.19/src/wave/bindings/modulegen__gcc_LP64.py:1933: Warning: exception TypeLookupError(['ns3::Mac64Address'],) in wrapper public: retval? ???::MakeAutoconfiguredAddress (params?);
  is_static=True)
/home/lena/ns-allinone-3.19/ns-3.19/src/wave/bindings/modulegen__gcc_LP64.py:1938: Warning: exception TypeLookupError(['ns3::Mac16Address'],) in wrapper public: retval? ???::MakeAutoconfiguredLinkLocalAddress (params?);
  is_static=True)
/home/lena/ns-allinone-3.19/ns-3.19/src/wave/bindings/modulegen__gcc_LP64.py:1948: Warning: exception TypeLookupError(['ns3::Mac64Address'],) in wrapper public: retval? ???::MakeAutoconfiguredLinkLocalAddress (params?);
  is_static=True)
/home/lena/ns-allinone-3.19/ns-3.19/src/wave/bindings/modulegen__gcc_LP64.py:1963: Warning: exception TypeLookupError(['std::ostream &'],) in wrapper public: retval? ???::Print (params?) const;
  is_const=True)
/home/lena/ns-allinone-3.19/ns-3.19/src/wave/bindings/modulegen__gcc_LP64.py:1968: Warning: exception TypeConfigurationError('direction not given',) in wrapper public: retval? ???::Serialize (params?) const;
  is_const=True)
/home/lena/ns-allinone-3.19/ns-3.19/src/wave/bindings/modulegen__gcc_LP64.py:1976: Warning: exception TypeConfigurationError('direction not given',) in wrapper public: retval? ???::Set (params?);
  [param('uint8_t *', 'address')])
/home/lena/ns-allinone-3.19/ns-3.19/src/wave/bindings/modulegen__gcc_LP64.py:1986: Warning: exception TypeConfigurationError('direction not given',) in wrapper <pybindgen.cppmethod.CppConstructor object at 0x1d3fa10>
  cls.add_constructor([param('uint8_t *', 'prefix')])
/home/lena/ns-allinone-3.19/ns-3.19/src/wave/bindings/modulegen__gcc_LP64.py:1999: Warning: exception TypeConfigurationError('direction not given',) in wrapper public: retval? ???::GetBytes (params?) const;
  is_const=True)
/home/lena/ns-allinone-3.19/ns-3.19/src/wave/bindings/modulegen__gcc_LP64.py:2034: Warning: exception TypeLookupError(['std::ostream &'],) in wrapper public: retval? ???::Print (params?) const;
  is_const=True)
/home/lena/ns-allinone-3.19/ns-3.19/src/wave/bindings/modulegen__gcc_LP64.py:2061: Warning: exception TypeConfigurationError('direction not given',) in wrapper public: retval? ???::CopyFrom (params?);
  [param('uint8_t const *', 'buffer')])
/home/lena/ns-allinone-3.19/ns-3.19/src/wave/bindings/modulegen__gcc_LP64.py:2066: Warning: exception TypeConfigurationError('direction not given',) in wrapper public: retval? ???::CopyTo (params?) const;
  is_const=True)
/home/lena/ns-allinone-3.19/pybindgen-0.16.0.834/pybindgen/settings.py:84: DeprecationWarning: The option pybindgen.settings.deprecated_virtuals has not been set.  I am going to assume the value of False, change it to True if it breaks your APIs. The option will eventually disappear (the deprecated behaviour will eventually disappear).
  DeprecationWarning)
/home/lena/ns-allinone-3.19/ns-3.19/src/wave/bindings/modulegen__gcc_LP64.py:2357: Warning: exception TypeLookupError(['__gnu_cxx::__normal_iterator< ns3::Ptr< ns3::NetDevice > const, std::vector< ns3::Ptr< ns3::NetDevice > > >'],) in wrapper public: retval? ???::Begin (params?) const;
  is_const=True)
/home/lena/ns-allinone-3.19/ns-3.19/src/wave/bindings/modulegen__gcc_LP64.py:2362: Warning: exception TypeLookupError(['__gnu_cxx::__normal_iterator< ns3::Ptr< ns3::NetDevice > const, std::vector< ns3::Ptr< ns3::NetDevice > > >'],) in wrapper public: retval? ???::End (params?) const;
  is_const=True)
/home/lena/ns-allinone-3.19/ns-3.19/src/wave/bindings/modulegen__gcc_LP64.py:2408: Warning: exception TypeLookupError(['__gnu_cxx::__normal_iterator< ns3::Ptr< ns3::Node > const, std::vector< ns3::Ptr< ns3::Node > > >'],) in wrapper public: retval? ???::Begin (params?) const;
  is_const=True)
/home/lena/ns-allinone-3.19/ns-3.19/src/wave/bindings/modulegen__gcc_LP64.py:2421: Warning: exception TypeLookupError(['__gnu_cxx::__normal_iterator< ns3::Ptr< ns3::Node > const, std::vector< ns3::Ptr< ns3::Node > > >'],) in wrapper public: retval? ???::End (params?) const;
  is_const=True)
/home/lena/ns-allinone-3.19/ns-3.19/src/wave/bindings/modulegen__gcc_LP64.py:2509: Warning: exception TypeConfigurationError('Missing transfer_ownership option',) in wrapper public: retval? ???::Delete (params?);
  is_static=True)
/home/lena/ns-allinone-3.19/ns-3.19/src/wave/bindings/modulegen__gcc_LP64.py:2558: Warning: exception TypeConfigurationError('direction not given',) in wrapper <pybindgen.cppmethod.CppConstructor object at 0x20464d0>
  cls.add_constructor([param('uint8_t const *', 'str'), param('uint32_t', 'length')])
/home/lena/ns-allinone-3.19/ns-3.19/src/wave/bindings/modulegen__gcc_LP64.py:2674: Warning: exception TypeConfigurationError('direction not given',) in wrapper public: retval? ???::Deserialize (params?);
  [param('uint8_t const *', 'buffer'), param('uint32_t', 'size')])
/home/lena/ns-allinone-3.19/ns-3.19/src/wave/bindings/modulegen__gcc_LP64.py:2715: Warning: exception TypeConfigurationError('direction not given',) in wrapper public: retval? ???::Serialize (params?) const;
  is_const=True)
bindings/python/ns3modulegen-modular.py:27: UserWarning: exception TypeLookupError(['uint8_t [ 20 ]'],) in wrapper None
  warnings.warn("exception %r in wrapper %s" % (exception, wrapper))
bindings/python/ns3modulegen-modular.py:27: UserWarning: exception TypeConfigurationError('Either caller_owns_return or self.reference_existing_object must be given',) in wrapper None
  warnings.warn("exception %r in wrapper %s" % (exception, wrapper))
/home/lena/ns-allinone-3.19/ns-3.19/src/wave/bindings/modulegen__gcc_LP64.py:2846: Warning: exception TypeLookupError(['uint32_t &'],) in wrapper public: retval? ???::Diff (params?);
  is_static=True)
/home/lena/ns-allinone-3.19/ns-3.19/src/wave/bindings/modulegen__gcc_LP64.py:2900: Warning: exception TypeConfigurationError('direction not given',) in wrapper public: retval? ???::Read (params?);
  [param('uint8_t * const', 'data'), param('uint32_t', 'maxBytes'), param('uint32_t &', 'tsSec'), param('uint32_t &', 'tsUsec'), param('uint32_t &', 'inclLen'), param('uint32_t &', 'origLen'), param('uint32_t &', 'readLen')])
/home/lena/ns-allinone-3.19/ns-3.19/src/wave/bindings/modulegen__gcc_LP64.py:2904: Warning: exception TypeConfigurationError('direction not given',) in wrapper public: retval? ???::Write (params?);
  [param('uint32_t', 'tsSec'), param('uint32_t', 'tsUsec'), param('uint8_t const * const', 'data'), param('uint32_t', 'totalLen')])
/home/lena/ns-allinone-3.19/ns-3.19/src/wave/bindings/modulegen__gcc_LP64.py:3013: Warning: exception TypeLookupError(['ns3::Ptr< ns3::SimulatorImpl >', 'ns3::SimulatorImpl *'],) in wrapper public: retval? ???::GetImplementation (params?);
  is_static=True)
/home/lena/ns-allinone-3.19/ns-3.19/src/wave/bindings/modulegen__gcc_LP64.py:3048: Warning: exception TypeLookupError(['ns3::Ptr< ns3::SimulatorImpl >', 'ns3::SimulatorImpl *'],) in wrapper public: retval? ???::SetImplementation (params?);
  is_static=True)
/home/lena/ns-allinone-3.19/ns-3.19/src/wave/bindings/modulegen__gcc_LP64.py:3125: Warning: exception TypeLookupError(['std::ostream &'],) in wrapper public: virtual retval? ???::Print (params?) const = 0;
  is_pure_virtual=True, is_const=True, is_virtual=True)
/home/lena/ns-allinone-3.19/ns-3.19/src/wave/bindings/modulegen__gcc_LP64.py:3137: Warning: exception TypeConfigurationError('direction not given',) in wrapper <pybindgen.cppmethod.CppConstructor object at 0x2277590>
  cls.add_constructor([param('uint8_t *', 'start'), param('uint8_t *', 'end')])
/home/lena/ns-allinone-3.19/ns-3.19/src/wave/bindings/modulegen__gcc_LP64.py:3145: Warning: exception TypeConfigurationError('direction not given',) in wrapper public: retval? ???::Read (params?);
  [param('uint8_t *', 'buffer'), param('uint32_t', 'size')])
/home/lena/ns-allinone-3.19/ns-3.19/src/wave/bindings/modulegen__gcc_LP64.py:3173: Warning: exception TypeConfigurationError('direction not given',) in wrapper public: retval? ???::Write (params?);
  [param('uint8_t const *', 'buffer'), param('uint32_t', 'size')])
/home/lena/ns-allinone-3.19/ns-3.19/src/wave/bindings/modulegen__gcc_LP64.py:3238: Warning: exception TypeLookupError(['ns3::Callback< ns3::ObjectBase *, ns3::empty, ns3::empty, ns3::empty, ns3::empty, ns3::empty, ns3::empty, ns3::empty, ns3::empty, ns3::empty >'],) in wrapper public: retval? ???::GetConstructor (params?) const;
  is_const=True)
/home/lena/ns-allinone-3.19/ns-3.19/src/wave/bindings/modulegen__gcc_LP64.py:3317: Warning: exception TypeConfigurationError('Missing transfer_ownership option',) in wrapper public: retval? ???::LookupByHashFailSafe (params?);
  is_static=True)
/home/lena/ns-allinone-3.19/ns-3.19/src/wave/bindings/modulegen__gcc_LP64.py:3397: Warning: exception TypeLookupError(['ns3::VscCallback'],) in wrapper public: retval? ???::FindVscCallback (params?);
  [param('ns3::OrganizationIdentifier &', 'oi')])
/home/lena/ns-allinone-3.19/ns-3.19/src/wave/bindings/modulegen__gcc_LP64.py:3401: Warning: exception TypeLookupError(['ns3::VscCallback'],) in wrapper public: retval? ???::RegisterVscCallback (params?);
  [param('ns3::OrganizationIdentifier', 'oi'), param('ns3::VscCallback', 'cb')])
/home/lena/ns-allinone-3.19/ns-3.19/src/wave/bindings/modulegen__gcc_LP64.py:3536: Warning: exception TypeLookupError(['ns3::Ptr< ns3::WifiNetDevice >', 'ns3::WifiNetDevice *'],) in wrapper public: virtual retval? ???::Create (params?) const = 0;
  is_pure_virtual=True, is_const=True, is_virtual=True)
bindings/python/ns3modulegen-modular.py:27: UserWarning: exception TypeLookupError(['short unsigned int'],) in wrapper None
  warnings.warn("exception %r in wrapper %s" % (exception, wrapper))
/home/lena/ns-allinone-3.19/ns-3.19/src/wave/bindings/modulegen__gcc_LP64.py:3842: Warning: exception TypeLookupError(['std::ostream &'],) in wrapper public: virtual retval? ???::Print (params?) const = 0;
  is_pure_virtual=True, is_const=True, is_virtual=True)
/home/lena/ns-allinone-3.19/ns-3.19/src/wave/bindings/modulegen__gcc_LP64.py:3870: Warning: exception TypeLookupError(['std::ostream &'],) in wrapper public: virtual retval? ???::Print (params?) const = 0;
  is_pure_virtual=True, is_const=True, is_virtual=True)
/home/lena/ns-allinone-3.19/ns-3.19/src/wave/bindings/modulegen__gcc_LP64.py:3919: Warning: exception TypeLookupError(['std::ostream &'],) in wrapper public: virtual retval? ???::Print (params?) const;
  is_const=True, is_virtual=True)
/home/lena/ns-allinone-3.19/ns-3.19/src/wave/bindings/modulegen__gcc_LP64.py:3986: Warning: exception TypeLookupError(['std::ostream &'],) in wrapper public: virtual retval? ???::Print (params?) const;
  is_const=True, is_virtual=True)
/home/lena/ns-allinone-3.19/ns-3.19/src/wave/bindings/modulegen__gcc_LP64.py:4081: Warning: exception TypeLookupError(['std::ostream &'],) in wrapper public: virtual retval? ???::Print (params?) const;
  is_const=True, is_virtual=True)
/home/lena/ns-allinone-3.19/ns-3.19/src/wave/bindings/modulegen__gcc_LP64.py:4166: Warning: exception TypeLookupError(['std::ostream &'],) in wrapper public: virtual retval? ???::Print (params?) const;
  is_const=True, is_virtual=True)
/home/lena/ns-allinone-3.19/ns-3.19/src/wave/bindings/modulegen__gcc_LP64.py:4232: Warning: exception TypeLookupError(['std::ostream &'],) in wrapper public: virtual retval? ???::Print (params?) const;
  is_const=True, is_virtual=True)
/home/lena/ns-allinone-3.19/ns-3.19/src/wave/bindings/modulegen__gcc_LP64.py:4291: Warning: exception TypeLookupError(['std::ostream &'],) in wrapper public: virtual retval? ???::Print (params?) const;
  is_const=True, is_virtual=True)
/home/lena/ns-allinone-3.19/ns-3.19/src/wave/bindings/modulegen__gcc_LP64.py:4355: Warning: exception TypeLookupError(['std::ostream &'],) in wrapper public: virtual retval? ???::Print (params?) const;
  is_const=True, is_virtual=True)
/home/lena/ns-allinone-3.19/ns-3.19/src/wave/bindings/modulegen__gcc_LP64.py:4428: Warning: exception TypeLookupError(['std::ostream &'],) in wrapper public: virtual retval? ???::Print (params?) const;
  is_const=True, is_virtual=True)
/home/lena/ns-allinone-3.19/ns-3.19/src/wave/bindings/modulegen__gcc_LP64.py:4585: Warning: exception TypeConfigurationError('direction not given',) in wrapper public: retval? ???::Write (params?);
  [param('ns3::Time', 't'), param('uint8_t const *', 'buffer'), param('uint32_t', 'length')])
/home/lena/ns-allinone-3.19/ns-3.19/src/wave/bindings/modulegen__gcc_LP64.py:5025: Warning: exception TypeLookupError(['std::ostream &'],) in wrapper public: virtual retval? ???::Print (params?) const = 0;
  is_pure_virtual=True, is_const=True, is_virtual=True)
/home/lena/ns-allinone-3.19/ns-3.19/src/wave/bindings/modulegen__gcc_LP64.py:5072: Warning: exception TypeLookupError(['std::ostream &'],) in wrapper public: virtual retval? ???::Print (params?) const;
  is_const=True, is_virtual=True)
/home/lena/ns-allinone-3.19/ns-3.19/src/wave/bindings/modulegen__gcc_LP64.py:5148: Warning: exception TypeLookupError(['std::ostream &'],) in wrapper public: virtual retval? ???::Print (params?) const;
  is_const=True, is_virtual=True)
/home/lena/ns-allinone-3.19/ns-3.19/src/wave/bindings/modulegen__gcc_LP64.py:5218: Warning: exception TypeLookupError(['std::ostream &'],) in wrapper public: virtual retval? ???::Print (params?) const;
  is_const=True, is_virtual=True)
/home/lena/ns-allinone-3.19/ns-3.19/src/wave/bindings/modulegen__gcc_LP64.py:5710: Warning: exception TypeLookupError(['std::ostream &'],) in wrapper public: virtual retval? ???::Print (params?) const;
  is_const=True, is_virtual=True)
/home/lena/ns-allinone-3.19/ns-3.19/src/wave/bindings/modulegen__gcc_LP64.py:5886: Warning: exception TypeConfigurationError('Missing transfer_ownership option',) in wrapper public: retval? ???::Dequeue (params?);
  [param('ns3::WifiMacHeader *', 'hdr')])
/home/lena/ns-allinone-3.19/ns-3.19/src/wave/bindings/modulegen__gcc_LP64.py:5890: Warning: exception TypeConfigurationError('Missing transfer_ownership option',) in wrapper public: retval? ???::DequeueByTidAndAddress (params?);
  [param('ns3::WifiMacHeader *', 'hdr'), param('uint8_t', 'tid'), param('ns3::WifiMacHeader::AddressType', 'type'), param('ns3::Mac48Address', 'addr')])
/home/lena/ns-allinone-3.19/ns-3.19/src/wave/bindings/modulegen__gcc_LP64.py:5894: Warning: exception TypeConfigurationError('Missing transfer_ownership option',) in wrapper public: retval? ???::DequeueFirstAvailable (params?);
  [param('ns3::WifiMacHeader *', 'hdr'), param('ns3::Time &', 'tStamp'), param('ns3::QosBlockedDestinations const *', 'blockedPackets')])
/home/lena/ns-allinone-3.19/ns-3.19/src/wave/bindings/modulegen__gcc_LP64.py:5933: Warning: exception TypeConfigurationError('Missing transfer_ownership option',) in wrapper public: retval? ???::Peek (params?);
  [param('ns3::WifiMacHeader *', 'hdr')])
/home/lena/ns-allinone-3.19/ns-3.19/src/wave/bindings/modulegen__gcc_LP64.py:5937: Warning: exception TypeConfigurationError('Missing transfer_ownership option',) in wrapper public: retval? ???::PeekByTidAndAddress (params?);
  [param('ns3::WifiMacHeader *', 'hdr'), param('uint8_t', 'tid'), param('ns3::WifiMacHeader::AddressType', 'type'), param('ns3::Mac48Address', 'addr')])
/home/lena/ns-allinone-3.19/ns-3.19/src/wave/bindings/modulegen__gcc_LP64.py:5941: Warning: exception TypeConfigurationError('Missing transfer_ownership option',) in wrapper public: retval? ???::PeekFirstAvailable (params?);
  [param('ns3::WifiMacHeader *', 'hdr'), param('ns3::Time &', 'tStamp'), param('ns3::QosBlockedDestinations const *', 'blockedPackets')])
/home/lena/ns-allinone-3.19/ns-3.19/src/wave/bindings/modulegen__gcc_LP64.py:5967: Warning: exception TypeLookupError(['std::_List_iterator< ns3::WifiMacQueue::Item >'],) in wrapper protected: retval? ???::GetAddressForPacket (params?);
  visibility='protected')
/home/lena/ns-allinone-3.19/ns-3.19/src/wave/bindings/modulegen__gcc_LP64.py:6004: Warning: exception TypeLookupError(['ns3::Ptr< ns3::WifiChannel >', 'ns3::WifiChannel *'],) in wrapper public: virtual retval? ???::GetChannel (params?) const = 0;
  is_pure_virtual=True, is_const=True, is_virtual=True)
/home/lena/ns-allinone-3.19/ns-3.19/src/wave/bindings/modulegen__gcc_LP64.py:6561: Warning: exception TypeConfigurationError('Missing transfer_ownership option',) in wrapper public: virtual retval? ???::RegisterListener (params?) = 0;
  is_pure_virtual=True, is_virtual=True)
/home/lena/ns-allinone-3.19/ns-3.19/src/wave/bindings/modulegen__gcc_LP64.py:6611: Warning: exception TypeLookupError(['ns3::Callback< void, ns3::Ptr< ns3::Packet const >, double, ns3::empty, ns3::empty, ns3::empty, ns3::empty, ns3::empty, ns3::empty, ns3::empty >'],) in wrapper public: virtual retval? ???::SetReceiveErrorCallback (params?) = 0;
  is_pure_virtual=True, is_virtual=True)
/home/lena/ns-allinone-3.19/ns-3.19/src/wave/bindings/modulegen__gcc_LP64.py:6616: Warning: exception TypeLookupError(['ns3::Callback< void, ns3::Ptr< ns3::Packet >, double, ns3::WifiMode, ns3::WifiPreamble, ns3::empty, ns3::empty, ns3::empty, ns3::empty, ns3::empty >'],) in wrapper public: virtual retval? ???::SetReceiveOkCallback (params?) = 0;
  is_pure_virtual=True, is_virtual=True)
/home/lena/ns-allinone-3.19/ns-3.19/src/wave/bindings/modulegen__gcc_LP64.py:6961: Warning: exception TypeConfigurationError('Either caller_owns_return or self.reference_existing_object must be given',) in wrapper private: virtual retval? ???::DoCreateStation (params?) const = 0;
  is_pure_virtual=True, is_const=True, visibility='private', is_virtual=True)
/home/lena/ns-allinone-3.19/ns-3.19/src/wave/bindings/modulegen__gcc_LP64.py:7041: Warning: exception TypeConfigurationError('Missing transfer_ownership option',) in wrapper private: virtual retval? ???::DoGetDataTxVector (params?) = 0;
  is_pure_virtual=True, visibility='private', is_virtual=True)
/home/lena/ns-allinone-3.19/ns-3.19/src/wave/bindings/modulegen__gcc_LP64.py:7046: Warning: exception TypeConfigurationError('Missing transfer_ownership option',) in wrapper private: virtual retval? ???::DoGetRtsTxVector (params?) = 0;
  is_pure_virtual=True, visibility='private', is_virtual=True)
/home/lena/ns-allinone-3.19/ns-3.19/src/wave/bindings/modulegen__gcc_LP64.py:7051: Warning: exception TypeConfigurationError('Missing transfer_ownership option',) in wrapper private: virtual retval? ???::DoNeedDataRetransmission (params?);
  visibility='private', is_virtual=True)
/home/lena/ns-allinone-3.19/ns-3.19/src/wave/bindings/modulegen__gcc_LP64.py:7056: Warning: exception TypeConfigurationError('Missing transfer_ownership option',) in wrapper private: virtual retval? ???::DoNeedFragmentation (params?);
  visibility='private', is_virtual=True)
/home/lena/ns-allinone-3.19/ns-3.19/src/wave/bindings/modulegen__gcc_LP64.py:7061: Warning: exception TypeConfigurationError('Missing transfer_ownership option',) in wrapper private: virtual retval? ???::DoNeedRts (params?);
  visibility='private', is_virtual=True)
/home/lena/ns-allinone-3.19/ns-3.19/src/wave/bindings/modulegen__gcc_LP64.py:7066: Warning: exception TypeConfigurationError('Missing transfer_ownership option',) in wrapper private: virtual retval? ???::DoNeedRtsRetransmission (params?);
  visibility='private', is_virtual=True)
/home/lena/ns-allinone-3.19/ns-3.19/src/wave/bindings/modulegen__gcc_LP64.py:7071: Warning: exception TypeConfigurationError('Missing transfer_ownership option',) in wrapper private: virtual retval? ???::DoReportDataFailed (params?) = 0;
  is_pure_virtual=True, visibility='private', is_virtual=True)
/home/lena/ns-allinone-3.19/ns-3.19/src/wave/bindings/modulegen__gcc_LP64.py:7076: Warning: exception TypeConfigurationError('Missing transfer_ownership option',) in wrapper private: virtual retval? ???::DoReportDataOk (params?) = 0;
  is_pure_virtual=True, visibility='private', is_virtual=True)
/home/lena/ns-allinone-3.19/ns-3.19/src/wave/bindings/modulegen__gcc_LP64.py:7081: Warning: exception TypeConfigurationError('Missing transfer_ownership option',) in wrapper private: virtual retval? ???::DoReportFinalDataFailed (params?) = 0;
  is_pure_virtual=True, visibility='private', is_virtual=True)
/home/lena/ns-allinone-3.19/ns-3.19/src/wave/bindings/modulegen__gcc_LP64.py:7086: Warning: exception TypeConfigurationError('Missing transfer_ownership option',) in wrapper private: virtual retval? ???::DoReportFinalRtsFailed (params?) = 0;
  is_pure_virtual=True, visibility='private', is_virtual=True)
/home/lena/ns-allinone-3.19/ns-3.19/src/wave/bindings/modulegen__gcc_LP64.py:7091: Warning: exception TypeConfigurationError('Missing transfer_ownership option',) in wrapper private: virtual retval? ???::DoReportRtsFailed (params?) = 0;
  is_pure_virtual=True, visibility='private', is_virtual=True)
/home/lena/ns-allinone-3.19/ns-3.19/src/wave/bindings/modulegen__gcc_LP64.py:7096: Warning: exception TypeConfigurationError('Missing transfer_ownership option',) in wrapper private: virtual retval? ???::DoReportRtsOk (params?) = 0;
  is_pure_virtual=True, visibility='private', is_virtual=True)
/home/lena/ns-allinone-3.19/ns-3.19/src/wave/bindings/modulegen__gcc_LP64.py:7101: Warning: exception TypeConfigurationError('Missing transfer_ownership option',) in wrapper private: virtual retval? ???::DoReportRxOk (params?) = 0;
  is_pure_virtual=True, visibility='private', is_virtual=True)
/home/lena/ns-allinone-3.19/ns-3.19/src/wave/bindings/modulegen__gcc_LP64.py:7311: Warning: exception TypeLookupError(['std::ostream &'],) in wrapper public: virtual retval? ???::Print (params?) const;
  is_const=True, is_virtual=True)
/home/lena/ns-allinone-3.19/ns-3.19/src/wave/bindings/modulegen__gcc_LP64.py:7349: Warning: exception TypeLookupError(['uint16_t *'],) in wrapper public: retval? ???::GetBitmap (params?) const;
  is_const=True)
/home/lena/ns-allinone-3.19/ns-3.19/src/wave/bindings/modulegen__gcc_LP64.py:7419: Warning: exception TypeLookupError(['std::ostream &'],) in wrapper public: virtual retval? ???::Print (params?) const;
  is_const=True, is_virtual=True)
/home/lena/ns-allinone-3.19/ns-3.19/src/wave/bindings/modulegen__gcc_LP64.py:7521: Warning: exception TypeLookupError(['ns3::MacTxMiddle *'],) in wrapper public: retval? ???::SetTxMiddle (params?);
  [param('ns3::MacTxMiddle *', 'txMiddle')])
/home/lena/ns-allinone-3.19/ns-3.19/src/wave/bindings/modulegen__gcc_LP64.py:7525: Warning: exception TypeLookupError(['ns3::DcfManager *'],) in wrapper public: retval? ???::SetManager (params?);
  [param('ns3::DcfManager *', 'manager')])
/home/lena/ns-allinone-3.19/ns-3.19/src/wave/bindings/modulegen__gcc_LP64.py:7590: Warning: exception TypeLookupError(['ns3::Ptr< ns3::MsduAggregator >', 'ns3::MsduAggregator *'],) in wrapper public: retval? ???::GetMsduAggregator (params?) const;
  is_const=True)
/home/lena/ns-allinone-3.19/ns-3.19/src/wave/bindings/modulegen__gcc_LP64.py:7705: Warning: exception TypeConfigurationError('Missing transfer_ownership option',) in wrapper public: retval? ???::GetFragmentPacket (params?);
  [param('ns3::WifiMacHeader *', 'hdr')])
/home/lena/ns-allinone-3.19/ns-3.19/src/wave/bindings/modulegen__gcc_LP64.py:7717: Warning: exception TypeLookupError(['ns3::Ptr< ns3::MsduAggregator >', 'ns3::MsduAggregator *'],) in wrapper public: retval? ???::SetMsduAggregator (params?);
  [param('ns3::Ptr< ns3::MsduAggregator >', 'aggr')])
/home/lena/ns-allinone-3.19/ns-3.19/src/wave/bindings/modulegen__gcc_LP64.py:7806: Warning: exception TypeConfigurationError('Missing transfer_ownership option',) in wrapper <pybindgen.cppmethod.CppConstructor object at 0x396bd90>
  cls.add_constructor([param('ns3::SupportedRates *', 'rates')])
/home/lena/ns-allinone-3.19/ns-3.19/src/wave/bindings/modulegen__gcc_LP64.py:7883: Warning: exception TypeLookupError(['uint8_t *'],) in wrapper public: retval? ???::GetRxMcsBitmask (params?);
  [])
/home/lena/ns-allinone-3.19/ns-3.19/src/wave/bindings/modulegen__gcc_LP64.py:8294: Warning: exception TypeConfigurationError('Missing transfer_ownership option',) in wrapper public: retval? ???::RegisterBlockAckListenerForAc (params?);
  [param('ns3::AcIndex', 'ac'), param('ns3::MacLowBlockAckEventListener *', 'listener')])
/home/lena/ns-allinone-3.19/ns-3.19/src/wave/bindings/modulegen__gcc_LP64.py:8298: Warning: exception TypeConfigurationError('Missing transfer_ownership option',) in wrapper public: retval? ???::RegisterDcfListener (params?);
  [param('ns3::MacLowDcfListener *', 'listener')])
/home/lena/ns-allinone-3.19/ns-3.19/src/wave/bindings/modulegen__gcc_LP64.py:8362: Warning: exception TypeConfigurationError('Missing transfer_ownership option',) in wrapper public: retval? ???::StartTransmission (params?);
  [param('ns3::Ptr< ns3::Packet const >', 'packet'), param('ns3::WifiMacHeader const *', 'hdr'), param('ns3::MacLowTransmissionParameters', 'parameters'), param('ns3::MacLowTransmissionListener *', 'listener')])
/home/lena/ns-allinone-3.19/ns-3.19/src/wave/bindings/modulegen__gcc_LP64.py:8406: Warning: exception TypeLookupError(['ns3::Ptr< ns3::Channel >', 'ns3::Channel *'],) in wrapper public: virtual retval? ???::GetChannel (params?) const = 0;
  is_pure_virtual=True, is_const=True, is_virtual=True)
/home/lena/ns-allinone-3.19/ns-3.19/src/wave/bindings/modulegen__gcc_LP64.py:8501: Warning: exception TypeLookupError(['ns3::Callback< bool, ns3::Ptr< ns3::NetDevice >, ns3::Ptr< ns3::Packet const >, short unsigned int, ns3::Address const &, ns3::Address const &, ns3::NetDevice::PacketType, ns3::empty, ns3::empty, ns3::empty >'],) in wrapper public: virtual retval? ???::SetPromiscReceiveCallback (params?) = 0;
  is_pure_virtual=True, is_virtual=True)
/home/lena/ns-allinone-3.19/ns-3.19/src/wave/bindings/modulegen__gcc_LP64.py:8506: Warning: exception TypeLookupError(['ns3::Callback< bool, ns3::Ptr< ns3::NetDevice >, ns3::Ptr< ns3::Packet const >, short unsigned int, ns3::Address const &, ns3::empty, ns3::empty, ns3::empty, ns3::empty, ns3::empty >'],) in wrapper public: virtual retval? ???::SetReceiveCallback (params?) = 0;
  is_pure_virtual=True, is_virtual=True)
/home/lena/ns-allinone-3.19/ns-3.19/src/wave/bindings/modulegen__gcc_LP64.py:8568: Warning: exception TypeLookupError(['ns3::Ptr< ns3::Application >', 'ns3::Application *'],) in wrapper public: retval? ???::AddApplication (params?);
  [param('ns3::Ptr< ns3::Application >', 'application')])
/home/lena/ns-allinone-3.19/ns-3.19/src/wave/bindings/modulegen__gcc_LP64.py:8582: Warning: exception TypeLookupError(['ns3::Ptr< ns3::Application >', 'ns3::Application *'],) in wrapper public: retval? ???::GetApplication (params?) const;
  is_const=True)
/home/lena/ns-allinone-3.19/ns-3.19/src/wave/bindings/modulegen__gcc_LP64.py:8616: Warning: exception TypeLookupError(['ns3::Callback< void, ns3::Ptr< ns3::NetDevice >, ns3::empty, ns3::empty, ns3::empty, ns3::empty, ns3::empty, ns3::empty, ns3::empty, ns3::empty >'],) in wrapper public: retval? ???::RegisterDeviceAdditionListener (params?);
  [param('ns3::Callback< void, ns3::Ptr< ns3::NetDevice >, ns3::empty, ns3::empty, ns3::empty, ns3::empty, ns3::empty, ns3::empty, ns3::empty, ns3::empty >', 'listener')])
/home/lena/ns-allinone-3.19/ns-3.19/src/wave/bindings/modulegen__gcc_LP64.py:8624: Warning: exception TypeLookupError(['ns3::Callback< void, ns3::Ptr< ns3::NetDevice >, ns3::empty, ns3::empty, ns3::empty, ns3::empty, ns3::empty, ns3::empty, ns3::empty, ns3::empty >'],) in wrapper public: retval? ???::UnregisterDeviceAdditionListener (params?);
  [param('ns3::Callback< void, ns3::Ptr< ns3::NetDevice >, ns3::empty, ns3::empty, ns3::empty, ns3::empty, ns3::empty, ns3::empty, ns3::empty, ns3::empty >', 'listener')])
/home/lena/ns-allinone-3.19/ns-3.19/src/wave/bindings/modulegen__gcc_LP64.py:8744: Warning: exception TypeLookupError(['std::ostream *'],) in wrapper <pybindgen.cppmethod.CppConstructor object at 0x3d96550>
  cls.add_constructor([param('std::ostream *', 'os')])
/home/lena/ns-allinone-3.19/ns-3.19/src/wave/bindings/modulegen__gcc_LP64.py:8748: Warning: exception TypeLookupError(['std::ostream *'],) in wrapper public: retval? ???::GetStream (params?);
  [])
/home/lena/ns-allinone-3.19/ns-3.19/src/wave/bindings/modulegen__gcc_LP64.py:8760: Warning: exception TypeConfigurationError('direction not given',) in wrapper <pybindgen.cppmethod.CppConstructor object at 0x3d9a2d0>
  cls.add_constructor([param('uint8_t const *', 'buffer'), param('uint32_t', 'size'), param('bool', 'magic')])
/home/lena/ns-allinone-3.19/ns-3.19/src/wave/bindings/modulegen__gcc_LP64.py:8762: Warning: exception TypeConfigurationError('direction not given',) in wrapper <pybindgen.cppmethod.CppConstructor object at 0x3d9a310>
  cls.add_constructor([param('uint8_t const *', 'buffer'), param('uint32_t', 'size')])
/home/lena/ns-allinone-3.19/ns-3.19/src/wave/bindings/modulegen__gcc_LP64.py:8803: Warning: exception TypeConfigurationError('direction not given',) in wrapper public: retval? ???::CopyData (params?) const;
  is_const=True)
/home/lena/ns-allinone-3.19/ns-3.19/src/wave/bindings/modulegen__gcc_LP64.py:8808: Warning: exception TypeLookupError(['std::ostream *'],) in wrapper public: retval? ???::CopyData (params?) const;
  is_const=True)
/home/lena/ns-allinone-3.19/ns-3.19/src/wave/bindings/modulegen__gcc_LP64.py:8863: Warning: exception TypeLookupError(['uint8_t *'],) in wrapper public: retval? ???::PeekData (params?) const;
  deprecated=True, is_const=True)
/home/lena/ns-allinone-3.19/ns-3.19/src/wave/bindings/modulegen__gcc_LP64.py:8882: Warning: exception TypeLookupError(['std::ostream &'],) in wrapper public: retval? ???::Print (params?) const;
  is_const=True)
/home/lena/ns-allinone-3.19/ns-3.19/src/wave/bindings/modulegen__gcc_LP64.py:8887: Warning: exception TypeLookupError(['std::ostream &'],) in wrapper public: retval? ???::PrintByteTags (params?) const;
  is_const=True)
/home/lena/ns-allinone-3.19/ns-3.19/src/wave/bindings/modulegen__gcc_LP64.py:8892: Warning: exception TypeLookupError(['std::ostream &'],) in wrapper public: retval? ???::PrintPacketTags (params?) const;
  is_const=True)
/home/lena/ns-allinone-3.19/ns-3.19/src/wave/bindings/modulegen__gcc_LP64.py:8929: Warning: exception TypeConfigurationError('direction not given',) in wrapper public: retval? ???::Serialize (params?) const;
  is_const=True)
/home/lena/ns-allinone-3.19/ns-3.19/src/wave/bindings/modulegen__gcc_LP64.py:9650: Warning: exception TypeLookupError(['ns3::DcfManager *'],) in wrapper public: retval? ???::SetManager (params?);
  [param('ns3::DcfManager *', 'manager')])
/home/lena/ns-allinone-3.19/ns-3.19/src/wave/bindings/modulegen__gcc_LP64.py:9733: Warning: exception TypeLookupError(['ns3::VscCallback'],) in wrapper public: retval? ???::AddReceiveVscCallback (params?);
  [param('ns3::OrganizationIdentifier', 'oi'), param('ns3::VscCallback', 'cb')])
/home/lena/ns-allinone-3.19/ns-3.19/src/wave/bindings/modulegen__gcc_LP64.py:9837: Warning: exception TypeLookupError(['ns3::Hash::Hash32Function_ptr'],) in wrapper <pybindgen.cppmethod.CppConstructor object at 0x42fedd0>
  cls.add_constructor([param('ns3::Hash::Hash32Function_ptr', 'hp')])
/home/lena/ns-allinone-3.19/ns-3.19/src/wave/bindings/modulegen__gcc_LP64.py:9854: Warning: exception TypeLookupError(['ns3::Hash::Hash64Function_ptr'],) in wrapper <pybindgen.cppmethod.CppConstructor object at 0x4303e50>
  cls.add_constructor([param('ns3::Hash::Hash64Function_ptr', 'hp')])
/home/lena/ns-allinone-3.19/ns-3.19/src/wave/bindings/modulegen__gcc_LP64.py:5103: Warning: exception CodeGenerationError('ns3::WifiPhyHelper cannot be constructed (have pure virtual methods but no helper class)',) in wrapper public: virtual ns3::NetDeviceContainer ns3::Wifi80211pHelper::Install (ns3::WifiPhyHelper const & phy, ns3::WifiMacHelper const & macHelper, ns3::NodeContainer c) const;
  is_const=True, is_virtual=True)
bindings/python/ns3modulegen-modular.py:27: UserWarning: exception CodeGenerationError('ns3::WifiPhyHelper cannot be constructed (have pure virtual methods but no helper class)',) in wrapper public: virtual ns3::NetDeviceContainer ns3::WifiHelper::Install (ns3::WifiPhyHelper const & phy, ns3::WifiMacHelper const & mac, ns3::Ptr< ns3::Node > node) const;
  warnings.warn("exception %r in wrapper %s" % (exception, wrapper))
bindings/python/ns3modulegen-modular.py:27: UserWarning: exception CodeGenerationError('ns3::WifiPhyHelper cannot be constructed (have pure virtual methods but no helper class)',) in wrapper public: virtual ns3::NetDeviceContainer ns3::WifiHelper::Install (ns3::WifiPhyHelper const & phy, ns3::WifiMacHelper const & mac, std::string nodeName) const;
  warnings.warn("exception %r in wrapper %s" % (exception, wrapper))
/home/lena/ns-allinone-3.19/ns-3.19/src/wave/bindings/modulegen__gcc_LP64.py:8655: Warning: exception CodeGenerationError('ns3::AttributeValue cannot be constructed (have pure virtual methods but no helper class)',) in wrapper public: virtual void ns3::NqosWaveMacHelper::SetType (std::string type, std::string n0, ns3::AttributeValue const & v0, std::string n1, ns3::AttributeValue const & v1, std::string n2, ns3::AttributeValue const & v2, std::string n3, ns3::AttributeValue const & v3, std::string n4, ns3::AttributeValue const & v4, std::string n5, ns3::AttributeValue const & v5, std::string n6, ns3::AttributeValue const & v6, std::string n7, ns3::AttributeValue const & v7);
  is_virtual=True)
/home/lena/ns-allinone-3.19/pybindgen-0.16.0.834/pybindgen/cppclass_typehandlers.py:1098: UserWarning: Returning shared pointers is dangerous!  The C++ API should be redesigned to avoid this situation.
  warnings.warn("Returning shared pointers is dangerous!"
/home/lena/ns-allinone-3.19/ns-3.19/src/wave/bindings/modulegen__gcc_LP64.py:8995: Warning: exception CodeGenerationError('ns3::AttributeValue cannot be constructed (have pure virtual methods but no helper class)',) in wrapper public: virtual void ns3::QosWaveMacHelper::SetType (std::string type, std::string n0, ns3::AttributeValue const & v0, std::string n1, ns3::AttributeValue const & v1, std::string n2, ns3::AttributeValue const & v2, std::string n3, ns3::AttributeValue const & v3, std::string n4, ns3::AttributeValue const & v4, std::string n5, ns3::AttributeValue const & v5, std::string n6, ns3::AttributeValue const & v6, std::string n7, ns3::AttributeValue const & v7);
  is_virtual=True)
/home/lena/ns-allinone-3.19/ns-3.19/src/wave/bindings/modulegen__gcc_LP64.py:9762: Warning: exception NotSupportedError('Reverse wrappers for ns3::Callback<...> types (python using callbacks defined in C++) not implemented.',) in wrapper public: virtual void ns3::OcbWifiMac::SetLinkUpCallback (ns3::Callback< void, ns3::empty, ns3::empty, ns3::empty, ns3::empty, ns3::empty, ns3::empty, ns3::empty, ns3::empty, ns3::empty > linkUp);
  is_virtual=True)
/home/lena/ns-allinone-3.19/ns-3.19/src/wave/bindings/modulegen__gcc_LP64.py:9767: Warning: exception NotSupportedError('Reverse wrappers for ns3::Callback<...> types (python using callbacks defined in C++) not implemented.',) in wrapper public: virtual void ns3::OcbWifiMac::SetLinkDownCallback (ns3::Callback< void, ns3::empty, ns3::empty, ns3::empty, ns3::empty, ns3::empty, ns3::empty, ns3::empty, ns3::empty, ns3::empty > linkDown);
  is_virtual=True)
bindings/python/ns3modulegen-modular.py:27: UserWarning: exception NotSupportedError('Reverse wrappers for ns3::Callback<...> types (python using callbacks defined in C++) not implemented.',) in wrapper public: virtual void ns3::RegularWifiMac::SetForwardUpCallback (ns3::Callback< void, ns3::Ptr< ns3::Packet >, ns3::Mac48Address, ns3::Mac48Address, ns3::empty, ns3::empty, ns3::empty, ns3::empty, ns3::empty, ns3::empty > upCallback);
  warnings.warn("exception %r in wrapper %s" % (exception, wrapper))
/home/lena/ns-allinone-3.19/ns-3.19/src/wave/bindings/modulegen__gcc_LP64.py:588: Warning: exception CodeGenerationError('ns3::WifiPhyHelper cannot be constructed (have pure virtual methods but no helper class)',) in wrapper public: virtual ns3::NetDeviceContainer ns3::Wifi80211pHelper::Install (ns3::WifiPhyHelper const & phy, ns3::WifiMacHelper const & macHelper, ns3::NodeContainer c) const;
  register_Ns3Wifi80211pHelper_methods(root_module, root_module['ns3::Wifi80211pHelper'])
/home/lena/ns-allinone-3.19/ns-3.19/src/wave/bindings/modulegen__gcc_LP64.py:628: Warning: exception CodeGenerationError('ns3::AttributeValue cannot be constructed (have pure virtual methods but no helper class)',) in wrapper public: virtual void ns3::NqosWaveMacHelper::SetType (std::string type, std::string n0, ns3::AttributeValue const & v0, std::string n1, ns3::AttributeValue const & v1, std::string n2, ns3::AttributeValue const & v2, std::string n3, ns3::AttributeValue const & v3, std::string n4, ns3::AttributeValue const & v4, std::string n5, ns3::AttributeValue const & v5, std::string n6, ns3::AttributeValue const & v6, std::string n7, ns3::AttributeValue const & v7);
  register_Ns3NqosWaveMacHelper_methods(root_module, root_module['ns3::NqosWaveMacHelper'])
bindings/python/ns3modulegen-modular.py:27: UserWarning: exception CodeGenerationError('ns3::OrganizationIdentifierChecker cannot be constructed (have pure virtual methods but no helper class)',) in wrapper <pybindgen.CppClass 'ns3::OrganizationIdentifierChecker'>
  warnings.warn("exception %r in wrapper %s" % (exception, wrapper))
/home/lena/ns-allinone-3.19/ns-3.19/src/wave/bindings/modulegen__gcc_LP64.py:637: Warning: exception CodeGenerationError('ns3::AttributeValue cannot be constructed (have pure virtual methods but no helper class)',) in wrapper public: virtual void ns3::QosWaveMacHelper::SetType (std::string type, std::string n0, ns3::AttributeValue const & v0, std::string n1, ns3::AttributeValue const & v1, std::string n2, ns3::AttributeValue const & v2, std::string n3, ns3::AttributeValue const & v3, std::string n4, ns3::AttributeValue const & v4, std::string n5, ns3::AttributeValue const & v5, std::string n6, ns3::AttributeValue const & v6, std::string n7, ns3::AttributeValue const & v7);
  register_Ns3QosWaveMacHelper_methods(root_module, root_module['ns3::QosWaveMacHelper'])
/home/lena/ns-allinone-3.19/ns-3.19/src/wave/bindings/modulegen__gcc_LP64.py:653: Warning: exception NotSupportedError('Reverse wrappers for ns3::Callback<...> types (python using callbacks defined in C++) not implemented.',) in wrapper public: virtual void ns3::OcbWifiMac::SetLinkUpCallback (ns3::Callback< void, ns3::empty, ns3::empty, ns3::empty, ns3::empty, ns3::empty, ns3::empty, ns3::empty, ns3::empty, ns3::empty > linkUp);
  register_Ns3OcbWifiMac_methods(root_module, root_module['ns3::OcbWifiMac'])
/home/lena/ns-allinone-3.19/ns-3.19/src/wave/bindings/modulegen__gcc_LP64.py:653: Warning: exception NotSupportedError('Reverse wrappers for ns3::Callback<...> types (python using callbacks defined in C++) not implemented.',) in wrapper public: virtual void ns3::OcbWifiMac::SetLinkDownCallback (ns3::Callback< void, ns3::empty, ns3::empty, ns3::empty, ns3::empty, ns3::empty, ns3::empty, ns3::empty, ns3::empty, ns3::empty > linkDown);
  register_Ns3OcbWifiMac_methods(root_module, root_module['ns3::OcbWifiMac'])
