>>>>>>>>>>>>>>>> [['void', 'int', 'ns3::empty', 'ns3::empty', 'ns3::empty', 'ns3::empty', 'ns3::empty', 'ns3::empty', 'ns3::empty', 'ns3::empty'], ['void', 'ns3::empty', 'ns3::empty', 'ns3::empty', 'ns3::empty', 'ns3::empty', 'ns3::empty', 'ns3::empty', 'ns3::empty', 'ns3::empty'], ['void', 'ns3::Ptr<ns3::Packet>', 'double', 'ns3::empty', 'ns3::empty', 'ns3::empty', 'ns3::empty', 'ns3::empty', 'ns3::empty', 'ns3::empty'], ['void', 'ns3::Ptr<ns3::Packet>', 'double', 'ns3::UanTxMode', 'ns3::empty', 'ns3::empty', 'ns3::empty', 'ns3::empty', 'ns3::empty', 'ns3::empty'], ['void', 'ns3::Ptr<ns3::Packet>', 'ns3::UanAddress const&', 'ns3::empty', 'ns3::empty', 'ns3::empty', 'ns3::empty', 'ns3::empty', 'ns3::empty', 'ns3::empty'], ['bool', 'ns3::Ptr<ns3::NetDevice>', 'ns3::Ptr<ns3::Packet const>', 'unsigned short', 'ns3::Address const&', 'ns3::empty', 'ns3::empty', 'ns3::empty', 'ns3::empty', 'ns3::empty'], ['void', 'ns3::Ptr<ns3::NetDevice>', 'ns3::Ptr<ns3::Packet const>', 'unsigned short', 'ns3::Address const&', 'ns3::Address const&', 'ns3::NetDevice::PacketType', 'ns3::empty', 'ns3::empty', 'ns3::empty']]
bindings/python/ns3modulegen-modular.py:27: UserWarning: exception TypeLookupError(['std::pair< ns3::Ptr< ns3::Packet >, ns3::UanAddress >'],) in wrapper <pybindgen.Container 'std::list< std::pair< ns3::Ptr< ns3::Packet >, ns3::UanAddress > >'>
  warnings.warn("exception %r in wrapper %s" % (exception, wrapper))
bindings/python/ns3modulegen-modular.py:27: UserWarning: exception TypeLookupError(['std::complex< double >'],) in wrapper <pybindgen.Container 'std::vector< std::complex< double > >'>
  warnings.warn("exception %r in wrapper %s" % (exception, wrapper))
/home/lena/ns-allinone-3.19/ns-3.19/bindings/python/ns3modulegen_core_customizations.py:70: DeprecationWarning: Typo: set_tranformation -> set_transformation
  handler.set_tranformation(self, orig_ctype)
bindings/python/ns3modulegen-modular.py:27: UserWarning: exception TypeLookupError(['std::pair< ns3::Ptr< ns3::UanNetDevice >, ns3::Ptr< ns3::UanTransducer > >'],) in wrapper <pybindgen.Container 'std::vector< std::pair< ns3::Ptr< ns3::UanNetDevice >, ns3::Ptr< ns3::UanTransducer > > >'>
  warnings.warn("exception %r in wrapper %s" % (exception, wrapper))
***** registering callback handler: 'ns3::Callback< void, int, ns3::empty, ns3::empty, ns3::empty, ns3::empty, ns3::empty, ns3::empty, ns3::empty, ns3::empty >'
***** registering callback handler: 'ns3::Callback< void, ns3::empty, ns3::empty, ns3::empty, ns3::empty, ns3::empty, ns3::empty, ns3::empty, ns3::empty, ns3::empty >'
***** registering callback handler: 'ns3::Callback< void, ns3::Ptr< ns3::Packet >, double, ns3::empty, ns3::empty, ns3::empty, ns3::empty, ns3::empty, ns3::empty, ns3::empty >'
***** registering callback handler: 'ns3::Callback< void, ns3::Ptr< ns3::Packet >, double, ns3::UanTxMode, ns3::empty, ns3::empty, ns3::empty, ns3::empty, ns3::empty, ns3::empty >'
/home/lena/ns-allinone-3.19/pybindgen-0.16.0.834/pybindgen/typehandlers/base.py:1059: DeprecationWarning: is_const is deprecated, put a 'const' in the C type instead.
  warnings.warn("is_const is deprecated, put a 'const' in the C type instead.", DeprecationWarning)
***** registering callback handler: 'ns3::Callback< void, ns3::Ptr< ns3::Packet >, ns3::UanAddress const &, ns3::empty, ns3::empty, ns3::empty, ns3::empty, ns3::empty, ns3::empty, ns3::empty >'
***** registering callback handler: 'ns3::Callback< bool, ns3::Ptr< ns3::NetDevice >, ns3::Ptr< ns3::Packet const >, unsigned short, ns3::Address const &, ns3::empty, ns3::empty, ns3::empty, ns3::empty, ns3::empty >'
***** registering callback handler: 'ns3::Callback< void, ns3::Ptr< ns3::NetDevice >, ns3::Ptr< ns3::Packet const >, unsigned short, ns3::Address const &, ns3::Address const &, ns3::NetDevice::PacketType, ns3::empty, ns3::empty, ns3::empty >'
/home/lena/ns-allinone-3.19/ns-3.19/src/uan/bindings/modulegen__gcc_LP64.py:640: Warning: exception TypeConfigurationError('direction not given',) in wrapper <pybindgen.cppmethod.CppConstructor object at 0x2859f50>
  cls.add_constructor([param('uint8_t', 'type'), param('uint8_t const *', 'buffer'), param('uint8_t', 'len')])
/home/lena/ns-allinone-3.19/ns-3.19/src/uan/bindings/modulegen__gcc_LP64.py:651: Warning: exception TypeConfigurationError('direction not given',) in wrapper public: retval? ???::CopyAllFrom (params?);
  [param('uint8_t const *', 'buffer'), param('uint8_t', 'len')])
/home/lena/ns-allinone-3.19/ns-3.19/src/uan/bindings/modulegen__gcc_LP64.py:656: Warning: exception TypeConfigurationError('direction not given',) in wrapper public: retval? ???::CopyAllTo (params?) const;
  is_const=True)
/home/lena/ns-allinone-3.19/ns-3.19/src/uan/bindings/modulegen__gcc_LP64.py:660: Warning: exception TypeConfigurationError('direction not given',) in wrapper public: retval? ???::CopyFrom (params?);
  [param('uint8_t const *', 'buffer'), param('uint8_t', 'len')])
/home/lena/ns-allinone-3.19/ns-3.19/src/uan/bindings/modulegen__gcc_LP64.py:665: Warning: exception TypeConfigurationError('direction not given',) in wrapper public: retval? ???::CopyTo (params?) const;
  is_const=True)
/home/lena/ns-allinone-3.19/ns-3.19/src/uan/bindings/modulegen__gcc_LP64.py:715: Warning: exception TypeLookupError(['std::_List_const_iterator< ns3::AttributeConstructionList::Item >'],) in wrapper public: retval? ???::Begin (params?) const;
  is_const=True)
/home/lena/ns-allinone-3.19/ns-3.19/src/uan/bindings/modulegen__gcc_LP64.py:720: Warning: exception TypeLookupError(['std::_List_const_iterator< ns3::AttributeConstructionList::Item >'],) in wrapper public: retval? ???::End (params?) const;
  is_const=True)
/home/lena/ns-allinone-3.19/ns-3.19/src/uan/bindings/modulegen__gcc_LP64.py:771: Warning: exception TypeLookupError(['std::ostream *'],) in wrapper public: retval? ???::CopyData (params?) const;
  is_const=True)
/home/lena/ns-allinone-3.19/ns-3.19/src/uan/bindings/modulegen__gcc_LP64.py:776: Warning: exception TypeConfigurationError('direction not given',) in wrapper public: retval? ???::CopyData (params?) const;
  is_const=True)
/home/lena/ns-allinone-3.19/ns-3.19/src/uan/bindings/modulegen__gcc_LP64.py:790: Warning: exception TypeConfigurationError('direction not given',) in wrapper public: retval? ???::Deserialize (params?);
  [param('uint8_t const *', 'buffer'), param('uint32_t', 'size')])
/home/lena/ns-allinone-3.19/ns-3.19/src/uan/bindings/modulegen__gcc_LP64.py:820: Warning: exception TypeLookupError(['uint8_t *'],) in wrapper public: retval? ???::PeekData (params?) const;
  is_const=True)
/home/lena/ns-allinone-3.19/ns-3.19/src/uan/bindings/modulegen__gcc_LP64.py:833: Warning: exception TypeConfigurationError('direction not given',) in wrapper public: retval? ???::Serialize (params?) const;
  is_const=True)
/home/lena/ns-allinone-3.19/ns-3.19/src/uan/bindings/modulegen__gcc_LP64.py:888: Warning: exception TypeConfigurationError('direction not given',) in wrapper public: retval? ???::Read (params?);
  [param('uint8_t *', 'buffer'), param('uint32_t', 'size')])
/home/lena/ns-allinone-3.19/ns-3.19/src/uan/bindings/modulegen__gcc_LP64.py:932: Warning: exception TypeConfigurationError('direction not given',) in wrapper public: retval? ???::Write (params?);
  [param('uint8_t const *', 'buffer'), param('uint32_t', 'size')])
/home/lena/ns-allinone-3.19/ns-3.19/src/uan/bindings/modulegen__gcc_LP64.py:1137: Warning: exception TypeLookupError(['__gnu_cxx::__normal_iterator< ns3::Ptr< ns3::DeviceEnergyModel > const, std::vector< ns3::Ptr< ns3::DeviceEnergyModel > > >'],) in wrapper public: retval? ???::Begin (params?) const;
  is_const=True)
/home/lena/ns-allinone-3.19/ns-3.19/src/uan/bindings/modulegen__gcc_LP64.py:1146: Warning: exception TypeLookupError(['__gnu_cxx::__normal_iterator< ns3::Ptr< ns3::DeviceEnergyModel > const, std::vector< ns3::Ptr< ns3::DeviceEnergyModel > > >'],) in wrapper public: retval? ???::End (params?) const;
  is_const=True)
/home/lena/ns-allinone-3.19/ns-3.19/src/uan/bindings/modulegen__gcc_LP64.py:1231: Warning: exception TypeLookupError(['ns3::Ptr< ns3::EventImpl > &'],) in wrapper <pybindgen.cppmethod.CppConstructor object at 0x29f8d50>
  cls.add_constructor([param('ns3::Ptr< ns3::EventImpl > const &', 'impl'), param('uint64_t', 'ts'), param('uint32_t', 'context'), param('uint32_t', 'uid')])
/home/lena/ns-allinone-3.19/ns-3.19/src/uan/bindings/modulegen__gcc_LP64.py:1265: Warning: exception TypeConfigurationError('Either caller_owns_return or self.reference_existing_object must be given',) in wrapper public: retval? ???::PeekEventImpl (params?) const;
  is_const=True)
/home/lena/ns-allinone-3.19/ns-3.19/src/uan/bindings/modulegen__gcc_LP64.py:1324: Warning: exception TypeConfigurationError('direction not given',) in wrapper public: retval? ???::Deserialize (params?);
  is_static=True)
/home/lena/ns-allinone-3.19/ns-3.19/src/uan/bindings/modulegen__gcc_LP64.py:1389: Warning: exception TypeLookupError(['std::ostream &'],) in wrapper public: retval? ???::Print (params?) const;
  is_const=True)
/home/lena/ns-allinone-3.19/ns-3.19/src/uan/bindings/modulegen__gcc_LP64.py:1394: Warning: exception TypeConfigurationError('direction not given',) in wrapper public: retval? ???::Serialize (params?) const;
  is_const=True)
/home/lena/ns-allinone-3.19/ns-3.19/src/uan/bindings/modulegen__gcc_LP64.py:1461: Warning: exception TypeLookupError(['std::ostream &'],) in wrapper public: retval? ???::Print (params?) const;
  is_const=True)
/home/lena/ns-allinone-3.19/ns-3.19/src/uan/bindings/modulegen__gcc_LP64.py:1478: Warning: exception TypeConfigurationError('direction not given',) in wrapper <pybindgen.cppmethod.CppConstructor object at 0x2d14810>
  cls.add_constructor([param('uint8_t *', 'address')])
/home/lena/ns-allinone-3.19/ns-3.19/src/uan/bindings/modulegen__gcc_LP64.py:1496: Warning: exception TypeConfigurationError('direction not given',) in wrapper public: retval? ???::Deserialize (params?);
  is_static=True)
/home/lena/ns-allinone-3.19/ns-3.19/src/uan/bindings/modulegen__gcc_LP64.py:1521: Warning: exception TypeConfigurationError('direction not given',) in wrapper public: retval? ???::GetBytes (params?) const;
  is_const=True)
/home/lena/ns-allinone-3.19/ns-3.19/src/uan/bindings/modulegen__gcc_LP64.py:1611: Warning: exception TypeLookupError(['ns3::Mac16Address'],) in wrapper public: retval? ???::MakeAutoconfiguredAddress (params?);
  is_static=True)
/home/lena/ns-allinone-3.19/ns-3.19/src/uan/bindings/modulegen__gcc_LP64.py:1616: Warning: exception TypeLookupError(['ns3::Mac48Address'],) in wrapper public: retval? ???::MakeAutoconfiguredAddress (params?);
  is_static=True)
/home/lena/ns-allinone-3.19/ns-3.19/src/uan/bindings/modulegen__gcc_LP64.py:1621: Warning: exception TypeLookupError(['ns3::Mac64Address'],) in wrapper public: retval? ???::MakeAutoconfiguredAddress (params?);
  is_static=True)
/home/lena/ns-allinone-3.19/ns-3.19/src/uan/bindings/modulegen__gcc_LP64.py:1626: Warning: exception TypeLookupError(['ns3::Mac16Address'],) in wrapper public: retval? ???::MakeAutoconfiguredLinkLocalAddress (params?);
  is_static=True)
/home/lena/ns-allinone-3.19/ns-3.19/src/uan/bindings/modulegen__gcc_LP64.py:1631: Warning: exception TypeLookupError(['ns3::Mac48Address'],) in wrapper public: retval? ???::MakeAutoconfiguredLinkLocalAddress (params?);
  is_static=True)
/home/lena/ns-allinone-3.19/ns-3.19/src/uan/bindings/modulegen__gcc_LP64.py:1636: Warning: exception TypeLookupError(['ns3::Mac64Address'],) in wrapper public: retval? ???::MakeAutoconfiguredLinkLocalAddress (params?);
  is_static=True)
/home/lena/ns-allinone-3.19/ns-3.19/src/uan/bindings/modulegen__gcc_LP64.py:1651: Warning: exception TypeLookupError(['std::ostream &'],) in wrapper public: retval? ???::Print (params?) const;
  is_const=True)
/home/lena/ns-allinone-3.19/ns-3.19/src/uan/bindings/modulegen__gcc_LP64.py:1656: Warning: exception TypeConfigurationError('direction not given',) in wrapper public: retval? ???::Serialize (params?) const;
  is_const=True)
/home/lena/ns-allinone-3.19/ns-3.19/src/uan/bindings/modulegen__gcc_LP64.py:1664: Warning: exception TypeConfigurationError('direction not given',) in wrapper public: retval? ???::Set (params?);
  [param('uint8_t *', 'address')])
/home/lena/ns-allinone-3.19/ns-3.19/src/uan/bindings/modulegen__gcc_LP64.py:1674: Warning: exception TypeConfigurationError('direction not given',) in wrapper <pybindgen.cppmethod.CppConstructor object at 0x2e04dd0>
  cls.add_constructor([param('uint8_t *', 'prefix')])
/home/lena/ns-allinone-3.19/ns-3.19/src/uan/bindings/modulegen__gcc_LP64.py:1687: Warning: exception TypeConfigurationError('direction not given',) in wrapper public: retval? ???::GetBytes (params?) const;
  is_const=True)
/home/lena/ns-allinone-3.19/ns-3.19/src/uan/bindings/modulegen__gcc_LP64.py:1722: Warning: exception TypeLookupError(['std::ostream &'],) in wrapper public: retval? ???::Print (params?) const;
  is_const=True)
/home/lena/ns-allinone-3.19/ns-3.19/src/uan/bindings/modulegen__gcc_LP64.py:1752: Warning: exception TypeLookupError(['__gnu_cxx::__normal_iterator< ns3::Ptr< ns3::NetDevice > const, std::vector< ns3::Ptr< ns3::NetDevice > > >'],) in wrapper public: retval? ???::Begin (params?) const;
  is_const=True)
/home/lena/ns-allinone-3.19/ns-3.19/src/uan/bindings/modulegen__gcc_LP64.py:1757: Warning: exception TypeLookupError(['__gnu_cxx::__normal_iterator< ns3::Ptr< ns3::NetDevice > const, std::vector< ns3::Ptr< ns3::NetDevice > > >'],) in wrapper public: retval? ???::End (params?) const;
  is_const=True)
/home/lena/ns-allinone-3.19/ns-3.19/src/uan/bindings/modulegen__gcc_LP64.py:1803: Warning: exception TypeLookupError(['__gnu_cxx::__normal_iterator< ns3::Ptr< ns3::Node > const, std::vector< ns3::Ptr< ns3::Node > > >'],) in wrapper public: retval? ???::Begin (params?) const;
  is_const=True)
/home/lena/ns-allinone-3.19/ns-3.19/src/uan/bindings/modulegen__gcc_LP64.py:1816: Warning: exception TypeLookupError(['__gnu_cxx::__normal_iterator< ns3::Ptr< ns3::Node > const, std::vector< ns3::Ptr< ns3::Node > > >'],) in wrapper public: retval? ???::End (params?) const;
  is_const=True)
/home/lena/ns-allinone-3.19/pybindgen-0.16.0.834/pybindgen/settings.py:84: DeprecationWarning: The option pybindgen.settings.deprecated_virtuals has not been set.  I am going to assume the value of False, change it to True if it breaks your APIs. The option will eventually disappear (the deprecated behaviour will eventually disappear).
  DeprecationWarning)
/home/lena/ns-allinone-3.19/ns-3.19/src/uan/bindings/modulegen__gcc_LP64.py:1904: Warning: exception TypeConfigurationError('Missing transfer_ownership option',) in wrapper public: retval? ???::Delete (params?);
  is_static=True)
/home/lena/ns-allinone-3.19/ns-3.19/src/uan/bindings/modulegen__gcc_LP64.py:1977: Warning: exception TypeConfigurationError('direction not given',) in wrapper public: retval? ???::Deserialize (params?);
  [param('uint8_t const *', 'buffer'), param('uint32_t', 'size')])
/home/lena/ns-allinone-3.19/ns-3.19/src/uan/bindings/modulegen__gcc_LP64.py:2018: Warning: exception TypeConfigurationError('direction not given',) in wrapper public: retval? ???::Serialize (params?) const;
  is_const=True)
bindings/python/ns3modulegen-modular.py:27: UserWarning: exception TypeLookupError(['uint8_t [ 20 ]'],) in wrapper None
  warnings.warn("exception %r in wrapper %s" % (exception, wrapper))
bindings/python/ns3modulegen-modular.py:27: UserWarning: exception TypeConfigurationError('Either caller_owns_return or self.reference_existing_object must be given',) in wrapper None
  warnings.warn("exception %r in wrapper %s" % (exception, wrapper))
/home/lena/ns-allinone-3.19/ns-3.19/src/uan/bindings/modulegen__gcc_LP64.py:2140: Warning: exception TypeLookupError(['std::list< std::pair< ns3::Ptr< ns3::Packet >, ns3::UanAddress > > &'],) in wrapper <pybindgen.cppmethod.CppConstructor object at 0x3020b10>
  cls.add_constructor([param('std::list< std::pair< ns3::Ptr< ns3::Packet >, ns3::UanAddress > > &', 'list'), param('uint8_t', 'frameNo'), param('uint32_t', 'maxPkts', default_value='0')])
/home/lena/ns-allinone-3.19/ns-3.19/src/uan/bindings/modulegen__gcc_LP64.py:2164: Warning: exception TypeLookupError(['std::list< std::pair< ns3::Ptr< ns3::Packet >, ns3::UanAddress > > &'],) in wrapper public: retval? ???::GetPktList (params?) const;
  is_const=True)
/home/lena/ns-allinone-3.19/ns-3.19/src/uan/bindings/modulegen__gcc_LP64.py:2233: Warning: exception TypeLookupError(['ns3::Ptr< ns3::SimulatorImpl >', 'ns3::SimulatorImpl *'],) in wrapper public: retval? ???::GetImplementation (params?);
  is_static=True)
/home/lena/ns-allinone-3.19/ns-3.19/src/uan/bindings/modulegen__gcc_LP64.py:2268: Warning: exception TypeLookupError(['ns3::Ptr< ns3::SimulatorImpl >', 'ns3::SimulatorImpl *'],) in wrapper public: retval? ???::SetImplementation (params?);
  is_static=True)
/home/lena/ns-allinone-3.19/ns-3.19/src/uan/bindings/modulegen__gcc_LP64.py:2310: Warning: exception TypeLookupError(['std::ostream &'],) in wrapper public: virtual retval? ???::Print (params?) const = 0;
  is_pure_virtual=True, is_const=True, is_virtual=True)
/home/lena/ns-allinone-3.19/ns-3.19/src/uan/bindings/modulegen__gcc_LP64.py:2322: Warning: exception TypeConfigurationError('direction not given',) in wrapper <pybindgen.cppmethod.CppConstructor object at 0x3046c10>
  cls.add_constructor([param('uint8_t *', 'start'), param('uint8_t *', 'end')])
/home/lena/ns-allinone-3.19/ns-3.19/src/uan/bindings/modulegen__gcc_LP64.py:2330: Warning: exception TypeConfigurationError('direction not given',) in wrapper public: retval? ???::Read (params?);
  [param('uint8_t *', 'buffer'), param('uint32_t', 'size')])
/home/lena/ns-allinone-3.19/ns-3.19/src/uan/bindings/modulegen__gcc_LP64.py:2358: Warning: exception TypeConfigurationError('direction not given',) in wrapper public: retval? ???::Write (params?);
  [param('uint8_t const *', 'buffer'), param('uint32_t', 'size')])
/home/lena/ns-allinone-3.19/ns-3.19/src/uan/bindings/modulegen__gcc_LP64.py:2387: Warning: exception TypeLookupError(['std::complex< double >'],) in wrapper <pybindgen.cppmethod.CppConstructor object at 0x3116850>
  cls.add_constructor([param('ns3::Time', 'delay'), param('std::complex< double >', 'amp')])
/home/lena/ns-allinone-3.19/ns-3.19/src/uan/bindings/modulegen__gcc_LP64.py:2392: Warning: exception TypeLookupError(['std::complex< double >'],) in wrapper public: retval? ???::GetAmp (params?) const;
  is_const=True)
/home/lena/ns-allinone-3.19/ns-3.19/src/uan/bindings/modulegen__gcc_LP64.py:2476: Warning: exception TypeLookupError(['ns3::Callback< ns3::ObjectBase *, ns3::empty, ns3::empty, ns3::empty, ns3::empty, ns3::empty, ns3::empty, ns3::empty, ns3::empty, ns3::empty >'],) in wrapper public: retval? ???::GetConstructor (params?) const;
  is_const=True)
/home/lena/ns-allinone-3.19/ns-3.19/src/uan/bindings/modulegen__gcc_LP64.py:2555: Warning: exception TypeConfigurationError('Missing transfer_ownership option',) in wrapper public: retval? ???::LookupByHashFailSafe (params?);
  is_static=True)
/home/lena/ns-allinone-3.19/ns-3.19/src/uan/bindings/modulegen__gcc_LP64.py:2647: Warning: exception TypeConfigurationError('direction not given',) in wrapper public: retval? ???::CopyFrom (params?);
  [param('uint8_t const *', 'pBuffer')])
/home/lena/ns-allinone-3.19/ns-3.19/src/uan/bindings/modulegen__gcc_LP64.py:2651: Warning: exception TypeConfigurationError('direction not given',) in wrapper public: retval? ???::CopyTo (params?);
  [param('uint8_t *', 'pBuffer')])
/home/lena/ns-allinone-3.19/ns-3.19/src/uan/bindings/modulegen__gcc_LP64.py:2682: Warning: exception TypeLookupError(['std::ostream &'],) in wrapper public: retval? ???::EnableAscii (params?);
  is_static=True)
/home/lena/ns-allinone-3.19/ns-3.19/src/uan/bindings/modulegen__gcc_LP64.py:2687: Warning: exception TypeLookupError(['std::ostream &'],) in wrapper public: retval? ???::EnableAscii (params?);
  is_static=True)
/home/lena/ns-allinone-3.19/ns-3.19/src/uan/bindings/modulegen__gcc_LP64.py:2692: Warning: exception TypeLookupError(['std::ostream &'],) in wrapper public: retval? ???::EnableAscii (params?);
  is_static=True)
/home/lena/ns-allinone-3.19/ns-3.19/src/uan/bindings/modulegen__gcc_LP64.py:2697: Warning: exception TypeLookupError(['std::ostream &'],) in wrapper public: retval? ???::EnableAsciiAll (params?);
  is_static=True)
/home/lena/ns-allinone-3.19/ns-3.19/src/uan/bindings/modulegen__gcc_LP64.py:2791: Warning: exception TypeLookupError(['std::vector< std::complex< double > >'],) in wrapper <pybindgen.cppmethod.CppConstructor object at 0x32607d0>
  cls.add_constructor([param('std::vector< std::complex< double > >', 'arrivals'), param('ns3::Time', 'resolution')])
/home/lena/ns-allinone-3.19/ns-3.19/src/uan/bindings/modulegen__gcc_LP64.py:2803: Warning: exception TypeLookupError(['__gnu_cxx::__normal_iterator< ns3::Tap const *, std::vector< ns3::Tap > >'],) in wrapper public: retval? ???::GetBegin (params?) const;
  is_const=True)
/home/lena/ns-allinone-3.19/ns-3.19/src/uan/bindings/modulegen__gcc_LP64.py:2808: Warning: exception TypeLookupError(['__gnu_cxx::__normal_iterator< ns3::Tap const *, std::vector< ns3::Tap > >'],) in wrapper public: retval? ???::GetEnd (params?) const;
  is_const=True)
/home/lena/ns-allinone-3.19/ns-3.19/src/uan/bindings/modulegen__gcc_LP64.py:2835: Warning: exception TypeLookupError(['std::complex< double >'],) in wrapper public: retval? ???::SetTap (params?);
  [param('std::complex< double >', 'arrival'), param('uint32_t', 'index')])
/home/lena/ns-allinone-3.19/ns-3.19/src/uan/bindings/modulegen__gcc_LP64.py:2840: Warning: exception TypeLookupError(['std::complex< double >'],) in wrapper public: retval? ???::SumTapsC (params?) const;
  is_const=True)
/home/lena/ns-allinone-3.19/ns-3.19/src/uan/bindings/modulegen__gcc_LP64.py:2845: Warning: exception TypeLookupError(['std::complex< double >'],) in wrapper public: retval? ???::SumTapsFromMaxC (params?) const;
  is_const=True)
bindings/python/ns3modulegen-modular.py:27: UserWarning: exception TypeLookupError(['short unsigned int'],) in wrapper None
  warnings.warn("exception %r in wrapper %s" % (exception, wrapper))
/home/lena/ns-allinone-3.19/ns-3.19/src/uan/bindings/modulegen__gcc_LP64.py:3149: Warning: exception TypeLookupError(['std::ostream &'],) in wrapper public: virtual retval? ???::Print (params?) const = 0;
  is_pure_virtual=True, is_const=True, is_virtual=True)
/home/lena/ns-allinone-3.19/ns-3.19/src/uan/bindings/modulegen__gcc_LP64.py:3177: Warning: exception TypeLookupError(['std::ostream &'],) in wrapper public: virtual retval? ???::Print (params?) const = 0;
  is_pure_virtual=True, is_const=True, is_virtual=True)
/home/lena/ns-allinone-3.19/ns-3.19/src/uan/bindings/modulegen__gcc_LP64.py:3291: Warning: exception TypeLookupError(['ns3::RngStream *'],) in wrapper protected: retval? ???::Peek (params?) const;
  is_const=True, visibility='protected')
/home/lena/ns-allinone-3.19/ns-3.19/src/uan/bindings/modulegen__gcc_LP64.py:3685: Warning: exception TypeLookupError(['std::ostream &'],) in wrapper public: virtual retval? ???::Print (params?) const = 0;
  is_pure_virtual=True, is_const=True, is_virtual=True)
/home/lena/ns-allinone-3.19/ns-3.19/src/uan/bindings/modulegen__gcc_LP64.py:3782: Warning: exception TypeLookupError(['std::ostream &'],) in wrapper public: virtual retval? ???::Print (params?) const;
  is_const=True, is_virtual=True)
/home/lena/ns-allinone-3.19/ns-3.19/src/uan/bindings/modulegen__gcc_LP64.py:3830: Warning: exception TypeLookupError(['std::set< unsigned char > &'],) in wrapper public: retval? ???::GetNackedFrames (params?) const;
  is_const=True)
/home/lena/ns-allinone-3.19/ns-3.19/src/uan/bindings/modulegen__gcc_LP64.py:3850: Warning: exception TypeLookupError(['std::ostream &'],) in wrapper public: virtual retval? ???::Print (params?) const;
  is_const=True, is_virtual=True)
/home/lena/ns-allinone-3.19/ns-3.19/src/uan/bindings/modulegen__gcc_LP64.py:3918: Warning: exception TypeLookupError(['std::ostream &'],) in wrapper public: virtual retval? ???::Print (params?) const;
  is_const=True, is_virtual=True)
/home/lena/ns-allinone-3.19/ns-3.19/src/uan/bindings/modulegen__gcc_LP64.py:3997: Warning: exception TypeLookupError(['std::ostream &'],) in wrapper public: virtual retval? ???::Print (params?) const;
  is_const=True, is_virtual=True)
/home/lena/ns-allinone-3.19/ns-3.19/src/uan/bindings/modulegen__gcc_LP64.py:4062: Warning: exception TypeLookupError(['std::ostream &'],) in wrapper public: virtual retval? ???::Print (params?) const;
  is_const=True, is_virtual=True)
/home/lena/ns-allinone-3.19/ns-3.19/src/uan/bindings/modulegen__gcc_LP64.py:4134: Warning: exception TypeLookupError(['std::ostream &'],) in wrapper public: virtual retval? ???::Print (params?) const;
  is_const=True, is_virtual=True)
/home/lena/ns-allinone-3.19/ns-3.19/src/uan/bindings/modulegen__gcc_LP64.py:4679: Warning: exception TypeConfigurationError('Missing transfer_ownership option',) in wrapper public: virtual retval? ???::RegisterListener (params?) = 0;
  is_pure_virtual=True, is_virtual=True)
/home/lena/ns-allinone-3.19/ns-3.19/src/uan/bindings/modulegen__gcc_LP64.py:5053: Warning: exception TypeConfigurationError('Missing transfer_ownership option',) in wrapper public: virtual retval? ???::RegisterListener (params?);
  is_virtual=True)
/home/lena/ns-allinone-3.19/ns-3.19/src/uan/bindings/modulegen__gcc_LP64.py:5303: Warning: exception TypeConfigurationError('Missing transfer_ownership option',) in wrapper public: virtual retval? ???::RegisterListener (params?);
  is_virtual=True)
/home/lena/ns-allinone-3.19/ns-3.19/src/uan/bindings/modulegen__gcc_LP64.py:5552: Warning: exception TypeLookupError(['std::list< ns3::UanPacketArrival > &'],) in wrapper public: virtual retval? ???::GetArrivalList (params?) const = 0;
  is_pure_virtual=True, is_const=True, is_virtual=True)
/home/lena/ns-allinone-3.19/ns-3.19/src/uan/bindings/modulegen__gcc_LP64.py:5562: Warning: exception TypeLookupError(['std::list< ns3::Ptr< ns3::UanPhy > > &'],) in wrapper public: virtual retval? ???::GetPhyList (params?) const = 0;
  is_pure_virtual=True, is_const=True, is_virtual=True)
/home/lena/ns-allinone-3.19/ns-3.19/src/uan/bindings/modulegen__gcc_LP64.py:5619: Warning: exception TypeLookupError(['std::list< ns3::UanPacketArrival > &'],) in wrapper public: virtual retval? ???::GetArrivalList (params?) const;
  is_const=True, is_virtual=True)
/home/lena/ns-allinone-3.19/ns-3.19/src/uan/bindings/modulegen__gcc_LP64.py:5629: Warning: exception TypeLookupError(['std::list< ns3::Ptr< ns3::UanPhy > > &'],) in wrapper public: virtual retval? ???::GetPhyList (params?) const;
  is_const=True, is_virtual=True)
/home/lena/ns-allinone-3.19/ns-3.19/src/uan/bindings/modulegen__gcc_LP64.py:6331: Warning: exception TypeLookupError(['__gnu_cxx::__normal_iterator< ns3::Ptr< ns3::EnergySource > const, std::vector< ns3::Ptr< ns3::EnergySource > > >'],) in wrapper public: retval? ???::Begin (params?) const;
  is_const=True)
/home/lena/ns-allinone-3.19/ns-3.19/src/uan/bindings/modulegen__gcc_LP64.py:6336: Warning: exception TypeLookupError(['__gnu_cxx::__normal_iterator< ns3::Ptr< ns3::EnergySource > const, std::vector< ns3::Ptr< ns3::EnergySource > > >'],) in wrapper public: retval? ???::End (params?) const;
  is_const=True)
/home/lena/ns-allinone-3.19/ns-3.19/src/uan/bindings/modulegen__gcc_LP64.py:6995: Warning: exception TypeLookupError(['ns3::Callback< bool, ns3::Ptr< ns3::NetDevice >, ns3::Ptr< ns3::Packet const >, short unsigned int, ns3::Address const &, ns3::Address const &, ns3::NetDevice::PacketType, ns3::empty, ns3::empty, ns3::empty >'],) in wrapper public: virtual retval? ???::SetPromiscReceiveCallback (params?) = 0;
  is_pure_virtual=True, is_virtual=True)
/home/lena/ns-allinone-3.19/ns-3.19/src/uan/bindings/modulegen__gcc_LP64.py:7062: Warning: exception TypeLookupError(['ns3::Ptr< ns3::Application >', 'ns3::Application *'],) in wrapper public: retval? ???::AddApplication (params?);
  [param('ns3::Ptr< ns3::Application >', 'application')])
/home/lena/ns-allinone-3.19/ns-3.19/src/uan/bindings/modulegen__gcc_LP64.py:7076: Warning: exception TypeLookupError(['ns3::Ptr< ns3::Application >', 'ns3::Application *'],) in wrapper public: retval? ???::GetApplication (params?) const;
  is_const=True)
/home/lena/ns-allinone-3.19/ns-3.19/src/uan/bindings/modulegen__gcc_LP64.py:7110: Warning: exception TypeLookupError(['ns3::Callback< void, ns3::Ptr< ns3::NetDevice >, ns3::empty, ns3::empty, ns3::empty, ns3::empty, ns3::empty, ns3::empty, ns3::empty, ns3::empty >'],) in wrapper public: retval? ???::RegisterDeviceAdditionListener (params?);
  [param('ns3::Callback< void, ns3::Ptr< ns3::NetDevice >, ns3::empty, ns3::empty, ns3::empty, ns3::empty, ns3::empty, ns3::empty, ns3::empty, ns3::empty >', 'listener')])
/home/lena/ns-allinone-3.19/ns-3.19/src/uan/bindings/modulegen__gcc_LP64.py:7118: Warning: exception TypeLookupError(['ns3::Callback< void, ns3::Ptr< ns3::NetDevice >, ns3::empty, ns3::empty, ns3::empty, ns3::empty, ns3::empty, ns3::empty, ns3::empty, ns3::empty >'],) in wrapper public: retval? ???::UnregisterDeviceAdditionListener (params?);
  [param('ns3::Callback< void, ns3::Ptr< ns3::NetDevice >, ns3::empty, ns3::empty, ns3::empty, ns3::empty, ns3::empty, ns3::empty, ns3::empty, ns3::empty >', 'listener')])
/home/lena/ns-allinone-3.19/ns-3.19/src/uan/bindings/modulegen__gcc_LP64.py:7229: Warning: exception TypeConfigurationError('direction not given',) in wrapper <pybindgen.cppmethod.CppConstructor object at 0x45f61d0>
  cls.add_constructor([param('uint8_t const *', 'buffer'), param('uint32_t', 'size'), param('bool', 'magic')])
/home/lena/ns-allinone-3.19/ns-3.19/src/uan/bindings/modulegen__gcc_LP64.py:7231: Warning: exception TypeConfigurationError('direction not given',) in wrapper <pybindgen.cppmethod.CppConstructor object at 0x45f6210>
  cls.add_constructor([param('uint8_t const *', 'buffer'), param('uint32_t', 'size')])
/home/lena/ns-allinone-3.19/ns-3.19/src/uan/bindings/modulegen__gcc_LP64.py:7272: Warning: exception TypeConfigurationError('direction not given',) in wrapper public: retval? ???::CopyData (params?) const;
  is_const=True)
/home/lena/ns-allinone-3.19/ns-3.19/src/uan/bindings/modulegen__gcc_LP64.py:7277: Warning: exception TypeLookupError(['std::ostream *'],) in wrapper public: retval? ???::CopyData (params?) const;
  is_const=True)
/home/lena/ns-allinone-3.19/ns-3.19/src/uan/bindings/modulegen__gcc_LP64.py:7332: Warning: exception TypeLookupError(['uint8_t *'],) in wrapper public: retval? ???::PeekData (params?) const;
  deprecated=True, is_const=True)
/home/lena/ns-allinone-3.19/ns-3.19/src/uan/bindings/modulegen__gcc_LP64.py:7351: Warning: exception TypeLookupError(['std::ostream &'],) in wrapper public: retval? ???::Print (params?) const;
  is_const=True)
/home/lena/ns-allinone-3.19/ns-3.19/src/uan/bindings/modulegen__gcc_LP64.py:7356: Warning: exception TypeLookupError(['std::ostream &'],) in wrapper public: retval? ???::PrintByteTags (params?) const;
  is_const=True)
/home/lena/ns-allinone-3.19/ns-3.19/src/uan/bindings/modulegen__gcc_LP64.py:7361: Warning: exception TypeLookupError(['std::ostream &'],) in wrapper public: retval? ???::PrintPacketTags (params?) const;
  is_const=True)
/home/lena/ns-allinone-3.19/ns-3.19/src/uan/bindings/modulegen__gcc_LP64.py:7398: Warning: exception TypeConfigurationError('direction not given',) in wrapper public: retval? ???::Serialize (params?) const;
  is_const=True)
/home/lena/ns-allinone-3.19/ns-3.19/src/uan/bindings/modulegen__gcc_LP64.py:7807: Warning: exception TypeLookupError(['ns3::Callback< bool, ns3::Ptr< ns3::NetDevice >, ns3::Ptr< ns3::Packet const >, short unsigned int, ns3::Address const &, ns3::Address const &, ns3::NetDevice::PacketType, ns3::empty, ns3::empty, ns3::empty >'],) in wrapper public: virtual retval? ???::SetPromiscReceiveCallback (params?);
  is_virtual=True)
/home/lena/ns-allinone-3.19/ns-3.19/src/uan/bindings/modulegen__gcc_LP64.py:8136: Warning: exception TypeLookupError(['ns3::Hash::Hash32Function_ptr'],) in wrapper <pybindgen.cppmethod.CppConstructor object at 0x4a0e410>
  cls.add_constructor([param('ns3::Hash::Hash32Function_ptr', 'hp')])
/home/lena/ns-allinone-3.19/ns-3.19/src/uan/bindings/modulegen__gcc_LP64.py:8153: Warning: exception TypeLookupError(['ns3::Hash::Hash64Function_ptr'],) in wrapper <pybindgen.cppmethod.CppConstructor object at 0x4a12490>
  cls.add_constructor([param('ns3::Hash::Hash64Function_ptr', 'hp')])
/home/lena/ns-allinone-3.19/ns-3.19/src/uan/bindings/modulegen__gcc_LP64.py:3118: Warning: exception CodeGenerationError('ns3::AttributeValue cannot be constructed (have pure virtual methods but no helper class)',) in wrapper public: virtual void ns3::AcousticModemEnergyModelHelper::Set (std::string name, ns3::AttributeValue const & v);
  is_virtual=True)
/home/lena/ns-allinone-3.19/pybindgen-0.16.0.834/pybindgen/cppclass_typehandlers.py:1098: UserWarning: Returning shared pointers is dangerous!  The C++ API should be redesigned to avoid this situation.
  warnings.warn("Returning shared pointers is dangerous!"
/home/lena/ns-allinone-3.19/ns-3.19/src/uan/bindings/modulegen__gcc_LP64.py:4211: Warning: exception NotSupportedError('Reverse wrappers for ns3::Callback<...> types (python using callbacks defined in C++) not implemented.',) in wrapper public: virtual void ns3::UanMac::SetForwardUpCb (ns3::Callback< void, ns3::Ptr< ns3::Packet >, ns3::UanAddress const &, ns3::empty, ns3::empty, ns3::empty, ns3::empty, ns3::empty, ns3::empty, ns3::empty > cb) = 0;
  is_pure_virtual=True, is_virtual=True)
/home/lena/ns-allinone-3.19/ns-3.19/src/uan/bindings/modulegen__gcc_LP64.py:4263: Warning: exception NotSupportedError('Reverse wrappers for ns3::Callback<...> types (python using callbacks defined in C++) not implemented.',) in wrapper public: virtual void ns3::UanMacAloha::SetForwardUpCb (ns3::Callback< void, ns3::Ptr< ns3::Packet >, ns3::UanAddress const &, ns3::empty, ns3::empty, ns3::empty, ns3::empty, ns3::empty, ns3::empty, ns3::empty > cb);
  is_virtual=True)
/home/lena/ns-allinone-3.19/ns-3.19/src/uan/bindings/modulegen__gcc_LP64.py:4365: Warning: exception NotSupportedError('Reverse wrappers for ns3::Callback<...> types (python using callbacks defined in C++) not implemented.',) in wrapper public: virtual void ns3::UanMacCw::SetForwardUpCb (ns3::Callback< void, ns3::Ptr< ns3::Packet >, ns3::UanAddress const &, ns3::empty, ns3::empty, ns3::empty, ns3::empty, ns3::empty, ns3::empty, ns3::empty > cb);
  is_virtual=True)
/home/lena/ns-allinone-3.19/ns-3.19/src/uan/bindings/modulegen__gcc_LP64.py:4427: Warning: exception NotSupportedError('Reverse wrappers for ns3::Callback<...> types (python using callbacks defined in C++) not implemented.',) in wrapper public: virtual void ns3::UanMacRc::SetForwardUpCb (ns3::Callback< void, ns3::Ptr< ns3::Packet >, ns3::UanAddress const &, ns3::empty, ns3::empty, ns3::empty, ns3::empty, ns3::empty, ns3::empty, ns3::empty > cb);
  is_virtual=True)
/home/lena/ns-allinone-3.19/ns-3.19/src/uan/bindings/modulegen__gcc_LP64.py:4484: Warning: exception NotSupportedError('Reverse wrappers for ns3::Callback<...> types (python using callbacks defined in C++) not implemented.',) in wrapper public: virtual void ns3::UanMacRcGw::SetForwardUpCb (ns3::Callback< void, ns3::Ptr< ns3::Packet >, ns3::UanAddress const &, ns3::empty, ns3::empty, ns3::empty, ns3::empty, ns3::empty, ns3::empty, ns3::empty > cb);
  is_virtual=True)
bindings/python/ns3modulegen-modular.py:27: UserWarning: exception CodeGenerationError('ns3::UanPhyListener cannot be constructed (class has pure virtual methods)',) in wrapper <pybindgen.CppClass 'ns3::UanPhyListener'>
  warnings.warn("exception %r in wrapper %s" % (exception, wrapper))
/home/lena/ns-allinone-3.19/ns-3.19/src/uan/bindings/modulegen__gcc_LP64.py:514: Warning: exception CodeGenerationError('ns3::AttributeValue cannot be constructed (have pure virtual methods but no helper class)',) in wrapper public: virtual void ns3::AcousticModemEnergyModelHelper::Set (std::string name, ns3::AttributeValue const & v);
  register_Ns3AcousticModemEnergyModelHelper_methods(root_module, root_module['ns3::AcousticModemEnergyModelHelper'])
bindings/python/ns3modulegen-modular.py:27: UserWarning: exception CodeGenerationError('ns3::UanMac cannot be constructed (have pure virtual methods but no helper class)',) in wrapper <pybindgen.CppClass 'ns3::UanMac'>
  warnings.warn("exception %r in wrapper %s" % (exception, wrapper))
/home/lena/ns-allinone-3.19/ns-3.19/src/uan/bindings/modulegen__gcc_LP64.py:541: Warning: exception NotSupportedError('Reverse wrappers for ns3::Callback<...> types (python using callbacks defined in C++) not implemented.',) in wrapper public: virtual void ns3::UanMacAloha::SetForwardUpCb (ns3::Callback< void, ns3::Ptr< ns3::Packet >, ns3::UanAddress const &, ns3::empty, ns3::empty, ns3::empty, ns3::empty, ns3::empty, ns3::empty, ns3::empty > cb);
  register_Ns3UanMacAloha_methods(root_module, root_module['ns3::UanMacAloha'])
/home/lena/ns-allinone-3.19/ns-3.19/src/uan/bindings/modulegen__gcc_LP64.py:542: Warning: exception NotSupportedError('Reverse wrappers for ns3::Callback<...> types (python using callbacks defined in C++) not implemented.',) in wrapper public: virtual void ns3::UanMacCw::SetForwardUpCb (ns3::Callback< void, ns3::Ptr< ns3::Packet >, ns3::UanAddress const &, ns3::empty, ns3::empty, ns3::empty, ns3::empty, ns3::empty, ns3::empty, ns3::empty > cb);
  register_Ns3UanMacCw_methods(root_module, root_module['ns3::UanMacCw'])
/home/lena/ns-allinone-3.19/ns-3.19/src/uan/bindings/modulegen__gcc_LP64.py:543: Warning: exception NotSupportedError('Reverse wrappers for ns3::Callback<...> types (python using callbacks defined in C++) not implemented.',) in wrapper public: virtual void ns3::UanMacRc::SetForwardUpCb (ns3::Callback< void, ns3::Ptr< ns3::Packet >, ns3::UanAddress const &, ns3::empty, ns3::empty, ns3::empty, ns3::empty, ns3::empty, ns3::empty, ns3::empty > cb);
  register_Ns3UanMacRc_methods(root_module, root_module['ns3::UanMacRc'])
/home/lena/ns-allinone-3.19/ns-3.19/src/uan/bindings/modulegen__gcc_LP64.py:544: Warning: exception NotSupportedError('Reverse wrappers for ns3::Callback<...> types (python using callbacks defined in C++) not implemented.',) in wrapper public: virtual void ns3::UanMacRcGw::SetForwardUpCb (ns3::Callback< void, ns3::Ptr< ns3::Packet >, ns3::UanAddress const &, ns3::empty, ns3::empty, ns3::empty, ns3::empty, ns3::empty, ns3::empty, ns3::empty > cb);
  register_Ns3UanMacRcGw_methods(root_module, root_module['ns3::UanMacRcGw'])
bindings/python/ns3modulegen-modular.py:27: UserWarning: exception CodeGenerationError('ns3::UanNoiseModel cannot be constructed (class has pure virtual methods)',) in wrapper <pybindgen.CppClass 'ns3::UanNoiseModel'>
  warnings.warn("exception %r in wrapper %s" % (exception, wrapper))
bindings/python/ns3modulegen-modular.py:27: UserWarning: exception CodeGenerationError('ns3::UanPhy cannot be constructed (have pure virtual methods but no helper class)',) in wrapper <pybindgen.CppClass 'ns3::UanPhy'>
  warnings.warn("exception %r in wrapper %s" % (exception, wrapper))
bindings/python/ns3modulegen-modular.py:27: UserWarning: exception CodeGenerationError('ns3::UanPhyCalcSinr cannot be constructed (class has pure virtual methods)',) in wrapper <pybindgen.CppClass 'ns3::UanPhyCalcSinr'>
  warnings.warn("exception %r in wrapper %s" % (exception, wrapper))
bindings/python/ns3modulegen-modular.py:27: UserWarning: exception CodeGenerationError('ns3::UanPhyPer cannot be constructed (class has pure virtual methods)',) in wrapper <pybindgen.CppClass 'ns3::UanPhyPer'>
  warnings.warn("exception %r in wrapper %s" % (exception, wrapper))
bindings/python/ns3modulegen-modular.py:27: UserWarning: exception CodeGenerationError('ns3::UanPropModel cannot be constructed (class has pure virtual methods)',) in wrapper <pybindgen.CppClass 'ns3::UanPropModel'>
  warnings.warn("exception %r in wrapper %s" % (exception, wrapper))
bindings/python/ns3modulegen-modular.py:27: UserWarning: exception CodeGenerationError('ns3::UanTransducer cannot be constructed (have pure virtual methods but no helper class)',) in wrapper <pybindgen.CppClass 'ns3::UanTransducer'>
  warnings.warn("exception %r in wrapper %s" % (exception, wrapper))
bindings/python/ns3modulegen-modular.py:27: UserWarning: exception CodeGenerationError('ns3::UanModesListChecker cannot be constructed (have pure virtual methods but no helper class)',) in wrapper <pybindgen.CppClass 'ns3::UanModesListChecker'>
  warnings.warn("exception %r in wrapper %s" % (exception, wrapper))
