>>>>>>>>>>>>>>>> []
/home/lena/ns-allinone-3.19/ns-3.19/bindings/python/ns3modulegen_core_customizations.py:70: DeprecationWarning: Typo: set_tranformation -> set_transformation
  handler.set_tranformation(self, orig_ctype)
/home/lena/ns-allinone-3.19/ns-3.19/src/antenna/bindings/modulegen__gcc_LP64.py:243: Warning: exception TypeLookupError(['std::_List_const_iterator< ns3::AttributeConstructionList::Item >'],) in wrapper public: retval? ???::Begin (params?) const;
  is_const=True)
/home/lena/ns-allinone-3.19/ns-3.19/src/antenna/bindings/modulegen__gcc_LP64.py:248: Warning: exception TypeLookupError(['std::_List_const_iterator< ns3::AttributeConstructionList::Item >'],) in wrapper public: retval? ???::End (params?) const;
  is_const=True)
/home/lena/ns-allinone-3.19/pybindgen-0.16.0.834/pybindgen/settings.py:84: DeprecationWarning: The option pybindgen.settings.deprecated_virtuals has not been set.  I am going to assume the value of False, change it to True if it breaks your APIs. The option will eventually disappear (the deprecated behaviour will eventually disappear).
  DeprecationWarning)
/home/lena/ns-allinone-3.19/ns-3.19/src/antenna/bindings/modulegen__gcc_LP64.py:388: Warning: exception TypeConfigurationError('Missing transfer_ownership option',) in wrapper public: retval? ???::Delete (params?);
  is_static=True)
/home/lena/ns-allinone-3.19/ns-3.19/src/antenna/bindings/modulegen__gcc_LP64.py:445: Warning: exception TypeLookupError(['ns3::Callback< ns3::ObjectBase *, ns3::empty, ns3::empty, ns3::empty, ns3::empty, ns3::empty, ns3::empty, ns3::empty, ns3::empty, ns3::empty >'],) in wrapper public: retval? ???::GetConstructor (params?) const;
  is_const=True)
/home/lena/ns-allinone-3.19/ns-3.19/src/antenna/bindings/modulegen__gcc_LP64.py:524: Warning: exception TypeConfigurationError('Missing transfer_ownership option',) in wrapper public: retval? ???::LookupByHashFailSafe (params?);
  is_static=True)
/home/lena/ns-allinone-3.19/ns-3.19/src/antenna/bindings/modulegen__gcc_LP64.py:1226: Warning: exception TypeLookupError(['ns3::Hash::Hash32Function_ptr'],) in wrapper <pybindgen.cppmethod.CppConstructor object at 0x14c9c50>
  cls.add_constructor([param('ns3::Hash::Hash32Function_ptr', 'hp')])
/home/lena/ns-allinone-3.19/ns-3.19/src/antenna/bindings/modulegen__gcc_LP64.py:1243: Warning: exception TypeLookupError(['ns3::Hash::Hash64Function_ptr'],) in wrapper <pybindgen.cppmethod.CppConstructor object at 0x14cfcd0>
  cls.add_constructor([param('ns3::Hash::Hash64Function_ptr', 'hp')])
bindings/python/ns3modulegen-modular.py:27: UserWarning: exception CodeGenerationError('ns3::AntennaModel cannot be constructed (class has pure virtual methods)',) in wrapper <pybindgen.CppClass 'ns3::AntennaModel'>
  warnings.warn("exception %r in wrapper %s" % (exception, wrapper))
