>>>>>>>>>>>>>>>> [['void', 'ns3::Ptr<ns3::NetDevice>', 'ns3::Ptr<ns3::Packet const>', 'unsigned short', 'ns3::Address const&', 'ns3::Address const&', 'ns3::NetDevice::PacketType', 'ns3::empty', 'ns3::empty', 'ns3::empty']]
/home/lena/ns-allinone-3.19/ns-3.19/bindings/python/ns3modulegen_core_customizations.py:70: DeprecationWarning: Typo: set_tranformation -> set_transformation
  handler.set_tranformation(self, orig_ctype)
/home/lena/ns-allinone-3.19/ns-3.19/bindings/python/ns3modulegen_core_customizations.py:229: Warning: ***** Unable to register callback; parameter 'ns3::Ptr<ns3::Packet const> arg2' error (used in ns3::Callback< void, ns3::Ptr<ns3::NetDevice>, ns3::Ptr<ns3::Packet const>, unsigned short, ns3::Address const&, ns3::Address const&, ns3::NetDevice::PacketType, ns3::empty, ns3::empty, ns3::empty >): TypeLookupError(['ns3::Ptr< ns3::Packet const >', 'ns3::Packet *'],)
  Warning)
/home/lena/ns-allinone-3.19/pybindgen-0.16.0.834/pybindgen/typehandlers/base.py:1059: DeprecationWarning: is_const is deprecated, put a 'const' in the C type instead.
  warnings.warn("is_const is deprecated, put a 'const' in the C type instead.", DeprecationWarning)
/home/lena/ns-allinone-3.19/ns-3.19/src/topology-read/bindings/modulegen__gcc_LP64.py:272: Warning: exception TypeConfigurationError('direction not given',) in wrapper <pybindgen.cppmethod.CppConstructor object at 0xdf7510>
  cls.add_constructor([param('uint8_t', 'type'), param('uint8_t const *', 'buffer'), param('uint8_t', 'len')])
/home/lena/ns-allinone-3.19/ns-3.19/src/topology-read/bindings/modulegen__gcc_LP64.py:283: Warning: exception TypeConfigurationError('direction not given',) in wrapper public: retval? ???::CopyAllFrom (params?);
  [param('uint8_t const *', 'buffer'), param('uint8_t', 'len')])
/home/lena/ns-allinone-3.19/ns-3.19/src/topology-read/bindings/modulegen__gcc_LP64.py:288: Warning: exception TypeConfigurationError('direction not given',) in wrapper public: retval? ???::CopyAllTo (params?) const;
  is_const=True)
/home/lena/ns-allinone-3.19/ns-3.19/src/topology-read/bindings/modulegen__gcc_LP64.py:292: Warning: exception TypeConfigurationError('direction not given',) in wrapper public: retval? ???::CopyFrom (params?);
  [param('uint8_t const *', 'buffer'), param('uint8_t', 'len')])
/home/lena/ns-allinone-3.19/ns-3.19/src/topology-read/bindings/modulegen__gcc_LP64.py:297: Warning: exception TypeConfigurationError('direction not given',) in wrapper public: retval? ???::CopyTo (params?) const;
  is_const=True)
/home/lena/ns-allinone-3.19/ns-3.19/src/topology-read/bindings/modulegen__gcc_LP64.py:347: Warning: exception TypeLookupError(['std::_List_const_iterator< ns3::AttributeConstructionList::Item >'],) in wrapper public: retval? ???::Begin (params?) const;
  is_const=True)
/home/lena/ns-allinone-3.19/ns-3.19/src/topology-read/bindings/modulegen__gcc_LP64.py:352: Warning: exception TypeLookupError(['std::_List_const_iterator< ns3::AttributeConstructionList::Item >'],) in wrapper public: retval? ???::End (params?) const;
  is_const=True)
/home/lena/ns-allinone-3.19/ns-3.19/src/topology-read/bindings/modulegen__gcc_LP64.py:449: Warning: exception TypeConfigurationError('direction not given',) in wrapper public: retval? ???::Deserialize (params?);
  is_static=True)
/home/lena/ns-allinone-3.19/ns-3.19/src/topology-read/bindings/modulegen__gcc_LP64.py:514: Warning: exception TypeLookupError(['std::ostream &'],) in wrapper public: retval? ???::Print (params?) const;
  is_const=True)
/home/lena/ns-allinone-3.19/ns-3.19/src/topology-read/bindings/modulegen__gcc_LP64.py:519: Warning: exception TypeConfigurationError('direction not given',) in wrapper public: retval? ???::Serialize (params?) const;
  is_const=True)
/home/lena/ns-allinone-3.19/ns-3.19/src/topology-read/bindings/modulegen__gcc_LP64.py:586: Warning: exception TypeLookupError(['std::ostream &'],) in wrapper public: retval? ???::Print (params?) const;
  is_const=True)
/home/lena/ns-allinone-3.19/ns-3.19/src/topology-read/bindings/modulegen__gcc_LP64.py:603: Warning: exception TypeConfigurationError('direction not given',) in wrapper <pybindgen.cppmethod.CppConstructor object at 0xef4950>
  cls.add_constructor([param('uint8_t *', 'address')])
/home/lena/ns-allinone-3.19/ns-3.19/src/topology-read/bindings/modulegen__gcc_LP64.py:621: Warning: exception TypeConfigurationError('direction not given',) in wrapper public: retval? ???::Deserialize (params?);
  is_static=True)
/home/lena/ns-allinone-3.19/ns-3.19/src/topology-read/bindings/modulegen__gcc_LP64.py:646: Warning: exception TypeConfigurationError('direction not given',) in wrapper public: retval? ???::GetBytes (params?) const;
  is_const=True)
/home/lena/ns-allinone-3.19/ns-3.19/src/topology-read/bindings/modulegen__gcc_LP64.py:736: Warning: exception TypeLookupError(['ns3::Mac16Address'],) in wrapper public: retval? ???::MakeAutoconfiguredAddress (params?);
  is_static=True)
/home/lena/ns-allinone-3.19/ns-3.19/src/topology-read/bindings/modulegen__gcc_LP64.py:741: Warning: exception TypeLookupError(['ns3::Mac48Address'],) in wrapper public: retval? ???::MakeAutoconfiguredAddress (params?);
  is_static=True)
/home/lena/ns-allinone-3.19/ns-3.19/src/topology-read/bindings/modulegen__gcc_LP64.py:746: Warning: exception TypeLookupError(['ns3::Mac64Address'],) in wrapper public: retval? ???::MakeAutoconfiguredAddress (params?);
  is_static=True)
/home/lena/ns-allinone-3.19/ns-3.19/src/topology-read/bindings/modulegen__gcc_LP64.py:751: Warning: exception TypeLookupError(['ns3::Mac16Address'],) in wrapper public: retval? ???::MakeAutoconfiguredLinkLocalAddress (params?);
  is_static=True)
/home/lena/ns-allinone-3.19/ns-3.19/src/topology-read/bindings/modulegen__gcc_LP64.py:756: Warning: exception TypeLookupError(['ns3::Mac48Address'],) in wrapper public: retval? ???::MakeAutoconfiguredLinkLocalAddress (params?);
  is_static=True)
/home/lena/ns-allinone-3.19/ns-3.19/src/topology-read/bindings/modulegen__gcc_LP64.py:761: Warning: exception TypeLookupError(['ns3::Mac64Address'],) in wrapper public: retval? ???::MakeAutoconfiguredLinkLocalAddress (params?);
  is_static=True)
/home/lena/ns-allinone-3.19/ns-3.19/src/topology-read/bindings/modulegen__gcc_LP64.py:776: Warning: exception TypeLookupError(['std::ostream &'],) in wrapper public: retval? ???::Print (params?) const;
  is_const=True)
/home/lena/ns-allinone-3.19/ns-3.19/src/topology-read/bindings/modulegen__gcc_LP64.py:781: Warning: exception TypeConfigurationError('direction not given',) in wrapper public: retval? ???::Serialize (params?) const;
  is_const=True)
/home/lena/ns-allinone-3.19/ns-3.19/src/topology-read/bindings/modulegen__gcc_LP64.py:789: Warning: exception TypeConfigurationError('direction not given',) in wrapper public: retval? ???::Set (params?);
  [param('uint8_t *', 'address')])
/home/lena/ns-allinone-3.19/ns-3.19/src/topology-read/bindings/modulegen__gcc_LP64.py:799: Warning: exception TypeConfigurationError('direction not given',) in wrapper <pybindgen.cppmethod.CppConstructor object at 0xf14710>
  cls.add_constructor([param('uint8_t *', 'prefix')])
/home/lena/ns-allinone-3.19/ns-3.19/src/topology-read/bindings/modulegen__gcc_LP64.py:812: Warning: exception TypeConfigurationError('direction not given',) in wrapper public: retval? ???::GetBytes (params?) const;
  is_const=True)
/home/lena/ns-allinone-3.19/ns-3.19/src/topology-read/bindings/modulegen__gcc_LP64.py:847: Warning: exception TypeLookupError(['std::ostream &'],) in wrapper public: retval? ???::Print (params?) const;
  is_const=True)
/home/lena/ns-allinone-3.19/ns-3.19/src/topology-read/bindings/modulegen__gcc_LP64.py:883: Warning: exception TypeLookupError(['__gnu_cxx::__normal_iterator< ns3::Ptr< ns3::Node > const, std::vector< ns3::Ptr< ns3::Node > > >'],) in wrapper public: retval? ???::Begin (params?) const;
  is_const=True)
/home/lena/ns-allinone-3.19/ns-3.19/src/topology-read/bindings/modulegen__gcc_LP64.py:896: Warning: exception TypeLookupError(['__gnu_cxx::__normal_iterator< ns3::Ptr< ns3::Node > const, std::vector< ns3::Ptr< ns3::Node > > >'],) in wrapper public: retval? ???::End (params?) const;
  is_const=True)
/home/lena/ns-allinone-3.19/pybindgen-0.16.0.834/pybindgen/settings.py:84: DeprecationWarning: The option pybindgen.settings.deprecated_virtuals has not been set.  I am going to assume the value of False, change it to True if it breaks your APIs. The option will eventually disappear (the deprecated behaviour will eventually disappear).
  DeprecationWarning)
/home/lena/ns-allinone-3.19/ns-3.19/src/topology-read/bindings/modulegen__gcc_LP64.py:984: Warning: exception TypeConfigurationError('Missing transfer_ownership option',) in wrapper public: retval? ???::Delete (params?);
  is_static=True)
/home/lena/ns-allinone-3.19/ns-3.19/src/topology-read/bindings/modulegen__gcc_LP64.py:1003: Warning: exception TypeConfigurationError('direction not given',) in wrapper <pybindgen.cppmethod.CppConstructor object at 0x1025290>
  cls.add_constructor([param('uint8_t *', 'start'), param('uint8_t *', 'end')])
/home/lena/ns-allinone-3.19/ns-3.19/src/topology-read/bindings/modulegen__gcc_LP64.py:1011: Warning: exception TypeConfigurationError('direction not given',) in wrapper public: retval? ???::Read (params?);
  [param('uint8_t *', 'buffer'), param('uint32_t', 'size')])
/home/lena/ns-allinone-3.19/ns-3.19/src/topology-read/bindings/modulegen__gcc_LP64.py:1039: Warning: exception TypeConfigurationError('direction not given',) in wrapper public: retval? ???::Write (params?);
  [param('uint8_t const *', 'buffer'), param('uint32_t', 'size')])
/home/lena/ns-allinone-3.19/ns-3.19/src/topology-read/bindings/modulegen__gcc_LP64.py:1123: Warning: exception TypeLookupError(['ns3::Callback< ns3::ObjectBase *, ns3::empty, ns3::empty, ns3::empty, ns3::empty, ns3::empty, ns3::empty, ns3::empty, ns3::empty, ns3::empty >'],) in wrapper public: retval? ???::GetConstructor (params?) const;
  is_const=True)
/home/lena/ns-allinone-3.19/ns-3.19/src/topology-read/bindings/modulegen__gcc_LP64.py:1202: Warning: exception TypeConfigurationError('Missing transfer_ownership option',) in wrapper public: retval? ???::LookupByHashFailSafe (params?);
  is_static=True)
bindings/python/ns3modulegen-modular.py:27: UserWarning: exception TypeLookupError(['short unsigned int'],) in wrapper None
  warnings.warn("exception %r in wrapper %s" % (exception, wrapper))
/home/lena/ns-allinone-3.19/ns-3.19/src/topology-read/bindings/modulegen__gcc_LP64.py:1734: Warning: exception TypeLookupError(['std::_List_const_iterator< ns3::TopologyReader::Link >'],) in wrapper public: retval? ???::LinksBegin (params?) const;
  is_const=True)
/home/lena/ns-allinone-3.19/ns-3.19/src/topology-read/bindings/modulegen__gcc_LP64.py:1744: Warning: exception TypeLookupError(['std::_List_const_iterator< ns3::TopologyReader::Link >'],) in wrapper public: retval? ???::LinksEnd (params?) const;
  is_const=True)
/home/lena/ns-allinone-3.19/ns-3.19/src/topology-read/bindings/modulegen__gcc_LP64.py:1769: Warning: exception TypeLookupError(['std::_Rb_tree_const_iterator< std::pair< std::basic_string< char, std::char_traits< char >, std::allocator< char > > const, std::basic_string< char, std::char_traits< char >, std::allocator< char > > > >'],) in wrapper public: retval? ???::AttributesBegin (params?);
  [])
/home/lena/ns-allinone-3.19/ns-3.19/src/topology-read/bindings/modulegen__gcc_LP64.py:1773: Warning: exception TypeLookupError(['std::_Rb_tree_const_iterator< std::pair< std::basic_string< char, std::char_traits< char >, std::allocator< char > > const, std::basic_string< char, std::char_traits< char >, std::allocator< char > > > >'],) in wrapper public: retval? ???::AttributesEnd (params?);
  [])
/home/lena/ns-allinone-3.19/ns-3.19/src/topology-read/bindings/modulegen__gcc_LP64.py:2181: Warning: exception TypeLookupError(['ns3::Callback< void, ns3::empty, ns3::empty, ns3::empty, ns3::empty, ns3::empty, ns3::empty, ns3::empty, ns3::empty, ns3::empty >'],) in wrapper public: virtual retval? ???::AddLinkChangeCallback (params?) = 0;
  is_pure_virtual=True, is_virtual=True)
/home/lena/ns-allinone-3.19/ns-3.19/src/topology-read/bindings/modulegen__gcc_LP64.py:2196: Warning: exception TypeLookupError(['ns3::Ptr< ns3::Channel >', 'ns3::Channel *'],) in wrapper public: virtual retval? ???::GetChannel (params?) const = 0;
  is_pure_virtual=True, is_const=True, is_virtual=True)
/home/lena/ns-allinone-3.19/ns-3.19/src/topology-read/bindings/modulegen__gcc_LP64.py:2261: Warning: exception TypeLookupError(['ns3::Ptr< ns3::Packet >', 'ns3::Packet *'],) in wrapper public: virtual retval? ???::Send (params?) = 0;
  is_pure_virtual=True, is_virtual=True)
/home/lena/ns-allinone-3.19/ns-3.19/src/topology-read/bindings/modulegen__gcc_LP64.py:2266: Warning: exception TypeLookupError(['ns3::Ptr< ns3::Packet >', 'ns3::Packet *'],) in wrapper public: virtual retval? ???::SendFrom (params?) = 0;
  is_pure_virtual=True, is_virtual=True)
/home/lena/ns-allinone-3.19/ns-3.19/src/topology-read/bindings/modulegen__gcc_LP64.py:2291: Warning: exception TypeLookupError(['ns3::Callback< bool, ns3::Ptr< ns3::NetDevice >, ns3::Ptr< ns3::Packet const >, short unsigned int, ns3::Address const &, ns3::Address const &, ns3::NetDevice::PacketType, ns3::empty, ns3::empty, ns3::empty >'],) in wrapper public: virtual retval? ???::SetPromiscReceiveCallback (params?) = 0;
  is_pure_virtual=True, is_virtual=True)
/home/lena/ns-allinone-3.19/ns-3.19/src/topology-read/bindings/modulegen__gcc_LP64.py:2296: Warning: exception TypeLookupError(['ns3::Callback< bool, ns3::Ptr< ns3::NetDevice >, ns3::Ptr< ns3::Packet const >, short unsigned int, ns3::Address const &, ns3::empty, ns3::empty, ns3::empty, ns3::empty, ns3::empty >'],) in wrapper public: virtual retval? ???::SetReceiveCallback (params?) = 0;
  is_pure_virtual=True, is_virtual=True)
/home/lena/ns-allinone-3.19/ns-3.19/src/topology-read/bindings/modulegen__gcc_LP64.py:2314: Warning: exception TypeLookupError(['ns3::Ptr< ns3::Application >', 'ns3::Application *'],) in wrapper public: retval? ???::AddApplication (params?);
  [param('ns3::Ptr< ns3::Application >', 'application')])
/home/lena/ns-allinone-3.19/ns-3.19/src/topology-read/bindings/modulegen__gcc_LP64.py:2328: Warning: exception TypeLookupError(['ns3::Ptr< ns3::Application >', 'ns3::Application *'],) in wrapper public: retval? ???::GetApplication (params?) const;
  is_const=True)
/home/lena/ns-allinone-3.19/ns-3.19/src/topology-read/bindings/modulegen__gcc_LP64.py:2362: Warning: exception TypeLookupError(['ns3::Callback< void, ns3::Ptr< ns3::NetDevice >, ns3::empty, ns3::empty, ns3::empty, ns3::empty, ns3::empty, ns3::empty, ns3::empty, ns3::empty >'],) in wrapper public: retval? ???::RegisterDeviceAdditionListener (params?);
  [param('ns3::Callback< void, ns3::Ptr< ns3::NetDevice >, ns3::empty, ns3::empty, ns3::empty, ns3::empty, ns3::empty, ns3::empty, ns3::empty, ns3::empty >', 'listener')])
/home/lena/ns-allinone-3.19/ns-3.19/src/topology-read/bindings/modulegen__gcc_LP64.py:2366: Warning: exception TypeLookupError(['ns3::Callback< void, ns3::Ptr< ns3::NetDevice >, ns3::Ptr< ns3::Packet const >, unsigned short, ns3::Address const &, ns3::Address const &, ns3::NetDevice::PacketType, ns3::empty, ns3::empty, ns3::empty >'],) in wrapper public: retval? ???::RegisterProtocolHandler (params?);
  [param('ns3::Callback< void, ns3::Ptr< ns3::NetDevice >, ns3::Ptr< ns3::Packet const >, unsigned short, ns3::Address const &, ns3::Address const &, ns3::NetDevice::PacketType, ns3::empty, ns3::empty, ns3::empty >', 'handler'), param('uint16_t', 'protocolType'), param('ns3::Ptr< ns3::NetDevice >', 'device'), param('bool', 'promiscuous', default_value='false')])
/home/lena/ns-allinone-3.19/ns-3.19/src/topology-read/bindings/modulegen__gcc_LP64.py:2370: Warning: exception TypeLookupError(['ns3::Callback< void, ns3::Ptr< ns3::NetDevice >, ns3::empty, ns3::empty, ns3::empty, ns3::empty, ns3::empty, ns3::empty, ns3::empty, ns3::empty >'],) in wrapper public: retval? ???::UnregisterDeviceAdditionListener (params?);
  [param('ns3::Callback< void, ns3::Ptr< ns3::NetDevice >, ns3::empty, ns3::empty, ns3::empty, ns3::empty, ns3::empty, ns3::empty, ns3::empty, ns3::empty >', 'listener')])
/home/lena/ns-allinone-3.19/ns-3.19/src/topology-read/bindings/modulegen__gcc_LP64.py:2374: Warning: exception TypeLookupError(['ns3::Callback< void, ns3::Ptr< ns3::NetDevice >, ns3::Ptr< ns3::Packet const >, unsigned short, ns3::Address const &, ns3::Address const &, ns3::NetDevice::PacketType, ns3::empty, ns3::empty, ns3::empty >'],) in wrapper public: retval? ???::UnregisterProtocolHandler (params?);
  [param('ns3::Callback< void, ns3::Ptr< ns3::NetDevice >, ns3::Ptr< ns3::Packet const >, unsigned short, ns3::Address const &, ns3::Address const &, ns3::NetDevice::PacketType, ns3::empty, ns3::empty, ns3::empty >', 'handler')])
/home/lena/ns-allinone-3.19/ns-3.19/src/topology-read/bindings/modulegen__gcc_LP64.py:2578: Warning: exception TypeLookupError(['ns3::Hash::Hash32Function_ptr'],) in wrapper <pybindgen.cppmethod.CppConstructor object at 0x1676110>
  cls.add_constructor([param('ns3::Hash::Hash32Function_ptr', 'hp')])
/home/lena/ns-allinone-3.19/ns-3.19/src/topology-read/bindings/modulegen__gcc_LP64.py:2595: Warning: exception TypeLookupError(['ns3::Hash::Hash64Function_ptr'],) in wrapper <pybindgen.cppmethod.CppConstructor object at 0x1678190>
  cls.add_constructor([param('ns3::Hash::Hash64Function_ptr', 'hp')])
