>>>>>>>>>>>>>>>> [['void', 'ns3::Ptr<ns3::Packet const>', 'double', 'ns3::empty', 'ns3::empty', 'ns3::empty', 'ns3::empty', 'ns3::empty', 'ns3::empty', 'ns3::empty'], ['void', 'ns3::empty', 'ns3::empty', 'ns3::empty', 'ns3::empty', 'ns3::empty', 'ns3::empty', 'ns3::empty', 'ns3::empty', 'ns3::empty'], ['void', 'ns3::Ptr<ns3::Packet>', 'double', 'ns3::WifiMode', 'ns3::WifiPreamble', 'ns3::empty', 'ns3::empty', 'ns3::empty', 'ns3::empty', 'ns3::empty'], ['bool', 'ns3::Ptr<ns3::NetDevice>', 'ns3::Ptr<ns3::Packet const>', 'unsigned short', 'ns3::Address const&', 'ns3::Address const&', 'ns3::NetDevice::PacketType', 'ns3::empty', 'ns3::empty', 'ns3::empty'], ['bool', 'ns3::Ptr<ns3::NetDevice>', 'ns3::Ptr<ns3::Packet const>', 'unsigned short', 'ns3::Address const&', 'ns3::empty', 'ns3::empty', 'ns3::empty', 'ns3::empty', 'ns3::empty'], ['void', 'ns3::Ptr<ns3::Packet>', 'ns3::WifiMacHeader const*', 'ns3::empty', 'ns3::empty', 'ns3::empty', 'ns3::empty', 'ns3::empty', 'ns3::empty', 'ns3::empty'], ['void', 'ns3::Ptr<ns3::NetDevice>', 'ns3::Ptr<ns3::Packet const>', 'unsigned short', 'ns3::Address const&', 'ns3::Address const&', 'ns3::NetDevice::PacketType', 'ns3::empty', 'ns3::empty', 'ns3::empty'], ['void', 'ns3::WifiMacHeader const&', 'ns3::empty', 'ns3::empty', 'ns3::empty', 'ns3::empty', 'ns3::empty', 'ns3::empty', 'ns3::empty', 'ns3::empty'], ['void', 'ns3::Ptr<ns3::Packet>', 'ns3::Mac48Address', 'ns3::Mac48Address', 'ns3::empty', 'ns3::empty', 'ns3::empty', 'ns3::empty', 'ns3::empty', 'ns3::empty'], ['void', 'ns3::Mac48Address', 'unsigned char', 'ns3::empty', 'ns3::empty', 'ns3::empty', 'ns3::empty', 'ns3::empty', 'ns3::empty', 'ns3::empty'], ['void', 'ns3::Mac48Address', 'unsigned char', 'bool', 'ns3::empty', 'ns3::empty', 'ns3::empty', 'ns3::empty', 'ns3::empty', 'ns3::empty']]
bindings/python/ns3modulegen-modular.py:27: UserWarning: exception TypeLookupError(['std::pair< ns3::Ptr< ns3::Packet >, ns3::AmsduSubframeHeader >'],) in wrapper <pybindgen.Container 'std::list< std::pair< ns3::Ptr< ns3::Packet >, ns3::AmsduSubframeHeader > >'>
  warnings.warn("exception %r in wrapper %s" % (exception, wrapper))
/home/lena/ns-allinone-3.19/ns-3.19/bindings/python/ns3modulegen_core_customizations.py:70: DeprecationWarning: Typo: set_tranformation -> set_transformation
  handler.set_tranformation(self, orig_ctype)
***** registering callback handler: 'ns3::Callback< void, ns3::Ptr< ns3::Packet const >, double, ns3::empty, ns3::empty, ns3::empty, ns3::empty, ns3::empty, ns3::empty, ns3::empty >'
***** registering callback handler: 'ns3::Callback< void, ns3::empty, ns3::empty, ns3::empty, ns3::empty, ns3::empty, ns3::empty, ns3::empty, ns3::empty, ns3::empty >'
***** registering callback handler: 'ns3::Callback< void, ns3::Ptr< ns3::Packet >, double, ns3::WifiMode, ns3::WifiPreamble, ns3::empty, ns3::empty, ns3::empty, ns3::empty, ns3::empty >'
/home/lena/ns-allinone-3.19/pybindgen-0.16.0.834/pybindgen/typehandlers/base.py:1059: DeprecationWarning: is_const is deprecated, put a 'const' in the C type instead.
  warnings.warn("is_const is deprecated, put a 'const' in the C type instead.", DeprecationWarning)
***** registering callback handler: 'ns3::Callback< bool, ns3::Ptr< ns3::NetDevice >, ns3::Ptr< ns3::Packet const >, unsigned short, ns3::Address const &, ns3::Address const &, ns3::NetDevice::PacketType, ns3::empty, ns3::empty, ns3::empty >'
***** registering callback handler: 'ns3::Callback< bool, ns3::Ptr< ns3::NetDevice >, ns3::Ptr< ns3::Packet const >, unsigned short, ns3::Address const &, ns3::empty, ns3::empty, ns3::empty, ns3::empty, ns3::empty >'
***** registering callback handler: 'ns3::Callback< void, ns3::Ptr< ns3::Packet >, ns3::WifiMacHeader const *, ns3::empty, ns3::empty, ns3::empty, ns3::empty, ns3::empty, ns3::empty, ns3::empty >'
***** registering callback handler: 'ns3::Callback< void, ns3::Ptr< ns3::NetDevice >, ns3::Ptr< ns3::Packet const >, unsigned short, ns3::Address const &, ns3::Address const &, ns3::NetDevice::PacketType, ns3::empty, ns3::empty, ns3::empty >'
***** registering callback handler: 'ns3::Callback< void, ns3::WifiMacHeader const &, ns3::empty, ns3::empty, ns3::empty, ns3::empty, ns3::empty, ns3::empty, ns3::empty, ns3::empty >'
***** registering callback handler: 'ns3::Callback< void, ns3::Ptr< ns3::Packet >, ns3::Mac48Address, ns3::Mac48Address, ns3::empty, ns3::empty, ns3::empty, ns3::empty, ns3::empty, ns3::empty >'
***** registering callback handler: 'ns3::Callback< void, ns3::Mac48Address, unsigned char, ns3::empty, ns3::empty, ns3::empty, ns3::empty, ns3::empty, ns3::empty, ns3::empty >'
***** registering callback handler: 'ns3::Callback< void, ns3::Mac48Address, unsigned char, bool, ns3::empty, ns3::empty, ns3::empty, ns3::empty, ns3::empty, ns3::empty >'
/home/lena/ns-allinone-3.19/ns-3.19/src/wifi/bindings/modulegen__gcc_LP64.py:912: Warning: exception TypeConfigurationError('direction not given',) in wrapper <pybindgen.cppmethod.CppConstructor object at 0x1f89bd0>
  cls.add_constructor([param('uint8_t', 'type'), param('uint8_t const *', 'buffer'), param('uint8_t', 'len')])
/home/lena/ns-allinone-3.19/ns-3.19/src/wifi/bindings/modulegen__gcc_LP64.py:923: Warning: exception TypeConfigurationError('direction not given',) in wrapper public: retval? ???::CopyAllFrom (params?);
  [param('uint8_t const *', 'buffer'), param('uint8_t', 'len')])
/home/lena/ns-allinone-3.19/ns-3.19/src/wifi/bindings/modulegen__gcc_LP64.py:928: Warning: exception TypeConfigurationError('direction not given',) in wrapper public: retval? ???::CopyAllTo (params?) const;
  is_const=True)
/home/lena/ns-allinone-3.19/ns-3.19/src/wifi/bindings/modulegen__gcc_LP64.py:932: Warning: exception TypeConfigurationError('direction not given',) in wrapper public: retval? ???::CopyFrom (params?);
  [param('uint8_t const *', 'buffer'), param('uint8_t', 'len')])
/home/lena/ns-allinone-3.19/ns-3.19/src/wifi/bindings/modulegen__gcc_LP64.py:937: Warning: exception TypeConfigurationError('direction not given',) in wrapper public: retval? ???::CopyTo (params?) const;
  is_const=True)
/home/lena/ns-allinone-3.19/ns-3.19/src/wifi/bindings/modulegen__gcc_LP64.py:1129: Warning: exception TypeLookupError(['std::_List_const_iterator< ns3::AttributeConstructionList::Item >'],) in wrapper public: retval? ???::Begin (params?) const;
  is_const=True)
/home/lena/ns-allinone-3.19/ns-3.19/src/wifi/bindings/modulegen__gcc_LP64.py:1134: Warning: exception TypeLookupError(['std::_List_const_iterator< ns3::AttributeConstructionList::Item >'],) in wrapper public: retval? ???::End (params?) const;
  is_const=True)
/home/lena/ns-allinone-3.19/ns-3.19/src/wifi/bindings/modulegen__gcc_LP64.py:1253: Warning: exception TypeConfigurationError('Missing transfer_ownership option',) in wrapper public: retval? ???::FillBlockAckBitmap (params?);
  [param('ns3::CtrlBAckResponseHeader *', 'blockAckHeader')])
/home/lena/ns-allinone-3.19/ns-3.19/src/wifi/bindings/modulegen__gcc_LP64.py:1370: Warning: exception TypeLookupError(['ns3::MacTxMiddle *'],) in wrapper public: retval? ???::SetTxMiddle (params?);
  [param('ns3::MacTxMiddle *', 'txMiddle')])
/home/lena/ns-allinone-3.19/ns-3.19/src/wifi/bindings/modulegen__gcc_LP64.py:1423: Warning: exception TypeLookupError(['std::ostream *'],) in wrapper public: retval? ???::CopyData (params?) const;
  is_const=True)
/home/lena/ns-allinone-3.19/ns-3.19/src/wifi/bindings/modulegen__gcc_LP64.py:1428: Warning: exception TypeConfigurationError('direction not given',) in wrapper public: retval? ???::CopyData (params?) const;
  is_const=True)
/home/lena/ns-allinone-3.19/ns-3.19/src/wifi/bindings/modulegen__gcc_LP64.py:1442: Warning: exception TypeConfigurationError('direction not given',) in wrapper public: retval? ???::Deserialize (params?);
  [param('uint8_t const *', 'buffer'), param('uint32_t', 'size')])
/home/lena/ns-allinone-3.19/ns-3.19/src/wifi/bindings/modulegen__gcc_LP64.py:1472: Warning: exception TypeLookupError(['uint8_t *'],) in wrapper public: retval? ???::PeekData (params?) const;
  is_const=True)
/home/lena/ns-allinone-3.19/ns-3.19/src/wifi/bindings/modulegen__gcc_LP64.py:1485: Warning: exception TypeConfigurationError('direction not given',) in wrapper public: retval? ???::Serialize (params?) const;
  is_const=True)
/home/lena/ns-allinone-3.19/ns-3.19/src/wifi/bindings/modulegen__gcc_LP64.py:1540: Warning: exception TypeConfigurationError('direction not given',) in wrapper public: retval? ???::Read (params?);
  [param('uint8_t *', 'buffer'), param('uint32_t', 'size')])
/home/lena/ns-allinone-3.19/ns-3.19/src/wifi/bindings/modulegen__gcc_LP64.py:1584: Warning: exception TypeConfigurationError('direction not given',) in wrapper public: retval? ???::Write (params?);
  [param('uint8_t const *', 'buffer'), param('uint32_t', 'size')])
/home/lena/ns-allinone-3.19/ns-3.19/src/wifi/bindings/modulegen__gcc_LP64.py:1809: Warning: exception TypeConfigurationError('Missing transfer_ownership option',) in wrapper public: retval? ???::Add (params?);
  [param('ns3::DcfState *', 'dcf')])
/home/lena/ns-allinone-3.19/ns-3.19/src/wifi/bindings/modulegen__gcc_LP64.py:1866: Warning: exception TypeConfigurationError('Missing transfer_ownership option',) in wrapper public: retval? ???::RequestAccess (params?);
  [param('ns3::DcfState *', 'state')])
/home/lena/ns-allinone-3.19/ns-3.19/src/wifi/bindings/modulegen__gcc_LP64.py:2005: Warning: exception TypeLookupError(['ns3::Ptr< ns3::EventImpl > &'],) in wrapper <pybindgen.cppmethod.CppConstructor object at 0x240e310>
  cls.add_constructor([param('ns3::Ptr< ns3::EventImpl > const &', 'impl'), param('uint64_t', 'ts'), param('uint32_t', 'context'), param('uint32_t', 'uid')])
/home/lena/ns-allinone-3.19/ns-3.19/src/wifi/bindings/modulegen__gcc_LP64.py:2039: Warning: exception TypeConfigurationError('Either caller_owns_return or self.reference_existing_object must be given',) in wrapper public: retval? ???::PeekEventImpl (params?) const;
  is_const=True)
/home/lena/ns-allinone-3.19/ns-3.19/src/wifi/bindings/modulegen__gcc_LP64.py:2079: Warning: exception TypeLookupError(['ns3::Ptr< ns3::InterferenceHelper::Event >', 'ns3::InterferenceHelper::Event *'],) in wrapper public: retval? ???::Add (params?);
  [param('uint32_t', 'size'), param('ns3::WifiMode', 'payloadMode'), param('ns3::WifiPreamble', 'preamble'), param('ns3::Time', 'duration'), param('double', 'rxPower'), param('ns3::WifiTxVector', 'txvector')])
/home/lena/ns-allinone-3.19/ns-3.19/src/wifi/bindings/modulegen__gcc_LP64.py:2083: Warning: exception TypeLookupError(['ns3::Ptr< ns3::InterferenceHelper::Event >', 'ns3::InterferenceHelper::Event *'],) in wrapper public: retval? ???::CalculateSnrPer (params?);
  [param('ns3::Ptr< ns3::InterferenceHelper::Event >', 'event')])
/home/lena/ns-allinone-3.19/ns-3.19/src/wifi/bindings/modulegen__gcc_LP64.py:2158: Warning: exception TypeConfigurationError('direction not given',) in wrapper public: retval? ???::Deserialize (params?);
  is_static=True)
/home/lena/ns-allinone-3.19/ns-3.19/src/wifi/bindings/modulegen__gcc_LP64.py:2223: Warning: exception TypeLookupError(['std::ostream &'],) in wrapper public: retval? ???::Print (params?) const;
  is_const=True)
/home/lena/ns-allinone-3.19/ns-3.19/src/wifi/bindings/modulegen__gcc_LP64.py:2228: Warning: exception TypeConfigurationError('direction not given',) in wrapper public: retval? ???::Serialize (params?) const;
  is_const=True)
/home/lena/ns-allinone-3.19/ns-3.19/src/wifi/bindings/modulegen__gcc_LP64.py:2295: Warning: exception TypeLookupError(['std::ostream &'],) in wrapper public: retval? ???::Print (params?) const;
  is_const=True)
/home/lena/ns-allinone-3.19/ns-3.19/src/wifi/bindings/modulegen__gcc_LP64.py:2312: Warning: exception TypeConfigurationError('direction not given',) in wrapper <pybindgen.cppmethod.CppConstructor object at 0x2516ed0>
  cls.add_constructor([param('uint8_t *', 'address')])
/home/lena/ns-allinone-3.19/ns-3.19/src/wifi/bindings/modulegen__gcc_LP64.py:2330: Warning: exception TypeConfigurationError('direction not given',) in wrapper public: retval? ???::Deserialize (params?);
  is_static=True)
/home/lena/ns-allinone-3.19/ns-3.19/src/wifi/bindings/modulegen__gcc_LP64.py:2355: Warning: exception TypeConfigurationError('direction not given',) in wrapper public: retval? ???::GetBytes (params?) const;
  is_const=True)
/home/lena/ns-allinone-3.19/ns-3.19/src/wifi/bindings/modulegen__gcc_LP64.py:2445: Warning: exception TypeLookupError(['ns3::Mac16Address'],) in wrapper public: retval? ???::MakeAutoconfiguredAddress (params?);
  is_static=True)
/home/lena/ns-allinone-3.19/ns-3.19/src/wifi/bindings/modulegen__gcc_LP64.py:2455: Warning: exception TypeLookupError(['ns3::Mac64Address'],) in wrapper public: retval? ???::MakeAutoconfiguredAddress (params?);
  is_static=True)
/home/lena/ns-allinone-3.19/ns-3.19/src/wifi/bindings/modulegen__gcc_LP64.py:2460: Warning: exception TypeLookupError(['ns3::Mac16Address'],) in wrapper public: retval? ???::MakeAutoconfiguredLinkLocalAddress (params?);
  is_static=True)
/home/lena/ns-allinone-3.19/ns-3.19/src/wifi/bindings/modulegen__gcc_LP64.py:2470: Warning: exception TypeLookupError(['ns3::Mac64Address'],) in wrapper public: retval? ???::MakeAutoconfiguredLinkLocalAddress (params?);
  is_static=True)
/home/lena/ns-allinone-3.19/ns-3.19/src/wifi/bindings/modulegen__gcc_LP64.py:2485: Warning: exception TypeLookupError(['std::ostream &'],) in wrapper public: retval? ???::Print (params?) const;
  is_const=True)
/home/lena/ns-allinone-3.19/ns-3.19/src/wifi/bindings/modulegen__gcc_LP64.py:2490: Warning: exception TypeConfigurationError('direction not given',) in wrapper public: retval? ???::Serialize (params?) const;
  is_const=True)
/home/lena/ns-allinone-3.19/ns-3.19/src/wifi/bindings/modulegen__gcc_LP64.py:2498: Warning: exception TypeConfigurationError('direction not given',) in wrapper public: retval? ???::Set (params?);
  [param('uint8_t *', 'address')])
/home/lena/ns-allinone-3.19/ns-3.19/src/wifi/bindings/modulegen__gcc_LP64.py:2508: Warning: exception TypeConfigurationError('direction not given',) in wrapper <pybindgen.cppmethod.CppConstructor object at 0x2539ad0>
  cls.add_constructor([param('uint8_t *', 'prefix')])
/home/lena/ns-allinone-3.19/ns-3.19/src/wifi/bindings/modulegen__gcc_LP64.py:2521: Warning: exception TypeConfigurationError('direction not given',) in wrapper public: retval? ???::GetBytes (params?) const;
  is_const=True)
/home/lena/ns-allinone-3.19/ns-3.19/src/wifi/bindings/modulegen__gcc_LP64.py:2556: Warning: exception TypeLookupError(['std::ostream &'],) in wrapper public: retval? ???::Print (params?) const;
  is_const=True)
/home/lena/ns-allinone-3.19/ns-3.19/src/wifi/bindings/modulegen__gcc_LP64.py:2583: Warning: exception TypeConfigurationError('direction not given',) in wrapper public: retval? ???::CopyFrom (params?);
  [param('uint8_t const *', 'buffer')])
/home/lena/ns-allinone-3.19/ns-3.19/src/wifi/bindings/modulegen__gcc_LP64.py:2588: Warning: exception TypeConfigurationError('direction not given',) in wrapper public: retval? ???::CopyTo (params?) const;
  is_const=True)
/home/lena/ns-allinone-3.19/pybindgen-0.16.0.834/pybindgen/settings.py:84: DeprecationWarning: The option pybindgen.settings.deprecated_virtuals has not been set.  I am going to assume the value of False, change it to True if it breaks your APIs. The option will eventually disappear (the deprecated behaviour will eventually disappear).
  DeprecationWarning)
/home/lena/ns-allinone-3.19/ns-3.19/src/wifi/bindings/modulegen__gcc_LP64.py:2894: Warning: exception TypeLookupError(['__gnu_cxx::__normal_iterator< ns3::Ptr< ns3::NetDevice > const, std::vector< ns3::Ptr< ns3::NetDevice > > >'],) in wrapper public: retval? ???::Begin (params?) const;
  is_const=True)
/home/lena/ns-allinone-3.19/ns-3.19/src/wifi/bindings/modulegen__gcc_LP64.py:2899: Warning: exception TypeLookupError(['__gnu_cxx::__normal_iterator< ns3::Ptr< ns3::NetDevice > const, std::vector< ns3::Ptr< ns3::NetDevice > > >'],) in wrapper public: retval? ???::End (params?) const;
  is_const=True)
/home/lena/ns-allinone-3.19/ns-3.19/src/wifi/bindings/modulegen__gcc_LP64.py:2945: Warning: exception TypeLookupError(['__gnu_cxx::__normal_iterator< ns3::Ptr< ns3::Node > const, std::vector< ns3::Ptr< ns3::Node > > >'],) in wrapper public: retval? ???::Begin (params?) const;
  is_const=True)
/home/lena/ns-allinone-3.19/ns-3.19/src/wifi/bindings/modulegen__gcc_LP64.py:2958: Warning: exception TypeLookupError(['__gnu_cxx::__normal_iterator< ns3::Ptr< ns3::Node > const, std::vector< ns3::Ptr< ns3::Node > > >'],) in wrapper public: retval? ???::End (params?) const;
  is_const=True)
/home/lena/ns-allinone-3.19/ns-3.19/src/wifi/bindings/modulegen__gcc_LP64.py:3046: Warning: exception TypeConfigurationError('Missing transfer_ownership option',) in wrapper public: retval? ???::Delete (params?);
  is_static=True)
/home/lena/ns-allinone-3.19/ns-3.19/src/wifi/bindings/modulegen__gcc_LP64.py:3165: Warning: exception TypeConfigurationError('direction not given',) in wrapper public: retval? ???::Deserialize (params?);
  [param('uint8_t const *', 'buffer'), param('uint32_t', 'size')])
/home/lena/ns-allinone-3.19/ns-3.19/src/wifi/bindings/modulegen__gcc_LP64.py:3206: Warning: exception TypeConfigurationError('direction not given',) in wrapper public: retval? ???::Serialize (params?) const;
  is_const=True)
bindings/python/ns3modulegen-modular.py:27: UserWarning: exception TypeLookupError(['uint8_t [ 20 ]'],) in wrapper None
  warnings.warn("exception %r in wrapper %s" % (exception, wrapper))
bindings/python/ns3modulegen-modular.py:27: UserWarning: exception TypeConfigurationError('Either caller_owns_return or self.reference_existing_object must be given',) in wrapper None
  warnings.warn("exception %r in wrapper %s" % (exception, wrapper))
/home/lena/ns-allinone-3.19/ns-3.19/src/wifi/bindings/modulegen__gcc_LP64.py:3337: Warning: exception TypeLookupError(['uint32_t &'],) in wrapper public: retval? ???::Diff (params?);
  is_static=True)
/home/lena/ns-allinone-3.19/ns-3.19/src/wifi/bindings/modulegen__gcc_LP64.py:3391: Warning: exception TypeConfigurationError('direction not given',) in wrapper public: retval? ???::Read (params?);
  [param('uint8_t * const', 'data'), param('uint32_t', 'maxBytes'), param('uint32_t &', 'tsSec'), param('uint32_t &', 'tsUsec'), param('uint32_t &', 'inclLen'), param('uint32_t &', 'origLen'), param('uint32_t &', 'readLen')])
/home/lena/ns-allinone-3.19/ns-3.19/src/wifi/bindings/modulegen__gcc_LP64.py:3395: Warning: exception TypeConfigurationError('direction not given',) in wrapper public: retval? ???::Write (params?);
  [param('uint32_t', 'tsSec'), param('uint32_t', 'tsUsec'), param('uint8_t const * const', 'data'), param('uint32_t', 'totalLen')])
/home/lena/ns-allinone-3.19/ns-3.19/src/wifi/bindings/modulegen__gcc_LP64.py:3550: Warning: exception TypeLookupError(['ns3::Ptr< ns3::SimulatorImpl >', 'ns3::SimulatorImpl *'],) in wrapper public: retval? ???::GetImplementation (params?);
  is_static=True)
/home/lena/ns-allinone-3.19/ns-3.19/src/wifi/bindings/modulegen__gcc_LP64.py:3585: Warning: exception TypeLookupError(['ns3::Ptr< ns3::SimulatorImpl >', 'ns3::SimulatorImpl *'],) in wrapper public: retval? ???::SetImplementation (params?);
  is_static=True)
/home/lena/ns-allinone-3.19/ns-3.19/src/wifi/bindings/modulegen__gcc_LP64.py:3662: Warning: exception TypeLookupError(['std::ostream &'],) in wrapper public: virtual retval? ???::Print (params?) const = 0;
  is_pure_virtual=True, is_const=True, is_virtual=True)
/home/lena/ns-allinone-3.19/ns-3.19/src/wifi/bindings/modulegen__gcc_LP64.py:3674: Warning: exception TypeConfigurationError('direction not given',) in wrapper <pybindgen.cppmethod.CppConstructor object at 0x2a6d110>
  cls.add_constructor([param('uint8_t *', 'start'), param('uint8_t *', 'end')])
/home/lena/ns-allinone-3.19/ns-3.19/src/wifi/bindings/modulegen__gcc_LP64.py:3682: Warning: exception TypeConfigurationError('direction not given',) in wrapper public: retval? ???::Read (params?);
  [param('uint8_t *', 'buffer'), param('uint32_t', 'size')])
/home/lena/ns-allinone-3.19/ns-3.19/src/wifi/bindings/modulegen__gcc_LP64.py:3710: Warning: exception TypeConfigurationError('direction not given',) in wrapper public: retval? ???::Write (params?);
  [param('uint8_t const *', 'buffer'), param('uint32_t', 'size')])
/home/lena/ns-allinone-3.19/ns-3.19/src/wifi/bindings/modulegen__gcc_LP64.py:3775: Warning: exception TypeLookupError(['ns3::Callback< ns3::ObjectBase *, ns3::empty, ns3::empty, ns3::empty, ns3::empty, ns3::empty, ns3::empty, ns3::empty, ns3::empty, ns3::empty >'],) in wrapper public: retval? ???::GetConstructor (params?) const;
  is_const=True)
/home/lena/ns-allinone-3.19/ns-3.19/src/wifi/bindings/modulegen__gcc_LP64.py:3854: Warning: exception TypeConfigurationError('Missing transfer_ownership option',) in wrapper public: retval? ???::LookupByHashFailSafe (params?);
  is_static=True)
bindings/python/ns3modulegen-modular.py:27: UserWarning: exception TypeLookupError(['short unsigned int'],) in wrapper None
  warnings.warn("exception %r in wrapper %s" % (exception, wrapper))
/home/lena/ns-allinone-3.19/ns-3.19/src/wifi/bindings/modulegen__gcc_LP64.py:4466: Warning: exception TypeLookupError(['std::ostream &'],) in wrapper public: virtual retval? ???::Print (params?) const = 0;
  is_pure_virtual=True, is_const=True, is_virtual=True)
/home/lena/ns-allinone-3.19/ns-3.19/src/wifi/bindings/modulegen__gcc_LP64.py:4494: Warning: exception TypeLookupError(['std::ostream &'],) in wrapper public: virtual retval? ???::Print (params?) const = 0;
  is_pure_virtual=True, is_const=True, is_virtual=True)
/home/lena/ns-allinone-3.19/ns-3.19/src/wifi/bindings/modulegen__gcc_LP64.py:4561: Warning: exception TypeLookupError(['std::ostream &'],) in wrapper public: virtual retval? ???::Print (params?) const;
  is_const=True, is_virtual=True)
/home/lena/ns-allinone-3.19/ns-3.19/src/wifi/bindings/modulegen__gcc_LP64.py:4656: Warning: exception TypeLookupError(['std::ostream &'],) in wrapper public: virtual retval? ???::Print (params?) const;
  is_const=True, is_virtual=True)
/home/lena/ns-allinone-3.19/ns-3.19/src/wifi/bindings/modulegen__gcc_LP64.py:4741: Warning: exception TypeLookupError(['std::ostream &'],) in wrapper public: virtual retval? ???::Print (params?) const;
  is_const=True, is_virtual=True)
/home/lena/ns-allinone-3.19/ns-3.19/src/wifi/bindings/modulegen__gcc_LP64.py:4807: Warning: exception TypeLookupError(['std::ostream &'],) in wrapper public: virtual retval? ???::Print (params?) const;
  is_const=True, is_virtual=True)
/home/lena/ns-allinone-3.19/ns-3.19/src/wifi/bindings/modulegen__gcc_LP64.py:4866: Warning: exception TypeLookupError(['std::ostream &'],) in wrapper public: virtual retval? ???::Print (params?) const;
  is_const=True, is_virtual=True)
/home/lena/ns-allinone-3.19/ns-3.19/src/wifi/bindings/modulegen__gcc_LP64.py:4930: Warning: exception TypeLookupError(['std::ostream &'],) in wrapper public: virtual retval? ???::Print (params?) const;
  is_const=True, is_virtual=True)
/home/lena/ns-allinone-3.19/ns-3.19/src/wifi/bindings/modulegen__gcc_LP64.py:5003: Warning: exception TypeLookupError(['std::ostream &'],) in wrapper public: virtual retval? ???::Print (params?) const;
  is_const=True, is_virtual=True)
/home/lena/ns-allinone-3.19/ns-3.19/src/wifi/bindings/modulegen__gcc_LP64.py:5160: Warning: exception TypeConfigurationError('direction not given',) in wrapper public: retval? ???::Write (params?);
  [param('ns3::Time', 't'), param('uint8_t const *', 'buffer'), param('uint32_t', 'length')])
/home/lena/ns-allinone-3.19/ns-3.19/src/wifi/bindings/modulegen__gcc_LP64.py:5290: Warning: exception TypeLookupError(['std::ostream &'],) in wrapper public: virtual retval? ???::Print (params?) const;
  is_const=True, is_virtual=True)
/home/lena/ns-allinone-3.19/ns-3.19/src/wifi/bindings/modulegen__gcc_LP64.py:5422: Warning: exception TypeLookupError(['ns3::RngStream *'],) in wrapper protected: retval? ???::Peek (params?) const;
  is_const=True, visibility='protected')
/home/lena/ns-allinone-3.19/ns-3.19/src/wifi/bindings/modulegen__gcc_LP64.py:5665: Warning: exception TypeLookupError(['std::ostream &'],) in wrapper public: virtual retval? ???::Print (params?) const;
  is_const=True, is_virtual=True)
/home/lena/ns-allinone-3.19/ns-3.19/src/wifi/bindings/modulegen__gcc_LP64.py:5940: Warning: exception TypeLookupError(['std::ostream &'],) in wrapper public: virtual retval? ???::Print (params?) const = 0;
  is_pure_virtual=True, is_const=True, is_virtual=True)
/home/lena/ns-allinone-3.19/ns-3.19/src/wifi/bindings/modulegen__gcc_LP64.py:6160: Warning: exception TypeLookupError(['std::ostream &'],) in wrapper public: virtual retval? ???::Print (params?) const;
  is_const=True, is_virtual=True)
/home/lena/ns-allinone-3.19/ns-3.19/src/wifi/bindings/modulegen__gcc_LP64.py:6230: Warning: exception TypeLookupError(['std::ostream &'],) in wrapper public: virtual retval? ???::Print (params?) const;
  is_const=True, is_virtual=True)
/home/lena/ns-allinone-3.19/ns-3.19/src/wifi/bindings/modulegen__gcc_LP64.py:6256: Warning: exception TypeLookupError(['__gnu_cxx::__normal_iterator< ns3::Ptr< ns3::WifiInformationElement >, std::vector< ns3::Ptr< ns3::WifiInformationElement > > >'],) in wrapper public: retval? ???::Begin (params?);
  [])
/home/lena/ns-allinone-3.19/ns-3.19/src/wifi/bindings/modulegen__gcc_LP64.py:6270: Warning: exception TypeLookupError(['__gnu_cxx::__normal_iterator< ns3::Ptr< ns3::WifiInformationElement >, std::vector< ns3::Ptr< ns3::WifiInformationElement > > >'],) in wrapper public: retval? ???::End (params?);
  [])
/home/lena/ns-allinone-3.19/ns-3.19/src/wifi/bindings/modulegen__gcc_LP64.py:6295: Warning: exception TypeLookupError(['std::ostream &'],) in wrapper public: virtual retval? ???::Print (params?) const;
  is_const=True, is_virtual=True)
/home/lena/ns-allinone-3.19/ns-3.19/src/wifi/bindings/modulegen__gcc_LP64.py:6791: Warning: exception TypeLookupError(['std::ostream &'],) in wrapper public: virtual retval? ???::Print (params?) const;
  is_const=True, is_virtual=True)
/home/lena/ns-allinone-3.19/ns-3.19/src/wifi/bindings/modulegen__gcc_LP64.py:6967: Warning: exception TypeConfigurationError('Missing transfer_ownership option',) in wrapper public: retval? ???::Dequeue (params?);
  [param('ns3::WifiMacHeader *', 'hdr')])
/home/lena/ns-allinone-3.19/ns-3.19/src/wifi/bindings/modulegen__gcc_LP64.py:6971: Warning: exception TypeConfigurationError('Missing transfer_ownership option',) in wrapper public: retval? ???::DequeueByTidAndAddress (params?);
  [param('ns3::WifiMacHeader *', 'hdr'), param('uint8_t', 'tid'), param('ns3::WifiMacHeader::AddressType', 'type'), param('ns3::Mac48Address', 'addr')])
/home/lena/ns-allinone-3.19/ns-3.19/src/wifi/bindings/modulegen__gcc_LP64.py:6975: Warning: exception TypeConfigurationError('Missing transfer_ownership option',) in wrapper public: retval? ???::DequeueFirstAvailable (params?);
  [param('ns3::WifiMacHeader *', 'hdr'), param('ns3::Time &', 'tStamp'), param('ns3::QosBlockedDestinations const *', 'blockedPackets')])
/home/lena/ns-allinone-3.19/ns-3.19/src/wifi/bindings/modulegen__gcc_LP64.py:7014: Warning: exception TypeConfigurationError('Missing transfer_ownership option',) in wrapper public: retval? ???::Peek (params?);
  [param('ns3::WifiMacHeader *', 'hdr')])
/home/lena/ns-allinone-3.19/ns-3.19/src/wifi/bindings/modulegen__gcc_LP64.py:7018: Warning: exception TypeConfigurationError('Missing transfer_ownership option',) in wrapper public: retval? ???::PeekByTidAndAddress (params?);
  [param('ns3::WifiMacHeader *', 'hdr'), param('uint8_t', 'tid'), param('ns3::WifiMacHeader::AddressType', 'type'), param('ns3::Mac48Address', 'addr')])
/home/lena/ns-allinone-3.19/ns-3.19/src/wifi/bindings/modulegen__gcc_LP64.py:7022: Warning: exception TypeConfigurationError('Missing transfer_ownership option',) in wrapper public: retval? ???::PeekFirstAvailable (params?);
  [param('ns3::WifiMacHeader *', 'hdr'), param('ns3::Time &', 'tStamp'), param('ns3::QosBlockedDestinations const *', 'blockedPackets')])
/home/lena/ns-allinone-3.19/ns-3.19/src/wifi/bindings/modulegen__gcc_LP64.py:7048: Warning: exception TypeLookupError(['std::_List_iterator< ns3::WifiMacQueue::Item >'],) in wrapper protected: retval? ???::GetAddressForPacket (params?);
  visibility='protected')
/home/lena/ns-allinone-3.19/ns-3.19/src/wifi/bindings/modulegen__gcc_LP64.py:7080: Warning: exception TypeLookupError(['std::ostream &'],) in wrapper public: virtual retval? ???::Print (params?) const;
  is_const=True, is_virtual=True)
/home/lena/ns-allinone-3.19/ns-3.19/src/wifi/bindings/modulegen__gcc_LP64.py:7679: Warning: exception TypeConfigurationError('Missing transfer_ownership option',) in wrapper public: virtual retval? ???::RegisterListener (params?) = 0;
  is_pure_virtual=True, is_virtual=True)
/home/lena/ns-allinone-3.19/ns-3.19/src/wifi/bindings/modulegen__gcc_LP64.py:7801: Warning: exception TypeConfigurationError('Missing transfer_ownership option',) in wrapper public: retval? ???::RegisterListener (params?);
  [param('ns3::WifiPhyListener *', 'listener')])
bindings/python/ns3modulegen-modular.py:27: UserWarning: exception TypeLookupError(['ns3::TracedCallback< ns3::Time, ns3::Time, ns3::WifiPhy::State, ns3::empty, ns3::empty, ns3::empty, ns3::empty, ns3::empty >'],) in wrapper None
  warnings.warn("exception %r in wrapper %s" % (exception, wrapper))
/home/lena/ns-allinone-3.19/ns-3.19/src/wifi/bindings/modulegen__gcc_LP64.py:8170: Warning: exception TypeConfigurationError('Either caller_owns_return or self.reference_existing_object must be given',) in wrapper private: virtual retval? ???::DoCreateStation (params?) const = 0;
  is_pure_virtual=True, is_const=True, visibility='private', is_virtual=True)
/home/lena/ns-allinone-3.19/ns-3.19/src/wifi/bindings/modulegen__gcc_LP64.py:8250: Warning: exception TypeConfigurationError('Missing transfer_ownership option',) in wrapper private: virtual retval? ???::DoGetDataTxVector (params?) = 0;
  is_pure_virtual=True, visibility='private', is_virtual=True)
/home/lena/ns-allinone-3.19/ns-3.19/src/wifi/bindings/modulegen__gcc_LP64.py:8255: Warning: exception TypeConfigurationError('Missing transfer_ownership option',) in wrapper private: virtual retval? ???::DoGetRtsTxVector (params?) = 0;
  is_pure_virtual=True, visibility='private', is_virtual=True)
/home/lena/ns-allinone-3.19/ns-3.19/src/wifi/bindings/modulegen__gcc_LP64.py:8260: Warning: exception TypeConfigurationError('Missing transfer_ownership option',) in wrapper private: virtual retval? ???::DoNeedDataRetransmission (params?);
  visibility='private', is_virtual=True)
/home/lena/ns-allinone-3.19/ns-3.19/src/wifi/bindings/modulegen__gcc_LP64.py:8265: Warning: exception TypeConfigurationError('Missing transfer_ownership option',) in wrapper private: virtual retval? ???::DoNeedFragmentation (params?);
  visibility='private', is_virtual=True)
/home/lena/ns-allinone-3.19/ns-3.19/src/wifi/bindings/modulegen__gcc_LP64.py:8270: Warning: exception TypeConfigurationError('Missing transfer_ownership option',) in wrapper private: virtual retval? ???::DoNeedRts (params?);
  visibility='private', is_virtual=True)
/home/lena/ns-allinone-3.19/ns-3.19/src/wifi/bindings/modulegen__gcc_LP64.py:8275: Warning: exception TypeConfigurationError('Missing transfer_ownership option',) in wrapper private: virtual retval? ???::DoNeedRtsRetransmission (params?);
  visibility='private', is_virtual=True)
/home/lena/ns-allinone-3.19/ns-3.19/src/wifi/bindings/modulegen__gcc_LP64.py:8280: Warning: exception TypeConfigurationError('Missing transfer_ownership option',) in wrapper private: virtual retval? ???::DoReportDataFailed (params?) = 0;
  is_pure_virtual=True, visibility='private', is_virtual=True)
/home/lena/ns-allinone-3.19/ns-3.19/src/wifi/bindings/modulegen__gcc_LP64.py:8285: Warning: exception TypeConfigurationError('Missing transfer_ownership option',) in wrapper private: virtual retval? ???::DoReportDataOk (params?) = 0;
  is_pure_virtual=True, visibility='private', is_virtual=True)
/home/lena/ns-allinone-3.19/ns-3.19/src/wifi/bindings/modulegen__gcc_LP64.py:8290: Warning: exception TypeConfigurationError('Missing transfer_ownership option',) in wrapper private: virtual retval? ???::DoReportFinalDataFailed (params?) = 0;
  is_pure_virtual=True, visibility='private', is_virtual=True)
/home/lena/ns-allinone-3.19/ns-3.19/src/wifi/bindings/modulegen__gcc_LP64.py:8295: Warning: exception TypeConfigurationError('Missing transfer_ownership option',) in wrapper private: virtual retval? ???::DoReportFinalRtsFailed (params?) = 0;
  is_pure_virtual=True, visibility='private', is_virtual=True)
/home/lena/ns-allinone-3.19/ns-3.19/src/wifi/bindings/modulegen__gcc_LP64.py:8300: Warning: exception TypeConfigurationError('Missing transfer_ownership option',) in wrapper private: virtual retval? ???::DoReportRtsFailed (params?) = 0;
  is_pure_virtual=True, visibility='private', is_virtual=True)
/home/lena/ns-allinone-3.19/ns-3.19/src/wifi/bindings/modulegen__gcc_LP64.py:8305: Warning: exception TypeConfigurationError('Missing transfer_ownership option',) in wrapper private: virtual retval? ???::DoReportRtsOk (params?) = 0;
  is_pure_virtual=True, visibility='private', is_virtual=True)
/home/lena/ns-allinone-3.19/ns-3.19/src/wifi/bindings/modulegen__gcc_LP64.py:8310: Warning: exception TypeConfigurationError('Missing transfer_ownership option',) in wrapper private: virtual retval? ???::DoReportRxOk (params?) = 0;
  is_pure_virtual=True, visibility='private', is_virtual=True)
/home/lena/ns-allinone-3.19/ns-3.19/src/wifi/bindings/modulegen__gcc_LP64.py:8541: Warning: exception TypeConfigurationError('Missing transfer_ownership option',) in wrapper public: virtual retval? ???::RegisterListener (params?);
  is_virtual=True)
/home/lena/ns-allinone-3.19/ns-3.19/src/wifi/bindings/modulegen__gcc_LP64.py:8751: Warning: exception TypeConfigurationError('Either caller_owns_return or self.reference_existing_object must be given',) in wrapper private: virtual retval? ???::DoCreateStation (params?) const;
  is_const=True, visibility='private', is_virtual=True)
/home/lena/ns-allinone-3.19/ns-3.19/src/wifi/bindings/modulegen__gcc_LP64.py:8756: Warning: exception TypeConfigurationError('Missing transfer_ownership option',) in wrapper private: virtual retval? ???::DoGetDataTxVector (params?);
  visibility='private', is_virtual=True)
/home/lena/ns-allinone-3.19/ns-3.19/src/wifi/bindings/modulegen__gcc_LP64.py:8761: Warning: exception TypeConfigurationError('Missing transfer_ownership option',) in wrapper private: virtual retval? ???::DoGetRtsTxVector (params?);
  visibility='private', is_virtual=True)
/home/lena/ns-allinone-3.19/ns-3.19/src/wifi/bindings/modulegen__gcc_LP64.py:8766: Warning: exception TypeConfigurationError('Missing transfer_ownership option',) in wrapper private: virtual retval? ???::DoReportDataFailed (params?);
  visibility='private', is_virtual=True)
/home/lena/ns-allinone-3.19/ns-3.19/src/wifi/bindings/modulegen__gcc_LP64.py:8771: Warning: exception TypeConfigurationError('Missing transfer_ownership option',) in wrapper private: virtual retval? ???::DoReportDataOk (params?);
  visibility='private', is_virtual=True)
/home/lena/ns-allinone-3.19/ns-3.19/src/wifi/bindings/modulegen__gcc_LP64.py:8776: Warning: exception TypeConfigurationError('Missing transfer_ownership option',) in wrapper private: virtual retval? ???::DoReportFinalDataFailed (params?);
  visibility='private', is_virtual=True)
/home/lena/ns-allinone-3.19/ns-3.19/src/wifi/bindings/modulegen__gcc_LP64.py:8781: Warning: exception TypeConfigurationError('Missing transfer_ownership option',) in wrapper private: virtual retval? ???::DoReportFinalRtsFailed (params?);
  visibility='private', is_virtual=True)
/home/lena/ns-allinone-3.19/ns-3.19/src/wifi/bindings/modulegen__gcc_LP64.py:8786: Warning: exception TypeConfigurationError('Missing transfer_ownership option',) in wrapper private: virtual retval? ???::DoReportRtsFailed (params?);
  visibility='private', is_virtual=True)
/home/lena/ns-allinone-3.19/ns-3.19/src/wifi/bindings/modulegen__gcc_LP64.py:8791: Warning: exception TypeConfigurationError('Missing transfer_ownership option',) in wrapper private: virtual retval? ???::DoReportRtsOk (params?);
  visibility='private', is_virtual=True)
/home/lena/ns-allinone-3.19/ns-3.19/src/wifi/bindings/modulegen__gcc_LP64.py:8796: Warning: exception TypeConfigurationError('Missing transfer_ownership option',) in wrapper private: virtual retval? ???::DoReportRxOk (params?);
  visibility='private', is_virtual=True)
/home/lena/ns-allinone-3.19/ns-3.19/src/wifi/bindings/modulegen__gcc_LP64.py:8818: Warning: exception TypeConfigurationError('Either caller_owns_return or self.reference_existing_object must be given',) in wrapper private: virtual retval? ???::DoCreateStation (params?) const;
  is_const=True, visibility='private', is_virtual=True)
/home/lena/ns-allinone-3.19/ns-3.19/src/wifi/bindings/modulegen__gcc_LP64.py:8823: Warning: exception TypeConfigurationError('Missing transfer_ownership option',) in wrapper private: virtual retval? ???::DoGetDataTxVector (params?);
  visibility='private', is_virtual=True)
/home/lena/ns-allinone-3.19/ns-3.19/src/wifi/bindings/modulegen__gcc_LP64.py:8828: Warning: exception TypeConfigurationError('Missing transfer_ownership option',) in wrapper private: virtual retval? ???::DoGetRtsTxVector (params?);
  visibility='private', is_virtual=True)
/home/lena/ns-allinone-3.19/ns-3.19/src/wifi/bindings/modulegen__gcc_LP64.py:8833: Warning: exception TypeConfigurationError('Missing transfer_ownership option',) in wrapper private: virtual retval? ???::DoNeedRts (params?);
  visibility='private', is_virtual=True)
/home/lena/ns-allinone-3.19/ns-3.19/src/wifi/bindings/modulegen__gcc_LP64.py:8838: Warning: exception TypeConfigurationError('Missing transfer_ownership option',) in wrapper private: virtual retval? ???::DoReportDataFailed (params?);
  visibility='private', is_virtual=True)
/home/lena/ns-allinone-3.19/ns-3.19/src/wifi/bindings/modulegen__gcc_LP64.py:8843: Warning: exception TypeConfigurationError('Missing transfer_ownership option',) in wrapper private: virtual retval? ???::DoReportDataOk (params?);
  visibility='private', is_virtual=True)
/home/lena/ns-allinone-3.19/ns-3.19/src/wifi/bindings/modulegen__gcc_LP64.py:8848: Warning: exception TypeConfigurationError('Missing transfer_ownership option',) in wrapper private: virtual retval? ???::DoReportFinalDataFailed (params?);
  visibility='private', is_virtual=True)
/home/lena/ns-allinone-3.19/ns-3.19/src/wifi/bindings/modulegen__gcc_LP64.py:8853: Warning: exception TypeConfigurationError('Missing transfer_ownership option',) in wrapper private: virtual retval? ???::DoReportFinalRtsFailed (params?);
  visibility='private', is_virtual=True)
/home/lena/ns-allinone-3.19/ns-3.19/src/wifi/bindings/modulegen__gcc_LP64.py:8858: Warning: exception TypeConfigurationError('Missing transfer_ownership option',) in wrapper private: virtual retval? ???::DoReportRtsFailed (params?);
  visibility='private', is_virtual=True)
/home/lena/ns-allinone-3.19/ns-3.19/src/wifi/bindings/modulegen__gcc_LP64.py:8863: Warning: exception TypeConfigurationError('Missing transfer_ownership option',) in wrapper private: virtual retval? ???::DoReportRtsOk (params?);
  visibility='private', is_virtual=True)
/home/lena/ns-allinone-3.19/ns-3.19/src/wifi/bindings/modulegen__gcc_LP64.py:8868: Warning: exception TypeConfigurationError('Missing transfer_ownership option',) in wrapper private: virtual retval? ???::DoReportRxOk (params?);
  visibility='private', is_virtual=True)
/home/lena/ns-allinone-3.19/ns-3.19/src/wifi/bindings/modulegen__gcc_LP64.py:8890: Warning: exception TypeConfigurationError('Either caller_owns_return or self.reference_existing_object must be given',) in wrapper private: virtual retval? ???::DoCreateStation (params?) const;
  is_const=True, visibility='private', is_virtual=True)
/home/lena/ns-allinone-3.19/ns-3.19/src/wifi/bindings/modulegen__gcc_LP64.py:8895: Warning: exception TypeConfigurationError('Missing transfer_ownership option',) in wrapper private: virtual retval? ???::DoGetDataTxVector (params?);
  visibility='private', is_virtual=True)
/home/lena/ns-allinone-3.19/ns-3.19/src/wifi/bindings/modulegen__gcc_LP64.py:8900: Warning: exception TypeConfigurationError('Missing transfer_ownership option',) in wrapper private: virtual retval? ???::DoGetRtsTxVector (params?);
  visibility='private', is_virtual=True)
/home/lena/ns-allinone-3.19/ns-3.19/src/wifi/bindings/modulegen__gcc_LP64.py:8905: Warning: exception TypeConfigurationError('Missing transfer_ownership option',) in wrapper private: virtual retval? ???::DoReportDataFailed (params?);
  visibility='private', is_virtual=True)
/home/lena/ns-allinone-3.19/ns-3.19/src/wifi/bindings/modulegen__gcc_LP64.py:8910: Warning: exception TypeConfigurationError('Missing transfer_ownership option',) in wrapper private: virtual retval? ???::DoReportDataOk (params?);
  visibility='private', is_virtual=True)
/home/lena/ns-allinone-3.19/ns-3.19/src/wifi/bindings/modulegen__gcc_LP64.py:8915: Warning: exception TypeConfigurationError('Missing transfer_ownership option',) in wrapper private: virtual retval? ???::DoReportFinalDataFailed (params?);
  visibility='private', is_virtual=True)
/home/lena/ns-allinone-3.19/ns-3.19/src/wifi/bindings/modulegen__gcc_LP64.py:8920: Warning: exception TypeConfigurationError('Missing transfer_ownership option',) in wrapper private: virtual retval? ???::DoReportFinalRtsFailed (params?);
  visibility='private', is_virtual=True)
/home/lena/ns-allinone-3.19/ns-3.19/src/wifi/bindings/modulegen__gcc_LP64.py:8925: Warning: exception TypeConfigurationError('Missing transfer_ownership option',) in wrapper private: virtual retval? ???::DoReportRtsFailed (params?);
  visibility='private', is_virtual=True)
/home/lena/ns-allinone-3.19/ns-3.19/src/wifi/bindings/modulegen__gcc_LP64.py:8930: Warning: exception TypeConfigurationError('Missing transfer_ownership option',) in wrapper private: virtual retval? ???::DoReportRtsOk (params?);
  visibility='private', is_virtual=True)
/home/lena/ns-allinone-3.19/ns-3.19/src/wifi/bindings/modulegen__gcc_LP64.py:8935: Warning: exception TypeConfigurationError('Missing transfer_ownership option',) in wrapper private: virtual retval? ???::DoReportRxOk (params?);
  visibility='private', is_virtual=True)
/home/lena/ns-allinone-3.19/ns-3.19/src/wifi/bindings/modulegen__gcc_LP64.py:8987: Warning: exception TypeLookupError(['std::ostream &'],) in wrapper public: virtual retval? ???::Print (params?) const;
  is_const=True, is_virtual=True)
/home/lena/ns-allinone-3.19/ns-3.19/src/wifi/bindings/modulegen__gcc_LP64.py:9021: Warning: exception TypeConfigurationError('Either caller_owns_return or self.reference_existing_object must be given',) in wrapper private: virtual retval? ???::DoCreateStation (params?) const;
  is_const=True, visibility='private', is_virtual=True)
/home/lena/ns-allinone-3.19/ns-3.19/src/wifi/bindings/modulegen__gcc_LP64.py:9026: Warning: exception TypeConfigurationError('Missing transfer_ownership option',) in wrapper private: virtual retval? ???::DoGetDataTxVector (params?);
  visibility='private', is_virtual=True)
/home/lena/ns-allinone-3.19/ns-3.19/src/wifi/bindings/modulegen__gcc_LP64.py:9031: Warning: exception TypeConfigurationError('Missing transfer_ownership option',) in wrapper private: virtual retval? ???::DoGetRtsTxVector (params?);
  visibility='private', is_virtual=True)
/home/lena/ns-allinone-3.19/ns-3.19/src/wifi/bindings/modulegen__gcc_LP64.py:9036: Warning: exception TypeConfigurationError('Missing transfer_ownership option',) in wrapper private: virtual retval? ???::DoReportDataFailed (params?);
  visibility='private', is_virtual=True)
/home/lena/ns-allinone-3.19/ns-3.19/src/wifi/bindings/modulegen__gcc_LP64.py:9041: Warning: exception TypeConfigurationError('Missing transfer_ownership option',) in wrapper private: virtual retval? ???::DoReportDataOk (params?);
  visibility='private', is_virtual=True)
/home/lena/ns-allinone-3.19/ns-3.19/src/wifi/bindings/modulegen__gcc_LP64.py:9046: Warning: exception TypeConfigurationError('Missing transfer_ownership option',) in wrapper private: virtual retval? ???::DoReportFinalDataFailed (params?);
  visibility='private', is_virtual=True)
/home/lena/ns-allinone-3.19/ns-3.19/src/wifi/bindings/modulegen__gcc_LP64.py:9051: Warning: exception TypeConfigurationError('Missing transfer_ownership option',) in wrapper private: virtual retval? ???::DoReportFinalRtsFailed (params?);
  visibility='private', is_virtual=True)
/home/lena/ns-allinone-3.19/ns-3.19/src/wifi/bindings/modulegen__gcc_LP64.py:9056: Warning: exception TypeConfigurationError('Missing transfer_ownership option',) in wrapper private: virtual retval? ???::DoReportRtsFailed (params?);
  visibility='private', is_virtual=True)
/home/lena/ns-allinone-3.19/ns-3.19/src/wifi/bindings/modulegen__gcc_LP64.py:9061: Warning: exception TypeConfigurationError('Missing transfer_ownership option',) in wrapper private: virtual retval? ???::DoReportRtsOk (params?);
  visibility='private', is_virtual=True)
/home/lena/ns-allinone-3.19/ns-3.19/src/wifi/bindings/modulegen__gcc_LP64.py:9066: Warning: exception TypeConfigurationError('Missing transfer_ownership option',) in wrapper private: virtual retval? ???::DoReportRxOk (params?);
  visibility='private', is_virtual=True)
/home/lena/ns-allinone-3.19/ns-3.19/src/wifi/bindings/modulegen__gcc_LP64.py:9282: Warning: exception TypeConfigurationError('Either caller_owns_return or self.reference_existing_object must be given',) in wrapper private: virtual retval? ???::DoCreateStation (params?) const;
  is_const=True, visibility='private', is_virtual=True)
/home/lena/ns-allinone-3.19/ns-3.19/src/wifi/bindings/modulegen__gcc_LP64.py:9287: Warning: exception TypeConfigurationError('Missing transfer_ownership option',) in wrapper private: virtual retval? ???::DoGetDataTxVector (params?);
  visibility='private', is_virtual=True)
/home/lena/ns-allinone-3.19/ns-3.19/src/wifi/bindings/modulegen__gcc_LP64.py:9292: Warning: exception TypeConfigurationError('Missing transfer_ownership option',) in wrapper private: virtual retval? ???::DoGetRtsTxVector (params?);
  visibility='private', is_virtual=True)
/home/lena/ns-allinone-3.19/ns-3.19/src/wifi/bindings/modulegen__gcc_LP64.py:9297: Warning: exception TypeConfigurationError('Missing transfer_ownership option',) in wrapper private: virtual retval? ???::DoNeedRts (params?);
  visibility='private', is_virtual=True)
/home/lena/ns-allinone-3.19/ns-3.19/src/wifi/bindings/modulegen__gcc_LP64.py:9302: Warning: exception TypeConfigurationError('Missing transfer_ownership option',) in wrapper private: virtual retval? ???::DoReportDataFailed (params?);
  visibility='private', is_virtual=True)
/home/lena/ns-allinone-3.19/ns-3.19/src/wifi/bindings/modulegen__gcc_LP64.py:9307: Warning: exception TypeConfigurationError('Missing transfer_ownership option',) in wrapper private: virtual retval? ???::DoReportDataOk (params?);
  visibility='private', is_virtual=True)
/home/lena/ns-allinone-3.19/ns-3.19/src/wifi/bindings/modulegen__gcc_LP64.py:9312: Warning: exception TypeConfigurationError('Missing transfer_ownership option',) in wrapper private: virtual retval? ???::DoReportFinalDataFailed (params?);
  visibility='private', is_virtual=True)
/home/lena/ns-allinone-3.19/ns-3.19/src/wifi/bindings/modulegen__gcc_LP64.py:9317: Warning: exception TypeConfigurationError('Missing transfer_ownership option',) in wrapper private: virtual retval? ???::DoReportFinalRtsFailed (params?);
  visibility='private', is_virtual=True)
/home/lena/ns-allinone-3.19/ns-3.19/src/wifi/bindings/modulegen__gcc_LP64.py:9322: Warning: exception TypeConfigurationError('Missing transfer_ownership option',) in wrapper private: virtual retval? ???::DoReportRtsFailed (params?);
  visibility='private', is_virtual=True)
/home/lena/ns-allinone-3.19/ns-3.19/src/wifi/bindings/modulegen__gcc_LP64.py:9327: Warning: exception TypeConfigurationError('Missing transfer_ownership option',) in wrapper private: virtual retval? ???::DoReportRtsOk (params?);
  visibility='private', is_virtual=True)
/home/lena/ns-allinone-3.19/ns-3.19/src/wifi/bindings/modulegen__gcc_LP64.py:9332: Warning: exception TypeConfigurationError('Missing transfer_ownership option',) in wrapper private: virtual retval? ???::DoReportRxOk (params?);
  visibility='private', is_virtual=True)
/home/lena/ns-allinone-3.19/ns-3.19/src/wifi/bindings/modulegen__gcc_LP64.py:9414: Warning: exception TypeConfigurationError('Either caller_owns_return or self.reference_existing_object must be given',) in wrapper private: virtual retval? ???::DoCreateStation (params?) const;
  is_const=True, visibility='private', is_virtual=True)
/home/lena/ns-allinone-3.19/ns-3.19/src/wifi/bindings/modulegen__gcc_LP64.py:9419: Warning: exception TypeConfigurationError('Missing transfer_ownership option',) in wrapper private: virtual retval? ???::DoGetDataTxVector (params?);
  visibility='private', is_virtual=True)
/home/lena/ns-allinone-3.19/ns-3.19/src/wifi/bindings/modulegen__gcc_LP64.py:9424: Warning: exception TypeConfigurationError('Missing transfer_ownership option',) in wrapper private: virtual retval? ???::DoGetRtsTxVector (params?);
  visibility='private', is_virtual=True)
/home/lena/ns-allinone-3.19/ns-3.19/src/wifi/bindings/modulegen__gcc_LP64.py:9429: Warning: exception TypeConfigurationError('Missing transfer_ownership option',) in wrapper private: virtual retval? ???::DoReportDataFailed (params?);
  visibility='private', is_virtual=True)
/home/lena/ns-allinone-3.19/ns-3.19/src/wifi/bindings/modulegen__gcc_LP64.py:9434: Warning: exception TypeConfigurationError('Missing transfer_ownership option',) in wrapper private: virtual retval? ???::DoReportDataOk (params?);
  visibility='private', is_virtual=True)
/home/lena/ns-allinone-3.19/ns-3.19/src/wifi/bindings/modulegen__gcc_LP64.py:9439: Warning: exception TypeConfigurationError('Missing transfer_ownership option',) in wrapper private: virtual retval? ???::DoReportFinalDataFailed (params?);
  visibility='private', is_virtual=True)
/home/lena/ns-allinone-3.19/ns-3.19/src/wifi/bindings/modulegen__gcc_LP64.py:9444: Warning: exception TypeConfigurationError('Missing transfer_ownership option',) in wrapper private: virtual retval? ???::DoReportFinalRtsFailed (params?);
  visibility='private', is_virtual=True)
/home/lena/ns-allinone-3.19/ns-3.19/src/wifi/bindings/modulegen__gcc_LP64.py:9449: Warning: exception TypeConfigurationError('Missing transfer_ownership option',) in wrapper private: virtual retval? ???::DoReportRtsFailed (params?);
  visibility='private', is_virtual=True)
/home/lena/ns-allinone-3.19/ns-3.19/src/wifi/bindings/modulegen__gcc_LP64.py:9454: Warning: exception TypeConfigurationError('Missing transfer_ownership option',) in wrapper private: virtual retval? ???::DoReportRtsOk (params?);
  visibility='private', is_virtual=True)
/home/lena/ns-allinone-3.19/ns-3.19/src/wifi/bindings/modulegen__gcc_LP64.py:9459: Warning: exception TypeConfigurationError('Missing transfer_ownership option',) in wrapper private: virtual retval? ???::DoReportRxOk (params?);
  visibility='private', is_virtual=True)
/home/lena/ns-allinone-3.19/ns-3.19/src/wifi/bindings/modulegen__gcc_LP64.py:9644: Warning: exception TypeLookupError(['std::ostream &'],) in wrapper public: virtual retval? ???::Print (params?) const;
  is_const=True, is_virtual=True)
/home/lena/ns-allinone-3.19/ns-3.19/src/wifi/bindings/modulegen__gcc_LP64.py:9682: Warning: exception TypeLookupError(['uint16_t *'],) in wrapper public: retval? ???::GetBitmap (params?) const;
  is_const=True)
/home/lena/ns-allinone-3.19/ns-3.19/src/wifi/bindings/modulegen__gcc_LP64.py:9752: Warning: exception TypeLookupError(['std::ostream &'],) in wrapper public: virtual retval? ???::Print (params?) const;
  is_const=True, is_virtual=True)
/home/lena/ns-allinone-3.19/ns-3.19/src/wifi/bindings/modulegen__gcc_LP64.py:9911: Warning: exception TypeLookupError(['ns3::MacTxMiddle *'],) in wrapper public: retval? ???::SetTxMiddle (params?);
  [param('ns3::MacTxMiddle *', 'txMiddle')])
/home/lena/ns-allinone-3.19/ns-3.19/src/wifi/bindings/modulegen__gcc_LP64.py:9915: Warning: exception TypeConfigurationError('Missing transfer_ownership option',) in wrapper public: retval? ???::SetManager (params?);
  [param('ns3::DcfManager *', 'manager')])
/home/lena/ns-allinone-3.19/ns-3.19/src/wifi/bindings/modulegen__gcc_LP64.py:10095: Warning: exception TypeConfigurationError('Missing transfer_ownership option',) in wrapper public: retval? ???::GetFragmentPacket (params?);
  [param('ns3::WifiMacHeader *', 'hdr')])
/home/lena/ns-allinone-3.19/ns-3.19/src/wifi/bindings/modulegen__gcc_LP64.py:10328: Warning: exception TypeConfigurationError('Missing transfer_ownership option',) in wrapper <pybindgen.cppmethod.CppConstructor object at 0x46d5c10>
  cls.add_constructor([param('ns3::SupportedRates *', 'rates')])
/home/lena/ns-allinone-3.19/ns-3.19/src/wifi/bindings/modulegen__gcc_LP64.py:10514: Warning: exception TypeLookupError(['uint8_t *'],) in wrapper public: retval? ???::GetRxMcsBitmask (params?);
  [])
/home/lena/ns-allinone-3.19/ns-3.19/src/wifi/bindings/modulegen__gcc_LP64.py:10663: Warning: exception TypeConfigurationError('Either caller_owns_return or self.reference_existing_object must be given',) in wrapper private: virtual retval? ???::DoCreateStation (params?) const;
  is_const=True, visibility='private', is_virtual=True)
/home/lena/ns-allinone-3.19/ns-3.19/src/wifi/bindings/modulegen__gcc_LP64.py:10668: Warning: exception TypeConfigurationError('Missing transfer_ownership option',) in wrapper private: virtual retval? ???::DoGetDataTxVector (params?);
  visibility='private', is_virtual=True)
/home/lena/ns-allinone-3.19/ns-3.19/src/wifi/bindings/modulegen__gcc_LP64.py:10673: Warning: exception TypeConfigurationError('Missing transfer_ownership option',) in wrapper private: virtual retval? ???::DoGetRtsTxVector (params?);
  visibility='private', is_virtual=True)
/home/lena/ns-allinone-3.19/ns-3.19/src/wifi/bindings/modulegen__gcc_LP64.py:10678: Warning: exception TypeConfigurationError('Missing transfer_ownership option',) in wrapper private: virtual retval? ???::DoReportDataFailed (params?);
  visibility='private', is_virtual=True)
/home/lena/ns-allinone-3.19/ns-3.19/src/wifi/bindings/modulegen__gcc_LP64.py:10683: Warning: exception TypeConfigurationError('Missing transfer_ownership option',) in wrapper private: virtual retval? ???::DoReportDataOk (params?);
  visibility='private', is_virtual=True)
/home/lena/ns-allinone-3.19/ns-3.19/src/wifi/bindings/modulegen__gcc_LP64.py:10688: Warning: exception TypeConfigurationError('Missing transfer_ownership option',) in wrapper private: virtual retval? ???::DoReportFinalDataFailed (params?);
  visibility='private', is_virtual=True)
/home/lena/ns-allinone-3.19/ns-3.19/src/wifi/bindings/modulegen__gcc_LP64.py:10693: Warning: exception TypeConfigurationError('Missing transfer_ownership option',) in wrapper private: virtual retval? ???::DoReportFinalRtsFailed (params?);
  visibility='private', is_virtual=True)
/home/lena/ns-allinone-3.19/ns-3.19/src/wifi/bindings/modulegen__gcc_LP64.py:10698: Warning: exception TypeConfigurationError('Missing transfer_ownership option',) in wrapper private: virtual retval? ???::DoReportRtsFailed (params?);
  visibility='private', is_virtual=True)
/home/lena/ns-allinone-3.19/ns-3.19/src/wifi/bindings/modulegen__gcc_LP64.py:10703: Warning: exception TypeConfigurationError('Missing transfer_ownership option',) in wrapper private: virtual retval? ???::DoReportRtsOk (params?);
  visibility='private', is_virtual=True)
/home/lena/ns-allinone-3.19/ns-3.19/src/wifi/bindings/modulegen__gcc_LP64.py:10708: Warning: exception TypeConfigurationError('Missing transfer_ownership option',) in wrapper private: virtual retval? ???::DoReportRxOk (params?);
  visibility='private', is_virtual=True)
/home/lena/ns-allinone-3.19/ns-3.19/src/wifi/bindings/modulegen__gcc_LP64.py:10953: Warning: exception TypeLookupError(['std::complex< double >'],) in wrapper public: retval? ???::GetComplexGain (params?) const;
  is_const=True)
/home/lena/ns-allinone-3.19/ns-3.19/src/wifi/bindings/modulegen__gcc_LP64.py:11216: Warning: exception TypeConfigurationError('Missing transfer_ownership option',) in wrapper public: retval? ???::RegisterBlockAckListenerForAc (params?);
  [param('ns3::AcIndex', 'ac'), param('ns3::MacLowBlockAckEventListener *', 'listener')])
/home/lena/ns-allinone-3.19/ns-3.19/src/wifi/bindings/modulegen__gcc_LP64.py:11220: Warning: exception TypeConfigurationError('Missing transfer_ownership option',) in wrapper public: retval? ???::RegisterDcfListener (params?);
  [param('ns3::MacLowDcfListener *', 'listener')])
/home/lena/ns-allinone-3.19/ns-3.19/src/wifi/bindings/modulegen__gcc_LP64.py:11284: Warning: exception TypeConfigurationError('Missing transfer_ownership option',) in wrapper public: retval? ???::StartTransmission (params?);
  [param('ns3::Ptr< ns3::Packet const >', 'packet'), param('ns3::WifiMacHeader const *', 'hdr'), param('ns3::MacLowTransmissionParameters', 'parameters'), param('ns3::MacLowTransmissionListener *', 'listener')])
/home/lena/ns-allinone-3.19/ns-3.19/src/wifi/bindings/modulegen__gcc_LP64.py:11355: Warning: exception TypeConfigurationError('Either caller_owns_return or self.reference_existing_object must be given',) in wrapper private: virtual retval? ???::DoCreateStation (params?) const;
  is_const=True, visibility='private', is_virtual=True)
/home/lena/ns-allinone-3.19/ns-3.19/src/wifi/bindings/modulegen__gcc_LP64.py:11360: Warning: exception TypeConfigurationError('Missing transfer_ownership option',) in wrapper private: virtual retval? ???::DoGetDataTxVector (params?);
  visibility='private', is_virtual=True)
/home/lena/ns-allinone-3.19/ns-3.19/src/wifi/bindings/modulegen__gcc_LP64.py:11365: Warning: exception TypeConfigurationError('Missing transfer_ownership option',) in wrapper private: virtual retval? ???::DoGetRtsTxVector (params?);
  visibility='private', is_virtual=True)
/home/lena/ns-allinone-3.19/ns-3.19/src/wifi/bindings/modulegen__gcc_LP64.py:11370: Warning: exception TypeConfigurationError('Missing transfer_ownership option',) in wrapper private: virtual retval? ???::DoReportDataFailed (params?);
  visibility='private', is_virtual=True)
/home/lena/ns-allinone-3.19/ns-3.19/src/wifi/bindings/modulegen__gcc_LP64.py:11375: Warning: exception TypeConfigurationError('Missing transfer_ownership option',) in wrapper private: virtual retval? ???::DoReportDataOk (params?);
  visibility='private', is_virtual=True)
/home/lena/ns-allinone-3.19/ns-3.19/src/wifi/bindings/modulegen__gcc_LP64.py:11380: Warning: exception TypeConfigurationError('Missing transfer_ownership option',) in wrapper private: virtual retval? ???::DoReportFinalDataFailed (params?);
  visibility='private', is_virtual=True)
/home/lena/ns-allinone-3.19/ns-3.19/src/wifi/bindings/modulegen__gcc_LP64.py:11385: Warning: exception TypeConfigurationError('Missing transfer_ownership option',) in wrapper private: virtual retval? ???::DoReportFinalRtsFailed (params?);
  visibility='private', is_virtual=True)
/home/lena/ns-allinone-3.19/ns-3.19/src/wifi/bindings/modulegen__gcc_LP64.py:11390: Warning: exception TypeConfigurationError('Missing transfer_ownership option',) in wrapper private: virtual retval? ???::DoReportRtsFailed (params?);
  visibility='private', is_virtual=True)
/home/lena/ns-allinone-3.19/ns-3.19/src/wifi/bindings/modulegen__gcc_LP64.py:11395: Warning: exception TypeConfigurationError('Missing transfer_ownership option',) in wrapper private: virtual retval? ???::DoReportRtsOk (params?);
  visibility='private', is_virtual=True)
/home/lena/ns-allinone-3.19/ns-3.19/src/wifi/bindings/modulegen__gcc_LP64.py:11400: Warning: exception TypeConfigurationError('Missing transfer_ownership option',) in wrapper private: virtual retval? ???::DoReportRxOk (params?);
  visibility='private', is_virtual=True)
/home/lena/ns-allinone-3.19/ns-3.19/src/wifi/bindings/modulegen__gcc_LP64.py:11487: Warning: exception TypeLookupError(['std::list< std::pair< ns3::Ptr< ns3::Packet >, ns3::AmsduSubframeHeader > >'],) in wrapper public: retval? ???::Deaggregate (params?);
  is_static=True)
/home/lena/ns-allinone-3.19/ns-3.19/src/wifi/bindings/modulegen__gcc_LP64.py:11718: Warning: exception TypeLookupError(['ns3::Ptr< ns3::Application >', 'ns3::Application *'],) in wrapper public: retval? ???::AddApplication (params?);
  [param('ns3::Ptr< ns3::Application >', 'application')])
/home/lena/ns-allinone-3.19/ns-3.19/src/wifi/bindings/modulegen__gcc_LP64.py:11732: Warning: exception TypeLookupError(['ns3::Ptr< ns3::Application >', 'ns3::Application *'],) in wrapper public: retval? ???::GetApplication (params?) const;
  is_const=True)
/home/lena/ns-allinone-3.19/ns-3.19/src/wifi/bindings/modulegen__gcc_LP64.py:11766: Warning: exception TypeLookupError(['ns3::Callback< void, ns3::Ptr< ns3::NetDevice >, ns3::empty, ns3::empty, ns3::empty, ns3::empty, ns3::empty, ns3::empty, ns3::empty, ns3::empty >'],) in wrapper public: retval? ???::RegisterDeviceAdditionListener (params?);
  [param('ns3::Callback< void, ns3::Ptr< ns3::NetDevice >, ns3::empty, ns3::empty, ns3::empty, ns3::empty, ns3::empty, ns3::empty, ns3::empty, ns3::empty >', 'listener')])
/home/lena/ns-allinone-3.19/ns-3.19/src/wifi/bindings/modulegen__gcc_LP64.py:11774: Warning: exception TypeLookupError(['ns3::Callback< void, ns3::Ptr< ns3::NetDevice >, ns3::empty, ns3::empty, ns3::empty, ns3::empty, ns3::empty, ns3::empty, ns3::empty, ns3::empty >'],) in wrapper public: retval? ???::UnregisterDeviceAdditionListener (params?);
  [param('ns3::Callback< void, ns3::Ptr< ns3::NetDevice >, ns3::empty, ns3::empty, ns3::empty, ns3::empty, ns3::empty, ns3::empty, ns3::empty, ns3::empty >', 'listener')])
/home/lena/ns-allinone-3.19/ns-3.19/src/wifi/bindings/modulegen__gcc_LP64.py:11915: Warning: exception TypeConfigurationError('Either caller_owns_return or self.reference_existing_object must be given',) in wrapper private: virtual retval? ???::DoCreateStation (params?) const;
  is_const=True, visibility='private', is_virtual=True)
/home/lena/ns-allinone-3.19/ns-3.19/src/wifi/bindings/modulegen__gcc_LP64.py:11920: Warning: exception TypeConfigurationError('Missing transfer_ownership option',) in wrapper private: virtual retval? ???::DoGetDataTxVector (params?);
  visibility='private', is_virtual=True)
/home/lena/ns-allinone-3.19/ns-3.19/src/wifi/bindings/modulegen__gcc_LP64.py:11925: Warning: exception TypeConfigurationError('Missing transfer_ownership option',) in wrapper private: virtual retval? ???::DoGetRtsTxVector (params?);
  visibility='private', is_virtual=True)
/home/lena/ns-allinone-3.19/ns-3.19/src/wifi/bindings/modulegen__gcc_LP64.py:11930: Warning: exception TypeConfigurationError('Missing transfer_ownership option',) in wrapper private: virtual retval? ???::DoReportDataFailed (params?);
  visibility='private', is_virtual=True)
/home/lena/ns-allinone-3.19/ns-3.19/src/wifi/bindings/modulegen__gcc_LP64.py:11935: Warning: exception TypeConfigurationError('Missing transfer_ownership option',) in wrapper private: virtual retval? ???::DoReportDataOk (params?);
  visibility='private', is_virtual=True)
/home/lena/ns-allinone-3.19/ns-3.19/src/wifi/bindings/modulegen__gcc_LP64.py:11940: Warning: exception TypeConfigurationError('Missing transfer_ownership option',) in wrapper private: virtual retval? ???::DoReportFinalDataFailed (params?);
  visibility='private', is_virtual=True)
/home/lena/ns-allinone-3.19/ns-3.19/src/wifi/bindings/modulegen__gcc_LP64.py:11945: Warning: exception TypeConfigurationError('Missing transfer_ownership option',) in wrapper private: virtual retval? ???::DoReportFinalRtsFailed (params?);
  visibility='private', is_virtual=True)
/home/lena/ns-allinone-3.19/ns-3.19/src/wifi/bindings/modulegen__gcc_LP64.py:11950: Warning: exception TypeConfigurationError('Missing transfer_ownership option',) in wrapper private: virtual retval? ???::DoReportRtsFailed (params?);
  visibility='private', is_virtual=True)
/home/lena/ns-allinone-3.19/ns-3.19/src/wifi/bindings/modulegen__gcc_LP64.py:11955: Warning: exception TypeConfigurationError('Missing transfer_ownership option',) in wrapper private: virtual retval? ???::DoReportRtsOk (params?);
  visibility='private', is_virtual=True)
/home/lena/ns-allinone-3.19/ns-3.19/src/wifi/bindings/modulegen__gcc_LP64.py:11960: Warning: exception TypeConfigurationError('Missing transfer_ownership option',) in wrapper private: virtual retval? ???::DoReportRxOk (params?);
  visibility='private', is_virtual=True)
/home/lena/ns-allinone-3.19/ns-3.19/src/wifi/bindings/modulegen__gcc_LP64.py:11974: Warning: exception TypeLookupError(['std::ostream *'],) in wrapper <pybindgen.cppmethod.CppConstructor object at 0x4e09450>
  cls.add_constructor([param('std::ostream *', 'os')])
/home/lena/ns-allinone-3.19/ns-3.19/src/wifi/bindings/modulegen__gcc_LP64.py:11978: Warning: exception TypeLookupError(['std::ostream *'],) in wrapper public: retval? ???::GetStream (params?);
  [])
/home/lena/ns-allinone-3.19/ns-3.19/src/wifi/bindings/modulegen__gcc_LP64.py:11990: Warning: exception TypeConfigurationError('direction not given',) in wrapper <pybindgen.cppmethod.CppConstructor object at 0x4e18c10>
  cls.add_constructor([param('uint8_t const *', 'buffer'), param('uint32_t', 'size'), param('bool', 'magic')])
/home/lena/ns-allinone-3.19/ns-3.19/src/wifi/bindings/modulegen__gcc_LP64.py:11992: Warning: exception TypeConfigurationError('direction not given',) in wrapper <pybindgen.cppmethod.CppConstructor object at 0x4e18c50>
  cls.add_constructor([param('uint8_t const *', 'buffer'), param('uint32_t', 'size')])
/home/lena/ns-allinone-3.19/ns-3.19/src/wifi/bindings/modulegen__gcc_LP64.py:12033: Warning: exception TypeConfigurationError('direction not given',) in wrapper public: retval? ???::CopyData (params?) const;
  is_const=True)
/home/lena/ns-allinone-3.19/ns-3.19/src/wifi/bindings/modulegen__gcc_LP64.py:12038: Warning: exception TypeLookupError(['std::ostream *'],) in wrapper public: retval? ???::CopyData (params?) const;
  is_const=True)
/home/lena/ns-allinone-3.19/ns-3.19/src/wifi/bindings/modulegen__gcc_LP64.py:12093: Warning: exception TypeLookupError(['uint8_t *'],) in wrapper public: retval? ???::PeekData (params?) const;
  deprecated=True, is_const=True)
/home/lena/ns-allinone-3.19/ns-3.19/src/wifi/bindings/modulegen__gcc_LP64.py:12112: Warning: exception TypeLookupError(['std::ostream &'],) in wrapper public: retval? ???::Print (params?) const;
  is_const=True)
/home/lena/ns-allinone-3.19/ns-3.19/src/wifi/bindings/modulegen__gcc_LP64.py:12117: Warning: exception TypeLookupError(['std::ostream &'],) in wrapper public: retval? ???::PrintByteTags (params?) const;
  is_const=True)
/home/lena/ns-allinone-3.19/ns-3.19/src/wifi/bindings/modulegen__gcc_LP64.py:12122: Warning: exception TypeLookupError(['std::ostream &'],) in wrapper public: retval? ???::PrintPacketTags (params?) const;
  is_const=True)
/home/lena/ns-allinone-3.19/ns-3.19/src/wifi/bindings/modulegen__gcc_LP64.py:12159: Warning: exception TypeConfigurationError('direction not given',) in wrapper public: retval? ???::Serialize (params?) const;
  is_const=True)
/home/lena/ns-allinone-3.19/ns-3.19/src/wifi/bindings/modulegen__gcc_LP64.py:12512: Warning: exception TypeConfigurationError('Either caller_owns_return or self.reference_existing_object must be given',) in wrapper private: virtual retval? ???::DoCreateStation (params?) const;
  is_const=True, visibility='private', is_virtual=True)
/home/lena/ns-allinone-3.19/ns-3.19/src/wifi/bindings/modulegen__gcc_LP64.py:12517: Warning: exception TypeConfigurationError('Missing transfer_ownership option',) in wrapper private: virtual retval? ???::DoGetDataTxVector (params?);
  visibility='private', is_virtual=True)
/home/lena/ns-allinone-3.19/ns-3.19/src/wifi/bindings/modulegen__gcc_LP64.py:12522: Warning: exception TypeConfigurationError('Missing transfer_ownership option',) in wrapper private: virtual retval? ???::DoGetRtsTxVector (params?);
  visibility='private', is_virtual=True)
/home/lena/ns-allinone-3.19/ns-3.19/src/wifi/bindings/modulegen__gcc_LP64.py:12527: Warning: exception TypeConfigurationError('Missing transfer_ownership option',) in wrapper private: virtual retval? ???::DoNeedRts (params?);
  visibility='private', is_virtual=True)
/home/lena/ns-allinone-3.19/ns-3.19/src/wifi/bindings/modulegen__gcc_LP64.py:12532: Warning: exception TypeConfigurationError('Missing transfer_ownership option',) in wrapper private: virtual retval? ???::DoReportDataFailed (params?);
  visibility='private', is_virtual=True)
/home/lena/ns-allinone-3.19/ns-3.19/src/wifi/bindings/modulegen__gcc_LP64.py:12537: Warning: exception TypeConfigurationError('Missing transfer_ownership option',) in wrapper private: virtual retval? ???::DoReportDataOk (params?);
  visibility='private', is_virtual=True)
/home/lena/ns-allinone-3.19/ns-3.19/src/wifi/bindings/modulegen__gcc_LP64.py:12542: Warning: exception TypeConfigurationError('Missing transfer_ownership option',) in wrapper private: virtual retval? ???::DoReportFinalDataFailed (params?);
  visibility='private', is_virtual=True)
/home/lena/ns-allinone-3.19/ns-3.19/src/wifi/bindings/modulegen__gcc_LP64.py:12547: Warning: exception TypeConfigurationError('Missing transfer_ownership option',) in wrapper private: virtual retval? ???::DoReportFinalRtsFailed (params?);
  visibility='private', is_virtual=True)
/home/lena/ns-allinone-3.19/ns-3.19/src/wifi/bindings/modulegen__gcc_LP64.py:12552: Warning: exception TypeConfigurationError('Missing transfer_ownership option',) in wrapper private: virtual retval? ???::DoReportRtsFailed (params?);
  visibility='private', is_virtual=True)
/home/lena/ns-allinone-3.19/ns-3.19/src/wifi/bindings/modulegen__gcc_LP64.py:12557: Warning: exception TypeConfigurationError('Missing transfer_ownership option',) in wrapper private: virtual retval? ???::DoReportRtsOk (params?);
  visibility='private', is_virtual=True)
/home/lena/ns-allinone-3.19/ns-3.19/src/wifi/bindings/modulegen__gcc_LP64.py:12562: Warning: exception TypeConfigurationError('Missing transfer_ownership option',) in wrapper private: virtual retval? ???::DoReportRxOk (params?);
  visibility='private', is_virtual=True)
/home/lena/ns-allinone-3.19/ns-3.19/src/wifi/bindings/modulegen__gcc_LP64.py:13395: Warning: exception TypeConfigurationError('Missing transfer_ownership option',) in wrapper public: retval? ???::SetManager (params?);
  [param('ns3::DcfManager *', 'manager')])
/home/lena/ns-allinone-3.19/ns-3.19/src/wifi/bindings/modulegen__gcc_LP64.py:13511: Warning: exception TypeLookupError(['ns3::Hash::Hash32Function_ptr'],) in wrapper <pybindgen.cppmethod.CppConstructor object at 0x55f8690>
  cls.add_constructor([param('ns3::Hash::Hash32Function_ptr', 'hp')])
/home/lena/ns-allinone-3.19/ns-3.19/src/wifi/bindings/modulegen__gcc_LP64.py:13528: Warning: exception TypeLookupError(['ns3::Hash::Hash64Function_ptr'],) in wrapper <pybindgen.cppmethod.CppConstructor object at 0x55fd710>
  cls.add_constructor([param('ns3::Hash::Hash64Function_ptr', 'hp')])
/home/lena/ns-allinone-3.19/ns-3.19/src/wifi/bindings/modulegen__gcc_LP64.py:3975: Warning: exception CodeGenerationError('ns3::WifiPhyHelper cannot be constructed (class has pure virtual methods)',) in wrapper public: virtual ns3::NetDeviceContainer ns3::WifiHelper::Install (ns3::WifiPhyHelper const & phy, ns3::WifiMacHelper const & mac, ns3::NodeContainer c) const;
  is_const=True, is_virtual=True)
/home/lena/ns-allinone-3.19/ns-3.19/src/wifi/bindings/modulegen__gcc_LP64.py:3980: Warning: exception CodeGenerationError('ns3::WifiPhyHelper cannot be constructed (class has pure virtual methods)',) in wrapper public: virtual ns3::NetDeviceContainer ns3::WifiHelper::Install (ns3::WifiPhyHelper const & phy, ns3::WifiMacHelper const & mac, ns3::Ptr< ns3::Node > node) const;
  is_const=True, is_virtual=True)
/home/lena/ns-allinone-3.19/ns-3.19/src/wifi/bindings/modulegen__gcc_LP64.py:3985: Warning: exception CodeGenerationError('ns3::WifiPhyHelper cannot be constructed (class has pure virtual methods)',) in wrapper public: virtual ns3::NetDeviceContainer ns3::WifiHelper::Install (ns3::WifiPhyHelper const & phy, ns3::WifiMacHelper const & mac, std::string nodeName) const;
  is_const=True, is_virtual=True)
/home/lena/ns-allinone-3.19/pybindgen-0.16.0.834/pybindgen/cppclass_typehandlers.py:1098: UserWarning: Returning shared pointers is dangerous!  The C++ API should be redesigned to avoid this situation.
  warnings.warn("Returning shared pointers is dangerous!"
/home/lena/ns-allinone-3.19/ns-3.19/src/wifi/bindings/modulegen__gcc_LP64.py:5041: Warning: exception CodeGenerationError('ns3::AttributeValue cannot be constructed (have pure virtual methods but no helper class)',) in wrapper public: virtual void ns3::NqosWifiMacHelper::SetType (std::string type, std::string n0, ns3::AttributeValue const & v0, std::string n1, ns3::AttributeValue const & v1, std::string n2, ns3::AttributeValue const & v2, std::string n3, ns3::AttributeValue const & v3, std::string n4, ns3::AttributeValue const & v4, std::string n5, ns3::AttributeValue const & v5, std::string n6, ns3::AttributeValue const & v6, std::string n7, ns3::AttributeValue const & v7);
  is_virtual=True)
/home/lena/ns-allinone-3.19/ns-3.19/src/wifi/bindings/modulegen__gcc_LP64.py:5332: Warning: exception CodeGenerationError('ns3::AttributeValue cannot be constructed (have pure virtual methods but no helper class)',) in wrapper public: virtual void ns3::QosWifiMacHelper::SetType (std::string type, std::string n0, ns3::AttributeValue const & v0, std::string n1, ns3::AttributeValue const & v1, std::string n2, ns3::AttributeValue const & v2, std::string n3, ns3::AttributeValue const & v3, std::string n4, ns3::AttributeValue const & v4, std::string n5, ns3::AttributeValue const & v5, std::string n6, ns3::AttributeValue const & v6, std::string n7, ns3::AttributeValue const & v7);
  is_virtual=True)
/home/lena/ns-allinone-3.19/ns-3.19/src/wifi/bindings/modulegen__gcc_LP64.py:6460: Warning: exception NotSupportedError('Reverse wrappers for ns3::Callback<...> types (python using callbacks defined in C++) not implemented.',) in wrapper public: virtual void ns3::WifiMac::SetForwardUpCallback (ns3::Callback< void, ns3::Ptr< ns3::Packet >, ns3::Mac48Address, ns3::Mac48Address, ns3::empty, ns3::empty, ns3::empty, ns3::empty, ns3::empty, ns3::empty > upCallback) = 0;
  is_pure_virtual=True, is_virtual=True)
/home/lena/ns-allinone-3.19/ns-3.19/src/wifi/bindings/modulegen__gcc_LP64.py:12370: Warning: exception NotSupportedError('Reverse wrappers for ns3::Callback<...> types (python using callbacks defined in C++) not implemented.',) in wrapper public: virtual void ns3::RegularWifiMac::SetForwardUpCallback (ns3::Callback< void, ns3::Ptr< ns3::Packet >, ns3::Mac48Address, ns3::Mac48Address, ns3::empty, ns3::empty, ns3::empty, ns3::empty, ns3::empty, ns3::empty > upCallback);
  is_virtual=True)
/home/lena/ns-allinone-3.19/ns-3.19/src/wifi/bindings/modulegen__gcc_LP64.py:12375: Warning: exception NotSupportedError('Reverse wrappers for ns3::Callback<...> types (python using callbacks defined in C++) not implemented.',) in wrapper public: virtual void ns3::RegularWifiMac::SetLinkUpCallback (ns3::Callback< void, ns3::empty, ns3::empty, ns3::empty, ns3::empty, ns3::empty, ns3::empty, ns3::empty, ns3::empty, ns3::empty > linkUp);
  is_virtual=True)
/home/lena/ns-allinone-3.19/ns-3.19/src/wifi/bindings/modulegen__gcc_LP64.py:12380: Warning: exception NotSupportedError('Reverse wrappers for ns3::Callback<...> types (python using callbacks defined in C++) not implemented.',) in wrapper public: virtual void ns3::RegularWifiMac::SetLinkDownCallback (ns3::Callback< void, ns3::empty, ns3::empty, ns3::empty, ns3::empty, ns3::empty, ns3::empty, ns3::empty, ns3::empty, ns3::empty > linkDown);
  is_virtual=True)
bindings/python/ns3modulegen-modular.py:27: UserWarning: exception NotSupportedError('Reverse wrappers for ns3::Callback<...> types (python using callbacks defined in C++) not implemented.',) in wrapper public: virtual void ns3::RegularWifiMac::SetForwardUpCallback (ns3::Callback< void, ns3::Ptr< ns3::Packet >, ns3::Mac48Address, ns3::Mac48Address, ns3::empty, ns3::empty, ns3::empty, ns3::empty, ns3::empty, ns3::empty > upCallback);
  warnings.warn("exception %r in wrapper %s" % (exception, wrapper))
bindings/python/ns3modulegen-modular.py:27: UserWarning: exception NotSupportedError('Reverse wrappers for ns3::Callback<...> types (python using callbacks defined in C++) not implemented.',) in wrapper public: virtual void ns3::RegularWifiMac::SetLinkDownCallback (ns3::Callback< void, ns3::empty, ns3::empty, ns3::empty, ns3::empty, ns3::empty, ns3::empty, ns3::empty, ns3::empty, ns3::empty > linkDown);
  warnings.warn("exception %r in wrapper %s" % (exception, wrapper))
bindings/python/ns3modulegen-modular.py:27: UserWarning: exception NotSupportedError('Reverse wrappers for ns3::Callback<...> types (python using callbacks defined in C++) not implemented.',) in wrapper public: virtual void ns3::RegularWifiMac::SetLinkUpCallback (ns3::Callback< void, ns3::empty, ns3::empty, ns3::empty, ns3::empty, ns3::empty, ns3::empty, ns3::empty, ns3::empty, ns3::empty > linkUp);
  warnings.warn("exception %r in wrapper %s" % (exception, wrapper))
/home/lena/ns-allinone-3.19/ns-3.19/src/wifi/bindings/modulegen__gcc_LP64.py:12998: Warning: exception NotSupportedError('Reverse wrappers for ns3::Callback<...> types (python using callbacks defined in C++) not implemented.',) in wrapper public: virtual void ns3::WifiNetDevice::AddLinkChangeCallback (ns3::Callback< void, ns3::empty, ns3::empty, ns3::empty, ns3::empty, ns3::empty, ns3::empty, ns3::empty, ns3::empty, ns3::empty > callback);
  is_virtual=True)
/home/lena/ns-allinone-3.19/ns-3.19/src/wifi/bindings/modulegen__gcc_LP64.py:13131: Warning: exception NotSupportedError('Reverse wrappers for ns3::Callback<...> types (python using callbacks defined in C++) not implemented.',) in wrapper public: virtual void ns3::WifiNetDevice::SetPromiscReceiveCallback (ns3::Callback< bool, ns3::Ptr< ns3::NetDevice >, ns3::Ptr< ns3::Packet const >, unsigned short, ns3::Address const &, ns3::Address const &, ns3::NetDevice::PacketType, ns3::empty, ns3::empty, ns3::empty > cb);
  is_virtual=True)
/home/lena/ns-allinone-3.19/ns-3.19/src/wifi/bindings/modulegen__gcc_LP64.py:13136: Warning: exception NotSupportedError('Reverse wrappers for ns3::Callback<...> types (python using callbacks defined in C++) not implemented.',) in wrapper public: virtual void ns3::WifiNetDevice::SetReceiveCallback (ns3::Callback< bool, ns3::Ptr< ns3::NetDevice >, ns3::Ptr< ns3::Packet const >, unsigned short, ns3::Address const &, ns3::empty, ns3::empty, ns3::empty, ns3::empty, ns3::empty > cb);
  is_virtual=True)
/home/lena/ns-allinone-3.19/ns-3.19/src/wifi/bindings/modulegen__gcc_LP64.py:13280: Warning: exception NotSupportedError('Reverse wrappers for ns3::Callback<...> types (python using callbacks defined in C++) not implemented.',) in wrapper public: virtual void ns3::AdhocWifiMac::SetLinkUpCallback (ns3::Callback< void, ns3::empty, ns3::empty, ns3::empty, ns3::empty, ns3::empty, ns3::empty, ns3::empty, ns3::empty, ns3::empty > linkUp);
  is_virtual=True)
/home/lena/ns-allinone-3.19/ns-3.19/src/wifi/bindings/modulegen__gcc_LP64.py:13310: Warning: exception NotSupportedError('Reverse wrappers for ns3::Callback<...> types (python using callbacks defined in C++) not implemented.',) in wrapper public: virtual void ns3::ApWifiMac::SetLinkUpCallback (ns3::Callback< void, ns3::empty, ns3::empty, ns3::empty, ns3::empty, ns3::empty, ns3::empty, ns3::empty, ns3::empty, ns3::empty > linkUp);
  is_virtual=True)
bindings/python/ns3modulegen-modular.py:27: UserWarning: exception CodeGenerationError('ns3::DcfState cannot be constructed (class has pure virtual methods)',) in wrapper <pybindgen.CppClass 'ns3::DcfState'>
  warnings.warn("exception %r in wrapper %s" % (exception, wrapper))
bindings/python/ns3modulegen-modular.py:27: UserWarning: exception CodeGenerationError('ns3::MacLowBlockAckEventListener cannot be constructed (class has pure virtual methods)',) in wrapper <pybindgen.CppClass 'ns3::MacLowBlockAckEventListener'>
  warnings.warn("exception %r in wrapper %s" % (exception, wrapper))
bindings/python/ns3modulegen-modular.py:27: UserWarning: exception CodeGenerationError('ns3::MacLowDcfListener cannot be constructed (class has pure virtual methods)',) in wrapper <pybindgen.CppClass 'ns3::MacLowDcfListener'>
  warnings.warn("exception %r in wrapper %s" % (exception, wrapper))
bindings/python/ns3modulegen-modular.py:27: UserWarning: exception CodeGenerationError('ns3::MacLowTransmissionListener cannot be constructed (class has pure virtual methods)',) in wrapper <pybindgen.CppClass 'ns3::MacLowTransmissionListener'>
  warnings.warn("exception %r in wrapper %s" % (exception, wrapper))
/home/lena/ns-allinone-3.19/ns-3.19/src/wifi/bindings/modulegen__gcc_LP64.py:725: Warning: exception CodeGenerationError('ns3::WifiPhyHelper cannot be constructed (class has pure virtual methods)',) in wrapper public: virtual ns3::NetDeviceContainer ns3::WifiHelper::Install (ns3::WifiPhyHelper const & phy, ns3::WifiMacHelper const & mac, ns3::NodeContainer c) const;
  register_Ns3WifiHelper_methods(root_module, root_module['ns3::WifiHelper'])
/home/lena/ns-allinone-3.19/ns-3.19/src/wifi/bindings/modulegen__gcc_LP64.py:725: Warning: exception CodeGenerationError('ns3::WifiPhyHelper cannot be constructed (class has pure virtual methods)',) in wrapper public: virtual ns3::NetDeviceContainer ns3::WifiHelper::Install (ns3::WifiPhyHelper const & phy, ns3::WifiMacHelper const & mac, ns3::Ptr< ns3::Node > node) const;
  register_Ns3WifiHelper_methods(root_module, root_module['ns3::WifiHelper'])
/home/lena/ns-allinone-3.19/ns-3.19/src/wifi/bindings/modulegen__gcc_LP64.py:725: Warning: exception CodeGenerationError('ns3::WifiPhyHelper cannot be constructed (class has pure virtual methods)',) in wrapper public: virtual ns3::NetDeviceContainer ns3::WifiHelper::Install (ns3::WifiPhyHelper const & phy, ns3::WifiMacHelper const & mac, std::string nodeName) const;
  register_Ns3WifiHelper_methods(root_module, root_module['ns3::WifiHelper'])
bindings/python/ns3modulegen-modular.py:27: UserWarning: exception CodeGenerationError('ns3::WifiMacHelper cannot be constructed (class has pure virtual methods)',) in wrapper <pybindgen.CppClass 'ns3::WifiMacHelper'>
  warnings.warn("exception %r in wrapper %s" % (exception, wrapper))
bindings/python/ns3modulegen-modular.py:27: UserWarning: exception CodeGenerationError('ns3::WifiPhyHelper cannot be constructed (class has pure virtual methods)',) in wrapper <pybindgen.CppClass 'ns3::WifiPhyHelper'>
  warnings.warn("exception %r in wrapper %s" % (exception, wrapper))
bindings/python/ns3modulegen-modular.py:27: UserWarning: exception CodeGenerationError('ns3::WifiPhyListener cannot be constructed (class has pure virtual methods)',) in wrapper <pybindgen.CppClass 'ns3::WifiPhyListener'>
  warnings.warn("exception %r in wrapper %s" % (exception, wrapper))
/home/lena/ns-allinone-3.19/ns-3.19/src/wifi/bindings/modulegen__gcc_LP64.py:748: Warning: exception CodeGenerationError('ns3::AttributeValue cannot be constructed (have pure virtual methods but no helper class)',) in wrapper public: virtual void ns3::NqosWifiMacHelper::SetType (std::string type, std::string n0, ns3::AttributeValue const & v0, std::string n1, ns3::AttributeValue const & v1, std::string n2, ns3::AttributeValue const & v2, std::string n3, ns3::AttributeValue const & v3, std::string n4, ns3::AttributeValue const & v4, std::string n5, ns3::AttributeValue const & v5, std::string n6, ns3::AttributeValue const & v6, std::string n7, ns3::AttributeValue const & v7);
  register_Ns3NqosWifiMacHelper_methods(root_module, root_module['ns3::NqosWifiMacHelper'])
/home/lena/ns-allinone-3.19/ns-3.19/src/wifi/bindings/modulegen__gcc_LP64.py:755: Warning: exception CodeGenerationError('ns3::AttributeValue cannot be constructed (have pure virtual methods but no helper class)',) in wrapper public: virtual void ns3::QosWifiMacHelper::SetType (std::string type, std::string n0, ns3::AttributeValue const & v0, std::string n1, ns3::AttributeValue const & v1, std::string n2, ns3::AttributeValue const & v2, std::string n3, ns3::AttributeValue const & v3, std::string n4, ns3::AttributeValue const & v4, std::string n5, ns3::AttributeValue const & v5, std::string n6, ns3::AttributeValue const & v6, std::string n7, ns3::AttributeValue const & v7);
  register_Ns3QosWifiMacHelper_methods(root_module, root_module['ns3::QosWifiMacHelper'])
bindings/python/ns3modulegen-modular.py:27: UserWarning: exception CodeGenerationError('ns3::WifiInformationElement cannot be constructed (have pure virtual methods but no helper class)',) in wrapper <pybindgen.CppClass 'ns3::WifiInformationElement'>
  warnings.warn("exception %r in wrapper %s" % (exception, wrapper))
bindings/python/ns3modulegen-modular.py:27: UserWarning: exception CodeGenerationError('ns3::WifiMac cannot be constructed (have pure virtual methods but no helper class)',) in wrapper <pybindgen.CppClass 'ns3::WifiMac'>
  warnings.warn("exception %r in wrapper %s" % (exception, wrapper))
bindings/python/ns3modulegen-modular.py:27: UserWarning: exception CodeGenerationError('ns3::WifiPhy cannot be constructed (have pure virtual methods but no helper class)',) in wrapper <pybindgen.CppClass 'ns3::WifiPhy'>
  warnings.warn("exception %r in wrapper %s" % (exception, wrapper))
bindings/python/ns3modulegen-modular.py:27: UserWarning: exception CodeGenerationError('ns3::WifiRemoteStationManager cannot be constructed (have pure virtual methods but no helper class)',) in wrapper <pybindgen.CppClass 'ns3::WifiRemoteStationManager'>
  warnings.warn("exception %r in wrapper %s" % (exception, wrapper))
bindings/python/ns3modulegen-modular.py:27: UserWarning: exception CodeGenerationError('ns3::Dcf cannot be constructed (class has pure virtual methods)',) in wrapper <pybindgen.CppClass 'ns3::Dcf'>
  warnings.warn("exception %r in wrapper %s" % (exception, wrapper))
bindings/python/ns3modulegen-modular.py:27: UserWarning: exception CodeGenerationError('ns3::ErrorRateModel cannot be constructed (class has pure virtual methods)',) in wrapper <pybindgen.CppClass 'ns3::ErrorRateModel'>
  warnings.warn("exception %r in wrapper %s" % (exception, wrapper))
bindings/python/ns3modulegen-modular.py:27: UserWarning: exception CodeGenerationError('ns3::HtCapabilitiesChecker cannot be constructed (have pure virtual methods but no helper class)',) in wrapper <pybindgen.CppClass 'ns3::HtCapabilitiesChecker'>
  warnings.warn("exception %r in wrapper %s" % (exception, wrapper))
bindings/python/ns3modulegen-modular.py:27: UserWarning: exception CodeGenerationError('ns3::MsduAggregator cannot be constructed (class has pure virtual methods)',) in wrapper <pybindgen.CppClass 'ns3::MsduAggregator'>
  warnings.warn("exception %r in wrapper %s" % (exception, wrapper))
/home/lena/ns-allinone-3.19/ns-3.19/src/wifi/bindings/modulegen__gcc_LP64.py:871: Warning: exception NotSupportedError('Reverse wrappers for ns3::Callback<...> types (python using callbacks defined in C++) not implemented.',) in wrapper public: virtual void ns3::RegularWifiMac::SetForwardUpCallback (ns3::Callback< void, ns3::Ptr< ns3::Packet >, ns3::Mac48Address, ns3::Mac48Address, ns3::empty, ns3::empty, ns3::empty, ns3::empty, ns3::empty, ns3::empty > upCallback);
  register_Ns3RegularWifiMac_methods(root_module, root_module['ns3::RegularWifiMac'])
/home/lena/ns-allinone-3.19/ns-3.19/src/wifi/bindings/modulegen__gcc_LP64.py:871: Warning: exception NotSupportedError('Reverse wrappers for ns3::Callback<...> types (python using callbacks defined in C++) not implemented.',) in wrapper public: virtual void ns3::RegularWifiMac::SetLinkUpCallback (ns3::Callback< void, ns3::empty, ns3::empty, ns3::empty, ns3::empty, ns3::empty, ns3::empty, ns3::empty, ns3::empty, ns3::empty > linkUp);
  register_Ns3RegularWifiMac_methods(root_module, root_module['ns3::RegularWifiMac'])
/home/lena/ns-allinone-3.19/ns-3.19/src/wifi/bindings/modulegen__gcc_LP64.py:871: Warning: exception NotSupportedError('Reverse wrappers for ns3::Callback<...> types (python using callbacks defined in C++) not implemented.',) in wrapper public: virtual void ns3::RegularWifiMac::SetLinkDownCallback (ns3::Callback< void, ns3::empty, ns3::empty, ns3::empty, ns3::empty, ns3::empty, ns3::empty, ns3::empty, ns3::empty, ns3::empty > linkDown);
  register_Ns3RegularWifiMac_methods(root_module, root_module['ns3::RegularWifiMac'])
bindings/python/ns3modulegen-modular.py:27: UserWarning: exception CodeGenerationError('ns3::SsidChecker cannot be constructed (have pure virtual methods but no helper class)',) in wrapper <pybindgen.CppClass 'ns3::SsidChecker'>
  warnings.warn("exception %r in wrapper %s" % (exception, wrapper))
bindings/python/ns3modulegen-modular.py:27: UserWarning: exception CodeGenerationError('ns3::WifiChannel cannot be constructed (have pure virtual methods but no helper class)',) in wrapper <pybindgen.CppClass 'ns3::WifiChannel'>
  warnings.warn("exception %r in wrapper %s" % (exception, wrapper))
bindings/python/ns3modulegen-modular.py:27: UserWarning: exception CodeGenerationError('ns3::WifiModeChecker cannot be constructed (have pure virtual methods but no helper class)',) in wrapper <pybindgen.CppClass 'ns3::WifiModeChecker'>
  warnings.warn("exception %r in wrapper %s" % (exception, wrapper))
/home/lena/ns-allinone-3.19/ns-3.19/src/wifi/bindings/modulegen__gcc_LP64.py:889: Warning: exception NotSupportedError('Reverse wrappers for ns3::Callback<...> types (python using callbacks defined in C++) not implemented.',) in wrapper public: virtual void ns3::WifiNetDevice::AddLinkChangeCallback (ns3::Callback< void, ns3::empty, ns3::empty, ns3::empty, ns3::empty, ns3::empty, ns3::empty, ns3::empty, ns3::empty, ns3::empty > callback);
  register_Ns3WifiNetDevice_methods(root_module, root_module['ns3::WifiNetDevice'])
/home/lena/ns-allinone-3.19/ns-3.19/src/wifi/bindings/modulegen__gcc_LP64.py:889: Warning: exception NotSupportedError('Reverse wrappers for ns3::Callback<...> types (python using callbacks defined in C++) not implemented.',) in wrapper public: virtual void ns3::WifiNetDevice::SetPromiscReceiveCallback (ns3::Callback< bool, ns3::Ptr< ns3::NetDevice >, ns3::Ptr< ns3::Packet const >, unsigned short, ns3::Address const &, ns3::Address const &, ns3::NetDevice::PacketType, ns3::empty, ns3::empty, ns3::empty > cb);
  register_Ns3WifiNetDevice_methods(root_module, root_module['ns3::WifiNetDevice'])
/home/lena/ns-allinone-3.19/ns-3.19/src/wifi/bindings/modulegen__gcc_LP64.py:889: Warning: exception NotSupportedError('Reverse wrappers for ns3::Callback<...> types (python using callbacks defined in C++) not implemented.',) in wrapper public: virtual void ns3::WifiNetDevice::SetReceiveCallback (ns3::Callback< bool, ns3::Ptr< ns3::NetDevice >, ns3::Ptr< ns3::Packet const >, unsigned short, ns3::Address const &, ns3::empty, ns3::empty, ns3::empty, ns3::empty, ns3::empty > cb);
  register_Ns3WifiNetDevice_methods(root_module, root_module['ns3::WifiNetDevice'])
/home/lena/ns-allinone-3.19/ns-3.19/src/wifi/bindings/modulegen__gcc_LP64.py:894: Warning: exception NotSupportedError('Reverse wrappers for ns3::Callback<...> types (python using callbacks defined in C++) not implemented.',) in wrapper public: virtual void ns3::AdhocWifiMac::SetLinkUpCallback (ns3::Callback< void, ns3::empty, ns3::empty, ns3::empty, ns3::empty, ns3::empty, ns3::empty, ns3::empty, ns3::empty, ns3::empty > linkUp);
  register_Ns3AdhocWifiMac_methods(root_module, root_module['ns3::AdhocWifiMac'])
/home/lena/ns-allinone-3.19/ns-3.19/src/wifi/bindings/modulegen__gcc_LP64.py:895: Warning: exception NotSupportedError('Reverse wrappers for ns3::Callback<...> types (python using callbacks defined in C++) not implemented.',) in wrapper public: virtual void ns3::ApWifiMac::SetLinkUpCallback (ns3::Callback< void, ns3::empty, ns3::empty, ns3::empty, ns3::empty, ns3::empty, ns3::empty, ns3::empty, ns3::empty, ns3::empty > linkUp);
  register_Ns3ApWifiMac_methods(root_module, root_module['ns3::ApWifiMac'])
